[INCONSISTENCY mov write reg] ip: main+0x122e (main @ fastbin_dup_into_stack.c:7) co: 5 vo: 5, 5 write 5
[ALLOC] malloc(0x8) -> 0x32ef5010 subject=6 at main @ fastbin_dup_into_stack.c:20
[ALLOC] malloc(0x8) -> 0x32ef5030 subject=7 at main @ fastbin_dup_into_stack.c:20
[ALLOC] malloc(0x8) -> 0x32ef5050 subject=8 at main @ fastbin_dup_into_stack.c:20
[ALLOC] malloc(0x8) -> 0x32ef5070 subject=9 at main @ fastbin_dup_into_stack.c:20
[ALLOC] malloc(0x8) -> 0x32ef5090 subject=10 at main @ fastbin_dup_into_stack.c:20
[ALLOC] malloc(0x8) -> 0x32ef50b0 subject=11 at main @ fastbin_dup_into_stack.c:20
[ALLOC] malloc(0x8) -> 0x32ef50d0 subject=12 at main @ fastbin_dup_into_stack.c:20
[ALLOC] calloc(0x8) -> 0x32ef50f0 subject=13 at main @ fastbin_dup_into_stack.c:24
[ALLOC] calloc(0x8) -> 0x32ef5110 subject=14 at main @ fastbin_dup_into_stack.c:25
[ALLOC] calloc(0x8) -> 0x32ef5130 subject=15 at main @ fastbin_dup_into_stack.c:26
[FREE] free(0x32ef5010) subject=6 at main @ fastbin_dup_into_stack.c:33
[FREE:internal] free(0x32ef5010) subject=0
[DOUBLE FREE] free(0x32ef5010) — already freed
[FREE] free(0x32ef5030) subject=7 at main @ fastbin_dup_into_stack.c:33
[FREE] free(0x32ef5050) subject=8 at main @ fastbin_dup_into_stack.c:33
[FREE] free(0x32ef5070) subject=9 at main @ fastbin_dup_into_stack.c:33
[FREE] free(0x32ef5090) subject=10 at main @ fastbin_dup_into_stack.c:33
[FREE] free(0x32ef50b0) subject=11 at main @ fastbin_dup_into_stack.c:33
[FREE] free(0x32ef50d0) subject=12 at main @ fastbin_dup_into_stack.c:33
[FREE] free(0x32ef50f0) subject=13 at main @ fastbin_dup_into_stack.c:37
main+0x13d3 (main @ fastbin_dup_into_stack.c:39) Read a dangling pointer 0x32ef50f0 from 0x7ffd16688748
main+0x13da (main @ fastbin_dup_into_stack.c:39) Using expired pointer: 0x32ef50f0 from 0x7ffd16688748
first time found dangling pointer at: 282 distance: 1
[FREE] free(0x32ef5110) subject=14 at main @ fastbin_dup_into_stack.c:42
[FREE] free(0x32ef50f0) subject=0 at main @ fastbin_dup_into_stack.c:46
[DOUBLE FREE] free(0x32ef50f0) — already freed
