[INCONSISTENCY mov write reg] ip: main+0x120c (main @ house_of_tangerine.c:55) co: 5 vo: 5, 5 write 5
[INCONSISTENCY mov write reg] ip: main+0x136d (main @ house_of_tangerine.c:79) co: 5 vo: 5, 5 write 5
[ALLOC] malloc(0x10) -> 0x10e2b010 subject=6 at main @ house_of_tangerine.c:84
[INCONSISTENCY mov write reg] ip: main+0x1383 (main @ house_of_tangerine.c:84) co: 5 vo: 5, 5 write 5
[UNTRUSTEDPTRDEREF] ip: main+0x138b (main @ house_of_tangerine.c:85) final_ea: 0x10e2b028 base: 0x10e2b010 pointee: 6 base_vo: 6 src_subject: 6 src_base: 0x10e2b010
[ALLOC] malloc(0xf70) -> 0x10e2b030 subject=7 at main @ house_of_tangerine.c:98
[INCONSISTENCY arithmetic -> CROSSBOUNDARY] ip: main+0x1414 (main @ house_of_tangerine.c:101) add rax, rdx id before: 7 after: -1 [unmapped] value: 0x10e2bfa8
[UNTRUSTEDPTRDEREF] ip: main+0x141f (main @ house_of_tangerine.c:103) final_ea: 0x10e2bfa8 base: 0x10e2bfa8 pointee: -1 base_vo: -1
[ALLOC] malloc(0xf90) -> 0x10e4c010 subject=8 at main @ house_of_tangerine.c:127
[INCONSISTENCY arithmetic -> CROSSBOUNDARY] ip: main+0x1512 (main @ house_of_tangerine.c:129) add rax, rdx id before: 8 after: -1 [unmapped] value: 0x10e4cfa8
[UNTRUSTEDPTRDEREF] ip: main+0x1515 (main @ house_of_tangerine.c:129) final_ea: 0x10e4cfa8 base: 0x10e4cfa8 pointee: -1 base_vo: -1
[INCONSISTENCY arithmetic -> CROSSBOUNDARY] ip: main+0x1567 (main @ house_of_tangerine.c:134) add rdx, rax id before: 8 after: -1 [unmapped] value: 0x10e4cfa8
[ALLOC] malloc(0xf90) -> 0x10e6e010 subject=9 at main @ house_of_tangerine.c:144
[INCONSISTENCY arithmetic -> CROSSBOUNDARY] ip: main+0x1617 (main @ house_of_tangerine.c:147) add rax, rdx id before: 9 after: -1 [unmapped] value: 0x10e6efb0
[INCONSISTENCY arithmetic -> CROSSBOUNDARY] ip: main+0x1662 (main @ house_of_tangerine.c:153) add rax, rdx id before: 9 after: -1 [unmapped] value: 0x10e6efa8
[UNTRUSTEDPTRDEREF] ip: main+0x1665 (main @ house_of_tangerine.c:153) final_ea: 0x10e6efa8 base: 0x10e6efa8 pointee: -1 base_vo: -1
[INCONSISTENCY arithmetic -> CROSSBOUNDARY] ip: main+0x169c (main @ house_of_tangerine.c:155) add rdx, rax id before: 9 after: -1 [unmapped] value: 0x10e6efa8
[ALLOC] malloc(0xf90) -> 0x10e90010 subject=10 at main @ house_of_tangerine.c:156
[ALLOC] malloc(0x30) -> 0x10e2bfb0 subject=11 at main @ house_of_tangerine.c:158
[INCONSISTENCY arithmetic -> CROSSBOUNDARY] ip: main+0x170a (main @ house_of_tangerine.c:163) add rdx, rax id before: 10 after: -1 [unmapped] value: 0x10e6efb0
[ALLOC] malloc(0x30) -> 0x10e6efb0 subject=12 at main @ house_of_tangerine.c:166
[ALLOC] malloc(0x30) -> 0x7ffc24c569e0 subject=13 at main @ house_of_tangerine.c:169
[STACK PIVOT] ip: main+0x178e (main @ house_of_tangerine.c:174) RSP 0x7ffc24c56a18 left stack [0xf,0x7ffc24c38000]
[STACK PIVOT] ip: main+0x178f (main @ house_of_tangerine.c:174) RSP 0x7ffc24c56a20 left stack after RET
[STACK PIVOT] ip: main+0x11de (__do_global_dtors_aux) RSP 0x7ffc24c56900 left stack after RET
[STACK PIVOT] ip: main+0x179c (_fini) RSP 0x7ffc24c56930 left stack after RET
