[INCONSISTENCY mov write reg] ip: main+0x1b82 (main @ harness.c:22) co: 5 vo: 5, 5 write 5
[INCONSISTENCY mov write reg] ip: main+0x1b85 (main @ harness.c:22) co: 5 vo: 5, 5 write 5
[UNTRUSTEDPTRDEREF] ip: main+0x93100 (__malloc) final_ea: 0x11cdae08 base: 0x11cdadd0 pointee: -1 base_vo: -1
[UNINITIALIZED mov read] ip: main+0x91929 (_int_malloc) co: 3 vo: -1
[UNINITIALIZED mov read] ip: main+0x91da3 (_int_malloc) co: 3 vo: -1
[UNINITIALIZED mov read] ip: main+0x9216a (_int_malloc) co: 3 vo: -1
[UNINITIALIZED mov read] ip: main+0x9234a (_int_malloc) co: 3 vo: -1
[UNINITIALIZED mov read] ip: main+0x92363 (_int_malloc) co: 3 vo: -1
[UNINITIALIZED mov read] ip: main+0x92377 (_int_malloc) co: 3 vo: -1
[UNINITIALIZED mov read] ip: main+0x92385 (_int_malloc) co: 3 vo: -1
[UNTRUSTEDPTRDEREF] ip: main+0x92389 (_int_malloc) final_ea: 0x11cdb798 base: 0x11cdb790 pointee: -1 base_vo: -1
[UNINITIALIZED mov read] ip: main+0x92391 (_int_malloc) co: 3 vo: -1
[UNTRUSTEDPTRDEREF] ip: main+0x93163 (__malloc) final_ea: 0x11cdb798 base: 0x11cdb7a0 pointee: -1 base_vo: -1
[UNTRUSTEDPTRDEREF] ip: main+0x8c442 (_IO_no_init) final_ea: 0x11cdb828 base: 0x11cdb7a0 pointee: -1 base_vo: -1
[UNTRUSTEDPTRDEREF] ip: main+0x8b160 (_IO_link_in) final_ea: 0x11cdb7a0 base: 0x11cdb7a0 pointee: -1 base_vo: -1
[INCONSISTENCY mov write reg] ip: main+0x8b1f5 (_IO_link_in) co: 4 vo: 4, 4 write 4
[UNTRUSTEDPTRDEREF] ip: main+0x8b202 (_IO_link_in) final_ea: 0x11cdb7a0 base: 0x11cdb7a0 pointee: -1 base_vo: -1
[INCONSISTENCY mov write reg] ip: main+0x8b204 (_IO_link_in) co: 4 vo: 4, 4 write 4
[INCONSISTENCY mov write reg] ip: main+0x8b20e (_IO_link_in) co: 4 vo: 4, 4 write 4
[UNTRUSTEDPTRDEREF] ip: main+0x8b228 (_IO_link_in) final_ea: 0x11cdb828 base: 0x11cdb7a0 pointee: -1 base_vo: -1
[UNTRUSTEDPTRDEREF] ip: main+0x8b22f (_IO_link_in) final_ea: 0x11cdb888 base: 0x11cdb880 pointee: -1 base_vo: -1
[UNTRUSTEDPTRDEREF] ip: main+0x8b248 (_IO_link_in) final_ea: 0x11cdb828 base: 0x11cdb7a0 pointee: -1 base_vo: -1
[UNTRUSTEDPTRDEREF] ip: main+0x8b24f (_IO_link_in) final_ea: 0x11cdb7a0 base: 0x11cdb7a0 pointee: -1 base_vo: -1
[INCONSISTENCY mov write reg] ip: main+0x8b260 (_IO_link_in) co: 3 vo: 3, 3 write 3
[UNTRUSTEDPTRDEREF] ip: main+0x8b270 (_IO_link_in) final_ea: 0x11cdb884 base: 0x11cdb880 pointee: -1 base_vo: -1
[INCONSISTENCY mov write reg] ip: main+0x8b2c8 (_IO_link_in) co: 4 vo: 4, 4 write 4
[UNTRUSTEDPTRDEREF] ip: main+0x8a1f2 (_IO_new_file_fopen) final_ea: 0x11cdb810 base: 0x11cdb7a0 pointee: -1 base_vo: -1
[UNTRUSTEDPTRDEREF] ip: main+0x8a1fc (_IO_new_file_fopen) final_ea: 0x52c01a base: 0x52c01a pointee: -1 base_vo: -1
[UNTRUSTEDPTRDEREF] ip: main+0x8a270 (_IO_new_file_fopen) final_ea: 0x52c01b base: 0x52c01a pointee: -1 base_vo: -1
[UNTRUSTEDPTRDEREF] ip: main+0x8a295 (_IO_new_file_fopen) final_ea: 0x53d0dc base: 0x53d0dc pointee: -1 base_vo: -1
[UNTRUSTEDPTRDEREF] ip: main+0x8a2bb (_IO_new_file_fopen) final_ea: 0x52c01c base: 0x52c01a pointee: -1 base_vo: -1
[UNTRUSTEDPTRDEREF] ip: main+0x89d67 (_IO_file_open) final_ea: 0x11cdb814 base: 0x11cdb7a0 pointee: -1 base_vo: -1
[INCONSISTENCY mov read] ip: main+0xc6cb7 (open64) base: 0x7ffe21bc11b0 pointee: 10 read from 7
[CORRUPTED_PTR_LOAD] ip: main+0xc6cb7 (open64) loaded: 0xbe5051ec93862a00 from cell: 0x7ffe21bc11d8 cell_owner: 7 value_owner: 10
[UNTRUSTEDPTRDEREF] ip: main+0x89d82 (_IO_file_open) final_ea: 0x11cdb7a0 base: 0x11cdb7a0 pointee: -1 base_vo: -1
[UNTRUSTEDPTRDEREF] ip: main+0x95cf5 (__strstr_sse2) final_ea: 0x53d0d5 base: 0x53d0d5 pointee: -1 base_vo: -1
[UNTRUSTEDPTRDEREF] ip: main+0xb1dd3 (__strchr_sse2) final_ea: 0x52c01c base: 0x52c01c pointee: -1 base_vo: -1
[UNTRUSTEDPTRDEREF] ip: main+0x83903 (_IO_fopen64) final_ea: 0x11cdb814 base: 0x11cdb7a0 pointee: -1 base_vo: -1
[UNTRUSTEDPTRDEREF] ip: main+0x87807 (fseek) final_ea: 0x11cdb7a0 base: 0x11cdb7a0 pointee: -1 base_vo: -1
[UNTRUSTEDPTRDEREF] ip: main+0x87819 (fseek) final_ea: 0x11cdb828 base: 0x11cdb7a0 pointee: -1 base_vo: -1
[UNTRUSTEDPTRDEREF] ip: main+0x87820 (fseek) final_ea: 0x11cdb888 base: 0x11cdb880 pointee: -1 base_vo: -1
[UNTRUSTEDPTRDEREF] ip: main+0x87831 (fseek) final_ea: 0x11cdb828 base: 0x11cdb7a0 pointee: -1 base_vo: -1
[UNTRUSTEDPTRDEREF] ip: main+0x8406b (_IO_seekoff_unlocked) final_ea: 0x11cdb860 base: 0x11cdb7a0 pointee: -1 base_vo: -1
[UNTRUSTEDPTRDEREF] ip: main+0x840b0 (_IO_seekoff_unlocked) final_ea: 0x11cdb878 base: 0x11cdb7a0 pointee: -1 base_vo: -1
[UNTRUSTEDPTRDEREF] ip: main+0x840d4 (_IO_seekoff_unlocked) final_ea: 0x582188 base: 0x582140 pointee: -1 base_vo: -1
[UNTRUSTEDPTRDEREF] ip: main+0x88856 (_IO_file_seekoff) final_ea: 0x11cdb7c0 base: 0x11cdb7a0 pointee: -1 base_vo: -1
[UNTRUSTEDPTRDEREF] ip: main+0x8885a (_IO_file_seekoff) final_ea: 0x11cdb7c8 base: 0x11cdb7a0 pointee: -1 base_vo: -1
[UNTRUSTEDPTRDEREF] ip: main+0x88861 (_IO_file_seekoff) final_ea: 0x11cdb7b0 base: 0x11cdb7a0 pointee: -1 base_vo: -1
[UNTRUSTEDPTRDEREF] ip: main+0x88865 (_IO_file_seekoff) final_ea: 0x11cdb7b8 base: 0x11cdb7a0 pointee: -1 base_vo: -1
[UNTRUSTEDPTRDEREF] ip: main+0x88920 (_IO_file_seekoff) final_ea: 0x11cdb7a0 base: 0x11cdb7a0 pointee: -1 base_vo: -1
[UNTRUSTEDPTRDEREF] ip: main+0x8892d (_IO_file_seekoff) final_ea: 0x11cdb7d8 base: 0x11cdb7a0 pointee: -1 base_vo: -1
[UNTRUSTEDPTRDEREF] ip: main+0x88938 (_IO_file_seekoff) final_ea: 0x11cdb7b8 base: 0x11cdb7a0 pointee: -1 base_vo: -1
[UNTRUSTEDPTRDEREF] ip: main+0x8b984 (_IO_doallocbuf) final_ea: 0x11cdb7d8 base: 0x11cdb7a0 pointee: -1 base_vo: -1
[UNTRUSTEDPTRDEREF] ip: main+0x8b994 (_IO_doallocbuf) final_ea: 0x11cdb7a0 base: 0x11cdb7a0 pointee: -1 base_vo: -1
[UNTRUSTEDPTRDEREF] ip: main+0x8b9a7 (_IO_doallocbuf) final_ea: 0x11cdb878 base: 0x11cdb7a0 pointee: -1 base_vo: -1
[UNTRUSTEDPTRDEREF] ip: main+0xf15f5 (_IO_file_doallocate) final_ea: 0x11cdb810 base: 0x11cdb7a0 pointee: -1 base_vo: -1
[UNTRUSTEDPTRDEREF] ip: main+0xf1600 (_IO_file_doallocate) final_ea: 0x11cdb878 base: 0x11cdb7a0 pointee: -1 base_vo: -1
[UNTRUSTEDPTRDEREF] ip: main+0x88df4 (_IO_file_stat) final_ea: 0x11cdb810 base: 0x11cdb7a0 pointee: -1 base_vo: -1
[INCONSISTENCY mov read] ip: main+0xf1638 (_IO_file_doallocate) base: 0x7ffe21bc10e0 pointee: 16 read from 12
[INCONSISTENCY mov read] ip: main+0xf164c (_IO_file_doallocate) base: 0x7ffe21bc10e0 pointee: 16 read from 12
[UNINITIALIZED mov read] ip: main+0x91ae8 (_int_malloc) co: 3 vo: -1
[UNINITIALIZED mov read] ip: main+0x9213d (_int_malloc) co: 3 vo: -1
[UNTRUSTEDPTRDEREF] ip: main+0x8b92d (_IO_setb) final_ea: 0x11cdb7d8 base: 0x11cdb7a0 pointee: -1 base_vo: -1
[UNTRUSTEDPTRDEREF] ip: main+0x8b931 (_IO_setb) final_ea: 0x11cdb7a0 base: 0x11cdb7a0 pointee: -1 base_vo: -1
[INCONSISTENCY mov read] ip: main+0xf1683 (_IO_file_doallocate) base: 0x7ffe21bc10e0 pointee: 16 read from 12
[CORRUPTED_PTR_LOAD] ip: main+0xf1683 (_IO_file_doallocate) loaded: 0xbe5051ec93862a00 from cell: 0x7ffe21bc1178 cell_owner: 12 value_owner: 16
[UNTRUSTEDPTRDEREF] ip: main+0x88955 (_IO_file_seekoff) final_ea: 0x11cdb7d8 base: 0x11cdb7a0 pointee: -1 base_vo: -1
[UNTRUSTEDPTRDEREF] ip: main+0x888aa (_IO_file_seekoff) final_ea: 0x11cdb878 base: 0x11cdb7a0 pointee: -1 base_vo: -1
[INCONSISTENCY mov read] ip: main+0x888e7 (_IO_file_seekoff) base: 0x7ffe21bc11c0 pointee: 15 read from 11
[UNTRUSTEDPTRDEREF] ip: main+0x8b495 (_IO_free_backup_area) final_ea: 0x11cdb7a0 base: 0x11cdb7a0 pointee: -1 base_vo: -1
[UNTRUSTEDPTRDEREF] ip: main+0x8b49a (_IO_free_backup_area) final_ea: 0x11cdb7e8 base: 0x11cdb7a0 pointee: -1 base_vo: -1
[UNTRUSTEDPTRDEREF] ip: main+0x889a4 (_IO_file_seekoff) final_ea: 0x11cdb830 base: 0x11cdb7a0 pointee: -1 base_vo: -1
[UNTRUSTEDPTRDEREF] ip: main+0x889ab (_IO_file_seekoff) final_ea: 0x11cdb7a0 base: 0x11cdb7a0 pointee: -1 base_vo: -1
[UNTRUSTEDPTRDEREF] ip: main+0x88a09 (_IO_file_seekoff) final_ea: 0x11cdb7d8 base: 0x11cdb7a0 pointee: -1 base_vo: -1
[UNTRUSTEDPTRDEREF] ip: main+0x88a0d (_IO_file_seekoff) final_ea: 0x11cdb7e0 base: 0x11cdb7a0 pointee: -1 base_vo: -1
[UNTRUSTEDPTRDEREF] ip: main+0x88a2c (_IO_file_seekoff) final_ea: 0x11cdb878 base: 0x11cdb7a0 pointee: -1 base_vo: -1
[UNTRUSTEDPTRDEREF] ip: main+0x885b4 (_IO_file_seek) final_ea: 0x11cdb810 base: 0x11cdb7a0 pointee: -1 base_vo: -1
[UNTRUSTEDPTRDEREF] ip: main+0x88a62 (_IO_file_seekoff) final_ea: 0x11cdb878 base: 0x11cdb7a0 pointee: -1 base_vo: -1
[UNTRUSTEDPTRDEREF] ip: main+0x88a78 (_IO_file_seekoff) final_ea: 0x5821b0 base: 0x582140 pointee: -1 base_vo: -1
[UNTRUSTEDPTRDEREF] ip: main+0x88a7c (_IO_file_seekoff) final_ea: 0x11cdb7d8 base: 0x11cdb7a0 pointee: -1 base_vo: -1
[UNTRUSTEDPTRDEREF] ip: main+0x89814 (_IO_file_read) final_ea: 0x11cdb810 base: 0x11cdb7a0 pointee: -1 base_vo: -1
[UNTRUSTEDPTRDEREF] ip: main+0x89818 (_IO_file_read) final_ea: 0x11cdb814 base: 0x11cdb7a0 pointee: -1 base_vo: -1
[UNTRUSTEDPTRDEREF] ip: main+0x88aae (_IO_file_seekoff) final_ea: 0x11cdb7d8 base: 0x11cdb7a0 pointee: -1 base_vo: -1
[INCONSISTENCY mov read] ip: main+0x88b4c (_IO_file_seekoff) base: 0x7ffe21bc11c0 pointee: 15 read from 9
[CORRUPTED_PTR_LOAD] ip: main+0x88b4c (_IO_file_seekoff) loaded: 0xbe5051ec93862a00 from cell: 0x7ffe21bc1268 cell_owner: 9 value_owner: 15
[UNTRUSTEDPTRDEREF] ip: main+0x8785f (fseek) final_ea: 0x11cdb7a0 base: 0x11cdb7a0 pointee: -1 base_vo: -1
[UNTRUSTEDPTRDEREF] ip: main+0x87867 (fseek) final_ea: 0x11cdb828 base: 0x11cdb7a0 pointee: -1 base_vo: -1
[UNTRUSTEDPTRDEREF] ip: main+0x8786e (fseek) final_ea: 0x11cdb884 base: 0x11cdb880 pointee: -1 base_vo: -1
[UNTRUSTEDPTRDEREF] ip: main+0x83a8d (_IO_ftell) final_ea: 0x11cdb7a0 base: 0x11cdb7a0 pointee: -1 base_vo: -1
[UNTRUSTEDPTRDEREF] ip: main+0x83a9f (_IO_ftell) final_ea: 0x11cdb828 base: 0x11cdb7a0 pointee: -1 base_vo: -1
[UNTRUSTEDPTRDEREF] ip: main+0x83aa6 (_IO_ftell) final_ea: 0x11cdb888 base: 0x11cdb880 pointee: -1 base_vo: -1
[UNTRUSTEDPTRDEREF] ip: main+0x83abb (_IO_ftell) final_ea: 0x11cdb828 base: 0x11cdb7a0 pointee: -1 base_vo: -1
[UNTRUSTEDPTRDEREF] ip: main+0x88b78 (_IO_file_seekoff) final_ea: 0x11cdb7d8 base: 0x11cdb7a0 pointee: -1 base_vo: -1
[UNTRUSTEDPTRDEREF] ip: main+0x88b83 (_IO_file_seekoff) final_ea: 0x11cdb7a0 base: 0x11cdb7a0 pointee: -1 base_vo: -1
[UNTRUSTEDPTRDEREF] ip: main+0x88b85 (_IO_file_seekoff) final_ea: 0x11cdb7c8 base: 0x11cdb7a0 pointee: -1 base_vo: -1
[UNTRUSTEDPTRDEREF] ip: main+0x88b89 (_IO_file_seekoff) final_ea: 0x11cdb7c0 base: 0x11cdb7a0 pointee: -1 base_vo: -1
[UNTRUSTEDPTRDEREF] ip: main+0x88c50 (_IO_file_seekoff) final_ea: 0x11cdb830 base: 0x11cdb7a0 pointee: -1 base_vo: -1
[UNTRUSTEDPTRDEREF] ip: main+0x88c60 (_IO_file_seekoff) final_ea: 0x11cdb7a8 base: 0x11cdb7a0 pointee: -1 base_vo: -1
[UNTRUSTEDPTRDEREF] ip: main+0x83adb (_IO_ftell) final_ea: 0x11cdb7a0 base: 0x11cdb7a0 pointee: -1 base_vo: -1
[UNTRUSTEDPTRDEREF] ip: main+0x83b3f (_IO_ftell) final_ea: 0x11cdb828 base: 0x11cdb7a0 pointee: -1 base_vo: -1
[UNTRUSTEDPTRDEREF] ip: main+0x889b4 (_IO_file_seekoff) final_ea: 0x11cdb7b8 base: 0x11cdb7a0 pointee: -1 base_vo: -1
[UNTRUSTEDPTRDEREF] ip: main+0x88d04 (_IO_file_seekoff) final_ea: 0x11cdb878 base: 0x11cdb7a0 pointee: -1 base_vo: -1
[UNINITIALIZED mov read] ip: main+0x91c80 (_int_malloc) co: 3 vo: -1
[UNTRUSTEDPTRDEREF] ip: main+0x839a2 (_IO_fread) final_ea: 0x11cdb7a0 base: 0x11cdb7a0 pointee: -1 base_vo: -1
[UNTRUSTEDPTRDEREF] ip: main+0x839c0 (_IO_fread) final_ea: 0x11cdb828 base: 0x11cdb7a0 pointee: -1 base_vo: -1
[UNTRUSTEDPTRDEREF] ip: main+0x839c7 (_IO_fread) final_ea: 0x11cdb888 base: 0x11cdb880 pointee: -1 base_vo: -1
[UNTRUSTEDPTRDEREF] ip: main+0x839dc (_IO_fread) final_ea: 0x11cdb828 base: 0x11cdb7a0 pointee: -1 base_vo: -1
[UNTRUSTEDPTRDEREF] ip: main+0x8bc99 (_IO_sgetn) final_ea: 0x11cdb878 base: 0x11cdb7a0 pointee: -1 base_vo: -1
[UNTRUSTEDPTRDEREF] ip: main+0x8bcbd (_IO_sgetn) final_ea: 0x582180 base: 0x582140 pointee: -1 base_vo: -1
[UNTRUSTEDPTRDEREF] ip: main+0x891fb (_IO_file_xsgetn) final_ea: 0x11cdb7d8 base: 0x11cdb7a0 pointee: -1 base_vo: -1
[UNTRUSTEDPTRDEREF] ip: main+0x89218 (_IO_file_xsgetn) final_ea: 0x11cdb7a8 base: 0x11cdb7a0 pointee: -1 base_vo: -1
[UNTRUSTEDPTRDEREF] ip: main+0x8921c (_IO_file_xsgetn) final_ea: 0x11cdb7b0 base: 0x11cdb7a0 pointee: -1 base_vo: -1
[UNTRUSTEDPTRDEREF] ip: main+0x9f4a4 (__memcpy_ssse3) final_ea: 0x53ea60 base: 0x53e998 pointee: -1 base_vo: -1
[UNTRUSTEDPTRDEREF] ip: main+0xa11e5 (__memcpy_ssse3) final_ea: 0x11cdb990 base: 0x11cdb9b2 pointee: -1 base_vo: -1
[UNTRUSTEDPTRDEREF] ip: main+0xa11e9 (__memcpy_ssse3) final_ea: 0x11cdb998 base: 0x11cdb9b2 pointee: -1 base_vo: -1
[UNTRUSTEDPTRDEREF] ip: main+0xa11ed (__memcpy_ssse3) final_ea: 0x11cdb9a0 base: 0x11cdb9b2 pointee: -1 base_vo: -1
[UNTRUSTEDPTRDEREF] ip: main+0xa11f1 (__memcpy_ssse3) final_ea: 0x11cdb9a8 base: 0x11cdb9b2 pointee: -1 base_vo: -1
[UNTRUSTEDPTRDEREF] ip: main+0xa11f5 (__memcpy_ssse3) final_ea: 0x11cdb9ae base: 0x11cdb9b2 pointee: -1 base_vo: -1
[UNTRUSTEDPTRDEREF] ip: main+0x839f9 (_IO_fread) final_ea: 0x11cdb7a0 base: 0x11cdb7a0 pointee: -1 base_vo: -1
[UNTRUSTEDPTRDEREF] ip: main+0x83a01 (_IO_fread) final_ea: 0x11cdb828 base: 0x11cdb7a0 pointee: -1 base_vo: -1
[UNTRUSTEDPTRDEREF] ip: main+0x83a08 (_IO_fread) final_ea: 0x11cdb884 base: 0x11cdb880 pointee: -1 base_vo: -1
[UNTRUSTEDPTRDEREF] ip: main+0x832eb (_IO_new_fclose) final_ea: 0x11cdb7a0 base: 0x11cdb7a0 pointee: -1 base_vo: -1
[UNTRUSTEDPTRDEREF] ip: main+0x8b134 (_IO_un_link) final_ea: 0x11cdb7a0 base: 0x11cdb7a0 pointee: -1 base_vo: -1
[INCONSISTENCY mov write reg] ip: main+0x8af5a (_IO_un_link.part.0) co: 4 vo: 4, 4 write 4
[UNTRUSTEDPTRDEREF] ip: main+0x8af67 (_IO_un_link.part.0) final_ea: 0x11cdb7a0 base: 0x11cdb7a0 pointee: -1 base_vo: -1
[INCONSISTENCY mov write reg] ip: main+0x8af69 (_IO_un_link.part.0) co: 4 vo: 4, 4 write 4
[INCONSISTENCY mov write reg] ip: main+0x8af73 (_IO_un_link.part.0) co: 4 vo: 4, 4 write 4
[UNTRUSTEDPTRDEREF] ip: main+0x8af8f (_IO_un_link.part.0) final_ea: 0x11cdb828 base: 0x11cdb7a0 pointee: -1 base_vo: -1
[UNTRUSTEDPTRDEREF] ip: main+0x8afaf (_IO_un_link.part.0) final_ea: 0x11cdb7a0 base: 0x11cdb7a0 pointee: -1 base_vo: -1
[UNTRUSTEDPTRDEREF] ip: main+0x8afb1 (_IO_un_link.part.0) final_ea: 0x11cdb828 base: 0x11cdb7a0 pointee: -1 base_vo: -1
[UNTRUSTEDPTRDEREF] ip: main+0x8afd3 (_IO_un_link.part.0) final_ea: 0x11cdb808 base: 0x11cdb7a0 pointee: -1 base_vo: -1
[INCONSISTENCY mov write reg] ip: main+0x8afe0 (_IO_un_link.part.0) co: 3 vo: 3, 3 write 3
[UNTRUSTEDPTRDEREF] ip: main+0x8aff1 (_IO_un_link.part.0) final_ea: 0x11cdb828 base: 0x11cdb7a0 pointee: -1 base_vo: -1
[UNTRUSTEDPTRDEREF] ip: main+0x8aff8 (_IO_un_link.part.0) final_ea: 0x11cdb884 base: 0x11cdb880 pointee: -1 base_vo: -1
[INCONSISTENCY mov write reg] ip: main+0x8b02a (_IO_un_link.part.0) co: 4 vo: 4, 4 write 4
[INCONSISTENCY mov read] ip: main+0x8ddd4 (__libc_cleanup_pop_restore) base: 0x7ffe21bc1270 pointee: 30 read from 21
[CORRUPTED_PTR_LOAD] ip: main+0x8ddd4 (__libc_cleanup_pop_restore) loaded: 0x0 from cell: 0x7ffe21bc1288 cell_owner: 21 value_owner: 30
[INCONSISTENCY mov read] ip: main+0x8dde1 (__libc_cleanup_pop_restore) base: 0x7ffe21bc1270 pointee: 30 read from 21
[CORRUPTED_PTR_LOAD] ip: main+0x8dde1 (__libc_cleanup_pop_restore) loaded: 0x0 from cell: 0x7ffe21bc1280 cell_owner: 21 value_owner: 30
[INCONSISTENCY mov read] ip: main+0x8b056 (_IO_un_link.part.0) base: 0x7ffe21bc1270 pointee: 30 read from 6
[CORRUPTED_PTR_LOAD] ip: main+0x8b056 (_IO_un_link.part.0) loaded: 0xbe5051ec93862a00 from cell: 0x7ffe21bc1298 cell_owner: 6 value_owner: 30
[UNTRUSTEDPTRDEREF] ip: main+0x833b5 (_IO_new_fclose) final_ea: 0x11cdb7a0 base: 0x11cdb7a0 pointee: -1 base_vo: -1
[UNTRUSTEDPTRDEREF] ip: main+0x833c6 (_IO_new_fclose) final_ea: 0x11cdb828 base: 0x11cdb7a0 pointee: -1 base_vo: -1
[UNTRUSTEDPTRDEREF] ip: main+0x833cd (_IO_new_fclose) final_ea: 0x11cdb888 base: 0x11cdb880 pointee: -1 base_vo: -1
[UNTRUSTEDPTRDEREF] ip: main+0x833e4 (_IO_new_fclose) final_ea: 0x11cdb828 base: 0x11cdb7a0 pointee: -1 base_vo: -1
[UNTRUSTEDPTRDEREF] ip: main+0x833eb (_IO_new_fclose) final_ea: 0x11cdb7a0 base: 0x11cdb7a0 pointee: -1 base_vo: -1
[UNTRUSTEDPTRDEREF] ip: main+0x8a078 (_IO_file_close_it) final_ea: 0x11cdb810 base: 0x11cdb7a0 pointee: -1 base_vo: -1
[UNTRUSTEDPTRDEREF] ip: main+0x8a086 (_IO_file_close_it) final_ea: 0x11cdb7a0 base: 0x11cdb7a0 pointee: -1 base_vo: -1
[UNTRUSTEDPTRDEREF] ip: main+0x8d015 (_IO_unsave_markers) final_ea: 0x11cdb800 base: 0x11cdb7a0 pointee: -1 base_vo: -1
[UNTRUSTEDPTRDEREF] ip: main+0x8d027 (_IO_unsave_markers) final_ea: 0x11cdb7e8 base: 0x11cdb7a0 pointee: -1 base_vo: -1
[UNTRUSTEDPTRDEREF] ip: main+0x8a0a8 (_IO_file_close_it) final_ea: 0x11cdb814 base: 0x11cdb7a0 pointee: -1 base_vo: -1
[UNTRUSTEDPTRDEREF] ip: main+0x8a0ae (_IO_file_close_it) final_ea: 0x11cdb878 base: 0x11cdb7a0 pointee: -1 base_vo: -1
[UNTRUSTEDPTRDEREF] ip: main+0x881d4 (_IO_file_close) final_ea: 0x11cdb810 base: 0x11cdb7a0 pointee: -1 base_vo: -1
[UNTRUSTEDPTRDEREF] ip: main+0x8a0e4 (_IO_file_close_it) final_ea: 0x11cdb860 base: 0x11cdb7a0 pointee: -1 base_vo: -1
[UNTRUSTEDPTRDEREF] ip: main+0x932fe (free) final_ea: 0x11cdb978 base: 0x11cdb980 pointee: -1 base_vo: -1
[UNTRUSTEDPTRDEREF] ip: main+0x93302 (free) final_ea: 0x11cda378 base: 0xffffffffffffffb8 pointee: -1 base_vo: -1
[UNTRUSTEDPTRDEREF] ip: main+0x8f981 (_int_free) final_ea: 0x11cdb978 base: 0x11cdb970 pointee: -1 base_vo: -1
[UNTRUSTEDPTRDEREF] ip: main+0x8fae0 (_int_free) final_ea: 0x11cdb978 base: 0x11cdb970 pointee: -1 base_vo: -1
[UNINITIALIZED mov read] ip: main+0x8fb1b (_int_free) co: 3 vo: -1
[UNTRUSTEDPTRDEREF] ip: main+0x90130 (_int_free) final_ea: 0x11cdc9c8 base: 0x11cdc9c0 pointee: -1 base_vo: -1
[UNTRUSTEDPTRDEREF] ip: main+0x8fb27 (_int_free) final_ea: 0x11cdc988 base: 0x11cdc980 pointee: -1 base_vo: -1
[UNINITIALIZED mov read] ip: main+0x8fb44 (_int_free) co: 3 vo: -1
[UNTRUSTEDPTRDEREF] ip: main+0x8fb60 (_int_free) final_ea: 0x11cdb978 base: 0x11cdb970 pointee: -1 base_vo: -1
[UNTRUSTEDPTRDEREF] ip: main+0x8fb94 (_int_free) final_ea: 0x11cdc9c8 base: 0x11cdc980 pointee: -1 base_vo: -1
[UNINITIALIZED mov read] ip: main+0x8fba5 (_int_free) co: 3 vo: -1
[UNINITIALIZED mov read] ip: main+0x8fbbd (_int_free) co: 3 vo: -1
[INCONSISTENCY mov read] ip: main+0x8fbfe (_int_free) base: 0x7ffe21bc11e0 pointee: 33 read from 27
[CORRUPTED_PTR_LOAD] ip: main+0x8fbfe (_int_free) loaded: 0x1 from cell: 0x7ffe21bc11f4 cell_owner: 27 value_owner: 33
[INCONSISTENCY mov read] ip: main+0x8fab6 (_int_free) base: 0x7ffe21bc11e0 pointee: 33 read from 27
[CORRUPTED_PTR_LOAD] ip: main+0x8fab6 (_int_free) loaded: 0xbe5051ec93862a00 from cell: 0x7ffe21bc1208 cell_owner: 27 value_owner: 33
[UNTRUSTEDPTRDEREF] ip: main+0x8b969 (_IO_setb) final_ea: 0x11cdb7a0 base: 0x11cdb7a0 pointee: -1 base_vo: -1
[UNTRUSTEDPTRDEREF] ip: main+0x8340f (_IO_new_fclose) final_ea: 0x11cdb7a0 base: 0x11cdb7a0 pointee: -1 base_vo: -1
[UNTRUSTEDPTRDEREF] ip: main+0x83311 (_IO_new_fclose) final_ea: 0x11cdb828 base: 0x11cdb7a0 pointee: -1 base_vo: -1
[UNTRUSTEDPTRDEREF] ip: main+0x83322 (_IO_new_fclose) final_ea: 0x11cdb878 base: 0x11cdb7a0 pointee: -1 base_vo: -1
[UNTRUSTEDPTRDEREF] ip: main+0x8a8dd (_IO_new_file_finish) final_ea: 0x11cdb810 base: 0x11cdb7a0 pointee: -1 base_vo: -1
[UNTRUSTEDPTRDEREF] ip: main+0x8c4e8 (_IO_default_finish) final_ea: 0x11cdb7d8 base: 0x11cdb7a0 pointee: -1 base_vo: -1
[UNTRUSTEDPTRDEREF] ip: main+0x8c4f7 (_IO_default_finish) final_ea: 0x11cdb800 base: 0x11cdb7a0 pointee: -1 base_vo: -1
[UNTRUSTEDPTRDEREF] ip: main+0x8c510 (_IO_default_finish) final_ea: 0x11cdb7e8 base: 0x11cdb7a0 pointee: -1 base_vo: -1
[UNTRUSTEDPTRDEREF] ip: main+0x8c526 (_IO_default_finish) final_ea: 0x11cdb7a0 base: 0x11cdb7a0 pointee: -1 base_vo: -1
[UNTRUSTEDPTRDEREF] ip: main+0x83352 (_IO_new_fclose) final_ea: 0x11cdb860 base: 0x11cdb7a0 pointee: -1 base_vo: -1
[UNTRUSTEDPTRDEREF] ip: main+0x83360 (_IO_new_fclose) final_ea: 0x11cdb7e8 base: 0x11cdb7a0 pointee: -1 base_vo: -1
[UNTRUSTEDPTRDEREF] ip: main+0x8f9ff (_int_free) final_ea: 0x11cdb7a8 base: 0x11cdb790 pointee: -1 base_vo: -1
[UNTRUSTEDPTRDEREF] ip: main+0x8fa09 (_int_free) final_ea: 0x11cdae08 base: 0x11cdadd0 pointee: -1 base_vo: -1
[UNINITIALIZED mov read] ip: main+0x1c8e (main @ harness.c:43) co: 3 vo: -1
[UNTRUSTEDPTRDEREF] ip: main+0x7feee (__vfprintf_internal) final_ea: 0x11cda378 base: 0xffffffffffffffb8 pointee: -1 base_vo: -1
[UNINITIALIZED mov read] ip: main+0x7fef5 (__vfprintf_internal) co: 3 vo: -1
[UNINITIALIZED mov read] ip: main+0x7ff0d (__vfprintf_internal) co: 3 vo: -1
[INCONSISTENCY mov read] ip: main+0x813a0 (__vfprintf_internal) base: 0x7ffe21bc0ca0 pointee: 37 read from 25
[CORRUPTED_PTR_LOAD] ip: main+0x813a0 (__vfprintf_internal) loaded: 0xbe5051ec93862a00 from cell: 0x7ffe21bc11c8 cell_owner: 25 value_owner: 37
[UNINITIALIZED mov read] ip: main+0x82270 (buffered_vfprintf) co: 3 vo: -1
[UNINITIALIZED mov read] ip: main+0x8bb30 (_IO_default_xsputn) co: 40 vo: -1
[INCONSISTENCY arithmetic -> CROSSBOUNDARY] ip: main+0x9f477 (__mempcpy_ssse3) add rax, rdx id before: 40 after: 39 value: 0x7ffe21bbf1e5
[INCONSISTENCY arithmetic -> CROSSBOUNDARY] ip: main+0x9f4ab (__memcpy_ssse3) add rdi, rdx id before: 40 after: 39 value: 0x7ffe21bbf1e5
[UNTRUSTEDPTRDEREF] ip: main+0xa1850 (__memcpy_ssse3) final_ea: 0x52c02d base: 0x52c042 pointee: -1 base_vo: -1
[UNTRUSTEDPTRDEREF] ip: main+0xa1854 (__memcpy_ssse3) final_ea: 0x52c035 base: 0x52c042 pointee: -1 base_vo: -1
[UNTRUSTEDPTRDEREF] ip: main+0xa1858 (__memcpy_ssse3) final_ea: 0x52c03a base: 0x52c042 pointee: -1 base_vo: -1
[UNTRUSTEDPTRDEREF] ip: main+0x7fffa (__vfprintf_internal) final_ea: 0x52c042 base: 0x52c042 pointee: -1 base_vo: -1
[UNTRUSTEDPTRDEREF] ip: main+0x8002b (__vfprintf_internal) final_ea: 0x58aee0 base: 0x48002b pointee: -1 base_vo: -1
[UNTRUSTEDPTRDEREF] ip: main+0x80080 (__vfprintf_internal) final_ea: 0x52c043 base: 0x52c042 pointee: -1 base_vo: -1
[UNTRUSTEDPTRDEREF] ip: main+0x801a4 (__vfprintf_internal) final_ea: 0x53bb6c base: 0x53bb20 pointee: -1 base_vo: -1
[UNTRUSTEDPTRDEREF] ip: main+0x801a8 (__vfprintf_internal) final_ea: 0x11cda360 base: 0xffffffffffffffa0 pointee: -1 base_vo: -1
[UNTRUSTEDPTRDEREF] ip: main+0x801c3 (__vfprintf_internal) final_ea: 0x575df8 base: 0x575da0 pointee: -1 base_vo: -1
[UNTRUSTEDPTRDEREF] ip: main+0x80d04 (__vfprintf_internal) final_ea: 0x52c044 base: 0x52c043 pointee: -1 base_vo: -1
[UNTRUSTEDPTRDEREF] ip: main+0x80d32 (__vfprintf_internal) final_ea: 0x53bb64 base: 0x53bb20 pointee: -1 base_vo: -1
[UNTRUSTEDPTRDEREF] ip: main+0x80d36 (__vfprintf_internal) final_ea: 0x575918 base: 0x5758a0 pointee: -1 base_vo: -1
[CORRUPTED_PTR_LOAD] ip: main+0x80c69 (__vfprintf_internal) loaded: 0x32 from cell: 0x7ffe21bc1240 cell_owner: 35 value_owner: 36
[UNTRUSTEDPTRDEREF] ip: main+0xddd7b (_itoa_word) final_ea: 0x550320 base: 0x550320 pointee: -1 base_vo: -1
[UNTRUSTEDPTRDEREF] ip: main+0x8bc3e (_IO_default_xsputn) final_ea: 0x52c045 base: 0x52c045 pointee: -1 base_vo: -1
[UNTRUSTEDPTRDEREF] ip: main+0x8bbd6 (_IO_default_xsputn) final_ea: 0x52c04d base: 0x52c04d pointee: -1 base_vo: -1
[UNTRUSTEDPTRDEREF] ip: main+0x8bbe1 (_IO_default_xsputn) final_ea: 0x52c04e base: 0x52c04d pointee: -1 base_vo: -1
[UNTRUSTEDPTRDEREF] ip: main+0x8bbef (_IO_default_xsputn) final_ea: 0x52c04f base: 0x52c04d pointee: -1 base_vo: -1
[UNTRUSTEDPTRDEREF] ip: main+0x8bbfd (_IO_default_xsputn) final_ea: 0x52c050 base: 0x52c04d pointee: -1 base_vo: -1
[UNTRUSTEDPTRDEREF] ip: main+0x805b9 (__vfprintf_internal) final_ea: 0x52c051 base: 0x52c051 pointee: -1 base_vo: -1
[CORRUPTED_PTR_LOAD] ip: main+0x805ef (__vfprintf_internal) loaded: 0x7ffe21bc3054 from cell: 0x7ffe21bc1248 cell_owner: 35 value_owner: 36
[INTRA_OBJECT_OVERFLOW] ip: main+0x8192c (__vfprintf_internal) at: 0x7ffe21bbeb78 offset: +0x38 subject: 41 clobbers ptr 0x5819c8 (owner: 3)
[UNTRUSTEDPTRDEREF] ip: main+0x8bc70 (_IO_default_xsputn) final_ea: 0x52c053 base: 0x52c053 pointee: -1 base_vo: -1
[UNINITIALIZED mov read] ip: main+0x822d0 (buffered_vfprintf) co: 3 vo: -1
[UNINITIALIZED mov read] ip: main+0x82399 (buffered_vfprintf) co: 3 vo: -1
[UNINITIALIZED mov read] ip: main+0x823a0 (buffered_vfprintf) co: 4 vo: -1
[UNINITIALIZED mov read] ip: main+0x823b1 (buffered_vfprintf) co: 3 vo: -1
[UNINITIALIZED mov read] ip: main+0x823bc (buffered_vfprintf) co: 40 vo: -1
[UNINITIALIZED mov read] ip: main+0x822f1 (buffered_vfprintf) co: 3 vo: -1
[UNINITIALIZED mov read] ip: main+0x89530 (_IO_file_xsputn) co: 3 vo: -1
[UNINITIALIZED mov read] ip: main+0x89537 (_IO_file_xsputn) co: 3 vo: -1
[UNINITIALIZED mov read] ip: main+0x89546 (_IO_file_xsputn) co: 3 vo: -1
[UNINITIALIZED mov read] ip: main+0x895b3 (_IO_file_xsputn) co: 3 vo: -1
[UNINITIALIZED mov read] ip: main+0x8a97b (_IO_file_overflow) co: 3 vo: -1
[UNINITIALIZED mov read] ip: main+0x8a987 (_IO_file_overflow) co: 3 vo: -1
[UNINITIALIZED mov read] ip: main+0x8b984 (_IO_doallocbuf) co: 3 vo: -1
[UNINITIALIZED mov read] ip: main+0x8b994 (_IO_doallocbuf) co: 3 vo: -1
[UNINITIALIZED mov read] ip: main+0x8ab10 (_IO_file_overflow) co: 3 vo: -1
[UNINITIALIZED mov read] ip: main+0x8a9f6 (_IO_file_overflow) co: 3 vo: -1
[UNINITIALIZED mov read] ip: main+0x8aa03 (_IO_file_overflow) co: 3 vo: -1
[UNINITIALIZED mov read] ip: main+0x895f0 (_IO_file_xsputn) co: 3 vo: -1
[UNINITIALIZED mov read] ip: main+0x89660 (_IO_file_xsputn) co: 3 vo: -1
[UNINITIALIZED mov read] ip: main+0x89674 (_IO_file_xsputn) co: 3 vo: -1
[UNINITIALIZED mov read] ip: main+0x88e3d (_IO_new_file_write) co: 3 vo: -1
[UNINITIALIZED mov read] ip: main+0x88e47 (_IO_new_file_write) co: 3 vo: -1
[UNINITIALIZED mov read] ip: main+0x88e6b (_IO_new_file_write) co: 3 vo: -1
[UNINITIALIZED mov read] ip: main+0x896df (_IO_file_xsputn) co: 3 vo: -1
[UNINITIALIZED mov read] ip: main+0x896f4 (_IO_file_xsputn) co: 3 vo: -1
[UNINITIALIZED mov read] ip: main+0x82337 (buffered_vfprintf) co: 3 vo: -1
[UNINITIALIZED mov read] ip: main+0x8233e (buffered_vfprintf) co: 4 vo: -1
[INCONSISTENCY mov read] ip: main+0x82364 (buffered_vfprintf) base: 0x7ffe21bbf0b0 pointee: 40 read from 22
[CORRUPTED_PTR_LOAD] ip: main+0x82364 (buffered_vfprintf) loaded: 0xbe5051ec93862a00 from cell: 0x7ffe21bc11d8 cell_owner: 22 value_owner: 40
[UNTRUSTEDPTRDEREF] ip: main+0x94616 (calloc) final_ea: 0x11cdc9c8 base: 0x11cdc9c0 pointee: -1 base_vo: -1
[UNTRUSTEDPTRDEREF] ip: main+0x91df5 (_int_malloc) final_ea: 0x11cdb978 base: 0x11cdb970 pointee: -1 base_vo: -1
[UNINITIALIZED mov read] ip: main+0x91e14 (_int_malloc) co: 3 vo: -1
[UNTRUSTEDPTRDEREF] ip: main+0x91e24 (_int_malloc) final_ea: 0x11cdc988 base: 0x11cdc980 pointee: -1 base_vo: -1
[UNTRUSTEDPTRDEREF] ip: main+0x91e3b (_int_malloc) final_ea: 0x11cdc980 base: 0x11cdc980 pointee: -1 base_vo: -1
[UNTRUSTEDPTRDEREF] ip: main+0x91e4b (_int_malloc) final_ea: 0x11cdb988 base: 0x11cdb970 pointee: -1 base_vo: -1
[UNTRUSTEDPTRDEREF] ip: main+0x91e59 (_int_malloc) final_ea: 0x11cdb980 base: 0x11cdb970 pointee: -1 base_vo: -1
[UNINITIALIZED mov read] ip: main+0x92270 (_int_malloc) co: 3 vo: -1
[UNINITIALIZED mov read] ip: main+0x920ab (_int_malloc) co: 3 vo: -1
[UNTRUSTEDPTRDEREF] ip: main+0x924ee (_int_malloc) final_ea: 0x11cdb978 base: 0x11cdb970 pointee: -1 base_vo: -1
[INCONSISTENCY mov read] ip: main+0x924f2 (_int_malloc) base: 0x7ffe21bc1190 pointee: 46 read from 25
[CORRUPTED_PTR_LOAD] ip: main+0x924f2 (_int_malloc) loaded: 0x32 from cell: 0x7ffe21bc11c0 cell_owner: 25 value_owner: 46
[UNTRUSTEDPTRDEREF] ip: main+0x8f6d4 (unlink_chunk.constprop.0) final_ea: 0x11cdb978 base: 0x11cdb970 pointee: -1 base_vo: -1
[UNTRUSTEDPTRDEREF] ip: main+0x8f6ee (unlink_chunk.constprop.0) final_ea: 0x11cdb980 base: 0x11cdb970 pointee: -1 base_vo: -1
[UNTRUSTEDPTRDEREF] ip: main+0x8f6f2 (unlink_chunk.constprop.0) final_ea: 0x11cdb988 base: 0x11cdb970 pointee: -1 base_vo: -1
[INCONSISTENCY mov write reg] ip: main+0x8f70f (unlink_chunk.constprop.0) co: 3 vo: 3, 3 write 3
[UNTRUSTEDPTRDEREF] ip: main+0x8f721 (unlink_chunk.constprop.0) final_ea: 0x11cdb990 base: 0x11cdb970 pointee: -1 base_vo: -1
[UNTRUSTEDPTRDEREF] ip: main+0x8f730 (unlink_chunk.constprop.0) final_ea: 0x11cdb998 base: 0x11cdb970 pointee: -1 base_vo: -1
[UNTRUSTEDPTRDEREF] ip: main+0x8f753 (unlink_chunk.constprop.0) final_ea: 0x11cdb998 base: 0x11cdb970 pointee: -1 base_vo: -1
[UNTRUSTEDPTRDEREF] ip: main+0x944cc (calloc) final_ea: 0x11cdb978 base: 0x11cdb980 pointee: -1 base_vo: -1
[UNTRUSTEDPTRDEREF] ip: main+0x94515 (calloc) final_ea: 0x11cdb978 base: 0x11cdb980 pointee: -1 base_vo: -1
[INCONSISTENCY mov read] ip: main+0x20a3 (pkcs7_get_content_info_type @ pkcs7.c:100) base: 0x7ffe21bc1290 pointee: 6 read from 31
[CORRUPTED_PTR_LOAD] ip: main+0x20a3 (pkcs7_get_content_info_type @ pkcs7.c:100) loaded: 0x7ffe21bc12c0 from cell: 0x7ffe21bc1288 cell_owner: 31 value_owner: 30
[INCONSISTENCY mov read] ip: main+0x20ae (pkcs7_get_content_info_type @ pkcs7.c:102) base: 0x7ffe21bc1290 pointee: 6 read from 31
[CORRUPTED_PTR_LOAD] ip: main+0x20ae (pkcs7_get_content_info_type @ pkcs7.c:102) loaded: 0x7ffe21bc12c0 from cell: 0x7ffe21bc1288 cell_owner: 31 value_owner: 30
[INCONSISTENCY mov read] ip: main+0x20b2 (pkcs7_get_content_info_type @ pkcs7.c:102) base: 0x7ffe21bc1290 pointee: 6 read from 31
[CORRUPTED_PTR_LOAD] ip: main+0x20b2 (pkcs7_get_content_info_type @ pkcs7.c:102) loaded: 0x11cdb9b2 from cell: 0x7ffe21bc1280 cell_owner: 31 value_owner: 30
[INCONSISTENCY mov read] ip: main+0xce77 (mbedtls_asn1_get_tag @ asn1parse.c:101) base: 0x7ffe21bc1250 pointee: 32 read from 35
[CORRUPTED_PTR_LOAD] ip: main+0xce77 (mbedtls_asn1_get_tag @ asn1parse.c:101) loaded: 0x11cdb9b2 from cell: 0x7ffe21bc1238 cell_owner: 35 value_owner: 47
[INCONSISTENCY mov read] ip: main+0xce7b (mbedtls_asn1_get_tag @ asn1parse.c:101) base: 0x7ffe21bc1250 pointee: 32 read from 35
[CORRUPTED_PTR_LOAD] ip: main+0xce7b (mbedtls_asn1_get_tag @ asn1parse.c:101) loaded: 0x7ffe21bc12c0 from cell: 0x7ffe21bc1240 cell_owner: 35 value_owner: 47
[INCONSISTENCY mov read] ip: main+0xce9b (mbedtls_asn1_get_tag @ asn1parse.c:104) base: 0x7ffe21bc1250 pointee: 32 read from 35
[CORRUPTED_PTR_LOAD] ip: main+0xce9b (mbedtls_asn1_get_tag @ asn1parse.c:104) loaded: 0x7ffe21bc12c0 from cell: 0x7ffe21bc1240 cell_owner: 35 value_owner: 47
[UNTRUSTEDPTRDEREF] ip: main+0xcea2 (mbedtls_asn1_get_tag @ asn1parse.c:104) final_ea: 0x11cdb980 base: 0x11cdb980 pointee: -1 base_vo: -1
[INCONSISTENCY mov read] ip: main+0xceba (mbedtls_asn1_get_tag @ asn1parse.c:107) base: 0x7ffe21bc1250 pointee: 32 read from 35
[CORRUPTED_PTR_LOAD] ip: main+0xceba (mbedtls_asn1_get_tag @ asn1parse.c:107) loaded: 0x7ffe21bc12c0 from cell: 0x7ffe21bc1240 cell_owner: 35 value_owner: 47
[INCONSISTENCY mov read] ip: main+0xcec8 (mbedtls_asn1_get_tag @ asn1parse.c:109) base: 0x7ffe21bc1250 pointee: 32 read from 35
[CORRUPTED_PTR_LOAD] ip: main+0xcec8 (mbedtls_asn1_get_tag @ asn1parse.c:109) loaded: 0x7ffe21bc12c0 from cell: 0x7ffe21bc1240 cell_owner: 35 value_owner: 47
[INCONSISTENCY mov read] ip: main+0xcecc (mbedtls_asn1_get_tag @ asn1parse.c:109) base: 0x7ffe21bc1250 pointee: 32 read from 35
[CORRUPTED_PTR_LOAD] ip: main+0xcecc (mbedtls_asn1_get_tag @ asn1parse.c:109) loaded: 0x11cdb9b2 from cell: 0x7ffe21bc1238 cell_owner: 35 value_owner: 47
[INCONSISTENCY mov read] ip: main+0xced0 (mbedtls_asn1_get_tag @ asn1parse.c:109) base: 0x7ffe21bc1250 pointee: 32 read from 35
[CORRUPTED_PTR_LOAD] ip: main+0xced0 (mbedtls_asn1_get_tag @ asn1parse.c:109) loaded: 0x7ffe21bc1270 from cell: 0x7ffe21bc1230 cell_owner: 35 value_owner: 47
[INCONSISTENCY mov read] ip: main+0xcbf0 (mbedtls_asn1_get_len @ asn1parse.c:43) base: 0x7ffe21bc1210 pointee: 36 read from 27
[CORRUPTED_PTR_LOAD] ip: main+0xcbf0 (mbedtls_asn1_get_len @ asn1parse.c:43) loaded: 0x11cdb9b2 from cell: 0x7ffe21bc11f8 cell_owner: 27 value_owner: 48
[INCONSISTENCY mov read] ip: main+0xcbf4 (mbedtls_asn1_get_len @ asn1parse.c:43) base: 0x7ffe21bc1210 pointee: 36 read from 27
[CORRUPTED_PTR_LOAD] ip: main+0xcbf4 (mbedtls_asn1_get_len @ asn1parse.c:43) loaded: 0x7ffe21bc12c0 from cell: 0x7ffe21bc1200 cell_owner: 27 value_owner: 48
[INCONSISTENCY mov read] ip: main+0xcc14 (mbedtls_asn1_get_len @ asn1parse.c:46) base: 0x7ffe21bc1210 pointee: 36 read from 27
[CORRUPTED_PTR_LOAD] ip: main+0xcc14 (mbedtls_asn1_get_len @ asn1parse.c:46) loaded: 0x7ffe21bc12c0 from cell: 0x7ffe21bc1200 cell_owner: 27 value_owner: 48
[UNTRUSTEDPTRDEREF] ip: main+0xcc1b (mbedtls_asn1_get_len @ asn1parse.c:46) final_ea: 0x11cdb981 base: 0x11cdb981 pointee: -1 base_vo: -1
[INCONSISTENCY mov read] ip: main+0xcc2c (mbedtls_asn1_get_len @ asn1parse.c:47) base: 0x7ffe21bc1210 pointee: 36 read from 27
[CORRUPTED_PTR_LOAD] ip: main+0xcc2c (mbedtls_asn1_get_len @ asn1parse.c:47) loaded: 0x7ffe21bc12c0 from cell: 0x7ffe21bc1200 cell_owner: 27 value_owner: 48
[UNTRUSTEDPTRDEREF] ip: main+0xcc3d (mbedtls_asn1_get_len @ asn1parse.c:47) final_ea: 0x11cdb981 base: 0x11cdb981 pointee: -1 base_vo: -1
[INCONSISTENCY mov read] ip: main+0xcc42 (mbedtls_asn1_get_len @ asn1parse.c:47) base: 0x7ffe21bc1210 pointee: 36 read from 27
[CORRUPTED_PTR_LOAD] ip: main+0xcc42 (mbedtls_asn1_get_len @ asn1parse.c:47) loaded: 0x7ffe21bc1270 from cell: 0x7ffe21bc11f0 cell_owner: 27 value_owner: 48
[INCONSISTENCY mov read] ip: main+0xce2a (mbedtls_asn1_get_len @ asn1parse.c:91) base: 0x7ffe21bc1210 pointee: 36 read from 27
[CORRUPTED_PTR_LOAD] ip: main+0xce2a (mbedtls_asn1_get_len @ asn1parse.c:91) loaded: 0x7ffe21bc1270 from cell: 0x7ffe21bc11f0 cell_owner: 27 value_owner: 48
[INCONSISTENCY mov read] ip: main+0xce31 (mbedtls_asn1_get_len @ asn1parse.c:91) base: 0x7ffe21bc1210 pointee: 36 read from 27
[CORRUPTED_PTR_LOAD] ip: main+0xce31 (mbedtls_asn1_get_len @ asn1parse.c:91) loaded: 0x11cdb9b2 from cell: 0x7ffe21bc11f8 cell_owner: 27 value_owner: 48
[INCONSISTENCY mov read] ip: main+0xce35 (mbedtls_asn1_get_len @ asn1parse.c:91) base: 0x7ffe21bc1210 pointee: 36 read from 27
[CORRUPTED_PTR_LOAD] ip: main+0xce35 (mbedtls_asn1_get_len @ asn1parse.c:91) loaded: 0x7ffe21bc12c0 from cell: 0x7ffe21bc1200 cell_owner: 27 value_owner: 48
[INCONSISTENCY mov read] ip: main+0xce5b (mbedtls_asn1_get_len @ asn1parse.c:95) base: 0x7ffe21bc1210 pointee: 36 read from 27
[CORRUPTED_PTR_LOAD] ip: main+0xce5b (mbedtls_asn1_get_len @ asn1parse.c:95) loaded: 0x21bc125000000000 from cell: 0x7ffe21bc120c cell_owner: 27 value_owner: 36
[INCONSISTENCY mov read] ip: main+0xcedc (mbedtls_asn1_get_tag @ asn1parse.c:110) base: 0x7ffe21bc1250 pointee: 32 read from 35
[CORRUPTED_PTR_LOAD] ip: main+0xcedc (mbedtls_asn1_get_tag @ asn1parse.c:110) loaded: 0x21bc129000000000 from cell: 0x7ffe21bc124c cell_owner: 35 value_owner: 32
[INCONSISTENCY mov read] ip: main+0x20c7 (pkcs7_get_content_info_type @ pkcs7.c:104) base: 0x7ffe21bc1290 pointee: 6 read from 47
[CORRUPTED_PTR_LOAD] ip: main+0x20c7 (pkcs7_get_content_info_type @ pkcs7.c:104) loaded: 0x3000000000 from cell: 0x7ffe21bc126c cell_owner: 47 value_owner: 6
[INCONSISTENCY mov read] ip: main+0x20fd (pkcs7_get_content_info_type @ pkcs7.c:110) base: 0x7ffe21bc1290 pointee: 6 read from 31
[CORRUPTED_PTR_LOAD] ip: main+0x20fd (pkcs7_get_content_info_type @ pkcs7.c:110) loaded: 0x7ffe21bc12c0 from cell: 0x7ffe21bc1288 cell_owner: 31 value_owner: 30
[INCONSISTENCY mov read] ip: main+0x2101 (pkcs7_get_content_info_type @ pkcs7.c:110) base: 0x7ffe21bc1290 pointee: 6 read from 31
[CORRUPTED_PTR_LOAD] ip: main+0x2101 (pkcs7_get_content_info_type @ pkcs7.c:110) loaded: 0x11cdb9b2 from cell: 0x7ffe21bc1280 cell_owner: 31 value_owner: 30
[INCONSISTENCY mov read] ip: main+0x2116 (pkcs7_get_content_info_type @ pkcs7.c:111) base: 0x7ffe21bc1290 pointee: 6 read from 47
[CORRUPTED_PTR_LOAD] ip: main+0x2116 (pkcs7_get_content_info_type @ pkcs7.c:111) loaded: 0x900000000 from cell: 0x7ffe21bc126c cell_owner: 47 value_owner: 6
[INCONSISTENCY mov read] ip: main+0x214c (pkcs7_get_content_info_type @ pkcs7.c:117) base: 0x7ffe21bc1290 pointee: 6 read from 30
[INCONSISTENCY mov read] ip: main+0x2156 (pkcs7_get_content_info_type @ pkcs7.c:118) base: 0x7ffe21bc1290 pointee: 6 read from 30
[INCONSISTENCY mov read] ip: main+0x215a (pkcs7_get_content_info_type @ pkcs7.c:118) base: 0x7ffe21bc1290 pointee: 6 read from 30
[INCONSISTENCY mov read] ip: main+0x2162 (pkcs7_get_content_info_type @ pkcs7.c:119) base: 0x7ffe21bc1290 pointee: 6 read from 31
[CORRUPTED_PTR_LOAD] ip: main+0x2162 (pkcs7_get_content_info_type @ pkcs7.c:119) loaded: 0x7ffe21bc12c0 from cell: 0x7ffe21bc1288 cell_owner: 31 value_owner: 30
[INCONSISTENCY mov read] ip: main+0x2169 (pkcs7_get_content_info_type @ pkcs7.c:119) base: 0x7ffe21bc1290 pointee: 6 read from 30
[INCONSISTENCY mov read] ip: main+0x2171 (pkcs7_get_content_info_type @ pkcs7.c:120) base: 0x7ffe21bc1290 pointee: 6 read from 30
[INCONSISTENCY mov read] ip: main+0x2175 (pkcs7_get_content_info_type @ pkcs7.c:120) base: 0x7ffe21bc1290 pointee: 6 read from 31
[CORRUPTED_PTR_LOAD] ip: main+0x2175 (pkcs7_get_content_info_type @ pkcs7.c:120) loaded: 0x7ffe21bc12c0 from cell: 0x7ffe21bc1288 cell_owner: 31 value_owner: 30
[INCONSISTENCY mov read] ip: main+0x217f (pkcs7_get_content_info_type @ pkcs7.c:123) base: 0x7ffe21bc1290 pointee: 6 read from 47
[CORRUPTED_PTR_LOAD] ip: main+0x217f (pkcs7_get_content_info_type @ pkcs7.c:123) loaded: 0x900000000 from cell: 0x7ffe21bc126c cell_owner: 47 value_owner: 6
[UNTRUSTEDPTRDEREF] ip: main+0x9ec42 (__memcmp_sse4_1) final_ea: 0x52c094 base: 0x52c094 pointee: -1 base_vo: -1
[UNTRUSTEDPTRDEREF] ip: main+0x9ec45 (__memcmp_sse4_1) final_ea: 0x11cdb984 base: 0x11cdb984 pointee: -1 base_vo: -1
[UNTRUSTEDPTRDEREF] ip: main+0x9ec53 (__memcmp_sse4_1) final_ea: 0x52c095 base: 0x52c094 pointee: -1 base_vo: -1
[UNTRUSTEDPTRDEREF] ip: main+0x9ec58 (__memcmp_sse4_1) final_ea: 0x11cdb985 base: 0x11cdb984 pointee: -1 base_vo: -1
[INCONSISTENCY mov read] ip: main+0x21ab (pkcs7_get_next_content_len @ pkcs7.c:60) base: 0x7ffe21bc1290 pointee: 6 read from 31
[CORRUPTED_PTR_LOAD] ip: main+0x21ab (pkcs7_get_next_content_len @ pkcs7.c:60) loaded: 0x7ffe21bc12c0 from cell: 0x7ffe21bc1288 cell_owner: 31 value_owner: 6
[INCONSISTENCY mov read] ip: main+0x21af (pkcs7_get_next_content_len @ pkcs7.c:60) base: 0x7ffe21bc1290 pointee: 6 read from 31
[CORRUPTED_PTR_LOAD] ip: main+0x21af (pkcs7_get_next_content_len @ pkcs7.c:60) loaded: 0x11cdb9b2 from cell: 0x7ffe21bc1280 cell_owner: 31 value_owner: 6
[INCONSISTENCY mov read] ip: main+0x21b3 (pkcs7_get_next_content_len @ pkcs7.c:60) base: 0x7ffe21bc1290 pointee: 6 read from 50
[CORRUPTED_PTR_LOAD] ip: main+0x21b3 (pkcs7_get_next_content_len @ pkcs7.c:60) loaded: 0x7ffe21bc12b0 from cell: 0x7ffe21bc1278 cell_owner: 50 value_owner: 6
[INCONSISTENCY mov read] ip: main+0x21c4 (pkcs7_get_next_content_len @ pkcs7.c:62) base: 0x7ffe21bc1290 pointee: 6 read from 50
[CORRUPTED_PTR_LOAD] ip: main+0x21c4 (pkcs7_get_next_content_len @ pkcs7.c:62) loaded: 0x21bc12b000000000 from cell: 0x7ffe21bc1274 cell_owner: 50 value_owner: 6
[INCONSISTENCY mov read] ip: main+0x21ea (pkcs7_get_next_content_len @ pkcs7.c:67) base: 0x7ffe21bc1290 pointee: 6 read from 50
[CORRUPTED_PTR_LOAD] ip: main+0x21ea (pkcs7_get_next_content_len @ pkcs7.c:67) loaded: 0x21bc12b000000000 from cell: 0x7ffe21bc1274 cell_owner: 50 value_owner: 6
[INCONSISTENCY mov read] ip: main+0x2214 (pkcs7_get_signed_data @ pkcs7.c:462) base: 0x7ffe21bc1290 pointee: 6 read from 31
[CORRUPTED_PTR_LOAD] ip: main+0x2214 (pkcs7_get_signed_data @ pkcs7.c:462) loaded: 0x11cdb98f from cell: 0x7ffe21bc1288 cell_owner: 31 value_owner: 6
[INCONSISTENCY mov read] ip: main+0x221c (pkcs7_get_signed_data @ pkcs7.c:463) base: 0x7ffe21bc1290 pointee: 6 read from 31
[CORRUPTED_PTR_LOAD] ip: main+0x221c (pkcs7_get_signed_data @ pkcs7.c:463) loaded: 0x11cdb98f from cell: 0x7ffe21bc1288 cell_owner: 31 value_owner: 6
[INCONSISTENCY mov read] ip: main+0x2237 (pkcs7_get_signed_data @ pkcs7.c:469) base: 0x7ffe21bc1290 pointee: 6 read from 47
[CORRUPTED_PTR_LOAD] ip: main+0x2237 (pkcs7_get_signed_data @ pkcs7.c:469) loaded: 0x11cdb9b2 from cell: 0x7ffe21bc1268 cell_owner: 47 value_owner: 6
[CORRUPTED_PTR_LOAD] ip: main+0xce7f (mbedtls_asn1_get_tag @ asn1parse.c:101) loaded: 0x11cdb98f from cell: 0x7ffe21bc1270 cell_owner: 50 value_owner: 6
[CORRUPTED_PTR_LOAD] ip: main+0xce9f (mbedtls_asn1_get_tag @ asn1parse.c:104) loaded: 0x11cdb98f from cell: 0x7ffe21bc1270 cell_owner: 50 value_owner: 6
[CORRUPTED_PTR_LOAD] ip: main+0xcebe (mbedtls_asn1_get_tag @ asn1parse.c:107) loaded: 0x11cdb98f from cell: 0x7ffe21bc1270 cell_owner: 50 value_owner: 6
[INCONSISTENCY mov read] ip: main+0x2250 (pkcs7_get_signed_data @ pkcs7.c:471) base: 0x7ffe21bc1290 pointee: 6 read from 52
[CORRUPTED_PTR_LOAD] ip: main+0x2250 (pkcs7_get_signed_data @ pkcs7.c:471) loaded: 0x2100000000 from cell: 0x7ffe21bc1254 cell_owner: 52 value_owner: 6
[INCONSISTENCY mov read] ip: main+0x227b (pkcs7_get_signed_data @ pkcs7.c:477) base: 0x7ffe21bc1290 pointee: 6 read from 50
[INCONSISTENCY mov read] ip: main+0x2287 (pkcs7_get_signed_data @ pkcs7.c:480) base: 0x7ffe21bc1290 pointee: 6 read from 47
[CORRUPTED_PTR_LOAD] ip: main+0x2287 (pkcs7_get_signed_data @ pkcs7.c:480) loaded: 0x11cdb9b2 from cell: 0x7ffe21bc1260 cell_owner: 47 value_owner: 6
[INCONSISTENCY mov read] ip: main+0x228b (pkcs7_get_signed_data @ pkcs7.c:480) base: 0x7ffe21bc1290 pointee: 6 read from 50
[CORRUPTED_PTR_LOAD] ip: main+0x228b (pkcs7_get_signed_data @ pkcs7.c:480) loaded: 0x7ffe21bc1330 from cell: 0x7ffe21bc1278 cell_owner: 50 value_owner: 6
[INTRA_OBJECT_OVERFLOW] ip: main+0x283c (pkcs7_get_version @ pkcs7.c:75) at: 0x7ffe21bc1230 offset: +0x0 subject: 51 clobbers ptr 0x7ffe21bc1270 (owner: 50)
[INCONSISTENCY mov read] ip: main+0x2853 (pkcs7_get_version @ pkcs7.c:78) base: 0x7ffe21bc1240 pointee: 51 read from 54
[CORRUPTED_PTR_LOAD] ip: main+0x2853 (pkcs7_get_version @ pkcs7.c:78) loaded: 0x7ffe21bc1330 from cell: 0x7ffe21bc1228 cell_owner: 54 value_owner: 51
[INCONSISTENCY mov read] ip: main+0xcfa4 (mbedtls_asn1_get_int @ asn1parse.c:179) base: 0x7ffe21bc1210 pointee: 53 read from 55
[CORRUPTED_PTR_LOAD] ip: main+0xcfa4 (mbedtls_asn1_get_int @ asn1parse.c:179) loaded: 0x7ffe21bc1270 from cell: 0x7ffe21bc1208 cell_owner: 55 value_owner: 54
[INCONSISTENCY mov read] ip: main+0xcfa8 (mbedtls_asn1_get_int @ asn1parse.c:179) base: 0x7ffe21bc1210 pointee: 53 read from 55
[CORRUPTED_PTR_LOAD] ip: main+0xcfa8 (mbedtls_asn1_get_int @ asn1parse.c:179) loaded: 0x11cdb9b2 from cell: 0x7ffe21bc1200 cell_owner: 55 value_owner: 54
[INCONSISTENCY mov read] ip: main+0xcfac (mbedtls_asn1_get_int @ asn1parse.c:179) base: 0x7ffe21bc1210 pointee: 53 read from 55
[CORRUPTED_PTR_LOAD] ip: main+0xcfac (mbedtls_asn1_get_int @ asn1parse.c:179) loaded: 0x7ffe21bc1330 from cell: 0x7ffe21bc11f8 cell_owner: 55 value_owner: 54
[INCONSISTENCY mov read] ip: main+0xcfde (asn1_get_tagged_int @ asn1parse.c:138) base: 0x7ffe21bc11e0 pointee: 33 read from 22
[CORRUPTED_PTR_LOAD] ip: main+0xcfde (asn1_get_tagged_int @ asn1parse.c:138) loaded: 0x7ffe21bc1270 from cell: 0x7ffe21bc11d0 cell_owner: 22 value_owner: 55
[INCONSISTENCY mov read] ip: main+0xcfe2 (asn1_get_tagged_int @ asn1parse.c:138) base: 0x7ffe21bc11e0 pointee: 33 read from 25
[CORRUPTED_PTR_LOAD] ip: main+0xcfe2 (asn1_get_tagged_int @ asn1parse.c:138) loaded: 0x11cdb9b2 from cell: 0x7ffe21bc11c8 cell_owner: 25 value_owner: 55
[INCONSISTENCY mov read] ip: main+0xcfe6 (asn1_get_tagged_int @ asn1parse.c:138) base: 0x7ffe21bc11e0 pointee: 33 read from 25
[CORRUPTED_PTR_LOAD] ip: main+0xcfe6 (asn1_get_tagged_int @ asn1parse.c:138) loaded: 0x11cdb9b200000002 from cell: 0x7ffe21bc11c4 cell_owner: 25 value_owner: 55
[INCONSISTENCY mov read] ip: main+0xd009 (asn1_get_tagged_int @ asn1parse.c:145) base: 0x7ffe21bc11e0 pointee: 33 read from 56
[INCONSISTENCY mov read] ip: main+0xd020 (asn1_get_tagged_int @ asn1parse.c:148) base: 0x7ffe21bc11e0 pointee: 33 read from 22
[CORRUPTED_PTR_LOAD] ip: main+0xd020 (asn1_get_tagged_int @ asn1parse.c:148) loaded: 0x7ffe21bc1270 from cell: 0x7ffe21bc11d0 cell_owner: 22 value_owner: 55
[UNTRUSTEDPTRDEREF] ip: main+0xd027 (asn1_get_tagged_int @ asn1parse.c:148) final_ea: 0x11cdb993 base: 0x11cdb993 pointee: -1 base_vo: -1
[INCONSISTENCY mov read] ip: main+0xd04b (asn1_get_tagged_int @ asn1parse.c:152) base: 0x7ffe21bc11e0 pointee: 33 read from 56
[INTRA_OBJECT_OVERFLOW] ip: main+0xd050 (asn1_get_tagged_int @ asn1parse.c:152) byte write at: 0x7ffe21bc11a7 offset: +0x7 cell_owner: 56 writer_pointee: 33
[INCONSISTENCY mov read] ip: main+0xd059 (asn1_get_tagged_int @ asn1parse.c:152) base: 0x7ffe21bc11e0 pointee: 33 read from 22
[CORRUPTED_PTR_LOAD] ip: main+0xd059 (asn1_get_tagged_int @ asn1parse.c:152) loaded: 0x7ffe21bc1270 from cell: 0x7ffe21bc11d0 cell_owner: 22 value_owner: 55
[UNTRUSTEDPTRDEREF] ip: main+0xd060 (asn1_get_tagged_int @ asn1parse.c:152) final_ea: 0x11cdb993 base: 0x11cdb993 pointee: -1 base_vo: -1
[INTRA_OBJECT_OVERFLOW] ip: main+0xd069 (asn1_get_tagged_int @ asn1parse.c:152) byte write at: 0x7ffe21bc11a7 offset: +0x7 cell_owner: 56 writer_pointee: 33
[INCONSISTENCY mov read] ip: main+0xd09b (asn1_get_tagged_int @ asn1parse.c:160) base: 0x7ffe21bc11e0 pointee: 33 read from 56
[INCONSISTENCY mov read] ip: main+0xd0b2 (asn1_get_tagged_int @ asn1parse.c:162) base: 0x7ffe21bc11e0 pointee: 33 read from 56
[INCONSISTENCY mov read] ip: main+0xd0e1 (asn1_get_tagged_int @ asn1parse.c:165) base: 0x7ffe21bc11e0 pointee: 33 read from 10
[CORRUPTED_PTR_LOAD] ip: main+0xd0e1 (asn1_get_tagged_int @ asn1parse.c:165) loaded: 0x7ffe21bc1330 from cell: 0x7ffe21bc11b8 cell_owner: 10 value_owner: 55
[INCONSISTENCY mov read] ip: main+0xd0eb (asn1_get_tagged_int @ asn1parse.c:166) base: 0x7ffe21bc11e0 pointee: 33 read from 56
[INCONSISTENCY mov read] ip: main+0xd104 (asn1_get_tagged_int @ asn1parse.c:168) base: 0x7ffe21bc11e0 pointee: 33 read from 10
[CORRUPTED_PTR_LOAD] ip: main+0xd104 (asn1_get_tagged_int @ asn1parse.c:168) loaded: 0x7ffe21bc1330 from cell: 0x7ffe21bc11b8 cell_owner: 10 value_owner: 55
[INCONSISTENCY mov read] ip: main+0xd10d (asn1_get_tagged_int @ asn1parse.c:168) base: 0x7ffe21bc11e0 pointee: 33 read from 22
[CORRUPTED_PTR_LOAD] ip: main+0xd10d (asn1_get_tagged_int @ asn1parse.c:168) loaded: 0x7ffe21bc1270 from cell: 0x7ffe21bc11d0 cell_owner: 22 value_owner: 55
[UNTRUSTEDPTRDEREF] ip: main+0xd114 (asn1_get_tagged_int @ asn1parse.c:168) final_ea: 0x11cdb993 base: 0x11cdb993 pointee: -1 base_vo: -1
[INCONSISTENCY mov read] ip: main+0xd119 (asn1_get_tagged_int @ asn1parse.c:168) base: 0x7ffe21bc11e0 pointee: 33 read from 10
[CORRUPTED_PTR_LOAD] ip: main+0xd119 (asn1_get_tagged_int @ asn1parse.c:168) loaded: 0x7ffe21bc1330 from cell: 0x7ffe21bc11b8 cell_owner: 10 value_owner: 55
[INCONSISTENCY mov read] ip: main+0xd11f (asn1_get_tagged_int @ asn1parse.c:169) base: 0x7ffe21bc11e0 pointee: 33 read from 22
[CORRUPTED_PTR_LOAD] ip: main+0xd11f (asn1_get_tagged_int @ asn1parse.c:169) loaded: 0x7ffe21bc1270 from cell: 0x7ffe21bc11d0 cell_owner: 22 value_owner: 55
[CORRUPTED_PTR_LOAD] ip: main+0xd0eb (asn1_get_tagged_int @ asn1parse.c:166) loaded: 0x0 from cell: 0x7ffe21bc11a8 cell_owner: 56 value_owner: 33
[INCONSISTENCY mov read] ip: main+0xd139 (asn1_get_tagged_int @ asn1parse.c:173) base: 0x7ffe21bc11e0 pointee: 33 read from 22
[CORRUPTED_PTR_LOAD] ip: main+0xd139 (asn1_get_tagged_int @ asn1parse.c:173) loaded: 0x21bc121000000000 from cell: 0x7ffe21bc11dc cell_owner: 22 value_owner: 33
[INCONSISTENCY mov read] ip: main+0x285f (pkcs7_get_version @ pkcs7.c:79) base: 0x7ffe21bc1240 pointee: 51 read from 54
[CORRUPTED_PTR_LOAD] ip: main+0x285f (pkcs7_get_version @ pkcs7.c:79) loaded: 0x21bc133000000000 from cell: 0x7ffe21bc1224 cell_owner: 54 value_owner: 51
[INCONSISTENCY mov read] ip: main+0x2885 (pkcs7_get_version @ pkcs7.c:83) base: 0x7ffe21bc1240 pointee: 51 read from 54
[CORRUPTED_PTR_LOAD] ip: main+0x2885 (pkcs7_get_version @ pkcs7.c:83) loaded: 0x7ffe21bc1330 from cell: 0x7ffe21bc1228 cell_owner: 54 value_owner: 51
[INCONSISTENCY mov read] ip: main+0x2899 (pkcs7_get_version @ pkcs7.c:86) base: 0x7ffe21bc1240 pointee: 51 read from 54
[CORRUPTED_PTR_LOAD] ip: main+0x2899 (pkcs7_get_version @ pkcs7.c:86) loaded: 0x21bc133000000000 from cell: 0x7ffe21bc1224 cell_owner: 54 value_owner: 51
[INCONSISTENCY mov read] ip: main+0x229b (pkcs7_get_signed_data @ pkcs7.c:481) base: 0x7ffe21bc1290 pointee: 6 read from 52
[CORRUPTED_PTR_LOAD] ip: main+0x229b (pkcs7_get_signed_data @ pkcs7.c:481) loaded: 0x2100000000 from cell: 0x7ffe21bc1254 cell_owner: 52 value_owner: 6
[INCONSISTENCY mov read] ip: main+0x22aa (pkcs7_get_signed_data @ pkcs7.c:485) base: 0x7ffe21bc1290 pointee: 6 read from 47
[CORRUPTED_PTR_LOAD] ip: main+0x22aa (pkcs7_get_signed_data @ pkcs7.c:485) loaded: 0x11cdb9b2 from cell: 0x7ffe21bc1260 cell_owner: 47 value_owner: 6
[INCONSISTENCY mov read] ip: main+0x22ae (pkcs7_get_signed_data @ pkcs7.c:486) base: 0x7ffe21bc1290 pointee: 6 read from 50
[CORRUPTED_PTR_LOAD] ip: main+0x22ae (pkcs7_get_signed_data @ pkcs7.c:486) loaded: 0x7ffe21bc1330 from cell: 0x7ffe21bc1278 cell_owner: 50 value_owner: 6
[INCONSISTENCY mov read] ip: main+0x28ec (pkcs7_get_digest_algorithm_set @ pkcs7.c:154) base: 0x7ffe21bc1240 pointee: 51 read from 58
[CORRUPTED_PTR_LOAD] ip: main+0x28ec (pkcs7_get_digest_algorithm_set @ pkcs7.c:154) loaded: 0x700000000 from cell: 0x7ffe21bc121c cell_owner: 58 value_owner: 51
[INCONSISTENCY mov read] ip: main+0x292e (pkcs7_get_digest_algorithm_set @ pkcs7.c:162) base: 0x7ffe21bc1240 pointee: 51 read from 54
[CORRUPTED_PTR_LOAD] ip: main+0x292e (pkcs7_get_digest_algorithm_set @ pkcs7.c:162) loaded: 0x7ffe21bc1338 from cell: 0x7ffe21bc1228 cell_owner: 54 value_owner: 51
[INCONSISTENCY mov read] ip: main+0xd88f (mbedtls_asn1_get_alg_null @ asn1parse.c:425) base: 0x7ffe21bc1200 pointee: 55 read from 33
[CORRUPTED_PTR_LOAD] ip: main+0xd88f (mbedtls_asn1_get_alg_null @ asn1parse.c:425) loaded: 0x11cdb99d from cell: 0x7ffe21bc11e8 cell_owner: 33 value_owner: 55
[INCONSISTENCY mov read] ip: main+0xd893 (mbedtls_asn1_get_alg_null @ asn1parse.c:425) base: 0x7ffe21bc1200 pointee: 55 read from 33
[CORRUPTED_PTR_LOAD] ip: main+0xd893 (mbedtls_asn1_get_alg_null @ asn1parse.c:425) loaded: 0x7ffe21bc1338 from cell: 0x7ffe21bc11e0 cell_owner: 33 value_owner: 55
[INCONSISTENCY mov read] ip: main+0xd6cf (mbedtls_asn1_get_alg @ asn1parse.c:379) base: 0x7ffe21bc11b0 pointee: 10 read from 56
[CORRUPTED_PTR_LOAD] ip: main+0xd6cf (mbedtls_asn1_get_alg @ asn1parse.c:379) loaded: 0x7ffe21bc1270 from cell: 0x7ffe21bc11a0 cell_owner: 56 value_owner: 60
[INCONSISTENCY mov read] ip: main+0xd6d3 (mbedtls_asn1_get_alg @ asn1parse.c:379) base: 0x7ffe21bc11b0 pointee: 10 read from 46
[CORRUPTED_PTR_LOAD] ip: main+0xd6d3 (mbedtls_asn1_get_alg @ asn1parse.c:379) loaded: 0x11cdb99d from cell: 0x7ffe21bc1198 cell_owner: 46 value_owner: 60
[INCONSISTENCY mov read] ip: main+0xd6fc (mbedtls_asn1_get_alg @ asn1parse.c:383) base: 0x7ffe21bc11b0 pointee: 10 read from 46
[CORRUPTED_PTR_LOAD] ip: main+0xd6fc (mbedtls_asn1_get_alg @ asn1parse.c:383) loaded: 0x11cdb99d from cell: 0x7ffe21bc1198 cell_owner: 46 value_owner: 60
[INCONSISTENCY mov read] ip: main+0xd700 (mbedtls_asn1_get_alg @ asn1parse.c:383) base: 0x7ffe21bc11b0 pointee: 10 read from 56
[CORRUPTED_PTR_LOAD] ip: main+0xd700 (mbedtls_asn1_get_alg @ asn1parse.c:383) loaded: 0x7ffe21bc1270 from cell: 0x7ffe21bc11a0 cell_owner: 56 value_owner: 60
[INCONSISTENCY mov read] ip: main+0xd720 (mbedtls_asn1_get_alg @ asn1parse.c:386) base: 0x7ffe21bc11b0 pointee: 10 read from 56
[CORRUPTED_PTR_LOAD] ip: main+0xd720 (mbedtls_asn1_get_alg @ asn1parse.c:386) loaded: 0x7ffe21bc1270 from cell: 0x7ffe21bc11a0 cell_owner: 56 value_owner: 60
[UNTRUSTEDPTRDEREF] ip: main+0xd727 (mbedtls_asn1_get_alg @ asn1parse.c:386) final_ea: 0x11cdb998 base: 0x11cdb998 pointee: -1 base_vo: -1
[INCONSISTENCY mov read] ip: main+0xd72a (mbedtls_asn1_get_alg @ asn1parse.c:386) base: 0x7ffe21bc11b0 pointee: 10 read from 46
[CORRUPTED_PTR_LOAD] ip: main+0xd72a (mbedtls_asn1_get_alg @ asn1parse.c:386) loaded: 0x7ffe21bc1338 from cell: 0x7ffe21bc1190 cell_owner: 46 value_owner: 60
[INCONSISTENCY mov read] ip: main+0xd730 (mbedtls_asn1_get_alg @ asn1parse.c:387) base: 0x7ffe21bc11b0 pointee: 10 read from 56
[CORRUPTED_PTR_LOAD] ip: main+0xd730 (mbedtls_asn1_get_alg @ asn1parse.c:387) loaded: 0x7ffe21bc1270 from cell: 0x7ffe21bc11a0 cell_owner: 56 value_owner: 60
[INCONSISTENCY mov read] ip: main+0xd73f (mbedtls_asn1_get_alg @ asn1parse.c:389) base: 0x7ffe21bc11b0 pointee: 10 read from 56
[CORRUPTED_PTR_LOAD] ip: main+0xd73f (mbedtls_asn1_get_alg @ asn1parse.c:389) loaded: 0x7ffe21bc1270 from cell: 0x7ffe21bc11a0 cell_owner: 56 value_owner: 60
[INCONSISTENCY mov read] ip: main+0xd743 (mbedtls_asn1_get_alg @ asn1parse.c:389) base: 0x7ffe21bc11b0 pointee: 10 read from 46
[CORRUPTED_PTR_LOAD] ip: main+0xd743 (mbedtls_asn1_get_alg @ asn1parse.c:389) loaded: 0x11cdb99d from cell: 0x7ffe21bc1198 cell_owner: 46 value_owner: 10
[INCONSISTENCY mov read] ip: main+0xd747 (mbedtls_asn1_get_alg @ asn1parse.c:389) base: 0x7ffe21bc11b0 pointee: 10 read from 46
[CORRUPTED_PTR_LOAD] ip: main+0xd747 (mbedtls_asn1_get_alg @ asn1parse.c:389) loaded: 0x7ffe21bc1338 from cell: 0x7ffe21bc1190 cell_owner: 46 value_owner: 60
[INCONSISTENCY mov read] ip: main+0xd765 (mbedtls_asn1_get_alg @ asn1parse.c:390) base: 0x7ffe21bc11b0 pointee: 10 read from 61
[CORRUPTED_PTR_LOAD] ip: main+0xd765 (mbedtls_asn1_get_alg @ asn1parse.c:390) loaded: 0x21bc11c0ffffff9e from cell: 0x7ffe21bc1184 cell_owner: 61 value_owner: 10
[INCONSISTENCY mov read] ip: main+0xd84b (mbedtls_asn1_get_alg @ asn1parse.c:414) base: 0x7ffe21bc11b0 pointee: 10 read from 56
[CORRUPTED_PTR_LOAD] ip: main+0xd84b (mbedtls_asn1_get_alg @ asn1parse.c:414) loaded: 0x21bc1200ffffff9e from cell: 0x7ffe21bc11ac cell_owner: 56 value_owner: 10
[INCONSISTENCY mov read] ip: main+0xd8ac (mbedtls_asn1_get_alg_null @ asn1parse.c:426) base: 0x7ffe21bc1200 pointee: 55 read from 59
[CORRUPTED_PTR_LOAD] ip: main+0xd8ac (mbedtls_asn1_get_alg_null @ asn1parse.c:426) loaded: 0x21bc1338ffffff9e from cell: 0x7ffe21bc11dc cell_owner: 59 value_owner: 55
[INCONSISTENCY mov read] ip: main+0x293a (pkcs7_get_digest_algorithm_set @ pkcs7.c:163) base: 0x7ffe21bc1240 pointee: 51 read from 58
[CORRUPTED_PTR_LOAD] ip: main+0x293a (pkcs7_get_digest_algorithm_set @ pkcs7.c:163) loaded: 0x7ffffff9e from cell: 0x7ffe21bc121c cell_owner: 58 value_owner: 51
[INCONSISTENCY mov read] ip: main+0x2944 (pkcs7_get_digest_algorithm_set @ pkcs7.c:165) base: 0x7ffe21bc1240 pointee: 51 read from 58
[CORRUPTED_PTR_LOAD] ip: main+0x2944 (pkcs7_get_digest_algorithm_set @ pkcs7.c:165) loaded: 0x7ffffff9e from cell: 0x7ffe21bc121c cell_owner: 58 value_owner: 51
[INTRA_OBJECT_OVERFLOW] ip: main+0x281a (mbedtls_error_add @ error.h:160) at: 0x7ffe21bc11f0 offset: +0x0 subject: 55 clobbers ptr 0x7ffe21bc1270 (owner: 50)
[INCONSISTENCY mov read] ip: main+0x2982 (pkcs7_get_digest_algorithm_set @ pkcs7.c:174) base: 0x7ffe21bc1240 pointee: 51 read from 58
[CORRUPTED_PTR_LOAD] ip: main+0x2982 (pkcs7_get_digest_algorithm_set @ pkcs7.c:174) loaded: 0x7ffffaa9e from cell: 0x7ffe21bc121c cell_owner: 58 value_owner: 51
[INCONSISTENCY mov read] ip: main+0x22c2 (pkcs7_get_signed_data @ pkcs7.c:487) base: 0x7ffe21bc1290 pointee: 6 read from 52
[CORRUPTED_PTR_LOAD] ip: main+0x22c2 (pkcs7_get_signed_data @ pkcs7.c:487) loaded: 0x21ffffaa9e from cell: 0x7ffe21bc1254 cell_owner: 52 value_owner: 6
[INCONSISTENCY mov read] ip: main+0x240f (pkcs7_get_signed_data @ pkcs7.c:538) base: 0x7ffe21bc1290 pointee: 6 read from 52
[CORRUPTED_PTR_LOAD] ip: main+0x240f (pkcs7_get_signed_data @ pkcs7.c:538) loaded: 0x21ffffaa9e from cell: 0x7ffe21bc1254 cell_owner: 52 value_owner: 6
[INCONSISTENCY mov read] ip: main+0x242c (mbedtls_pkcs7_free @ pkcs7.c:732) base: 0x7ffe21bc1290 pointee: 6 read from 31
[CORRUPTED_PTR_LOAD] ip: main+0x242c (mbedtls_pkcs7_free @ pkcs7.c:732) loaded: 0x7ffe21bc1300 from cell: 0x7ffe21bc1288 cell_owner: 31 value_owner: 6
[INCONSISTENCY mov read] ip: main+0x2437 (mbedtls_pkcs7_free @ pkcs7.c:732) base: 0x7ffe21bc1290 pointee: 6 read from 31
[CORRUPTED_PTR_LOAD] ip: main+0x2437 (mbedtls_pkcs7_free @ pkcs7.c:732) loaded: 0x7ffe21bc1300 from cell: 0x7ffe21bc1288 cell_owner: 31 value_owner: 6
[INCONSISTENCY mov read] ip: main+0x244b (mbedtls_pkcs7_free @ pkcs7.c:735) base: 0x7ffe21bc1290 pointee: 6 read from 31
[CORRUPTED_PTR_LOAD] ip: main+0x244b (mbedtls_pkcs7_free @ pkcs7.c:735) loaded: 0x7ffe21bc1300 from cell: 0x7ffe21bc1288 cell_owner: 31 value_owner: 6
[INCONSISTENCY mov read] ip: main+0x2458 (mbedtls_pkcs7_free @ pkcs7.c:737) base: 0x7ffe21bc1290 pointee: 6 read from 31
[CORRUPTED_PTR_LOAD] ip: main+0x2458 (mbedtls_pkcs7_free @ pkcs7.c:737) loaded: 0x7ffe21bc1300 from cell: 0x7ffe21bc1288 cell_owner: 31 value_owner: 6
[INCONSISTENCY mov read] ip: main+0x9a6c (mbedtls_x509_crt_free @ x509_crt.c:3286) base: 0x7ffe21bc1260 pointee: 47 read from 52
[INCONSISTENCY mov read] ip: main+0x9a74 (mbedtls_x509_crt_free @ x509_crt.c:3289) base: 0x7ffe21bc1260 pointee: 47 read from 52
[CORRUPTED_PTR_LOAD] ip: main+0x9a74 (mbedtls_x509_crt_free @ x509_crt.c:3289) loaded: 0x7ffe21bc1388 from cell: 0x7ffe21bc1250 cell_owner: 52 value_owner: 47
[INCONSISTENCY mov read] ip: main+0x9a7f (mbedtls_x509_crt_free @ x509_crt.c:3291) base: 0x7ffe21bc1260 pointee: 47 read from 52
[CORRUPTED_PTR_LOAD] ip: main+0x9a7f (mbedtls_x509_crt_free @ x509_crt.c:3291) loaded: 0x7ffe21bc1388 from cell: 0x7ffe21bc1250 cell_owner: 52 value_owner: 47
[INCONSISTENCY mov read] ip: main+0x1b1bc (mbedtls_pk_free @ pk.c:63) base: 0x7ffe21bc1230 pointee: 67 read from 68
[CORRUPTED_PTR_LOAD] ip: main+0x1b1bc (mbedtls_pk_free @ pk.c:63) loaded: 0x7ffe21bc14f0 from cell: 0x7ffe21bc1228 cell_owner: 68 value_owner: 67
[INCONSISTENCY mov read] ip: main+0x1b1cc (mbedtls_pk_free @ pk.c:66) base: 0x7ffe21bc1230 pointee: 51 read from 68
[CORRUPTED_PTR_LOAD] ip: main+0x1b1cc (mbedtls_pk_free @ pk.c:66) loaded: 0x7ffe21bc14f0 from cell: 0x7ffe21bc1228 cell_owner: 68 value_owner: 67
[UNINITIALIZED mov read] ip: main+0x1b1d0 (mbedtls_pk_free @ pk.c:66) co: 5 vo: -1
[INCONSISTENCY mov read] ip: main+0x1b1ef (mbedtls_pk_free @ pk.c:69) base: 0x7ffe21bc1230 pointee: 51 read from 68
[CORRUPTED_PTR_LOAD] ip: main+0x1b1ef (mbedtls_pk_free @ pk.c:69) loaded: 0x7ffe21bc14f0 from cell: 0x7ffe21bc1228 cell_owner: 68 value_owner: 67
[INCONSISTENCY mov read] ip: main+0x20d25 (mbedtls_platform_zeroize @ platform_util.c:71) base: 0x7ffe21bc1210 pointee: 68 read from 69
[CORRUPTED_PTR_LOAD] ip: main+0x20d25 (mbedtls_platform_zeroize @ platform_util.c:71) loaded: 0x10 from cell: 0x7ffe21bc1200 cell_owner: 69 value_owner: 68
[UNTRUSTEDPTRDEREF] ip: main+0x20d30 (mbedtls_platform_zeroize @ platform_util.c:72) final_ea: 0x578ac8 base: 0x420d30 pointee: -1 base_vo: -1
[INCONSISTENCY mov read] ip: main+0x20d37 (mbedtls_platform_zeroize @ platform_util.c:72) base: 0x7ffe21bc1210 pointee: 58 read from 69
[CORRUPTED_PTR_LOAD] ip: main+0x20d37 (mbedtls_platform_zeroize @ platform_util.c:72) loaded: 0x7ffe21bc14f0 from cell: 0x7ffe21bc1208 cell_owner: 69 value_owner: 68
[INCONSISTENCY mov read] ip: main+0x20d3b (mbedtls_platform_zeroize @ platform_util.c:72) base: 0x7ffe21bc1210 pointee: 58 read from 69
[CORRUPTED_PTR_LOAD] ip: main+0x20d3b (mbedtls_platform_zeroize @ platform_util.c:72) loaded: 0x10 from cell: 0x7ffe21bc1200 cell_owner: 69 value_owner: 68
[INCONSISTENCY mov read] ip: main+0x9a8f (mbedtls_x509_crt_free @ x509_crt.c:3294) base: 0x7ffe21bc1260 pointee: 47 read from 52
[CORRUPTED_PTR_LOAD] ip: main+0x9a8f (mbedtls_x509_crt_free @ x509_crt.c:3294) loaded: 0x7ffe21bc1388 from cell: 0x7ffe21bc1250 cell_owner: 52 value_owner: 47
[UNINITIALIZED mov read] ip: main+0x9a93 (mbedtls_x509_crt_free @ x509_crt.c:3294) co: 5 vo: -1
[INCONSISTENCY mov read] ip: main+0x9a9f (mbedtls_x509_crt_free @ x509_crt.c:3297) base: 0x7ffe21bc1260 pointee: 47 read from 52
[CORRUPTED_PTR_LOAD] ip: main+0x9a9f (mbedtls_x509_crt_free @ x509_crt.c:3297) loaded: 0x7ffe21bc1388 from cell: 0x7ffe21bc1250 cell_owner: 52 value_owner: 47
[UNINITIALIZED mov read] ip: main+0x9aa3 (mbedtls_x509_crt_free @ x509_crt.c:3297) co: 5 vo: -1
[INCONSISTENCY mov read] ip: main+0xd9bc (mbedtls_asn1_free_named_data_list_shallow @ asn1parse.c:462) base: 0x7ffe21bc1230 pointee: 51 read from 70
[CORRUPTED_PTR_LOAD] ip: main+0xd9bc (mbedtls_asn1_free_named_data_list_shallow @ asn1parse.c:462) loaded: 0x0 from cell: 0x7ffe21bc1228 cell_owner: 70 value_owner: 51
[INCONSISTENCY mov read] ip: main+0x9aaf (mbedtls_x509_crt_free @ x509_crt.c:3298) base: 0x7ffe21bc1260 pointee: 47 read from 52
[CORRUPTED_PTR_LOAD] ip: main+0x9aaf (mbedtls_x509_crt_free @ x509_crt.c:3298) loaded: 0x7ffe21bc1388 from cell: 0x7ffe21bc1250 cell_owner: 52 value_owner: 47
[UNINITIALIZED mov read] ip: main+0x9ab3 (mbedtls_x509_crt_free @ x509_crt.c:3298) co: 5 vo: -1
[INCONSISTENCY mov read] ip: main+0x9abf (mbedtls_x509_crt_free @ x509_crt.c:3299) base: 0x7ffe21bc1260 pointee: 47 read from 52
[CORRUPTED_PTR_LOAD] ip: main+0x9abf (mbedtls_x509_crt_free @ x509_crt.c:3299) loaded: 0x7ffe21bc1388 from cell: 0x7ffe21bc1250 cell_owner: 52 value_owner: 47
[UNINITIALIZED mov read] ip: main+0x9ac3 (mbedtls_x509_crt_free @ x509_crt.c:3299) co: 5 vo: -1
[INCONSISTENCY mov read] ip: main+0xd54c (mbedtls_asn1_sequence_free @ asn1parse.c:314) base: 0x7ffe21bc1230 pointee: 51 read from 72
[CORRUPTED_PTR_LOAD] ip: main+0xd54c (mbedtls_asn1_sequence_free @ asn1parse.c:314) loaded: 0x0 from cell: 0x7ffe21bc1228 cell_owner: 72 value_owner: 51
[INCONSISTENCY mov read] ip: main+0x9acf (mbedtls_x509_crt_free @ x509_crt.c:3300) base: 0x7ffe21bc1260 pointee: 47 read from 52
[CORRUPTED_PTR_LOAD] ip: main+0x9acf (mbedtls_x509_crt_free @ x509_crt.c:3300) loaded: 0x7ffe21bc1388 from cell: 0x7ffe21bc1250 cell_owner: 52 value_owner: 47
[UNINITIALIZED mov read] ip: main+0x9ad3 (mbedtls_x509_crt_free @ x509_crt.c:3300) co: 5 vo: -1
[INCONSISTENCY mov read] ip: main+0x9adf (mbedtls_x509_crt_free @ x509_crt.c:3301) base: 0x7ffe21bc1260 pointee: 47 read from 52
[CORRUPTED_PTR_LOAD] ip: main+0x9adf (mbedtls_x509_crt_free @ x509_crt.c:3301) loaded: 0x7ffe21bc1388 from cell: 0x7ffe21bc1250 cell_owner: 52 value_owner: 47
[UNINITIALIZED mov read] ip: main+0x9ae3 (mbedtls_x509_crt_free @ x509_crt.c:3301) co: 5 vo: -1
[INCONSISTENCY mov read] ip: main+0x9aef (mbedtls_x509_crt_free @ x509_crt.c:3303) base: 0x7ffe21bc1260 pointee: 47 read from 52
[CORRUPTED_PTR_LOAD] ip: main+0x9aef (mbedtls_x509_crt_free @ x509_crt.c:3303) loaded: 0x7ffe21bc1388 from cell: 0x7ffe21bc1250 cell_owner: 52 value_owner: 47
[UNINITIALIZED mov read] ip: main+0x9af3 (mbedtls_x509_crt_free @ x509_crt.c:3303) co: 5 vo: -1
[INCONSISTENCY mov read] ip: main+0x9b2d (mbedtls_x509_crt_free @ x509_crt.c:3309) base: 0x7ffe21bc1260 pointee: 47 read from 52
[CORRUPTED_PTR_LOAD] ip: main+0x9b2d (mbedtls_x509_crt_free @ x509_crt.c:3309) loaded: 0x7ffe21bc1388 from cell: 0x7ffe21bc1250 cell_owner: 52 value_owner: 47
[INCONSISTENCY mov read] ip: main+0x9b35 (mbedtls_x509_crt_free @ x509_crt.c:3310) base: 0x7ffe21bc1260 pointee: 47 read from 52
[CORRUPTED_PTR_LOAD] ip: main+0x9b35 (mbedtls_x509_crt_free @ x509_crt.c:3310) loaded: 0x7ffe21bc1388 from cell: 0x7ffe21bc1250 cell_owner: 52 value_owner: 47
[UNINITIALIZED mov read] ip: main+0x9b39 (mbedtls_x509_crt_free @ x509_crt.c:3310) co: 5 vo: -1
[INCONSISTENCY mov read] ip: main+0x9b44 (mbedtls_x509_crt_free @ x509_crt.c:3312) base: 0x7ffe21bc1260 pointee: 47 read from 67
[CORRUPTED_PTR_LOAD] ip: main+0x9b44 (mbedtls_x509_crt_free @ x509_crt.c:3312) loaded: 0x7ffe21bc1388 from cell: 0x7ffe21bc1248 cell_owner: 67 value_owner: 47
[INCONSISTENCY mov read] ip: main+0x9b52 (mbedtls_x509_crt_free @ x509_crt.c:3313) base: 0x7ffe21bc1260 pointee: 47 read from 67
[CORRUPTED_PTR_LOAD] ip: main+0x9b52 (mbedtls_x509_crt_free @ x509_crt.c:3313) loaded: 0x7ffe21bc1388 from cell: 0x7ffe21bc1248 cell_owner: 67 value_owner: 47
[INCONSISTENCY mov read] ip: main+0x2469 (mbedtls_pkcs7_free @ pkcs7.c:738) base: 0x7ffe21bc1290 pointee: 6 read from 31
[CORRUPTED_PTR_LOAD] ip: main+0x2469 (mbedtls_pkcs7_free @ pkcs7.c:738) loaded: 0x7ffe21bc1300 from cell: 0x7ffe21bc1288 cell_owner: 31 value_owner: 6
[INCONSISTENCY mov read] ip: main+0x5bbc (mbedtls_x509_crl_free @ x509_crl.c:706) base: 0x7ffe21bc1260 pointee: 47 read from 52
[CORRUPTED_PTR_LOAD] ip: main+0x5bbc (mbedtls_x509_crl_free @ x509_crl.c:706) loaded: 0x7ffe21bc15f8 from cell: 0x7ffe21bc1258 cell_owner: 52 value_owner: 47
[INCONSISTENCY mov read] ip: main+0x5bc4 (mbedtls_x509_crl_free @ x509_crl.c:711) base: 0x7ffe21bc1260 pointee: 47 read from 52
[CORRUPTED_PTR_LOAD] ip: main+0x5bc4 (mbedtls_x509_crl_free @ x509_crl.c:711) loaded: 0x7ffe21bc15f8 from cell: 0x7ffe21bc1250 cell_owner: 52 value_owner: 47
[INCONSISTENCY mov read] ip: main+0x5bcf (mbedtls_x509_crl_free @ x509_crl.c:714) base: 0x7ffe21bc1260 pointee: 47 read from 52
[CORRUPTED_PTR_LOAD] ip: main+0x5bcf (mbedtls_x509_crl_free @ x509_crl.c:714) loaded: 0x7ffe21bc15f8 from cell: 0x7ffe21bc1250 cell_owner: 52 value_owner: 47
[UNINITIALIZED mov read] ip: main+0x5bd3 (mbedtls_x509_crl_free @ x509_crl.c:714) co: 5 vo: -1
[INCONSISTENCY mov read] ip: main+0x5bdf (mbedtls_x509_crl_free @ x509_crl.c:717) base: 0x7ffe21bc1260 pointee: 47 read from 52
[CORRUPTED_PTR_LOAD] ip: main+0x5bdf (mbedtls_x509_crl_free @ x509_crl.c:717) loaded: 0x7ffe21bc15f8 from cell: 0x7ffe21bc1250 cell_owner: 52 value_owner: 47
[UNINITIALIZED mov read] ip: main+0x5be3 (mbedtls_x509_crl_free @ x509_crl.c:717) co: 5 vo: -1
[INCONSISTENCY mov read] ip: main+0x5bef (mbedtls_x509_crl_free @ x509_crl.c:719) base: 0x7ffe21bc1260 pointee: 47 read from 52
[CORRUPTED_PTR_LOAD] ip: main+0x5bef (mbedtls_x509_crl_free @ x509_crl.c:719) loaded: 0x7ffe21bc15f8 from cell: 0x7ffe21bc1250 cell_owner: 52 value_owner: 47
[UNINITIALIZED mov read] ip: main+0x5bf3 (mbedtls_x509_crl_free @ x509_crl.c:719) co: 5 vo: -1
[INCONSISTENCY mov read] ip: main+0x5bfe (mbedtls_x509_crl_free @ x509_crl.c:720) base: 0x7ffe21bc1260 pointee: 47 read from 67
[CORRUPTED_PTR_LOAD] ip: main+0x5bfe (mbedtls_x509_crl_free @ x509_crl.c:720) loaded: 0x0 from cell: 0x7ffe21bc1240 cell_owner: 67 value_owner: 47
[INCONSISTENCY mov read] ip: main+0x5c39 (mbedtls_x509_crl_free @ x509_crl.c:729) base: 0x7ffe21bc1260 pointee: 47 read from 52
[CORRUPTED_PTR_LOAD] ip: main+0x5c39 (mbedtls_x509_crl_free @ x509_crl.c:729) loaded: 0x7ffe21bc15f8 from cell: 0x7ffe21bc1250 cell_owner: 52 value_owner: 47
[UNINITIALIZED mov read] ip: main+0x5c3d (mbedtls_x509_crl_free @ x509_crl.c:729) co: 5 vo: -1
[INCONSISTENCY mov read] ip: main+0x5c6a (mbedtls_x509_crl_free @ x509_crl.c:735) base: 0x7ffe21bc1260 pointee: 47 read from 52
[CORRUPTED_PTR_LOAD] ip: main+0x5c6a (mbedtls_x509_crl_free @ x509_crl.c:735) loaded: 0x7ffe21bc15f8 from cell: 0x7ffe21bc1250 cell_owner: 52 value_owner: 47
[INCONSISTENCY mov read] ip: main+0x5c72 (mbedtls_x509_crl_free @ x509_crl.c:736) base: 0x7ffe21bc1260 pointee: 47 read from 52
[CORRUPTED_PTR_LOAD] ip: main+0x5c72 (mbedtls_x509_crl_free @ x509_crl.c:736) loaded: 0x7ffe21bc15f8 from cell: 0x7ffe21bc1250 cell_owner: 52 value_owner: 47
[UNINITIALIZED mov read] ip: main+0x5c76 (mbedtls_x509_crl_free @ x509_crl.c:736) co: 5 vo: -1
[INCONSISTENCY mov read] ip: main+0x5c81 (mbedtls_x509_crl_free @ x509_crl.c:738) base: 0x7ffe21bc1260 pointee: 47 read from 67
[CORRUPTED_PTR_LOAD] ip: main+0x5c81 (mbedtls_x509_crl_free @ x509_crl.c:738) loaded: 0x7ffe21bc15f8 from cell: 0x7ffe21bc1248 cell_owner: 67 value_owner: 47
[INCONSISTENCY mov read] ip: main+0x5c8f (mbedtls_x509_crl_free @ x509_crl.c:739) base: 0x7ffe21bc1260 pointee: 47 read from 67
[CORRUPTED_PTR_LOAD] ip: main+0x5c8f (mbedtls_x509_crl_free @ x509_crl.c:739) loaded: 0x7ffe21bc15f8 from cell: 0x7ffe21bc1248 cell_owner: 67 value_owner: 47
[INCONSISTENCY mov read] ip: main+0x247d (mbedtls_pkcs7_free @ pkcs7.c:740) base: 0x7ffe21bc1290 pointee: 6 read from 31
[CORRUPTED_PTR_LOAD] ip: main+0x247d (mbedtls_pkcs7_free @ pkcs7.c:740) loaded: 0x7ffe21bc1300 from cell: 0x7ffe21bc1288 cell_owner: 31 value_owner: 6
[UNINITIALIZED mov read] ip: main+0x2481 (mbedtls_pkcs7_free @ pkcs7.c:740) co: 5 vo: -1
[INCONSISTENCY mov read] ip: main+0x248c (mbedtls_pkcs7_free @ pkcs7.c:741) base: 0x7ffe21bc1290 pointee: 6 read from 31
[CORRUPTED_PTR_LOAD] ip: main+0x248c (mbedtls_pkcs7_free @ pkcs7.c:741) loaded: 0x7ffe21bc1300 from cell: 0x7ffe21bc1288 cell_owner: 31 value_owner: 6
[INCONSISTENCY mov read] ip: main+0x27bc (pkcs7_free_signer_info @ pkcs7.c:360) base: 0x7ffe21bc1260 pointee: 47 read from 52
[CORRUPTED_PTR_LOAD] ip: main+0x27bc (pkcs7_free_signer_info @ pkcs7.c:360) loaded: 0x7ffe21bc17a0 from cell: 0x7ffe21bc1258 cell_owner: 52 value_owner: 47
[INCONSISTENCY mov read] ip: main+0x27cc (pkcs7_free_signer_info @ pkcs7.c:363) base: 0x7ffe21bc1260 pointee: 47 read from 52
[CORRUPTED_PTR_LOAD] ip: main+0x27cc (pkcs7_free_signer_info @ pkcs7.c:363) loaded: 0x7ffe21bc17a0 from cell: 0x7ffe21bc1258 cell_owner: 52 value_owner: 47
[UNINITIALIZED mov read] ip: main+0x27d0 (pkcs7_free_signer_info @ pkcs7.c:363) co: 5 vo: -1
[INCONSISTENCY mov read] ip: main+0x27d8 (pkcs7_free_signer_info @ pkcs7.c:364) base: 0x7ffe21bc1260 pointee: 47 read from 52
[CORRUPTED_PTR_LOAD] ip: main+0x27d8 (pkcs7_free_signer_info @ pkcs7.c:364) loaded: 0x0 from cell: 0x7ffe21bc1250 cell_owner: 52 value_owner: 47
[INCONSISTENCY mov read] ip: main+0x24a0 (mbedtls_pkcs7_free @ pkcs7.c:742) base: 0x7ffe21bc1290 pointee: 6 read from 31
[CORRUPTED_PTR_LOAD] ip: main+0x24a0 (mbedtls_pkcs7_free @ pkcs7.c:742) loaded: 0x0 from cell: 0x7ffe21bc1280 cell_owner: 31 value_owner: 6
[INCONSISTENCY mov read] ip: main+0x24d9 (mbedtls_pkcs7_free @ pkcs7.c:750) base: 0x7ffe21bc1290 pointee: 6 read from 31
[CORRUPTED_PTR_LOAD] ip: main+0x24d9 (mbedtls_pkcs7_free @ pkcs7.c:750) loaded: 0x7ffe21bc1300 from cell: 0x7ffe21bc1288 cell_owner: 31 value_owner: 6
[UNINITIALIZED mov read] ip: main+0x1cd8 (main @ harness.c:49) co: 3 vo: -1
[INCONSISTENCY mov read] ip: main+0x7ff49 (__vfprintf_internal) base: 0x7ffe21bc1210 pointee: 80 read from 75
[CORRUPTED_PTR_LOAD] ip: main+0x7ff49 (__vfprintf_internal) loaded: 0x7ffe21bc1230 from cell: 0x7ffe21bc1220 cell_owner: 75 value_owner: 80
[CORRUPTED_PTR_LOAD] ip: main+0x8bb30 (_IO_default_xsputn) loaded: 0x7ffe21bbf1d0 from cell: 0x7ffe21bbf0f8 cell_owner: 84 value_owner: 40
[UNTRUSTEDPTRDEREF] ip: main+0xa1400 (__memcpy_ssse3) final_ea: 0x52c055 base: 0x52c080 pointee: -1 base_vo: -1
[UNTRUSTEDPTRDEREF] ip: main+0xa1404 (__memcpy_ssse3) final_ea: 0x52c05d base: 0x52c080 pointee: -1 base_vo: -1
[UNTRUSTEDPTRDEREF] ip: main+0xa1408 (__memcpy_ssse3) final_ea: 0x52c065 base: 0x52c080 pointee: -1 base_vo: -1
[UNTRUSTEDPTRDEREF] ip: main+0xa140c (__memcpy_ssse3) final_ea: 0x52c06d base: 0x52c080 pointee: -1 base_vo: -1
[UNTRUSTEDPTRDEREF] ip: main+0xa1410 (__memcpy_ssse3) final_ea: 0x52c075 base: 0x52c080 pointee: -1 base_vo: -1
[UNTRUSTEDPTRDEREF] ip: main+0xa1414 (__memcpy_ssse3) final_ea: 0x52c07c base: 0x52c080 pointee: -1 base_vo: -1
[CORRUPTED_PTR_LOAD] ip: main+0x8181d (__vfprintf_internal) loaded: 0xffffaa9e from cell: 0x7ffe21bc1240 cell_owner: 79 value_owner: 80
[INCONSISTENCY mov read] ip: main+0x8010f (__vfprintf_internal) base: 0x7ffe21bbeb40 pointee: 85 read from 42
[CORRUPTED_PTR_LOAD] ip: main+0x8010f (__vfprintf_internal) loaded: 0xbe5051ec93862a00 from cell: 0x7ffe21bbf068 cell_owner: 42 value_owner: 85
[INCONSISTENCY mov read] ip: main+0x7cc3a (__fprintf) base: 0x7ffe21bc1210 pointee: 80 read from 75
[CORRUPTED_PTR_LOAD] ip: main+0x7cc3a (__fprintf) loaded: 0xbe5051ec93862a00 from cell: 0x7ffe21bc1228 cell_owner: 75 value_owner: 80
[UNINITIALIZED mov read] ip: main+0x1d0b (main @ harness.c:54) co: 3 vo: -1
[UNTRUSTEDPTRDEREF] ip: main+0x8bc0b (_IO_default_xsputn) final_ea: 0x52c090 base: 0x52c08c pointee: -1 base_vo: -1
[UNTRUSTEDPTRDEREF] ip: main+0x8bc19 (_IO_default_xsputn) final_ea: 0x52c091 base: 0x52c08c pointee: -1 base_vo: -1
[UNTRUSTEDPTRDEREF] ip: main+0x8bc27 (_IO_default_xsputn) final_ea: 0x52c092 base: 0x52c08c pointee: -1 base_vo: -1
[UNTRUSTEDPTRDEREF] ip: main+0x7be07 (__run_exit_handlers) final_ea: 0x57fff0 base: 0x47be07 pointee: -1 base_vo: -1
[UNINITIALIZED mov read] ip: main+0x7be39 (__run_exit_handlers) co: 3 vo: -1
[UNINITIALIZED mov read] ip: main+0x7be48 (__run_exit_handlers) co: 4 vo: -1
[UNINITIALIZED mov read] ip: main+0x7be64 (__run_exit_handlers) co: 4 vo: -1
[UNINITIALIZED mov read] ip: main+0x7bed5 (__run_exit_handlers) co: 4 vo: -1
[UNINITIALIZED mov read] ip: main+0x7bed9 (__run_exit_handlers) co: 4 vo: -1
[UNTRUSTEDPTRDEREF] ip: main+0x129fc1 (__deregister_frame_info_bases) final_ea: 0x55d170 base: 0x55d170 pointee: -1 base_vo: -1
[UNINITIALIZED mov read] ip: main+0x12a00a (__deregister_frame_info_bases) co: 4 vo: -1
[UNINITIALIZED mov read] ip: main+0x12a011 (__deregister_frame_info_bases) co: 4 vo: -1
[UNINITIALIZED mov read] ip: main+0x7bf80 (__run_exit_handlers) co: 4 vo: -1
[INCONSISTENCY mov read] ip: main+0x7bfa7 (__run_exit_handlers) base: 0x7ffe21bc1840 pointee: 5 read from 97
[INCONSISTENCY mov write reg] ip: main+0x8c704 (_IO_flush_all_lockp) co: 4 vo: 4, 4 write 4
[INCONSISTENCY mov write reg] ip: main+0x8c71e (_IO_flush_all_lockp) co: 4 vo: 4, 4 write 4
[INCONSISTENCY mov write reg] ip: main+0x8c7dc (_IO_flush_all_lockp) co: 4 vo: 4, 4 write 4
[UNINITIALIZED mov read] ip: main+0x8c7d3 (_IO_flush_all_lockp) co: 3 vo: -1
[UNINITIALIZED mov read] ip: main+0x8c820 (_IO_flush_all_lockp) co: 3 vo: -1
[UNINITIALIZED mov read] ip: main+0x8c82e (_IO_flush_all_lockp) co: 3 vo: -1
[UNINITIALIZED mov read] ip: main+0x8c832 (_IO_flush_all_lockp) co: 3 vo: -1
[INCONSISTENCY mov write reg] ip: main+0x8c851 (_IO_flush_all_lockp) co: 4 vo: 4, 4 write 4
[INCONSISTENCY mov write reg] ip: main+0x8c97c (_IO_cleanup) co: 4 vo: 4, 4 write 4
[INCONSISTENCY mov write reg] ip: main+0x8c993 (_IO_cleanup) co: 4 vo: 4, 4 write 4
[UNINITIALIZED mov read] ip: main+0x8c9ba (_IO_cleanup) co: 3 vo: -1
[UNINITIALIZED mov read] ip: main+0x8c9c7 (_IO_cleanup) co: 3 vo: -1
[UNINITIALIZED mov read] ip: main+0x8c9ce (_IO_cleanup) co: 3 vo: -1
[INCONSISTENCY mov write reg] ip: main+0x8cac9 (_IO_cleanup) co: 4 vo: 4, 4 write 4
