[INCONSISTENCY mov write reg] ip: main+0x122e (main @ tcache_stashing_unlink_attack.c:5) co: 5 vo: 5, 5 write 5
[INCONSISTENCY mov write reg] ip: main+0x12ea (main @ tcache_stashing_unlink_attack.c:22) co: 5 vo: 5, 5 write 5
[ALLOC] malloc(0x90) -> 0x14336010 subject=6 at main @ tcache_stashing_unlink_attack.c:30
[ALLOC] malloc(0x90) -> 0x143360b0 subject=7 at main @ tcache_stashing_unlink_attack.c:30
[ALLOC] malloc(0x90) -> 0x14336150 subject=8 at main @ tcache_stashing_unlink_attack.c:30
[ALLOC] malloc(0x90) -> 0x143361f0 subject=9 at main @ tcache_stashing_unlink_attack.c:30
[ALLOC] malloc(0x90) -> 0x14336290 subject=10 at main @ tcache_stashing_unlink_attack.c:30
[ALLOC] malloc(0x90) -> 0x14336330 subject=11 at main @ tcache_stashing_unlink_attack.c:30
[ALLOC] malloc(0x90) -> 0x143363d0 subject=12 at main @ tcache_stashing_unlink_attack.c:30
[ALLOC] malloc(0x90) -> 0x14336470 subject=13 at main @ tcache_stashing_unlink_attack.c:30
[ALLOC] malloc(0x90) -> 0x14336510 subject=14 at main @ tcache_stashing_unlink_attack.c:30
[FREE] free(0x143361f0) subject=9 at main @ tcache_stashing_unlink_attack.c:37
[FREE:internal] free(0x143361f0) subject=0
[DOUBLE FREE] free(0x143361f0) — already freed
[FREE] free(0x14336290) subject=10 at main @ tcache_stashing_unlink_attack.c:37
[FREE] free(0x14336330) subject=11 at main @ tcache_stashing_unlink_attack.c:37
[FREE] free(0x143363d0) subject=12 at main @ tcache_stashing_unlink_attack.c:37
[FREE] free(0x14336470) subject=13 at main @ tcache_stashing_unlink_attack.c:37
[FREE] free(0x14336510) subject=14 at main @ tcache_stashing_unlink_attack.c:37
[FREE] free(0x143360b0) subject=7 at main @ tcache_stashing_unlink_attack.c:43
[FREE] free(0x14336010) subject=6 at main @ tcache_stashing_unlink_attack.c:45
[FREE] free(0x14336150) subject=8 at main @ tcache_stashing_unlink_attack.c:46
[ALLOC] malloc(0xa0) -> 0x143368b0 subject=15 at main @ tcache_stashing_unlink_attack.c:51
[ALLOC] malloc(0x90) -> 0x14336150 subject=16 at main @ tcache_stashing_unlink_attack.c:56
[ALLOC] malloc(0x90) -> 0x14336010 subject=17 at main @ tcache_stashing_unlink_attack.c:57
[ALLOC] calloc(0x90) -> 0x143360b0 subject=18 at main @ tcache_stashing_unlink_attack.c:69
[ALLOC] malloc(0x90) -> 0x14336510 subject=19 at main @ tcache_stashing_unlink_attack.c:74
[ALLOC:internal] malloc(0x14) -> 0x14336960 subject=20 at gettext
[ALLOC:internal] malloc(0x2) -> 0x14336980 subject=21 at gettext
[FREE:internal] free(0x14336960) subject=20 at gettext
[FREE:internal] free(0x14336980) subject=21 at gettext
