[ALLOC:internal] malloc(0x12000) -> 0x5c60fe2aa010 subject=4 at _ZSt21__to_chars_bfloat16_tPcS_fSt12chars_format
[ALLOC:internal] calloc(0x410) -> 0x5c60fe2bc020 subject=5 at __cxa_at_quick_exit
[ALLOC:internal] calloc(0x410) -> 0x5c60fe2bc440 subject=6 at __cxa_at_quick_exit
[ALLOC:internal] calloc(0x410) -> 0x5c60fe2bc860 subject=7 at __cxa_at_quick_exit
[INCONSISTENCY mov write reg] ip: main+0x2aa20 (main @ harness.cpp:54) co: 8 vo: 8, 8 write 8
[INCONSISTENCY mov write reg] ip: main+0x2aa23 (main @ harness.cpp:54) co: 8 vo: 8, 8 write 8
[ALLOC:internal] malloc(0x1d8) -> 0x5c60fe2bcc80 subject=9 at _IO_fopen
[ALLOC:internal] malloc(0x1000) -> 0x5c60fe2bce60 subject=10 at _IO_file_doallocate
[ALLOC] malloc(0x154) -> 0x5c60fe2bde70 subject=11 at main @ harness.cpp:76
[FREE:internal] free(0x5c60fe2bce60) subject=10 at _IO_setb
[FREE:internal] free(0x5c60fe2bcc80) subject=9 at _IO_fclose
[FREE:internal] free(0x5c60fe2bcc80) subject=0
[DOUBLE FREE] free(0x5c60fe2bcc80) — already freed
[CORRUPTED_PTR_LOAD] ip: main+0x2a9ed (fuzz_one @ harness.cpp:49) loaded: 0x154 from cell: 0x7ffc8ecd9e00 cell_owner: 12 value_owner: 8
[CORRUPTED_PTR_LOAD] ip: main+0x2a9f1 (fuzz_one @ harness.cpp:49) loaded: 0x5c60fe2bde70 from cell: 0x7ffc8ecd9e08 cell_owner: 12 value_owner: 8
[INTRA_OBJECT_OVERFLOW] ip: main+0x30c03 (_ZN7Imf_3_216checkOpenEXRFileEPKcmbbb @ ImfCheckFile.cpp:1646) byte write at: 0x7ffc8ecd9bb8 offset: +0x58 cell_owner: 13 writer_pointee: 12
[CORRUPTED_PTR_LOAD] ip: main+0xbb254 (exr_start_read @ context.c:131) loaded: 0x5c60f681cd30 from cell: 0x7ffc8ecd9c38 cell_owner: 13 value_owner: 12
[UNINITIALIZED mov read] ip: main+0xbb25c (exr_start_read @ context.c:132) co: 13 vo: -1
[UNINITIALIZED mov read] ip: main+0xbb264 (exr_start_read @ context.c:133) co: 13 vo: -1
[CORRUPTED_PTR_LOAD] ip: main+0xbb26c (exr_start_read @ context.c:134) loaded: 0x7ffc8ecd9bf0 from cell: 0x7ffc8ecd9c50 cell_owner: 13 value_owner: 12
[UNINITIALIZED mov read] ip: main+0xbb274 (exr_start_read @ context.c:135) co: 13 vo: -1
[UNINITIALIZED mov read] ip: main+0xbb27c (exr_start_read @ context.c:136) co: 13 vo: -1
[UNINITIALIZED mov read] ip: main+0xbb284 (exr_start_read @ context.c:137) co: 13 vo: -1
[UNINITIALIZED mov read] ip: main+0xbb28c (exr_start_read @ context.c:138) co: 13 vo: -1
[CORRUPTED_PTR_LOAD] ip: main+0xbb29c (exr_start_read @ context.c:143) loaded: 0x68 from cell: 0x7ffc8ecd9c30 cell_owner: 13 value_owner: 12
[CORRUPTED_PTR_LOAD] ip: main+0xbb2a5 (exr_start_read @ context.c:145) loaded: 0xbf800000fffffffe from cell: 0x7ffc8ecd9c88 cell_owner: 13 value_owner: 12
[UNINITIALIZED mov read] ip: main+0xbb2bb (exr_start_read @ context.c:150) co: 13 vo: -1
[CORRUPTED_PTR_LOAD] ip: main+0xbcff4 (internal_exr_update_default_handlers @ internal_structs.c:500) loaded: 0x5c60f681cd30 from cell: 0x7ffc8ecd9ad0 cell_owner: 14 value_owner: 13
[CORRUPTED_PTR_LOAD] ip: main+0xbcffb (internal_exr_update_default_handlers @ internal_structs.c:503) loaded: 0x0 from cell: 0x7ffc8ecd9ad8 cell_owner: 14 value_owner: 13
[CORRUPTED_PTR_LOAD] ip: main+0xbd028 (internal_exr_update_default_handlers @ internal_structs.c:504) loaded: 0x0 from cell: 0x7ffc8ecd9ae0 cell_owner: 14 value_owner: 13
[UNTRUSTEDPTRDEREF] ip: main+0xbb2db (exr_start_read @ context.c:262) final_ea: 0x5c60f68ed151 base: 0x5c60f68ed151 pointee: -1 base_vo: -1
[CORRUPTED_PTR_LOAD] ip: main+0xbca71 (internal_exr_alloc_context @ internal_structs.c:342) loaded: 0x5c60f681cc60 from cell: 0x7ffc8ecd9af0 cell_owner: 14 value_owner: 13
[ALLOC] malloc(0x228) -> 0x5c60fe2bd160 subject=16 at internal_exr_alloc_context @ internal_structs.c:347
[CORRUPTED_PTR_LOAD] ip: main+0xbcaaa (internal_exr_alloc_context @ internal_structs.c:357) loaded: 0x7ffc8ecd9bf0 from cell: 0x7ffc8ecd9ae8 cell_owner: 14 value_owner: 13
[INCONSISTENCY mov write reg UAF] ip: main+0xbcaae (internal_exr_alloc_context @ internal_structs.c:357) UAF write at: 0x5c60fe2bd1e0
[CORRUPTED_PTR_LOAD] ip: main+0xbcab5 (internal_exr_alloc_context @ internal_structs.c:358) loaded: 0x5c60f681cc60 from cell: 0x7ffc8ecd9af0 cell_owner: 14 value_owner: 13
[INCONSISTENCY mov write reg UAF] ip: main+0xbcacf (internal_exr_alloc_context) UAF write at: 0x5c60fe2bd1e8
[INCONSISTENCY mov write reg UAF] ip: main+0xbcadd (internal_exr_alloc_context @ internal_structs.c:364) UAF write at: 0x5c60fe2bd198
[INCONSISTENCY mov write reg UAF] ip: main+0xbcae8 (internal_exr_alloc_context @ internal_structs.c:365) UAF write at: 0x5c60fe2bd1a0
[INCONSISTENCY mov write reg UAF] ip: main+0xbcaf3 (internal_exr_alloc_context @ internal_structs.c:366) UAF write at: 0x5c60fe2bd1a8
[CORRUPTED_PTR_LOAD] ip: main+0xbcaf7 (internal_exr_alloc_context @ internal_structs.c:367) loaded: 0x5c60f681cd30 from cell: 0x7ffc8ecd9ad0 cell_owner: 14 value_owner: 13
[INCONSISTENCY mov write reg UAF] ip: main+0xbcafb (internal_exr_alloc_context @ internal_structs.c:367) UAF write at: 0x5c60fe2bd1b0
[INCONSISTENCY mov write reg UAF] ip: main+0xbcb03 (internal_exr_alloc_context @ internal_structs.c:368) UAF write at: 0x5c60fe2bd1b8
[INCONSISTENCY mov write reg UAF] ip: main+0xbcb0b (internal_exr_alloc_context @ internal_structs.c:369) UAF write at: 0x5c60fe2bd1c0
[UNINITIALIZED mov read] ip: main+0xbcb1c (internal_exr_alloc_context @ internal_structs.c:372) co: 14 vo: -1
[INCONSISTENCY mov write reg UAF] ip: main+0xbcba1 (internal_exr_alloc_context @ internal_structs.c:373) UAF write at: 0x5c60fe2bd1c8
[UNINITIALIZED mov read] ip: main+0xbcba4 (internal_exr_alloc_context @ internal_structs.c:380) co: 14 vo: -1
[INCONSISTENCY mov write reg UAF] ip: main+0xbcbaf (internal_exr_alloc_context @ internal_structs.c:381) UAF write at: 0x5c60fe2bd1cc
[UNINITIALIZED mov read] ip: main+0xbcbbf (internal_exr_alloc_context @ internal_structs.c:389) co: 14 vo: -1
[INCONSISTENCY mov write reg UAF] ip: main+0xbcc02 (internal_exr_alloc_context @ internal_structs.c:390) UAF write at: 0x5c60fe2bd1d0
[UNINITIALIZED mov read] ip: main+0xbcc05 (internal_exr_alloc_context @ internal_structs.c:397) co: 14 vo: -1
[INCONSISTENCY mov write reg UAF] ip: main+0xbcc14 (internal_exr_alloc_context @ internal_structs.c:398) UAF write at: 0x5c60fe2bd1d4
[INCONSISTENCY mov write reg UAF] ip: main+0xbad1f (exr_get_default_zip_compression_level @ base.c:188) UAF write at: 0x5c60fe2bd1d8
[CORRUPTED_PTR_LOAD] ip: main+0xbcc2f (internal_exr_alloc_context @ internal_structs.c:407) loaded: 0xbf800000fffffffe from cell: 0x7ffc8ecd9b20 cell_owner: 14 value_owner: 13
[CORRUPTED_PTR_LOAD] ip: main+0xbcc49 (internal_exr_alloc_context @ internal_structs.c:412) loaded: 0x0 from cell: 0x7ffc8ecd9b28 cell_owner: 14 value_owner: 13
[INCONSISTENCY mov write imm UAF] ip: main+0xbcc61 (internal_exr_alloc_context @ internal_structs.c:420) UAF write at: 0x5c60fe2bd1f8
[INCONSISTENCY mov write imm UAF] ip: main+0xbcc6c (internal_exr_alloc_context @ internal_structs.c:421) UAF write at: 0x5c60fe2bd162
[CORRUPTED_PTR_LOAD] ip: main+0xbcc70 (internal_exr_alloc_context @ internal_structs.c:423) loaded: 0x0 from cell: 0x7ffc8ecd9b08 cell_owner: 14 value_owner: 13
[INCONSISTENCY mov write reg UAF] ip: main+0xbcc74 (internal_exr_alloc_context @ internal_structs.c:423) UAF write at: 0x5c60fe2bd1f0
[CORRUPTED_PTR_LOAD] ip: main+0xbcc7b (internal_exr_alloc_context @ internal_structs.c:424) loaded: 0x5c60f681cc60 from cell: 0x7ffc8ecd9af0 cell_owner: 14 value_owner: 13
[INCONSISTENCY mov write reg UAF] ip: main+0xbcc7f (internal_exr_alloc_context @ internal_structs.c:424) UAF write at: 0x5c60fe2bd200
[CORRUPTED_PTR_LOAD] ip: main+0xbcc86 (internal_exr_alloc_context @ internal_structs.c:425) loaded: 0x0 from cell: 0x7ffc8ecd9b00 cell_owner: 14 value_owner: 13
[INCONSISTENCY mov write reg UAF] ip: main+0xbcc8a (internal_exr_alloc_context @ internal_structs.c:425) UAF write at: 0x5c60fe2bd208
Store dangling pointer: 0x5c60fe2bd160 at: 0x7ffc8ecd9b30
[INCONSISTENCY mov read UAF] ip: main+0xbcce4 (internal_exr_alloc_context @ internal_structs.c:214) UAF read at: 0x5c60fe2bd224
Store dangling pointer: 0x5c60fe2bd228 at: 0x5c60fe2bd330
[INCONSISTENCY mov write reg UAF] ip: main+0xbcd56 (internal_exr_alloc_context @ internal_structs.c:224) UAF write at: 0x5c60fe2bd330
first time found dangling pointer at: 365 distance: 0
[INCONSISTENCY mov write imm UAF] ip: main+0xbcd5d (internal_exr_alloc_context @ internal_structs.c:245) UAF write at: 0x5c60fe2bd22c
[INCONSISTENCY mov write imm UAF] ip: main+0xbcd65 (internal_exr_alloc_context @ internal_structs.c:246) UAF write at: 0x5c60fe2bd2c0
[INCONSISTENCY mov write imm UAF] ip: main+0xbcd70 (internal_exr_alloc_context @ internal_structs.c:248) UAF write at: 0x5c60fe2bd2d0
[INCONSISTENCY mov write imm UAF] ip: main+0xbcd7b (internal_exr_alloc_context @ internal_structs.c:250) UAF write at: 0x5c60fe2bd31c
[INCONSISTENCY mov read UAF] ip: main+0xbcd86 (internal_exr_alloc_context @ internal_structs.c:252) UAF read at: 0x5c60fe2bd1d8
[INCONSISTENCY mov write reg UAF] ip: main+0xbcd89 (internal_exr_alloc_context @ internal_structs.c:252) UAF write at: 0x5c60fe2bd2e0
[INCONSISTENCY mov read UAF] ip: main+0xbcd9e (internal_exr_alloc_context @ internal_structs.c:253) UAF read at: 0x5c60fe2bd224
Store dangling pointer: 0x5c60fe2bd330 at: 0x5c60fe2bd338
[INCONSISTENCY mov write reg UAF] ip: main+0xbce8c (internal_exr_alloc_context @ internal_structs.c:266) UAF write at: 0x5c60fe2bd338
first time found dangling pointer at: 379 distance: 0
[INCONSISTENCY mov write reg UAF] ip: main+0xbce97 (internal_exr_alloc_context @ internal_structs.c:267) UAF write at: 0x5c60fe2bd224
main+0xbb305 (exr_start_read @ context.c:271) Using expired pointer: 0x5c60fe2bd160 from 0x7ffc8ecd9b30
first time found dangling pointer at: 354 distance: 40
[INCONSISTENCY mov write reg UAF] ip: main+0xbb310 (exr_start_read @ context.c:271) UAF write at: 0x5c60fe2bd188
[ALLOC] malloc(0xc) -> 0x5c60fe2bd390 subject=17 at exr_attr_string_create @ string.c:35
Store dangling pointer: 0x5c60fe2bd390 at: 0x5c60fe2bd170
[INCONSISTENCY mov write reg UAF] ip: main+0xe1be3 (exr_attr_string_create @ string.c:35) UAF write at: 0x5c60fe2bd170
first time found dangling pointer at: 436 distance: 0
[INCONSISTENCY mov write reg UAF] ip: main+0xe1bef (exr_attr_string_create @ string.c:38) UAF write at: 0x5c60fe2bd168
[INCONSISTENCY mov write reg UAF] ip: main+0xe1bf6 (exr_attr_string_create @ string.c:39) UAF write at: 0x5c60fe2bd16c
[INCONSISTENCY mov write imm UAF] ip: main+0xe1c0d (exr_attr_string_create @ string.c:137) UAF write at: 0x5c60fe2bd39b
[CORRUPTED_PTR_LOAD] ip: main+0xbb32a (exr_start_read @ context.c:277) loaded: 0x5c60f681cc60 from cell: 0x7ffc8ecd9af0 cell_owner: 14 value_owner: 13
[CORRUPTED_PTR_LOAD] ip: main+0xbb335 (exr_start_read @ context.c:284) loaded: 0x5c60f681cc40 from cell: 0x7ffc8ecd9af8 cell_owner: 14 value_owner: 13
[INCONSISTENCY mov read UAF] ip: main+0xbb33e (exr_start_read @ context.c:114) UAF read at: 0x5c60fe2bd1e8
[CORRUPTED_PTR_LOAD] ip: main+0x2ac49 (memstream_size @ ImfCheckFile.cpp:1585) loaded: 0x154 from cell: 0x7ffc8ecd9bf8 cell_owner: 13 value_owner: 12
[INCONSISTENCY mov write reg UAF] ip: main+0xbb3bf (exr_start_read @ context.c:118) UAF write at: 0x5c60fe2bd1f8
[INCONSISTENCY mov read UAF] ip: main+0xc9427 (internal_exr_parse_header @ parse_header.c:2556) UAF read at: 0x5c60fe2bd167
[INCONSISTENCY mov read UAF] ip: main+0xbafc0 (dispatch_read @ context.c:48) UAF read at: 0x5c60fe2bd200
[INCONSISTENCY mov read UAF] ip: main+0xbafcc (dispatch_read @ context.c:55) UAF read at: 0x5c60fe2bd1a8
[INCONSISTENCY mov read UAF] ip: main+0xbafd0 (dispatch_read @ context.c:51) UAF read at: 0x5c60fe2bd1e8
[CORRUPTED_PTR_LOAD] ip: main+0x2ac7e (memstream_read @ ImfCheckFile.cpp:1570) loaded: 0x154 from cell: 0x7ffc8ecd9bf8 cell_owner: 13 value_owner: 12
[STACK PIVOT] ip: main+0x2acad (memstream_read @ ImfCheckFile.cpp:1577) RSP 0x7ffc8ecd97b8 left stack [0x14,0x7ffc8ecbc000]
[ALLOC] malloc(0x1000) -> 0x5c60fe2bdfd0 subject=20 at internal_exr_parse_header @ parse_header.c:231
[INCONSISTENCY mov read UAF] ip: main+0xc9589 (internal_exr_parse_header @ parse_header.c:2573) UAF read at: 0x5c60fe2bd338
first time found dangling pointer at: 379 distance: 229
main+0xc9589 (internal_exr_parse_header @ parse_header.c:2573) Using expired pointer: 0x5c60fe2bd330 from 0x5c60fe2bd338
first time found dangling pointer at: 379 distance: 229
[INCONSISTENCY mov read UAF] ip: main+0xc9590 (internal_exr_parse_header @ parse_header.c:2573) UAF read at: 0x5c60fe2bd330
first time found dangling pointer at: 365 distance: 244
main+0xc9590 (internal_exr_parse_header @ parse_header.c:2573) Using expired pointer: 0x5c60fe2bd228 from 0x5c60fe2bd330
first time found dangling pointer at: 365 distance: 244
[INCONSISTENCY mov write reg UAF] ip: main+0xc965b (internal_exr_parse_header) UAF write at: 0x5c60fe2bd22c
[INCONSISTENCY mov write reg UAF] ip: main+0xcb5e4 (scratch_seq_read) UAF write at: 0x7ffc8ecd97a0
[UNINITIALIZED mov read] ip: main+0xcb633 (scratch_seq_read @ parse_header.c:91) co: 18 vo: -1
[INCONSISTENCY mov write imm UAF] ip: main+0xcb683 (scratch_seq_read @ parse_header.c:128) UAF write at: 0x7ffc8ecd97a8
STACKREADUSEAFTERSCOPE at: 0x7ffc8ecd97a0 ip: main+0xcb697 (scratch_seq_read @ parse_header.c:129)
[INCONSISTENCY mov write imm UAF] ip: main+0xbafaf (dispatch_read @ context.c:38) UAF write at: 0x7ffc8ecd97a8
main+0x2aca9 (memstream_read @ ImfCheckFile.cpp:1577) Read a dangling pointer 0x7ffc8ecd97a8 from 0x7ffc8ecd9748
[STACK PIVOT] ip: main+0x2acad (memstream_read @ ImfCheckFile.cpp:1577) RSP 0x7ffc8ecd9758 left stack [0x17,0x7ffc8ecbc000]
[INCONSISTENCY mov write reg UAF] ip: main+0xbafe5 (dispatch_read @ context.c:59) UAF write at: 0x7ffc8ecd97a8
STACKREADUSEAFTERSCOPE at: 0x7ffc8ecd97a8 ip: main+0xcb6ab (scratch_seq_read @ parse_header.c:136)
[INCONSISTENCY mov read UAF] ip: main+0xc96f3 (internal_exr_parse_header @ parse_header.c:1866) UAF read at: 0x5c60fe2bd162
[UNTRUSTEDPTRDEREF] ip: main+0xc99bf (internal_exr_parse_header) final_ea: 0x5c60f6ad4d9c base: 0x5c60f6ad4d9c pointee: -1 base_vo: -1
[INCONSISTENCY mov read UAF] ip: main+0xc9db2 (internal_exr_parse_header @ parse_header.c:863) UAF read at: 0x5c60fe2bd248
[INCONSISTENCY mov read UAF] ip: main+0xcb97c (extract_attr_chlist) UAF read at: 0x5c60fe2bd162
[INCONSISTENCY mov read UAF] ip: main+0xcb986 (extract_attr_chlist @ parse_header.c:270) UAF read at: 0x5c60fe2bd1f8
[INCONSISTENCY mov write reg UAF] ip: main+0xcb9d5 (extract_attr_chlist) UAF write at: 0x7ffc8ecd97a8
first time found dangling pointer at: 1944 distance: 0
[INCONSISTENCY mov write reg UAF] ip: main+0xcb9f1 (extract_attr_chlist) UAF write at: 0x7ffc8ecd97a4
[CORRUPTED_PTR_LOAD] ip: main+0xcb6ef (scratch_seq_read @ parse_header.c:152) loaded: 0x8ecd9a28ffffffff from cell: 0x7ffc8ecd9634 cell_owner: 40 value_owner: 39
[INCONSISTENCY arithmetic -> CROSSBOUNDARY] ip: main+0xcb624 (scratch_seq_read @ parse_header.c:100) add r15, r14 id before: 38 after: 0 [freed] value: 0x7ffc8ecd97a0
STACKREADUSEAFTERSCOPE at: 0x7ffc8ecd97a0 ip: main+0xcbaf0 (extract_attr_chlist @ parse_header.c:386)
STACKREADUSEAFTERSCOPE at: 0x7ffc8ecd97a8 ip: main+0xcbaf8 (extract_attr_chlist @ parse_header.c:394)
first time found dangling pointer at: 1944 distance: 387
[INCONSISTENCY mov read UAF] ip: main+0xe2bd0 (exr_attr_chlist_add_with_length) UAF read at: 0x5c60fe2bd162
[UNINITIALIZED mov read] ip: main+0xe2cc4 (exr_attr_chlist_add_with_length @ channel_list.c:143) co: 15 vo: -1
[UNINITIALIZED mov read] ip: main+0xe2ccc (exr_attr_chlist_add_with_length) co: 15 vo: -1
[ALLOC] malloc(0x2) -> 0x5c60fe2bd3b0 subject=47 at exr_attr_string_create_with_length @ string.c:35
Store dangling pointer: 0x5c60fe2bd3b0 at: 0x7ffc8ecd95e8
[INCONSISTENCY mov write imm UAF] ip: main+0xe1b28 (exr_attr_string_create_with_length @ string.c:137) UAF write at: 0x5c60fe2bd3b1
[UNINITIALIZED mov read] ip: main+0xe2da3 (exr_attr_chlist_add_with_length @ channel_list.c:168) co: 15 vo: -1
[UNINITIALIZED mov read] ip: main+0xe2dba (exr_attr_chlist_add_with_length @ channel_list.c:174) co: 15 vo: -1
[ALLOC] malloc(0x40) -> 0x5c60fe2bd3d0 subject=48 at exr_attr_chlist_add_with_length @ channel_list.c:178
Store dangling pointer: 0x5c60fe2bd3d0 at: 0x7ffc8ecd9a68
Store dangling pointer: 0x5c60fe2bd248 at: 0x7ffc8ecd97f0
main+0xe13a3 (exr_attr_list_add_static_name) Using expired pointer: 0x5c60fe2bd248 from 0x7ffc8ecd97f0
first time found dangling pointer at: 2603 distance: 21
[INCONSISTENCY mov write reg UAF] ip: main+0xe13b3 (exr_attr_list_add_static_name) UAF write at: 0x7ffc8ecd97ac
[INCONSISTENCY mov write imm UAF] ip: main+0xe08ce (validate_attr_arguments @ attributes.c:576) UAF write at: 0x5c60fe2bd248
[UNTRUSTEDPTRDEREF] ip: main+0xe0948 (validate_attr_arguments @ attributes.c:597) final_ea: 0x5c60f6a8f415 base: 0x5c60f6a8f415 pointee: -1 base_vo: -1
[INCONSISTENCY mov read UAF] ip: main+0xe095a (validate_attr_arguments @ attributes.c:443) UAF read at: 0x5c60fe2bd240
[CORRUPTED_PTR_LOAD] ip: main+0xe0a78 (validate_attr_arguments) loaded: 0x0 from cell: 0x7ffc8ecd9734 cell_owner: 51 value_owner: 50
[INCONSISTENCY mov read UAF] ip: main+0xe141f (exr_attr_list_add_static_name @ attributes.c:1021) UAF read at: 0x5c60fe2bd162
[UNTRUSTEDPTRDEREF] ip: main+0xe14cc (exr_attr_list_add_static_name @ attributes.c:1055) final_ea: 0x5c60f6b95a70 base: 0x5c60f6b95a30 pointee: -1 base_vo: -1
STACKREADUSEAFTERSCOPE at: 0x7ffc8ecd97ac ip: main+0xe14eb (exr_attr_list_add_static_name)
[INCONSISTENCY mov write reg UAF] ip: main+0xe14f0 (exr_attr_list_add_static_name @ attributes.c:685) UAF write at: 0x7ffc8ecd97a0
[ALLOC] malloc(0x30) -> 0x5c60fe2bd420 subject=52 at exr_attr_list_add_static_name @ attributes.c:696
Store dangling pointer: 0x5c60fe2bd440 at: 0x5c60fe2bd438
[INCONSISTENCY mov write reg UAF] ip: main+0xe1545 (exr_attr_list_add_static_name @ attributes.c:722) UAF write at: 0x5c60fe2bd438
first time found dangling pointer at: 2726 distance: 0
STACKREADUSEAFTERSCOPE at: 0x7ffc8ecd97a0 ip: main+0xe1554 (exr_attr_list_add_static_name)
[INCONSISTENCY mov write reg UAF] ip: main+0xe1584 (exr_attr_list_add_static_name @ attributes.c:1059) UAF write at: 0x5c60fe2bd420
[UNTRUSTEDPTRDEREF] ip: main+0xe1588 (exr_attr_list_add_static_name @ attributes.c:1060) final_ea: 0x5c60f6b95a60 base: 0x5c60f6b95a30 pointee: -1 base_vo: -1
[INCONSISTENCY mov write reg UAF] ip: main+0xe158c (exr_attr_list_add_static_name @ attributes.c:1060) UAF write at: 0x5c60fe2bd428
[UNTRUSTEDPTRDEREF] ip: main+0xe159f (exr_attr_list_add_static_name @ attributes.c:1063) final_ea: 0x5c60f6b95a6c base: 0x5c60f6b95a30 pointee: -1 base_vo: -1
[INCONSISTENCY mov write reg UAF] ip: main+0xe15a3 (exr_attr_list_add_static_name @ attributes.c:1063) UAF write at: 0x5c60fe2bd434
[INCONSISTENCY mov read UAF] ip: main+0xe0c44 (add_to_list @ attributes.c:490) UAF read at: 0x5c60fe2bd230
[INCONSISTENCY mov read UAF] ip: main+0xe0c4b (add_to_list @ attributes.c:498) UAF read at: 0x5c60fe2bd234
Store dangling pointer: 0x5c60fe2bd230 at: 0x7ffc8ecd9728
Store dangling pointer: 0x5c60fe2bd420 at: 0x7ffc8ecd9720
[ALLOC] malloc(0x20) -> 0x5c60fe2bd460 subject=54 at add_to_list @ attributes.c:502
main+0xe0cb3 (add_to_list) Using expired pointer: 0x5c60fe2bd230 from 0x7ffc8ecd9728
first time found dangling pointer at: 2762 distance: 25
[INCONSISTENCY mov write reg UAF] ip: main+0xe0cb7 (add_to_list @ attributes.c:510) UAF write at: 0x5c60fe2bd234
[INCONSISTENCY mov read UAF] ip: main+0xe0d6a (add_to_list @ attributes.c:519) UAF read at: 0x5c60fe2bd238
Store dangling pointer: 0x5c60fe2bd460 at: 0x5c60fe2bd238
[INCONSISTENCY mov write reg UAF] ip: main+0xe0d83 (add_to_list @ attributes.c:520) UAF write at: 0x5c60fe2bd238
first time found dangling pointer at: 2796 distance: 0
Store dangling pointer: 0x5c60fe2bd470 at: 0x5c60fe2bd240
[INCONSISTENCY mov write reg UAF] ip: main+0xe0d87 (add_to_list @ attributes.c:521) UAF write at: 0x5c60fe2bd240
first time found dangling pointer at: 2797 distance: 0
main+0xe0d8b (add_to_list @ attributes.c:521) Using expired pointer: 0x5c60fe2bd420 from 0x7ffc8ecd9720
first time found dangling pointer at: 2765 distance: 33
[INCONSISTENCY mov write reg UAF] ip: main+0xe0d8f (add_to_list @ attributes.c:523) UAF write at: 0x5c60fe2bd460
first time found dangling pointer at: 2799 distance: 0
[INCONSISTENCY mov write reg UAF] ip: main+0xe0d93 (add_to_list @ attributes.c:524) UAF write at: 0x5c60fe2bd470
first time found dangling pointer at: 2800 distance: 0
[INCONSISTENCY mov write reg UAF] ip: main+0xe0dea (add_to_list @ attributes.c:540) UAF write at: 0x5c60fe2bd230
[INCONSISTENCY mov read UAF] ip: main+0xe0dec (add_to_list @ attributes.c:67) UAF read at: 0x5c60fe2bd434
[UNTRUSTEDPTRDEREF] ip: main+0xe0dfe (add_to_list) final_ea: 0x5c60f6b18100 base: 0x5c60f6b180f8 pointee: -1 base_vo: -1
[INCONSISTENCY mov read UAF] ip: main+0xe0e07 (add_to_list) UAF read at: 0x5c60fe2bd438
first time found dangling pointer at: 2726 distance: 88
main+0xe0e07 (add_to_list) Using expired pointer: 0x5c60fe2bd440 from 0x5c60fe2bd438
first time found dangling pointer at: 2726 distance: 88
[INCONSISTENCY mov write reg UAF] ip: main+0xe15b7 (exr_attr_list_add_static_name @ attributes.c:1069) UAF write at: 0x5c60fe2bd248
first time found dangling pointer at: 2830 distance: 0
[INCONSISTENCY mov read UAF] ip: main+0xe0f51 (check_attr_handler @ attributes.c:631) UAF read at: 0x5c60fe2bd434
[INCONSISTENCY mov read UAF] ip: main+0xcac74 (internal_exr_parse_header @ parse_header.c:909) UAF read at: 0x5c60fe2bd248
first time found dangling pointer at: 2830 distance: 34
[INCONSISTENCY mov read UAF] ip: main+0xcac77 (internal_exr_parse_header @ parse_header.c:909) UAF read at: 0x5c60fe2bd438
first time found dangling pointer at: 2726 distance: 139
[INCONSISTENCY mov read UAF] ip: main+0xe30e1 (exr_attr_chlist_destroy @ channel_list.c:257) UAF read at: 0x5c60fe2bd440
[INCONSISTENCY mov read UAF] ip: main+0xe30e4 (exr_attr_chlist_destroy @ channel_list.c:259) UAF read at: 0x5c60fe2bd448
[INCONSISTENCY mov read UAF] ip: main+0xcac87 (internal_exr_parse_header @ parse_header.c:910) UAF read at: 0x5c60fe2bd248
first time found dangling pointer at: 2830 distance: 74
[INCONSISTENCY mov read UAF] ip: main+0xcac8d (internal_exr_parse_header @ parse_header.c:910) UAF read at: 0x5c60fe2bd438
first time found dangling pointer at: 2726 distance: 180
[INCONSISTENCY mov read UAF] ip: main+0xc9e95 (internal_exr_parse_header @ parse_header.c:927) UAF read at: 0x5c60fe2bd250
Store dangling pointer: 0x5c60fe2bd250 at: 0x7ffc8ecd97f0
main+0xe13a3 (exr_attr_list_add_static_name) Using expired pointer: 0x5c60fe2bd250 from 0x7ffc8ecd97f0
first time found dangling pointer at: 2603 distance: 2112
main+0xe095a (validate_attr_arguments @ attributes.c:443) Using expired pointer: 0x5c60fe2bd470 from 0x5c60fe2bd240
first time found dangling pointer at: 2797 distance: 1951
[INCONSISTENCY mov read UAF] ip: main+0xe0979 (validate_attr_arguments @ attributes.c:446) UAF read at: 0x5c60fe2bd230
[CORRUPTED_PTR_LOAD] ip: main+0xe0993 (validate_attr_arguments) loaded: 0x1 from cell: 0x7ffc8ecd9718 cell_owner: 53 value_owner: 82
[CORRUPTED_PTR_LOAD] ip: main+0xe099a (validate_attr_arguments) loaded: 0x5c60fe2bd470 from cell: 0x7ffc8ecd9710 cell_owner: 53 value_owner: 82
[INCONSISTENCY mov read UAF] ip: main+0xe09b8 (validate_attr_arguments @ attributes.c:454) UAF read at: 0x5c60fe2bd470
first time found dangling pointer at: 2800 distance: 1970
[INCONSISTENCY mov read UAF] ip: main+0xe09bc (validate_attr_arguments @ attributes.c:454) UAF read at: 0x5c60fe2bd420
[CORRUPTED_PTR_LOAD] ip: main+0xe09e2 (validate_attr_arguments) loaded: 0x5c60f6a8f428 from cell: 0x7ffc8ecd9728 cell_owner: 55 value_owner: 82
[CORRUPTED_PTR_LOAD] ip: main+0xe09ee (validate_attr_arguments) loaded: 0x5c60fe2bd470 from cell: 0x7ffc8ecd9710 cell_owner: 53 value_owner: 82
[CORRUPTED_PTR_LOAD] ip: main+0xe09f2 (validate_attr_arguments) loaded: 0x1 from cell: 0x7ffc8ecd9718 cell_owner: 53 value_owner: 82
[ALLOC] malloc(0x20) -> 0x5c60fe2bd490 subject=84 at exr_attr_list_add_static_name @ attributes.c:696
[INCONSISTENCY mov read UAF] ip: main+0xe0c60 (add_to_list) UAF read at: 0x5c60fe2bd238
first time found dangling pointer at: 2796 distance: 2100
main+0xe0c60 (add_to_list) Using expired pointer: 0x5c60fe2bd460 from 0x5c60fe2bd238
first time found dangling pointer at: 2796 distance: 2100
[INCONSISTENCY mov read UAF] ip: main+0xe0c64 (add_to_list) UAF read at: 0x5c60fe2bd240
first time found dangling pointer at: 2797 distance: 2100
Store dangling pointer: 0x5c60fe2bd490 at: 0x5c60fe2bd468
[INCONSISTENCY mov write reg UAF] ip: main+0xe0c68 (add_to_list @ attributes.c:523) UAF write at: 0x5c60fe2bd468
first time found dangling pointer at: 4898 distance: 0
[INCONSISTENCY mov write reg UAF] ip: main+0xe0c6c (add_to_list @ attributes.c:524) UAF write at: 0x5c60fe2bd478
first time found dangling pointer at: 4899 distance: 0
[INCONSISTENCY mov read UAF] ip: main+0xe0db4 (add_to_list @ attributes.c:531) UAF read at: 0x5c60fe2bd470
first time found dangling pointer at: 2800 distance: 2107
[INCONSISTENCY mov read UAF] ip: main+0xe0db9 (add_to_list @ attributes.c:533) UAF read at: 0x5c60fe2bd490
[INCONSISTENCY mov read UAF] ip: main+0xe0dbc (add_to_list @ attributes.c:533) UAF read at: 0x5c60fe2bd420
[INCONSISTENCY mov write imm UAF] ip: main+0xe0e1c (add_to_list @ attributes.c:91) UAF write at: 0x5c60fe2bd4a8
[INCONSISTENCY mov read UAF] ip: main+0xcb204 (internal_exr_parse_header @ parse_header.c:973) UAF read at: 0x5c60fe2bd250
first time found dangling pointer at: 4940 distance: 36
main+0xcb204 (internal_exr_parse_header @ parse_header.c:973) Using expired pointer: 0x5c60fe2bd490 from 0x5c60fe2bd250
first time found dangling pointer at: 4940 distance: 36
[INCONSISTENCY mov write reg UAF] ip: main+0xcb20b (internal_exr_parse_header @ parse_header.c:974) UAF write at: 0x5c60fe2bd2d8
[INCONSISTENCY arithmetic -> CROSSBOUNDARY] ip: main+0xcb60a (scratch_seq_read @ parse_header.c:96) call qword ptr [rbp-0x68] id before: 15 after: 20 value: 0x5c60fe2be022
[INCONSISTENCY mov read UAF] ip: main+0xc9deb (internal_exr_parse_header @ parse_header.c:991) UAF read at: 0x5c60fe2bd258
Store dangling pointer: 0x5c60fe2bd258 at: 0x7ffc8ecd97f0
main+0xe13a3 (exr_attr_list_add_static_name) Using expired pointer: 0x5c60fe2bd258 from 0x7ffc8ecd97f0
first time found dangling pointer at: 2603 distance: 3442
[ALLOC] malloc(0x30) -> 0x5c60fe2bd4c0 subject=103 at exr_attr_list_add_static_name @ attributes.c:696
Store dangling pointer: 0x5c60fe2bd4e0 at: 0x5c60fe2bd4d8
Store dangling pointer: 0x5c60fe2bd4c0 at: 0x7ffc8ecd9720
[ALLOC] malloc(0x40) -> 0x5c60fe2bd500 subject=105 at add_to_list @ attributes.c:502
[INCONSISTENCY mov read UAF] ip: main+0xe0d10 (add_to_list @ attributes.c:515) UAF read at: 0x5c60fe2bd238
first time found dangling pointer at: 2796 distance: 3467
[INCONSISTENCY mov read UAF] ip: main+0xe0d14 (add_to_list @ attributes.c:515) UAF read at: 0x5c60fe2bd460
first time found dangling pointer at: 2799 distance: 3465
[INCONSISTENCY mov write reg UAF] ip: main+0xe0d18 (add_to_list @ attributes.c:515) UAF write at: 0x5c60fe2bd500
first time found dangling pointer at: 6265 distance: 0
[INCONSISTENCY mov read UAF] ip: main+0xe0d1c (add_to_list @ attributes.c:516) UAF read at: 0x5c60fe2bd240
first time found dangling pointer at: 2797 distance: 3469
[INCONSISTENCY mov read UAF] ip: main+0xe0d20 (add_to_list @ attributes.c:516) UAF read at: 0x5c60fe2bd470
first time found dangling pointer at: 2800 distance: 3467
[INCONSISTENCY mov write reg UAF] ip: main+0xe0d24 (add_to_list @ attributes.c:516) UAF write at: 0x5c60fe2bd520
first time found dangling pointer at: 6268 distance: 0
[INCONSISTENCY mov read UAF] ip: main+0xe0d29 (add_to_list @ attributes.c:515) UAF read at: 0x5c60fe2bd238
first time found dangling pointer at: 2796 distance: 3473
[INCONSISTENCY mov read UAF] ip: main+0xe0d2d (add_to_list @ attributes.c:515) UAF read at: 0x5c60fe2bd468
first time found dangling pointer at: 4898 distance: 1372
[INCONSISTENCY mov write reg UAF] ip: main+0xe0d32 (add_to_list @ attributes.c:515) UAF write at: 0x5c60fe2bd508
first time found dangling pointer at: 6271 distance: 0
[INCONSISTENCY mov read UAF] ip: main+0xe0d37 (add_to_list @ attributes.c:516) UAF read at: 0x5c60fe2bd240
first time found dangling pointer at: 2797 distance: 3475
[INCONSISTENCY mov read UAF] ip: main+0xe0d3b (add_to_list @ attributes.c:516) UAF read at: 0x5c60fe2bd478
first time found dangling pointer at: 4899 distance: 1374
[INCONSISTENCY mov write reg UAF] ip: main+0xe0d40 (add_to_list @ attributes.c:516) UAF write at: 0x5c60fe2bd528
first time found dangling pointer at: 6274 distance: 0
[FREE] free(0x5c60fe2bd460) subject=54 at add_to_list @ attributes.c:519
Store dangling pointer: 0x5c60fe2bd500 at: 0x5c60fe2bd238
Store dangling pointer: 0x5c60fe2bd520 at: 0x5c60fe2bd240
main+0xe0d8b (add_to_list @ attributes.c:521) Using expired pointer: 0x5c60fe2bd4c0 from 0x7ffc8ecd9720
first time found dangling pointer at: 2765 distance: 3534
main+0xe0e07 (add_to_list) Using expired pointer: 0x5c60fe2bd4e0 from 0x5c60fe2bd4d8
first time found dangling pointer at: 6188 distance: 141
[INCONSISTENCY mov read UAF] ip: main+0xcabdb (internal_exr_parse_header @ parse_header.c:1031) UAF read at: 0x5c60fe2bd258
first time found dangling pointer at: 6345 distance: 35
[INCONSISTENCY mov read UAF] ip: main+0xcabdf (internal_exr_parse_header @ parse_header.c:1031) UAF read at: 0x5c60fe2bd4d8
first time found dangling pointer at: 6188 distance: 193
[INCONSISTENCY mov read UAF] ip: main+0xc9ac8 (internal_exr_parse_header @ parse_header.c:1049) UAF read at: 0x5c60fe2bd260
Store dangling pointer: 0x5c60fe2bd260 at: 0x7ffc8ecd97f0
main+0xe13a3 (exr_attr_list_add_static_name) Using expired pointer: 0x5c60fe2bd260 from 0x7ffc8ecd97f0
first time found dangling pointer at: 2603 distance: 4165
main+0xe095a (validate_attr_arguments @ attributes.c:443) Using expired pointer: 0x5c60fe2bd520 from 0x5c60fe2bd240
first time found dangling pointer at: 2797 distance: 4004
[ALLOC] malloc(0x30) -> 0x5c60fe2bd550 subject=109 at exr_attr_list_add_static_name @ attributes.c:696
Store dangling pointer: 0x5c60fe2bd570 at: 0x5c60fe2bd568
main+0xe0c60 (add_to_list) Using expired pointer: 0x5c60fe2bd500 from 0x5c60fe2bd238
first time found dangling pointer at: 2796 distance: 4176
Store dangling pointer: 0x5c60fe2bd550 at: 0x5c60fe2bd518
main+0xe0e07 (add_to_list) Using expired pointer: 0x5c60fe2bd570 from 0x5c60fe2bd568
first time found dangling pointer at: 6932 distance: 71
[INCONSISTENCY mov read UAF] ip: main+0xcb1c9 (internal_exr_parse_header @ parse_header.c:1089) UAF read at: 0x5c60fe2bd260
first time found dangling pointer at: 7019 distance: 35
main+0xcb1c9 (internal_exr_parse_header @ parse_header.c:1089) Using expired pointer: 0x5c60fe2bd550 from 0x5c60fe2bd260
first time found dangling pointer at: 7019 distance: 35
[INCONSISTENCY mov read UAF] ip: main+0xcb1cd (internal_exr_parse_header @ parse_header.c:1089) UAF read at: 0x5c60fe2bd568
first time found dangling pointer at: 6932 distance: 123
[INCONSISTENCY mov read UAF] ip: main+0xc9b27 (internal_exr_parse_header @ parse_header.c:1107) UAF read at: 0x5c60fe2bd268
Store dangling pointer: 0x5c60fe2bd268 at: 0x7ffc8ecd97f0
main+0xe13a3 (exr_attr_list_add_static_name) Using expired pointer: 0x5c60fe2bd268 from 0x7ffc8ecd97f0
first time found dangling pointer at: 2603 distance: 4825
[ALLOC] malloc(0x20) -> 0x5c60fe2bd460 subject=114 at exr_attr_list_add_static_name @ attributes.c:696
[INCONSISTENCY arithmetic -> CROSSBOUNDARY] ip: main+0xe153b (exr_attr_list_add_static_name @ attributes.c:702) add rax, 0x20 id before: 114 after: 0 [freed] value: 0x5c60fe2bd480
[ALLOC] malloc(0x80) -> 0x5c60fe2bd590 subject=116 at add_to_list @ attributes.c:502
[FREE] free(0x5c60fe2bd500) subject=105 at add_to_list @ attributes.c:519
Store dangling pointer: 0x5c60fe2bd590 at: 0x5c60fe2bd238
Store dangling pointer: 0x5c60fe2bd5d0 at: 0x5c60fe2bd240
[INCONSISTENCY mov read UAF] ip: main+0xcac62 (internal_exr_parse_header @ parse_header.c:1153) UAF read at: 0x5c60fe2bd268
[INCONSISTENCY mov write reg UAF] ip: main+0xcac69 (internal_exr_parse_header @ parse_header.c:1154) UAF write at: 0x5c60fe2bd2dc
[INCONSISTENCY mov read UAF] ip: main+0xc9c01 (internal_exr_parse_header @ parse_header.c:1175) UAF read at: 0x5c60fe2bd270
Store dangling pointer: 0x5c60fe2bd270 at: 0x7ffc8ecd97f0
main+0xe13a3 (exr_attr_list_add_static_name) Using expired pointer: 0x5c60fe2bd270 from 0x7ffc8ecd97f0
first time found dangling pointer at: 2603 distance: 5585
main+0xe095a (validate_attr_arguments @ attributes.c:443) Using expired pointer: 0x5c60fe2bd5d0 from 0x5c60fe2bd240
first time found dangling pointer at: 2797 distance: 5424
[ALLOC] malloc(0x20) -> 0x5c60fe2bd620 subject=120 at exr_attr_list_add_static_name @ attributes.c:696
main+0xe0c60 (add_to_list) Using expired pointer: 0x5c60fe2bd590 from 0x5c60fe2bd238
first time found dangling pointer at: 2796 distance: 5594
Store dangling pointer: 0x5c60fe2bd620 at: 0x5c60fe2bd5b8
[INCONSISTENCY mov write imm UAF] ip: main+0xe0e25 (add_to_list) UAF write at: 0x5c60fe2bd638
[INCONSISTENCY mov read UAF] ip: main+0xcb1ef (internal_exr_parse_header) UAF read at: 0x5c60fe2bd270
first time found dangling pointer at: 8434 distance: 35
main+0xcb1ef (internal_exr_parse_header) Using expired pointer: 0x5c60fe2bd620 from 0x5c60fe2bd270
first time found dangling pointer at: 8434 distance: 35
[INCONSISTENCY mov read UAF] ip: main+0xc9e22 (internal_exr_parse_header @ parse_header.c:1250) UAF read at: 0x5c60fe2bd278
Store dangling pointer: 0x5c60fe2bd278 at: 0x7ffc8ecd97f0
main+0xe13a3 (exr_attr_list_add_static_name) Using expired pointer: 0x5c60fe2bd278 from 0x7ffc8ecd97f0
first time found dangling pointer at: 2603 distance: 6035
[ALLOC] malloc(0x28) -> 0x5c60fe2bd650 subject=125 at exr_attr_list_add_static_name @ attributes.c:696
Store dangling pointer: 0x5c60fe2bd670 at: 0x5c60fe2bd668
Store dangling pointer: 0x5c60fe2bd650 at: 0x5c60fe2bd5c0
[INCONSISTENCY mov read UAF] ip: main+0xe0e13 (add_to_list) UAF read at: 0x5c60fe2bd668
first time found dangling pointer at: 8802 distance: 71
main+0xe0e13 (add_to_list) Using expired pointer: 0x5c60fe2bd670 from 0x5c60fe2bd668
first time found dangling pointer at: 8802 distance: 71
[INCONSISTENCY mov write imm UAF] ip: main+0xe0f09 (add_to_list) UAF write at: 0x5c60fe2bd670
[INCONSISTENCY mov read UAF] ip: main+0xcb240 (internal_exr_parse_header @ parse_header.c:1309) UAF read at: 0x5c60fe2bd278
first time found dangling pointer at: 8887 distance: 34
main+0xcb240 (internal_exr_parse_header @ parse_header.c:1309) Using expired pointer: 0x5c60fe2bd650 from 0x5c60fe2bd278
first time found dangling pointer at: 8887 distance: 34
[INCONSISTENCY mov read UAF] ip: main+0xcb243 (internal_exr_parse_header @ parse_header.c:1309) UAF read at: 0x5c60fe2bd668
first time found dangling pointer at: 8802 distance: 120
[INCONSISTENCY mov write reg UAF] ip: main+0xcb289 (internal_exr_parse_header) UAF write at: 0x5c60fe2bd670
[INCONSISTENCY mov read UAF] ip: main+0xc9ca1 (internal_exr_parse_header @ parse_header.c:1330) UAF read at: 0x5c60fe2bd280
Store dangling pointer: 0x5c60fe2bd280 at: 0x7ffc8ecd97f0
main+0xe13a3 (exr_attr_list_add_static_name) Using expired pointer: 0x5c60fe2bd280 from 0x7ffc8ecd97f0
first time found dangling pointer at: 2603 distance: 6515
[ALLOC] malloc(0x20) -> 0x5c60fe2bd680 subject=130 at exr_attr_list_add_static_name @ attributes.c:696
Store dangling pointer: 0x5c60fe2bd680 at: 0x5c60fe2bd5c8
main+0xcb1ef (internal_exr_parse_header) Using expired pointer: 0x5c60fe2bd680 from 0x5c60fe2bd280
first time found dangling pointer at: 9385 distance: 35
[INCONSISTENCY mov read UAF] ip: main+0xd6b42 (internal_exr_validate_read_part @ validation.c:587) UAF read at: 0x5c60fe2bd166
[INCONSISTENCY mov read UAF] ip: main+0xd6c51 (validate_req_attr @ validation.c:21) UAF read at: 0x5c60fe2bd248
first time found dangling pointer at: 2830 distance: 6634
[INCONSISTENCY mov read UAF] ip: main+0xd6c5e (validate_req_attr @ validation.c:24) UAF read at: 0x5c60fe2bd250
first time found dangling pointer at: 4940 distance: 4528
[INCONSISTENCY mov read UAF] ip: main+0xd6c6c (validate_req_attr @ validation.c:49) UAF read at: 0x5c60fe2bd258
first time found dangling pointer at: 6345 distance: 3126
[INCONSISTENCY mov read UAF] ip: main+0xd6c77 (validate_req_attr @ validation.c:77) UAF read at: 0x5c60fe2bd260
first time found dangling pointer at: 7019 distance: 2454
[INCONSISTENCY mov read UAF] ip: main+0xd6c82 (validate_req_attr @ validation.c:103) UAF read at: 0x5c60fe2bd268
[INCONSISTENCY mov read UAF] ip: main+0xd6c8d (validate_req_attr @ validation.c:126) UAF read at: 0x5c60fe2bd270
first time found dangling pointer at: 8434 distance: 1043
[INCONSISTENCY mov read UAF] ip: main+0xd6c98 (validate_req_attr @ validation.c:150) UAF read at: 0x5c60fe2bd278
first time found dangling pointer at: 8887 distance: 592
[INCONSISTENCY mov read UAF] ip: main+0xd6ca3 (validate_req_attr @ validation.c:175) UAF read at: 0x5c60fe2bd280
first time found dangling pointer at: 9385 distance: 96
[INCONSISTENCY mov read UAF] ip: main+0xd6cb1 (validate_req_attr @ validation.c:199) UAF read at: 0x5c60fe2bd165
[INCONSISTENCY mov read UAF] ip: main+0xd6f64 (validate_req_attr @ validation.c:199) UAF read at: 0x5c60fe2bd164
[INCONSISTENCY mov read UAF] ip: main+0xd7056 (validate_image_dimensions @ validation.c:235) UAF read at: 0x5c60fe2bd2c8
[INCONSISTENCY mov read UAF] ip: main+0xd705c (validate_image_dimensions @ validation.c:235) UAF read at: 0x5c60fe2bd2cc
[INCONSISTENCY mov read UAF] ip: main+0xd7063 (validate_image_dimensions @ validation.c:235) UAF read at: 0x5c60fe2bd2d0
[INCONSISTENCY mov read UAF] ip: main+0xd706a (validate_image_dimensions @ validation.c:235) UAF read at: 0x5c60fe2bd2d4
[INCONSISTENCY mov read UAF] ip: main+0xd70b6 (validate_image_dimensions) UAF read at: 0x5c60fe2bd2b8
[INCONSISTENCY mov read UAF] ip: main+0xd70bd (validate_image_dimensions) UAF read at: 0x5c60fe2bd2bc
[INCONSISTENCY mov read UAF] ip: main+0xd70c4 (validate_image_dimensions) UAF read at: 0x5c60fe2bd2c0
[INCONSISTENCY mov read UAF] ip: main+0xd70cb (validate_image_dimensions) UAF read at: 0x5c60fe2bd2c4
[INCONSISTENCY mov read UAF] ip: main+0xd7113 (validate_image_dimensions) UAF read at: 0x5c60fe2bd1c8
[INCONSISTENCY mov read UAF] ip: main+0xd7117 (validate_image_dimensions) UAF read at: 0x5c60fe2bd1cc
[INCONSISTENCY mov read UAF] ip: main+0xd711b (validate_image_dimensions) UAF read at: 0x5c60fe2bd270
first time found dangling pointer at: 8434 distance: 1106
[INCONSISTENCY mov read UAF] ip: main+0xd711f (validate_image_dimensions) UAF read at: 0x5c60fe2bd280
first time found dangling pointer at: 9385 distance: 156
[INCONSISTENCY mov read UAF] ip: main+0xd6b65 (internal_exr_validate_read_part @ validation.c:593) UAF read at: 0x5c60fe2bd248
first time found dangling pointer at: 2830 distance: 6745
[INCONSISTENCY mov read UAF] ip: main+0xd6b69 (internal_exr_validate_read_part @ validation.c:593) UAF read at: 0x5c60fe2bd438
first time found dangling pointer at: 2726 distance: 6850
[INCONSISTENCY mov read UAF] ip: main+0xd7262 (validate_channels @ validation.c:336) UAF read at: 0x5c60fe2bd258
first time found dangling pointer at: 6345 distance: 3242
[INCONSISTENCY mov read UAF] ip: main+0xd726d (validate_channels @ validation.c:342) UAF read at: 0x5c60fe2bd440
[INCONSISTENCY mov read UAF] ip: main+0xd7279 (validate_channels @ validation.c:346) UAF read at: 0x5c60fe2bd2b8
[INCONSISTENCY mov read UAF] ip: main+0xd7280 (validate_channels @ validation.c:346) UAF read at: 0x5c60fe2bd2bc
[INCONSISTENCY mov read UAF] ip: main+0xd7287 (validate_channels @ validation.c:346) UAF read at: 0x5c60fe2bd2c0
[INCONSISTENCY mov read UAF] ip: main+0xd728e (validate_channels @ validation.c:346) UAF read at: 0x5c60fe2bd2c4
[INCONSISTENCY mov read UAF] ip: main+0xd72a3 (validate_channels) UAF read at: 0x5c60fe2bd448
[INCONSISTENCY mov read UAF] ip: main+0xd72b0 (validate_channels @ validation.c:352) UAF read at: 0x5c60fe2bd3e8
[INCONSISTENCY mov read UAF] ip: main+0xd72bc (validate_channels) UAF read at: 0x5c60fe2bd3ec
[INCONSISTENCY mov read UAF] ip: main+0xd6b7e (internal_exr_validate_read_part @ validation.c:415) UAF read at: 0x5c60fe2bd298
[INCONSISTENCY mov read UAF] ip: main+0xd7474 (validate_tile_data @ validation.c:457) UAF read at: 0x5c60fe2bd22c
[INCONSISTENCY mov read UAF] ip: main+0xd75e4 (validate_deep_data @ validation.c:545) UAF read at: 0x5c60fe2bd22c
[INCONSISTENCY mov read UAF] ip: main+0xc978b (internal_exr_parse_header @ parse_header.c:2641) UAF read at: 0x5c60fe2bd165
[INCONSISTENCY mov read UAF] ip: main+0xcb45e (update_chunk_offsets @ parse_header.c:2411) UAF read at: 0x5c60fe2bd338
first time found dangling pointer at: 379 distance: 9320
[INCONSISTENCY mov read UAF] ip: main+0xcb474 (update_chunk_offsets @ parse_header.c:2413) UAF read at: 0x5c60fe2bd330
first time found dangling pointer at: 365 distance: 9339
[INCONSISTENCY mov write reg UAF] ip: main+0xcb477 (update_chunk_offsets @ parse_header.c:2413) UAF write at: 0x5c60fe2bd320
[INCONSISTENCY mov read UAF] ip: main+0xcb47f (update_chunk_offsets @ parse_header.c:2417) UAF read at: 0x5c60fe2bd224
[INCONSISTENCY mov read UAF] ip: main+0xc8a01 (internal_exr_compute_tile_information @ parse_header.c:2156) UAF read at: 0x5c60fe2bd22c
[INCONSISTENCY mov read UAF] ip: main+0xc8eed (internal_exr_compute_chunk_offset_size @ parse_header.c:2287) UAF read at: 0x5c60fe2bd248
first time found dangling pointer at: 2830 distance: 6915
[INCONSISTENCY mov read UAF] ip: main+0xc8ef1 (internal_exr_compute_chunk_offset_size @ parse_header.c:2294) UAF read at: 0x5c60fe2bd288
[INCONSISTENCY mov read UAF] ip: main+0xc8ef5 (internal_exr_compute_chunk_offset_size @ parse_header.c:2287) UAF read at: 0x5c60fe2bd438
first time found dangling pointer at: 2726 distance: 7021
[INCONSISTENCY mov read UAF] ip: main+0xc8f50 (internal_exr_compute_chunk_offset_size @ parse_header.c:2353) UAF read at: 0x5c60fe2bd2d8
[UNTRUSTEDPTRDEREF] ip: main+0xc8f6f (internal_exr_compute_chunk_offset_size) final_ea: 0x5c60f6ad4d84 base: 0x5c60f6ad4d74 pointee: -1 base_vo: -1
[INCONSISTENCY mov read UAF] ip: main+0xc919b (internal_exr_compute_chunk_offset_size) UAF read at: 0x5c60fe2bd2bc
[INCONSISTENCY mov read UAF] ip: main+0xc91a6 (internal_exr_compute_chunk_offset_size) UAF read at: 0x5c60fe2bd2c4
[INCONSISTENCY mov read UAF] ip: main+0xc91b1 (internal_exr_compute_chunk_offset_size) UAF read at: 0x5c60fe2bd440
[INCONSISTENCY mov read UAF] ip: main+0xc91c1 (internal_exr_compute_chunk_offset_size) UAF read at: 0x5c60fe2bd2b8
[INCONSISTENCY mov read UAF] ip: main+0xc91c8 (internal_exr_compute_chunk_offset_size) UAF read at: 0x5c60fe2bd2c0
[INCONSISTENCY mov read UAF] ip: main+0xc91d6 (internal_exr_compute_chunk_offset_size) UAF read at: 0x5c60fe2bd448
first time found dangling pointer at: 9600 distance: 174
main+0xc91d6 (internal_exr_compute_chunk_offset_size) Using expired pointer: 0x5c60fe2bd3d0 from 0x5c60fe2bd448
first time found dangling pointer at: 9600 distance: 174
[INCONSISTENCY mov read UAF] ip: main+0xc92ce (internal_exr_compute_chunk_offset_size @ parse_header.c:2373) UAF read at: 0x5c60fe2bd3e8
[INCONSISTENCY mov read UAF] ip: main+0xc92d6 (internal_exr_compute_chunk_offset_size @ parse_header.c:2376) UAF read at: 0x5c60fe2bd3e0
[INCONSISTENCY mov read UAF] ip: main+0xc92dc (internal_exr_compute_chunk_offset_size @ parse_header.c:2374) UAF read at: 0x5c60fe2bd3ec
[INCONSISTENCY mov read UAF] ip: main+0xc925f (internal_exr_compute_chunk_offset_size) UAF read at: 0x7ffc8ecd9770
first time found dangling pointer at: 9768 distance: 38
[INCONSISTENCY mov write reg UAF] ip: main+0xc9263 (internal_exr_compute_chunk_offset_size @ parse_header.c:2390) UAF write at: 0x5c60fe2bd310
[INCONSISTENCY mov read UAF] ip: main+0xc927a (internal_exr_compute_chunk_offset_size @ parse_header.c:2392) UAF read at: 0x7ffc8ecd9760
[INCONSISTENCY mov read UAF] ip: main+0xcb4c3 (update_chunk_offsets @ parse_header.c:2436) UAF read at: 0x5c60fe2bd31c
[INCONSISTENCY mov write reg UAF] ip: main+0xcb502 (update_chunk_offsets) UAF write at: 0x5c60fe2bd31c
[INCONSISTENCY mov read UAF] ip: main+0xcb529 (update_chunk_offsets @ parse_header.c:2417) UAF read at: 0x5c60fe2bd224
[FREE] free(0x5c60fe2bdfd0) subject=20 at internal_exr_parse_header
[INCONSISTENCY mov write reg UAF] ip: main+0xbc82d (internal_exr_context_restore_handlers @ internal_structs.c:320) UAF write at: 0x5c60fe2bd198
[INCONSISTENCY mov write reg UAF] ip: main+0xbc838 (internal_exr_context_restore_handlers @ internal_structs.c:321) UAF write at: 0x5c60fe2bd1a0
[INCONSISTENCY mov write reg UAF] ip: main+0xbc843 (internal_exr_context_restore_handlers @ internal_structs.c:322) UAF write at: 0x5c60fe2bd1a8
[CORRUPTED_PTR_LOAD] ip: main+0x30caa (_ZN7Imf_3_216checkOpenEXRFileEPKcmbbb @ ImfCheckFile.cpp:1609) loaded: 0x725ccf613401 from cell: 0x7ffc8ecd9bb8 cell_owner: 13 value_owner: 12
[INCONSISTENCY mov read UAF] ip: main+0xbd0e6 (exr_get_count @ part.c:20) UAF read at: 0x5c60fe2bd160
[INCONSISTENCY mov read UAF] ip: main+0xbd128 (exr_get_count @ part.c:21) UAF read at: 0x5c60fe2bd224
[CORRUPTED_PTR_LOAD] ip: main+0x2d08f (checkCoreFile @ ImfCheckFile.cpp:1483) loaded: 0x1 from cell: 0x7ffc8ecd9b18 cell_owner: 134 value_owner: 14
[INCONSISTENCY mov read UAF] ip: main+0xbd16c (exr_get_storage @ part.c:36) UAF read at: 0x5c60fe2bd160
[INCONSISTENCY mov read UAF] ip: main+0xbd182 (exr_get_storage @ part.c:36) UAF read at: 0x5c60fe2bd224
[INCONSISTENCY mov read UAF] ip: main+0xbd18b (exr_get_storage @ part.c:36) UAF read at: 0x5c60fe2bd338
first time found dangling pointer at: 379 distance: 9594
[INCONSISTENCY mov read UAF] ip: main+0xbd195 (exr_get_storage @ part.c:36) UAF read at: 0x5c60fe2bd330
first time found dangling pointer at: 365 distance: 9610
[INCONSISTENCY mov read UAF] ip: main+0xbd199 (exr_get_storage @ part.c:37) UAF read at: 0x5c60fe2bd22c
[INCONSISTENCY mov read UAF] ip: main+0xbd19d (exr_get_storage @ part.c:38) UAF read at: 0x5c60fe2bd160
[INTRA_OBJECT_OVERFLOW] ip: main+0x2c620 (_ZN7Imf_3_212_GLOBAL__N_120readCoreScanlinePartEP19_priv_exr_context_tibb @ ImfCheckFile.cpp:1208) byte write at: 0x7ffc8ecd9866 offset: +0x26 cell_owner: 135 writer_pointee: 14
[INTRA_OBJECT_OVERFLOW] ip: main+0x2c62d (_ZN7Imf_3_212_GLOBAL__N_120readCoreScanlinePartEP19_priv_exr_context_tibb @ ImfCheckFile.cpp:1208) byte write at: 0x7ffc8ecd9867 offset: +0x27 cell_owner: 135 writer_pointee: 14
[INCONSISTENCY mov read UAF] ip: main+0xc043c (exr_get_data_window @ part_attr.c:715) UAF read at: 0x5c60fe2bd160
[INCONSISTENCY mov read UAF] ip: main+0xc0452 (exr_get_data_window @ part_attr.c:715) UAF read at: 0x5c60fe2bd224
[INCONSISTENCY mov read UAF] ip: main+0xc0464 (exr_get_data_window @ part_attr.c:715) UAF read at: 0x5c60fe2bd338
first time found dangling pointer at: 379 distance: 9658
[INCONSISTENCY mov read UAF] ip: main+0xc046e (exr_get_data_window @ part_attr.c:715) UAF read at: 0x5c60fe2bd330
first time found dangling pointer at: 365 distance: 9674
[INCONSISTENCY mov read UAF] ip: main+0xc0472 (exr_get_data_window @ part_attr.c:715) UAF read at: 0x5c60fe2bd258
first time found dangling pointer at: 6345 distance: 3695
[INCONSISTENCY mov read UAF] ip: main+0xc047f (exr_get_data_window @ part_attr.c:715) UAF read at: 0x5c60fe2bd4d4
[INCONSISTENCY mov read UAF] ip: main+0xc0489 (exr_get_data_window @ part_attr.c:715) UAF read at: 0x5c60fe2bd4d8
first time found dangling pointer at: 6188 distance: 3857
[INCONSISTENCY mov read UAF] ip: main+0xc0526 (exr_get_data_window) UAF read at: 0x5c60fe2bd160
[INCONSISTENCY mov read] ip: main+0x2c658 (_ZN7Imf_3_212_GLOBAL__N_120readCoreScanlinePartEP19_priv_exr_context_tibb @ ImfCheckFile.cpp:1215) base: 0x7ffc8ecd9b00 pointee: 14 read from 135
[INCONSISTENCY mov read] ip: main+0x2c683 (_ZN7Imf_3_212_GLOBAL__N_120readCoreScanlinePartEP19_priv_exr_context_tibb @ ImfCheckFile.cpp:1215) base: 0x7ffc8ecd9b00 pointee: 14 read from 135
[INCONSISTENCY mov read] ip: main+0x2c692 (_ZN7Imf_3_212_GLOBAL__N_120readCoreScanlinePartEP19_priv_exr_context_tibb @ ImfCheckFile.cpp:1217) base: 0x7ffc8ecd9b00 pointee: 14 read from 135
[INCONSISTENCY mov read] ip: main+0x2c6a0 (_ZN7Imf_3_212_GLOBAL__N_120readCoreScanlinePartEP19_priv_exr_context_tibb @ ImfCheckFile.cpp:1217) base: 0x7ffc8ecd9b00 pointee: 14 read from 135
[INCONSISTENCY mov read UAF] ip: main+0xbdc2c (exr_get_scanlines_per_chunk @ part.c:365) UAF read at: 0x5c60fe2bd160
[INCONSISTENCY mov read UAF] ip: main+0xbdc42 (exr_get_scanlines_per_chunk @ part.c:365) UAF read at: 0x5c60fe2bd224
[INCONSISTENCY mov read UAF] ip: main+0xbdc50 (exr_get_scanlines_per_chunk) UAF read at: 0x5c60fe2bd338
first time found dangling pointer at: 379 distance: 9717
[INCONSISTENCY mov read UAF] ip: main+0xbdc5a (exr_get_scanlines_per_chunk) UAF read at: 0x5c60fe2bd330
first time found dangling pointer at: 365 distance: 9733
[INCONSISTENCY mov read UAF] ip: main+0xbdc5e (exr_get_scanlines_per_chunk @ part.c:370) UAF read at: 0x5c60fe2bd22c
[INCONSISTENCY mov read UAF] ip: main+0xbdc67 (exr_get_scanlines_per_chunk @ part.c:373) UAF read at: 0x5c60fe2bd318
[INCONSISTENCY mov read UAF] ip: main+0xbdc74 (exr_get_scanlines_per_chunk) UAF read at: 0x5c60fe2bd160
[INCONSISTENCY mov read] ip: main+0x2c6d5 (_ZN7Imf_3_212_GLOBAL__N_120readCoreScanlinePartEP19_priv_exr_context_tibb @ ImfCheckFile.cpp:1215) base: 0x7ffc8ecd9b00 pointee: 14 read from 135
[CORRUPTED_PTR_LOAD] ip: main+0x2c6d5 (_ZN7Imf_3_212_GLOBAL__N_120readCoreScanlinePartEP19_priv_exr_context_tibb @ ImfCheckFile.cpp:1215) loaded: 0x725c00000000 from cell: 0x7ffc8ecd9868 cell_owner: 135 value_owner: 14
[INCONSISTENCY mov read] ip: main+0x2c710 (_ZN7Imf_3_212_GLOBAL__N_120readCoreScanlinePartEP19_priv_exr_context_tibb @ ImfCheckFile.cpp:1230) base: 0x7ffc8ecd9b00 pointee: 14 read from 135
[CORRUPTED_PTR_LOAD] ip: main+0x2c710 (_ZN7Imf_3_212_GLOBAL__N_120readCoreScanlinePartEP19_priv_exr_context_tibb @ ImfCheckFile.cpp:1230) loaded: 0x0 from cell: 0x7ffc8ecd9868 cell_owner: 135 value_owner: 14
[INCONSISTENCY mov read UAF] ip: main+0xcd439 (exr_read_scanline_chunk_info @ chunk.c:711) UAF read at: 0x5c60fe2bd160
[INCONSISTENCY mov read UAF] ip: main+0xcd477 (exr_read_scanline_chunk_info @ chunk.c:711) UAF read at: 0x5c60fe2bd224
[INCONSISTENCY mov read UAF] ip: main+0xcd488 (exr_read_scanline_chunk_info) UAF read at: 0x5c60fe2bd338
first time found dangling pointer at: 379 distance: 9781
[INCONSISTENCY mov read UAF] ip: main+0xcd492 (exr_read_scanline_chunk_info) UAF read at: 0x5c60fe2bd330
first time found dangling pointer at: 365 distance: 9797
[INCONSISTENCY mov read UAF] ip: main+0xcd496 (exr_read_scanline_chunk_info @ chunk.c:715) UAF read at: 0x5c60fe2bd22c
[INCONSISTENCY mov read UAF] ip: main+0xcd4ef (exr_read_scanline_chunk_info @ chunk.c:721) UAF read at: 0x5c60fe2bd2bc
[INCONSISTENCY mov read UAF] ip: main+0xcd4f6 (exr_read_scanline_chunk_info @ chunk.c:721) UAF read at: 0x5c60fe2bd2c4
[INCONSISTENCY mov read UAF] ip: main+0xcd50f (exr_read_scanline_chunk_info) UAF read at: 0x5c60fe2bd2b8
[INCONSISTENCY mov read UAF] ip: main+0xcd516 (exr_read_scanline_chunk_info) UAF read at: 0x5c60fe2bd2c0
[INCONSISTENCY mov read UAF] ip: main+0xcd51d (exr_read_scanline_chunk_info @ chunk.c:733) UAF read at: 0x5c60fe2bd318
[INCONSISTENCY mov read UAF] ip: main+0xcd533 (exr_read_scanline_chunk_info) UAF read at: 0x5c60fe2bd31c
[INCONSISTENCY mov read UAF] ip: main+0xcd8e4 (extract_chunk_table @ chunk.c:535) UAF read at: 0x5c60fe2bd320
[INCONSISTENCY mov read UAF] ip: main+0xcd8ef (extract_chunk_table @ chunk.c:536) UAF read at: 0x5c60fe2bd31c
[INCONSISTENCY mov read UAF] ip: main+0xcd8fd (extract_chunk_table @ chunk.c:540) UAF read at: 0x5c60fe2bd328
[INCONSISTENCY mov read UAF] ip: main+0xcd92d (extract_chunk_table @ chunk.c:550) UAF read at: 0x5c60fe2bd31c
[INCONSISTENCY mov read UAF] ip: main+0xcd93a (extract_chunk_table @ chunk.c:554) UAF read at: 0x5c60fe2bd1f8
[INCONSISTENCY mov read] ip: main+0xcd946 (extract_chunk_table) base: 0x7ffc8ecd9780 pointee: 128 read from 137
[CORRUPTED_PTR_LOAD] ip: main+0xcd946 (extract_chunk_table) loaded: 0x115 from cell: 0x7ffc8ecd9750 cell_owner: 137 value_owner: 136
[ALLOC] malloc(0x8) -> 0x5c60fe2bd6b0 subject=138 at extract_chunk_table @ chunk.c:564
[CORRUPTED_PTR_LOAD] ip: main+0xbafd7 (dispatch_read @ context.c:54) loaded: 0x115 from cell: 0x7ffc8ecd9750 cell_owner: 137 value_owner: 136
[INCONSISTENCY mov read] ip: main+0x2aca9 (memstream_read @ ImfCheckFile.cpp:1577) base: 0x7ffc8ecd9700 pointee: 129 read from 39
[CORRUPTED_PTR_LOAD] ip: main+0x2aca9 (memstream_read @ ImfCheckFile.cpp:1577) loaded: 0x7ffc8ecd9748 from cell: 0x7ffc8ecd96f8 cell_owner: 39 value_owner: 137
[STACK PIVOT] ip: main+0x2acad (memstream_read @ ImfCheckFile.cpp:1577) RSP 0x7ffc8ecd9708 left stack [0x8c,0x7ffc8ecbc000]
[INCONSISTENCY mov read UAF] ip: main+0xcd9d4 (extract_chunk_table @ chunk.c:576) UAF read at: 0x5c60fe2bd380
[INCONSISTENCY mov read UAF] ip: main+0xcda01 (extract_chunk_table @ chunk.c:581) UAF read at: 0x5c60fe2bd1f8
[INCONSISTENCY mov read UAF] ip: main+0xcda16 (extract_chunk_table) UAF read at: 0x5c60fe2bd31c
[INCONSISTENCY mov read] ip: main+0xcda22 (extract_chunk_table) base: 0x7ffc8ecd9780 pointee: 128 read from 137
[CORRUPTED_PTR_LOAD] ip: main+0xcda22 (extract_chunk_table) loaded: 0x11d from cell: 0x7ffc8ecd9750 cell_owner: 137 value_owner: 136
[INCONSISTENCY mov read UAF] ip: main+0xcdaa6 (extract_chunk_table @ chunk.c:584) UAF read at: 0x5c60fe2bd6b0
Store dangling pointer: 0x5c60fe2bd6b0 at: 0x7ffc8ecd97c0
[INCONSISTENCY mov read UAF] ip: main+0xcd617 (exr_read_scanline_chunk_info @ chunk.c:773) UAF read at: 0x5c60fe2bd1f8
main+0xcd61e (exr_read_scanline_chunk_info @ chunk.c:775) Using expired pointer: 0x5c60fe2bd6b0 from 0x7ffc8ecd97c0
first time found dangling pointer at: 10380 distance: 15
[INCONSISTENCY mov read UAF] ip: main+0xcd629 (exr_read_scanline_chunk_info @ chunk.c:775) UAF read at: 0x5c60fe2bd6b0
[INCONSISTENCY mov read UAF] ip: main+0xcd670 (exr_read_scanline_chunk_info @ chunk.c:792) UAF read at: 0x5c60fe2bd22c
[INCONSISTENCY mov read UAF] ip: main+0xcd678 (exr_read_scanline_chunk_info @ chunk.c:790) UAF read at: 0x5c60fe2bd165
[UNINITIALIZED mov read] ip: main+0x2aca9 (memstream_read @ ImfCheckFile.cpp:1577) co: 137 vo: -1
[STACK PIVOT] ip: main+0x2acad (memstream_read @ ImfCheckFile.cpp:1577) RSP 0x7ffc8ecd9758 left stack [0x8d,0x7ffc8ecbc000]
[INCONSISTENCY mov read UAF] ip: main+0xcd6ac (exr_read_scanline_chunk_info @ chunk.c:807) UAF read at: 0x5c60fe2bd165
[INCONSISTENCY mov read UAF] ip: main+0xcd6d6 (exr_read_scanline_chunk_info @ chunk.c:834) UAF read at: 0x5c60fe2bd22c
[INCONSISTENCY mov read UAF] ip: main+0xcdb27 (compute_chunk_unpack_size @ chunk.c:677) UAF read at: 0x5c60fe2bd31a
[INCONSISTENCY mov read UAF] ip: main+0xcdb32 (compute_chunk_unpack_size @ chunk.c:693) UAF read at: 0x5c60fe2bd310
[INCONSISTENCY mov read UAF] ip: main+0xcd78a (exr_read_scanline_chunk_info @ chunk.c:907) UAF read at: 0x5c60fe2bd310
[INCONSISTENCY mov read] ip: main+0x2c74c (_ZN7Imf_3_212_GLOBAL__N_120readCoreScanlinePartEP19_priv_exr_context_tibb @ ImfCheckFile.cpp:1241) base: 0x7ffc8ecd9b00 pointee: 14 read from 135
[CORRUPTED_PTR_LOAD] ip: main+0x2c74c (_ZN7Imf_3_212_GLOBAL__N_120readCoreScanlinePartEP19_priv_exr_context_tibb @ ImfCheckFile.cpp:1241) loaded: 0x7ffc8ecd98f0 from cell: 0x7ffc8ecd9858 cell_owner: 135 value_owner: 14
[INCONSISTENCY mov read] ip: main+0x2c75c (_ZN7Imf_3_212_GLOBAL__N_120readCoreScanlinePartEP19_priv_exr_context_tibb @ ImfCheckFile.cpp:1239) base: 0x7ffc8ecd9b00 pointee: 14 read from 135
[INCONSISTENCY mov read UAF] ip: main+0xd0506 (exr_decoding_initialize @ decoding.c:408) UAF read at: 0x5c60fe2bd160
[INCONSISTENCY mov read UAF] ip: main+0xd0546 (exr_decoding_initialize @ decoding.c:408) UAF read at: 0x5c60fe2bd224
[INCONSISTENCY mov read UAF] ip: main+0xd056b (exr_decoding_initialize @ decoding.c:408) UAF read at: 0x5c60fe2bd338
first time found dangling pointer at: 379 distance: 10214
[INCONSISTENCY mov read UAF] ip: main+0xd0575 (exr_decoding_initialize @ decoding.c:408) UAF read at: 0x5c60fe2bd330
first time found dangling pointer at: 365 distance: 10230
[INCONSISTENCY mov read UAF] ip: main+0xe3c9c (internal_coding_fill_channel_info @ coding.c:24) UAF read at: 0x5c60fe2bd248
first time found dangling pointer at: 2830 distance: 7789
[INCONSISTENCY mov read UAF] ip: main+0xe3ca0 (internal_coding_fill_channel_info @ coding.c:24) UAF read at: 0x5c60fe2bd438
first time found dangling pointer at: 2726 distance: 7894
[INCONSISTENCY mov read UAF] ip: main+0xe3ca4 (internal_coding_fill_channel_info @ coding.c:25) UAF read at: 0x5c60fe2bd440
[INCONSISTENCY mov read UAF] ip: main+0xe3ce8 (internal_coding_fill_channel_info) UAF read at: 0x5c60fe2bd448
first time found dangling pointer at: 9600 distance: 1026
[INCONSISTENCY mov read UAF] ip: main+0xe3d55 (internal_coding_fill_channel_info @ coding.c:42) UAF read at: 0x5c60fe2bd3d8
[INCONSISTENCY mov read UAF] ip: main+0xe3d5d (internal_coding_fill_channel_info @ coding.c:45) UAF read at: 0x5c60fe2bd3ec
[INCONSISTENCY mov read UAF] ip: main+0xe3db3 (internal_coding_fill_channel_info @ coding.c:47) UAF read at: 0x5c60fe2bd3e8
[INCONSISTENCY mov read UAF] ip: main+0xe3d1a (internal_coding_fill_channel_info @ coding.c:54) UAF read at: 0x5c60fe2bd3e4
[INCONSISTENCY mov read UAF] ip: main+0xe3d21 (internal_coding_fill_channel_info @ coding.c:55) UAF read at: 0x5c60fe2bd3e0
[INCONSISTENCY mov read] ip: main+0xe3dcf (internal_coding_fill_channel_info) base: 0x7ffc8ecd97f0 pointee: 18 read from 141
[CORRUPTED_PTR_LOAD] ip: main+0xe3dcf (internal_coding_fill_channel_info) loaded: 0x7ffc8ecd98f0 from cell: 0x7ffc8ecd97c0 cell_owner: 141 value_owner: 18
[INCONSISTENCY mov read] ip: main+0xe3dd6 (internal_coding_fill_channel_info @ coding.c:65) base: 0x7ffc8ecd97f0 pointee: 18 read from 141
[CORRUPTED_PTR_LOAD] ip: main+0xe3dd6 (internal_coding_fill_channel_info @ coding.c:65) loaded: 0x7ffc8ecd98f8 from cell: 0x7ffc8ecd97b8 cell_owner: 141 value_owner: 18
[INCONSISTENCY mov read] ip: main+0x2c917 (_ZN7Imf_3_212_GLOBAL__N_120readCoreScanlinePartEP19_priv_exr_context_tibb @ ImfCheckFile.cpp:1245) base: 0x7ffc8ecd9b00 pointee: 14 read from 135
[INCONSISTENCY mov read] ip: main+0x2c92a (_ZN7Imf_3_212_GLOBAL__N_120readCoreScanlinePartEP19_priv_exr_context_tibb @ ImfCheckFile.cpp:1247) base: 0x7ffc8ecd9b00 pointee: 14 read from 135
[INCONSISTENCY mov read] ip: main+0x2c931 (_ZN7Imf_3_212_GLOBAL__N_120readCoreScanlinePartEP19_priv_exr_context_tibb @ ImfCheckFile.cpp:1253) base: 0x7ffc8ecd9b00 pointee: 14 read from 135
[INCONSISTENCY mov read] ip: main+0x2c93e (_ZN7Imf_3_212_GLOBAL__N_120readCoreScanlinePartEP19_priv_exr_context_tibb @ ImfCheckFile.cpp:1244) base: 0x7ffc8ecd9b00 pointee: 14 read from 135
[CORRUPTED_PTR_LOAD] ip: main+0x2c93e (_ZN7Imf_3_212_GLOBAL__N_120readCoreScanlinePartEP19_priv_exr_context_tibb @ ImfCheckFile.cpp:1244) loaded: 0x10100fc00000040 from cell: 0x7ffc8ecd9860 cell_owner: 135 value_owner: 14
[INCONSISTENCY mov read] ip: main+0x2c808 (_ZN7Imf_3_212_GLOBAL__N_120readCoreScanlinePartEP19_priv_exr_context_tibb @ ImfCheckFile.cpp:1260) base: 0x7ffc8ecd9b00 pointee: 14 read from 135
[UNINITIALIZED mov read] ip: main+0x32041 (_ZNSt6vectorIhSaIhEE17_M_default_appendEm @ stl_vector.h:919) co: 135 vo: -1
[CORRUPTED_PTR_LOAD] ip: main+0x32045 (_ZNSt6vectorIhSaIhEE17_M_default_appendEm @ vector.tcc:618) loaded: 0x0 from cell: 0x7ffc8ecd98a0 cell_owner: 135 value_owner: 14
[ALLOC:internal] malloc(0x1000) -> 0x5c60fe2bdfd0 subject=143 at _Znwm
[INCONSISTENCY arithmetic -> CROSSBOUNDARY] ip: main+0x32197 (_ZNSt6vectorIhSaIhEE17_M_default_appendEm @ new_allocator.h:127) add r15, rax id before: 143 after: -1 [chunk metadata] value: 0x5c60fe2befd0
[UNINITIALIZED mov read] ip: main+0x3213b (_ZNSt6vectorIhSaIhEE17_M_default_appendEm @ stl_algobase.h:944) co: 135 vo: -1
[UNINITIALIZED mov read] ip: main+0x3213e (_ZNSt6vectorIhSaIhEE17_M_default_appendEm @ stl_vector.h:465) co: 135 vo: -1
[INCONSISTENCY arithmetic -> CROSSBOUNDARY] ip: main+0x320c6 (_ZNSt6vectorIhSaIhEE17_M_default_appendEm @ vector.tcc:679) add r12, r13 id before: 143 after: -1 [chunk metadata] value: 0x5c60fe2befd0
[INCONSISTENCY mov read] ip: main+0x2ca00 (_ZN7Imf_3_212_GLOBAL__N_120readCoreScanlinePartEP19_priv_exr_context_tibb @ ImfCheckFile.cpp:1261) base: 0x7ffc8ecd9b00 pointee: 14 read from 135
[CORRUPTED_PTR_LOAD] ip: main+0x2ca00 (_ZN7Imf_3_212_GLOBAL__N_120readCoreScanlinePartEP19_priv_exr_context_tibb @ ImfCheckFile.cpp:1261) loaded: 0x7ffc8ecd98f0 from cell: 0x7ffc8ecd9858 cell_owner: 135 value_owner: 14
[INCONSISTENCY mov read UAF] ip: main+0xd0639 (exr_decoding_choose_default_routines @ decoding.c:440) UAF read at: 0x5c60fe2bd160
[INCONSISTENCY mov read UAF] ip: main+0xd0678 (exr_decoding_choose_default_routines @ decoding.c:440) UAF read at: 0x5c60fe2bd224
[INCONSISTENCY mov read UAF] ip: main+0xd06a4 (exr_decoding_choose_default_routines) UAF read at: 0x5c60fe2bd338
first time found dangling pointer at: 379 distance: 10470
[INCONSISTENCY mov read UAF] ip: main+0xd06ad (exr_decoding_choose_default_routines) UAF read at: 0x5c60fe2bd330
first time found dangling pointer at: 365 distance: 10486
[INCONSISTENCY mov read UAF] ip: main+0xd06b8 (exr_decoding_choose_default_routines @ decoding.c:449) UAF read at: 0x5c60fe2bd22c
[UNINITIALIZED mov read] ip: main+0xd082a (exr_decoding_choose_default_routines @ decoding.c:510) co: 135 vo: -1
[UNINITIALIZED mov read] ip: main+0xd082e (exr_decoding_choose_default_routines) co: 135 vo: -1
[INCONSISTENCY mov read UAF] ip: main+0xd09a9 (exr_decoding_choose_default_routines) UAF read at: 0x5c60fe2bd2d8
[CORRUPTED_PTR_LOAD] ip: main+0xd174a (internal_exr_match_decode) loaded: 0x2 from cell: 0x7ffc8ecd9780 cell_owner: 128 value_owner: 18
[INCONSISTENCY mov read] ip: main+0x2ca12 (_ZN7Imf_3_212_GLOBAL__N_120readCoreScanlinePartEP19_priv_exr_context_tibb @ stl_vector.h:680) base: 0x7ffc8ecd9b00 pointee: 14 read from 135
[INCONSISTENCY mov read] ip: main+0x2c856 (_ZN7Imf_3_212_GLOBAL__N_120readCoreScanlinePartEP19_priv_exr_context_tibb @ ImfCheckFile.cpp:1277) base: 0x7ffc8ecd9b00 pointee: 14 read from 135
[INCONSISTENCY mov read] ip: main+0x2c865 (_ZN7Imf_3_212_GLOBAL__N_120readCoreScanlinePartEP19_priv_exr_context_tibb @ ImfCheckFile.cpp:1279) base: 0x7ffc8ecd9b00 pointee: 14 read from 135
[INCONSISTENCY mov read] ip: main+0x2c86f (_ZN7Imf_3_212_GLOBAL__N_120readCoreScanlinePartEP19_priv_exr_context_tibb @ ImfCheckFile.cpp:1284) base: 0x7ffc8ecd9b00 pointee: 14 read from 135
[INCONSISTENCY mov read] ip: main+0x2c87a (_ZN7Imf_3_212_GLOBAL__N_120readCoreScanlinePartEP19_priv_exr_context_tibb @ ImfCheckFile.cpp:1276) base: 0x7ffc8ecd9b00 pointee: 14 read from 135
[CORRUPTED_PTR_LOAD] ip: main+0x2c87a (_ZN7Imf_3_212_GLOBAL__N_120readCoreScanlinePartEP19_priv_exr_context_tibb @ ImfCheckFile.cpp:1276) loaded: 0x10100fc00000040 from cell: 0x7ffc8ecd9860 cell_owner: 135 value_owner: 14
[INCONSISTENCY arithmetic -> CROSSBOUNDARY] ip: main+0x2c8c7 (_ZN7Imf_3_212_GLOBAL__N_120readCoreScanlinePartEP19_priv_exr_context_tibb @ ImfCheckFile.cpp:1283) add rsi, rax id before: 143 after: -1 [chunk metadata] value: 0x5c60fe2befd0
[INCONSISTENCY mov read] ip: main+0x2c8d4 (_ZN7Imf_3_212_GLOBAL__N_120readCoreScanlinePartEP19_priv_exr_context_tibb @ ImfCheckFile.cpp:1287) base: 0x7ffc8ecd9b00 pointee: 14 read from 135
[CORRUPTED_PTR_LOAD] ip: main+0x2c8d4 (_ZN7Imf_3_212_GLOBAL__N_120readCoreScanlinePartEP19_priv_exr_context_tibb @ ImfCheckFile.cpp:1287) loaded: 0x7ffc8ecd98f0 from cell: 0x7ffc8ecd9858 cell_owner: 135 value_owner: 14
[INCONSISTENCY mov read UAF] ip: main+0xd1052 (exr_decoding_run @ decoding.c:627) UAF read at: 0x5c60fe2bd160
[INCONSISTENCY mov read UAF] ip: main+0xd1089 (exr_decoding_run @ decoding.c:627) UAF read at: 0x5c60fe2bd224
[INCONSISTENCY mov read UAF] ip: main+0xd10b1 (exr_decoding_run) UAF read at: 0x5c60fe2bd338
first time found dangling pointer at: 379 distance: 10783
[INCONSISTENCY mov read UAF] ip: main+0xd10ba (exr_decoding_run) UAF read at: 0x5c60fe2bd330
first time found dangling pointer at: 365 distance: 10799
[INCONSISTENCY mov read UAF] ip: main+0xd0c96 (default_read_chunk @ decoding.c:142) UAF read at: 0x5c60fe2bd160
[INCONSISTENCY mov read UAF] ip: main+0xd0cd7 (default_read_chunk @ decoding.c:142) UAF read at: 0x5c60fe2bd338
first time found dangling pointer at: 379 distance: 10805
[INCONSISTENCY mov read UAF] ip: main+0xd0cde (default_read_chunk @ decoding.c:142) UAF read at: 0x5c60fe2bd330
first time found dangling pointer at: 365 distance: 10820
[UNINITIALIZED mov read] ip: main+0xd0ce2 (default_read_chunk @ decoding.c:145) co: 135 vo: -1
[UNINITIALIZED mov read] ip: main+0xd0cec (default_read_chunk @ decoding.c:146) co: 135 vo: -1
[INCONSISTENCY mov read UAF] ip: main+0xd0cff (default_read_chunk @ decoding.c:149) UAF read at: 0x5c60fe2bd22c
[UNINITIALIZED mov read] ip: main+0xd0d96 (default_read_chunk @ decoding.c:194) co: 135 vo: -1
[UNINITIALIZED mov read] ip: main+0xe4338 (internal_decode_alloc_buffer) co: 135 vo: -1
[UNINITIALIZED mov read] ip: main+0xe4384 (internal_decode_alloc_buffer @ coding.c:254) co: 135 vo: -1
[ALLOC] malloc(0x2f) -> 0x5c60fe2bd6d0 subject=146 at internal_decode_alloc_buffer @ coding.c:261
Store dangling pointer: 0x5c60fe2bd6d0 at: 0x7ffc8ecd9950
main+0xd0dba (default_read_chunk @ decoding.c:200) Using expired pointer: 0x5c60fe2bd6d0 from 0x7ffc8ecd9950
first time found dangling pointer at: 11247 distance: 17
[INCONSISTENCY mov read UAF] ip: main+0xce834 (exr_read_chunk @ chunk.c:1313) UAF read at: 0x5c60fe2bd160
[INCONSISTENCY mov read UAF] ip: main+0xce86d (exr_read_chunk @ chunk.c:1313) UAF read at: 0x5c60fe2bd224
[INCONSISTENCY mov read UAF] ip: main+0xce87a (exr_read_chunk) UAF read at: 0x5c60fe2bd338
first time found dangling pointer at: 379 distance: 10911
[INCONSISTENCY mov read UAF] ip: main+0xce883 (exr_read_chunk) UAF read at: 0x5c60fe2bd330
first time found dangling pointer at: 365 distance: 10927
[UNINITIALIZED mov read] ip: main+0xce887 (exr_read_chunk @ chunk.c:1316) co: 135 vo: -1
[INCONSISTENCY mov read UAF] ip: main+0xce8c3 (exr_read_chunk) UAF read at: 0x5c60fe2bd31c
[INCONSISTENCY mov read UAF] ip: main+0xce8db (exr_read_chunk @ chunk.c:1331) UAF read at: 0x5c60fe2bd2d8
[UNINITIALIZED mov read] ip: main+0xce8e8 (exr_read_chunk @ chunk.c:1337) co: 135 vo: -1
[INCONSISTENCY mov read UAF] ip: main+0xce8f0 (exr_read_chunk @ chunk.c:1338) UAF read at: 0x5c60fe2bd1f8
[STACK PIVOT] ip: main+0x2acad (memstream_read @ ImfCheckFile.cpp:1577) RSP 0x7ffc8ecd9798 left stack [0x95,0x7ffc8ecbc000]
[UNINITIALIZED mov read] ip: main+0xd129f (update_pack_unpack_ptrs @ decoding.c:60) co: 135 vo: -1
[UNINITIALIZED mov read] ip: main+0xd12ab (update_pack_unpack_ptrs @ decoding.c:60) co: 135 vo: -1
[ALLOC] malloc(0x1000) -> 0x5c60fe2befe0 subject=150 at internal_decode_alloc_buffer @ coding.c:261
[INCONSISTENCY mov read UAF] ip: main+0xd0e08 (default_decompress_chunk @ decoding.c:285) UAF read at: 0x5c60fe2bd160
[INCONSISTENCY mov read UAF] ip: main+0xd0e4b (default_decompress_chunk @ decoding.c:285) UAF read at: 0x5c60fe2bd338
first time found dangling pointer at: 379 distance: 11133
[INCONSISTENCY mov read UAF] ip: main+0xd0e52 (default_decompress_chunk @ decoding.c:285) UAF read at: 0x5c60fe2bd330
first time found dangling pointer at: 365 distance: 11148
[INCONSISTENCY mov read UAF] ip: main+0xd0e56 (default_decompress_chunk @ decoding.c:288) UAF read at: 0x5c60fe2bd22c
[INCONSISTENCY mov read UAF] ip: main+0xd0eee (default_decompress_chunk @ decoding.c:320) UAF read at: 0x5c60fe2bd2d8
[UNINITIALIZED mov read] ip: main+0xd0efe (default_decompress_chunk @ decoding.c:323) co: 135 vo: -1
[UNINITIALIZED mov read] ip: main+0xd0f02 (default_decompress_chunk @ decoding.c:325) co: 135 vo: -1
[INCONSISTENCY mov read] ip: main+0xd15cb (decompress_data) base: 0x7ffc8ecd97c0 pointee: 149 read from 151
[UNTRUSTEDPTRDEREF] ip: main+0xd1601 (decompress_data) final_ea: 0x5c60f6ad6f94 base: 0x5c60f6ad6f84 pointee: -1 base_vo: -1
[INCONSISTENCY mov write reg UAF] ip: main+0xdb661 (internal_exr_undo_piz @ internal_piz.c:548) UAF write at: 0x7ffc8ecd9780
first time found dangling pointer at: 11563 distance: 0
[ALLOC] malloc(0x1000) -> 0x5c60fe2bfff0 subject=154 at internal_decode_alloc_buffer @ coding.c:261
[ALLOC] malloc(0xe2008) -> 0x725ccf6bc010 subject=157 at internal_decode_alloc_buffer @ coding.c:261
[INCONSISTENCY mov read UAF] ip: main+0xdb707 (internal_exr_undo_piz) UAF read at: 0x7ffc8ecd9780
first time found dangling pointer at: 11563 distance: 155
[INCONSISTENCY mov read UAF] ip: main+0xdb70b (internal_exr_undo_piz @ internal_xdr.h:241) UAF read at: 0x5c60fe2bd6d2
[INCONSISTENCY mov read UAF] ip: main+0xdb720 (internal_exr_undo_piz) UAF read at: 0x5c60fe2bd6d0
[INCONSISTENCY mov write reg UAF] ip: main+0xdb74a (internal_exr_undo_piz @ internal_piz.c:607) UAF write at: 0x7ffc8ecd9788
first time found dangling pointer at: 2672 distance: 9062
[INCONSISTENCY mov read UAF] ip: main+0xdb753 (internal_exr_undo_piz) UAF read at: 0x7ffc8ecd9788
first time found dangling pointer at: 2672 distance: 9064
[INCONSISTENCY mov read UAF] ip: main+0xdb757 (internal_exr_undo_piz) UAF read at: 0x7ffc8ecd9780
first time found dangling pointer at: 11563 distance: 174
[INCONSISTENCY mov write reg UAF] ip: main+0xdb761 (internal_exr_undo_piz) UAF write at: 0x7ffc8ecd9788
first time found dangling pointer at: 2672 distance: 9068
[INCONSISTENCY mov read] ip: main+0xdb7af (internal_exr_undo_piz) base: 0x7ffc8ecd97c0 pointee: 149 read from 145
[CORRUPTED_PTR_LOAD] ip: main+0xdb7af (internal_exr_undo_piz) loaded: 0xfe2bd16000000001 from cell: 0x7ffc8ecd9794 cell_owner: 145 value_owner: 149
[INCONSISTENCY mov read] ip: main+0xdb7e0 (internal_exr_undo_piz) base: 0x7ffc8ecd97c0 pointee: 149 read from 145
[CORRUPTED_PTR_LOAD] ip: main+0xdb7e0 (internal_exr_undo_piz) loaded: 0xfe2bd16000000002 from cell: 0x7ffc8ecd9794 cell_owner: 145 value_owner: 149
[INCONSISTENCY mov read] ip: main+0xdb7f2 (internal_exr_undo_piz @ internal_piz.c:82) base: 0x7ffc8ecd97c0 pointee: 149 read from 145
[CORRUPTED_PTR_LOAD] ip: main+0xdb7f2 (internal_exr_undo_piz @ internal_piz.c:82) loaded: 0xfe2bd16000000010 from cell: 0x7ffc8ecd9794 cell_owner: 145 value_owner: 149
[INCONSISTENCY mov read] ip: main+0xdb7fb (internal_exr_undo_piz) base: 0x7ffc8ecd97c0 pointee: 149 read from 145
[CORRUPTED_PTR_LOAD] ip: main+0xdb7fb (internal_exr_undo_piz) loaded: 0xfe2bd16000000010 from cell: 0x7ffc8ecd9794 cell_owner: 145 value_owner: 149
[INCONSISTENCY mov read UAF] ip: main+0xdb823 (internal_exr_undo_piz) UAF read at: 0x7ffc8ecd9780
first time found dangling pointer at: 11563 distance: 1561
[INCONSISTENCY mov read UAF] ip: main+0xdb844 (internal_exr_undo_piz @ internal_xdr.h:249) UAF read at: 0x5c60fe2bd6d6
[INCONSISTENCY mov read] ip: main+0xdb84f (internal_exr_undo_piz @ internal_piz.c:621) base: 0x7ffc8ecd97c0 pointee: 149 read from 128
[CORRUPTED_PTR_LOAD] ip: main+0xdb84f (internal_exr_undo_piz @ internal_piz.c:621) loaded: 0x7ffc8ecd98f0 from cell: 0x7ffc8ecd9778 cell_owner: 128 value_owner: 149
[INCONSISTENCY mov read UAF] ip: main+0xdb860 (internal_exr_undo_piz) UAF read at: 0x7ffc8ecd9780
first time found dangling pointer at: 11563 distance: 1575
[INCONSISTENCY mov read UAF] ip: main+0xdb878 (internal_exr_undo_piz @ internal_piz.c:624) UAF read at: 0x7ffc8ecd9788
first time found dangling pointer at: 2672 distance: 10473
[INCONSISTENCY mov read UAF] ip: main+0xdd343 (internal_huf_decompress @ internal_huf.c:934) UAF read at: 0x5c60fe2bd6da
[INCONSISTENCY mov read UAF] ip: main+0xdd359 (internal_huf_decompress) UAF read at: 0x5c60fe2bd6de
[INCONSISTENCY mov read UAF] ip: main+0xdd36a (internal_huf_decompress) UAF read at: 0x5c60fe2bd6e6
Store dangling pointer: 0x5c60fe2bd6da at: 0x7ffc8ecd9618
[INCONSISTENCY mov read] ip: main+0xdd411 (internal_huf_decompress) base: 0x7ffc8ecd9690 pointee: 39 read from 155
[INCONSISTENCY mov read] ip: main+0xdd415 (internal_huf_decompress) base: 0x7ffc8ecd9690 pointee: 39 read from 155
[INCONSISTENCY mov read] ip: main+0xdd5ea (internal_huf_decompress) base: 0x7ffc8ecd9690 pointee: 39 read from 155
[INCONSISTENCY mov read UAF] ip: main+0xdd644 (internal_huf_decompress @ internal_huf.c:1186) UAF read at: 0x5c60fe2bd6ee
[INCONSISTENCY mov read UAF] ip: main+0xdd6c7 (internal_huf_decompress @ internal_huf.c:1186) UAF read at: 0x5c60fe2bd6ff
[CORRUPTED_PTR_LOAD] ip: main+0xbc97d (dispatch_print_error @ internal_structs.c:133) loaded: 0x3000000018 from cell: 0x7ffc8ecd8e30 cell_owner: 159 value_owner: 158
[CORRUPTED_PTR_LOAD] ip: main+0xbc985 (dispatch_print_error @ internal_structs.c:133) loaded: 0x7ffc8ecd8e80 from cell: 0x7ffc8ecd8e38 cell_owner: 159 value_owner: 158
[INCONSISTENCY mov read UAF] ip: main+0xd0f19 (default_decompress_chunk @ decoding.c:329) UAF read at: 0x5c60fe2bd1a8
[UNINITIALIZED mov read] ip: main+0xd0f1d (default_decompress_chunk @ decoding.c:333) co: 135 vo: -1
[UNINITIALIZED mov read] ip: main+0xd0f21 (default_decompress_chunk @ decoding.c:334) co: 135 vo: -1
Store dangling pointer: 0x7ffc8ecd96f0 at: 0x7ffc8ecd97d0
[INCONSISTENCY mov read] ip: main+0xbc97d (dispatch_print_error @ internal_structs.c:133) base: 0x7ffc8ecd9800 pointee: 142 read from 149
[INCONSISTENCY mov read] ip: main+0xbc985 (dispatch_print_error @ internal_structs.c:133) base: 0x7ffc8ecd9800 pointee: 142 read from 149
[INCONSISTENCY mov read UAF] ip: main+0xd1170 (exr_decoding_run @ decoding.c:656) UAF read at: 0x5c60fe2bd1a0
[INCONSISTENCY mov read] ip: main+0x2c8ec (_ZN7Imf_3_212_GLOBAL__N_120readCoreScanlinePartEP19_priv_exr_context_tibb @ ImfCheckFile.cpp:1290) base: 0x7ffc8ecd9b00 pointee: 14 read from 135
[CORRUPTED_PTR_LOAD] ip: main+0x2c8ec (_ZN7Imf_3_212_GLOBAL__N_120readCoreScanlinePartEP19_priv_exr_context_tibb @ ImfCheckFile.cpp:1290) loaded: 0x1 from cell: 0x7ffc8ecd9867 cell_owner: 135 value_owner: 14
[INCONSISTENCY mov read] ip: main+0x2c77e (_ZN7Imf_3_212_GLOBAL__N_120readCoreScanlinePartEP19_priv_exr_context_tibb @ ImfCheckFile.cpp:1269) base: 0x7ffc8ecd9b00 pointee: 14 read from 135
[INCONSISTENCY mov read] ip: main+0x2c785 (_ZN7Imf_3_212_GLOBAL__N_120readCoreScanlinePartEP19_priv_exr_context_tibb @ ImfCheckFile.cpp:1295) base: 0x7ffc8ecd9b00 pointee: 14 read from 135
[CORRUPTED_PTR_LOAD] ip: main+0x2c785 (_ZN7Imf_3_212_GLOBAL__N_120readCoreScanlinePartEP19_priv_exr_context_tibb @ ImfCheckFile.cpp:1295) loaded: 0x7ffc8ecd98f0 from cell: 0x7ffc8ecd9858 cell_owner: 135 value_owner: 14
[UNINITIALIZED mov read] ip: main+0xe4274 (internal_decode_free_buffer @ coding.c:217) co: 135 vo: -1
[FREE] free(0x5c60fe2bd6d0) subject=146 at internal_decode_free_buffer @ coding.c:224
[FREE] free(0x5c60fe2befe0) subject=150 at internal_decode_free_buffer @ coding.c:224
[FREE] free(0x5c60fe2bfff0) subject=154 at internal_decode_free_buffer @ coding.c:224
[FREE] free(0x725ccf6bc010) subject=157 at internal_decode_free_buffer @ coding.c:224
[UNINITIALIZED mov read] ip: main+0xe4260 (internal_decode_free_buffer @ coding.c:211) co: 135 vo: -1
[FREE:internal] free(0x5c60fe2bdfd0) subject=143 at _ZN7Imf_3_212_GLOBAL__N_120readCoreScanlinePartEP19_priv_exr_context_tibb
[INCONSISTENCY mov read UAF] ip: main+0xbb1b5 (exr_finish @ context.c:230) UAF read at: 0x5c60fe2bd1f0
[INCONSISTENCY mov read UAF] ip: main+0xbcec4 (internal_exr_destroy_context @ internal_structs.c:478) UAF read at: 0x5c60fe2bd1c0
[INCONSISTENCY mov read UAF] ip: main+0xe1e1a (exr_attr_string_destroy @ string.c:245) UAF read at: 0x5c60fe2bd170
first time found dangling pointer at: 436 distance: 13980
main+0xe1e1a (exr_attr_string_destroy @ string.c:245) Using expired pointer: 0x5c60fe2bd390 from 0x5c60fe2bd170
first time found dangling pointer at: 436 distance: 13980
[INCONSISTENCY mov read UAF] ip: main+0xe1e23 (exr_attr_string_destroy @ string.c:245) UAF read at: 0x5c60fe2bd16c
[FREE] free(0x5c60fe2bd390) subject=17 at exr_attr_string_destroy @ string.c:246
[INCONSISTENCY mov read UAF] ip: main+0xdfc1b (exr_attr_list_destroy @ attributes.c:292) UAF read at: 0x5c60fe2bd348
[INCONSISTENCY mov write imm UAF] ip: main+0xdfc98 (exr_attr_list_destroy @ attributes.c:301) UAF write at: 0x5c60fe2bd350
[INCONSISTENCY mov read UAF] ip: main+0xbcef0 (internal_exr_destroy_context @ internal_structs.c:187) UAF read at: 0x5c60fe2bd224
[INCONSISTENCY mov read UAF] ip: main+0xbcefe (internal_exr_destroy_context) UAF read at: 0x5c60fe2bd1c0
[INCONSISTENCY mov read UAF] ip: main+0xbcf20 (internal_exr_destroy_context @ internal_structs.c:189) UAF read at: 0x5c60fe2bd338
first time found dangling pointer at: 379 distance: 14124
[INCONSISTENCY mov read UAF] ip: main+0xbcf27 (internal_exr_destroy_context @ internal_structs.c:189) UAF read at: 0x5c60fe2bd330
first time found dangling pointer at: 365 distance: 14139
[INCONSISTENCY mov read UAF] ip: main+0xdfc24 (exr_attr_list_destroy @ attributes.c:294) UAF read at: 0x5c60fe2bd230
[INCONSISTENCY mov read UAF] ip: main+0xdfc2a (exr_attr_list_destroy @ attributes.c:296) UAF read at: 0x5c60fe2bd590
first time found dangling pointer at: 7667 distance: 6858
[INCONSISTENCY mov read UAF] ip: main+0xdfcc0 (attr_destroy @ attributes.c:210) UAF read at: 0x5c60fe2bd434
[UNTRUSTEDPTRDEREF] ip: main+0xdfcd4 (attr_destroy) final_ea: 0x5c60f6b18018 base: 0x5c60f6b18018 pointee: -1 base_vo: -1
[INCONSISTENCY mov read UAF] ip: main+0xdfcdd (attr_destroy @ attributes.c:213) UAF read at: 0x5c60fe2bd438
first time found dangling pointer at: 2726 distance: 11819
[INCONSISTENCY mov read] ip: main+0xe30f1 (exr_attr_chlist_destroy) base: 0x7ffc8ecd9a60 pointee: 15 read from 135
[CORRUPTED_PTR_LOAD] ip: main+0xe30f1 (exr_attr_chlist_destroy) loaded: 0x5c60fe2bd3d0 from cell: 0x7ffc8ecd9a30 cell_owner: 135 value_owner: 164
main+0xe1e1a (exr_attr_string_destroy @ string.c:245) Using expired pointer: 0x5c60fe2bd3b0 from 0x5c60fe2bd3d8
first time found dangling pointer at: 10636 distance: 3949
[FREE] free(0x5c60fe2bd3b0) subject=47 at exr_attr_string_destroy @ string.c:246
[INCONSISTENCY mov read] ip: main+0xe3115 (exr_attr_chlist_destroy) base: 0x7ffc8ecd9a60 pointee: 15 read from 135
[CORRUPTED_PTR_LOAD] ip: main+0xe3115 (exr_attr_chlist_destroy) loaded: 0x5c60fe2bd3d0 from cell: 0x7ffc8ecd9a30 cell_owner: 135 value_owner: 164
[FREE] free(0x5c60fe2bd3d0) subject=48 at exr_attr_chlist_destroy @ channel_list.c:263
[FREE] free(0x5c60fe2bd420) subject=52 at attr_destroy @ attributes.c:262
[INCONSISTENCY mov read UAF] ip: main+0xdfc38 (exr_attr_list_destroy @ attributes.c:294) UAF read at: 0x5c60fe2bd230
[INCONSISTENCY mov read UAF] ip: main+0xdfc50 (exr_attr_list_destroy @ attributes.c:296) UAF read at: 0x5c60fe2bd238
first time found dangling pointer at: 2796 distance: 11869
[INCONSISTENCY mov read UAF] ip: main+0xdfc54 (exr_attr_list_destroy @ attributes.c:296) UAF read at: 0x5c60fe2bd598
first time found dangling pointer at: 7673 distance: 6993
[FREE] free(0x5c60fe2bd490) subject=84 at attr_destroy @ attributes.c:262
[INCONSISTENCY mov read UAF] ip: main+0xdfc6a (exr_attr_list_destroy @ attributes.c:294) UAF read at: 0x5c60fe2bd230
[FREE] free(0x5c60fe2bd4c0) subject=103 at attr_destroy @ attributes.c:262
[FREE] free(0x5c60fe2bd550) subject=109 at attr_destroy @ attributes.c:262
[FREE] free(0x5c60fe2bd460) subject=114 at attr_destroy @ attributes.c:262
[FREE] free(0x5c60fe2bd620) subject=120 at attr_destroy @ attributes.c:262
[FREE] free(0x5c60fe2bd650) subject=125 at attr_destroy @ attributes.c:262
[FREE] free(0x5c60fe2bd680) subject=130 at attr_destroy @ attributes.c:262
[INCONSISTENCY mov read UAF] ip: main+0xdfc72 (exr_attr_list_destroy @ attributes.c:299) UAF read at: 0x5c60fe2bd238
first time found dangling pointer at: 2796 distance: 12183
[FREE] free(0x5c60fe2bd590) subject=116 at exr_attr_list_destroy @ attributes.c:299
[INCONSISTENCY mov read UAF] ip: main+0xbcf38 (internal_exr_destroy_context @ internal_structs.c:168) UAF read at: 0x5c60fe2bd2f0
[INCONSISTENCY mov read UAF] ip: main+0xbcf47 (internal_exr_destroy_context @ internal_structs.c:175) UAF read at: 0x5c60fe2bd328
[FREE] free(0x5c60fe2bd6b0) subject=138 at internal_exr_destroy_context @ internal_structs.c:178
[INCONSISTENCY mov read UAF] ip: main+0xbcf8f (internal_exr_destroy_context @ internal_structs.c:187) UAF read at: 0x5c60fe2bd224
[INCONSISTENCY mov write imm UAF] ip: main+0xbcfb7 (internal_exr_destroy_context @ internal_structs.c:202) UAF write at: 0x5c60fe2bd338
first time found dangling pointer at: 379 distance: 14654
[INCONSISTENCY mov write imm UAF] ip: main+0xbcfc2 (internal_exr_destroy_context @ internal_structs.c:203) UAF write at: 0x5c60fe2bd224
[INCONSISTENCY mov read] ip: main+0xbcfdc (internal_exr_destroy_context @ internal_structs.c:492) base: 0x7ffc8ecd9b10 pointee: 134 read from 164
[FREE] free(0x5c60fe2bd160) subject=16 at exr_finish @ context.c:233
[STACK PIVOT] ip: main+0x2aa12 (fuzz_one @ harness.cpp:51) RSP 0x7ffc8ecd9e18 left stack [0xa6,0x7ffc8ecbc000]
[FREE] free(0x5c60fe2bde70) subject=11 at main @ harness.cpp:95
[STACK PIVOT] ip: main+0x2ac1c (main @ harness.cpp:97) RSP 0x7ffc8ecd9e58 left stack [0xa7,0x7ffc8ecbc000]
[STACK PIVOT] ip: main+0x2ac1d (main @ harness.cpp:97) RSP 0x7ffc8ecd9e60 left stack after RET
[FREE:internal] free(0x5c60fe2bc860) subject=7 at erand48_r
[FREE:internal] free(0x5c60fe2bc440) subject=6 at erand48_r
[FREE:internal] free(0x5c60fe2bc020) subject=5 at erand48_r
[UNTRUSTEDPTRDEREF] ip: main+0x2a99e (__do_global_dtors_aux) final_ea: 0x5c60f6b98f58 base: 0x5c60f681c99e pointee: -1 base_vo: -1
[STACK PIVOT] ip: main+0x2a9c4 (__do_global_dtors_aux) RSP 0x7ffc8ecd9d20 left stack after RET
[STACK PIVOT] ip: main+0xfac2c (_fini) RSP 0x7ffc8ecd9d50 left stack after RET
