[INCONSISTENCY mov write reg] ip: main+0x11ee (main @ house_of_mind_fastbin.c:107) co: 5 vo: 5, 5 write 5
[ALLOC:internal] malloc(0x1000) -> 0x766010 subject=6 at _IO_file_doallocate
[ALLOC] malloc(0x1000) -> 0x767020 subject=7 at main @ house_of_mind_fastbin.c:122
[INCONSISTENCY mov write reg] ip: main+0x127b (main @ house_of_mind_fastbin.c:122) co: 5 vo: 5, 5 write 5
[INCONSISTENCY arithmetic -> CROSSBOUNDARY] ip: main+0x128f (main @ house_of_mind_fastbin.c:125) sub rax, 0x10 id before: 7 after: -1 [chunk metadata] value: 0x767010
[ALLOC] malloc(0x1ff00) -> 0x768030 subject=8 at main @ house_of_mind_fastbin.c:146
[ALLOC] malloc(0x1ff00) -> 0x787f40 subject=9 at main @ house_of_mind_fastbin.c:156
[ALLOC] malloc(0x1ff00) -> 0x7a7e50 subject=10 at main @ house_of_mind_fastbin.c:156
[ALLOC] malloc(0x1ff00) -> 0x7c7d60 subject=11 at main @ house_of_mind_fastbin.c:156
[ALLOC] malloc(0x1ff00) -> 0x7e7c70 subject=12 at main @ house_of_mind_fastbin.c:156
[ALLOC] malloc(0x1ff00) -> 0x807b80 subject=13 at main @ house_of_mind_fastbin.c:156
[ALLOC] malloc(0x1ff00) -> 0x827a90 subject=14 at main @ house_of_mind_fastbin.c:156
[ALLOC] malloc(0x1ff00) -> 0x8479a0 subject=15 at main @ house_of_mind_fastbin.c:156
[ALLOC] malloc(0x1ff00) -> 0x8678b0 subject=16 at main @ house_of_mind_fastbin.c:156
[ALLOC] malloc(0x1ff00) -> 0x8877c0 subject=17 at main @ house_of_mind_fastbin.c:156
[ALLOC] malloc(0x1ff00) -> 0x8a76d0 subject=18 at main @ house_of_mind_fastbin.c:156
[ALLOC] malloc(0x1ff00) -> 0x8c75e0 subject=19 at main @ house_of_mind_fastbin.c:156
[ALLOC] malloc(0x1ff00) -> 0x8e74f0 subject=20 at main @ house_of_mind_fastbin.c:156
[ALLOC] malloc(0x1ff00) -> 0x907400 subject=21 at main @ house_of_mind_fastbin.c:156
[ALLOC] malloc(0x1ff00) -> 0x927310 subject=22 at main @ house_of_mind_fastbin.c:156
[ALLOC] malloc(0x1ff00) -> 0x947220 subject=23 at main @ house_of_mind_fastbin.c:156
[ALLOC] malloc(0x1ff00) -> 0x967130 subject=24 at main @ house_of_mind_fastbin.c:156
[ALLOC] malloc(0x1ff00) -> 0x987040 subject=25 at main @ house_of_mind_fastbin.c:156
[ALLOC] malloc(0x1ff00) -> 0x9a6f50 subject=26 at main @ house_of_mind_fastbin.c:156
[ALLOC] malloc(0x1ff00) -> 0x9c6e60 subject=27 at main @ house_of_mind_fastbin.c:156
[ALLOC] malloc(0x1ff00) -> 0x9e6d70 subject=28 at main @ house_of_mind_fastbin.c:156
[ALLOC] malloc(0x1ff00) -> 0xa06c80 subject=29 at main @ house_of_mind_fastbin.c:156
[ALLOC] malloc(0x1ff00) -> 0xa26b90 subject=30 at main @ house_of_mind_fastbin.c:156
[ALLOC] malloc(0x1ff00) -> 0xa46aa0 subject=31 at main @ house_of_mind_fastbin.c:156
[ALLOC] malloc(0x1ff00) -> 0xa669b0 subject=32 at main @ house_of_mind_fastbin.c:156
[ALLOC] malloc(0x1ff00) -> 0xa868c0 subject=33 at main @ house_of_mind_fastbin.c:156
[ALLOC] malloc(0x1ff00) -> 0xaa67d0 subject=34 at main @ house_of_mind_fastbin.c:156
[ALLOC] malloc(0x1ff00) -> 0xac66e0 subject=35 at main @ house_of_mind_fastbin.c:156
[ALLOC] malloc(0x1ff00) -> 0xae65f0 subject=36 at main @ house_of_mind_fastbin.c:156
[ALLOC] malloc(0x1ff00) -> 0xb06500 subject=37 at main @ house_of_mind_fastbin.c:156
[ALLOC] malloc(0x1ff00) -> 0xb26410 subject=38 at main @ house_of_mind_fastbin.c:156
[ALLOC] malloc(0x1ff00) -> 0xb46320 subject=39 at main @ house_of_mind_fastbin.c:156
[ALLOC] malloc(0x1ff00) -> 0xb66230 subject=40 at main @ house_of_mind_fastbin.c:156
[ALLOC] malloc(0x1ff00) -> 0xb86140 subject=41 at main @ house_of_mind_fastbin.c:156
[ALLOC] malloc(0x1ff00) -> 0xba6050 subject=42 at main @ house_of_mind_fastbin.c:156
[ALLOC] malloc(0x1ff00) -> 0xbc5f60 subject=43 at main @ house_of_mind_fastbin.c:156
[ALLOC] malloc(0x1ff00) -> 0xbe5e70 subject=44 at main @ house_of_mind_fastbin.c:156
[ALLOC] malloc(0x1ff00) -> 0xc05d80 subject=45 at main @ house_of_mind_fastbin.c:156
[ALLOC] malloc(0x1ff00) -> 0xc25c90 subject=46 at main @ house_of_mind_fastbin.c:156
[ALLOC] malloc(0x1ff00) -> 0xc45ba0 subject=47 at main @ house_of_mind_fastbin.c:156
[ALLOC] malloc(0x1ff00) -> 0xc65ab0 subject=48 at main @ house_of_mind_fastbin.c:156
[ALLOC] malloc(0x1ff00) -> 0xc859c0 subject=49 at main @ house_of_mind_fastbin.c:156
[ALLOC] malloc(0x1ff00) -> 0xca58d0 subject=50 at main @ house_of_mind_fastbin.c:156
[ALLOC] malloc(0x1ff00) -> 0xcc57e0 subject=51 at main @ house_of_mind_fastbin.c:156
[ALLOC] malloc(0x1ff00) -> 0xce56f0 subject=52 at main @ house_of_mind_fastbin.c:156
[ALLOC] malloc(0x1ff00) -> 0xd05600 subject=53 at main @ house_of_mind_fastbin.c:156
[ALLOC] malloc(0x1ff00) -> 0xd25510 subject=54 at main @ house_of_mind_fastbin.c:156
[ALLOC] malloc(0x1ff00) -> 0xd45420 subject=55 at main @ house_of_mind_fastbin.c:156
[ALLOC] malloc(0x1ff00) -> 0xd65330 subject=56 at main @ house_of_mind_fastbin.c:156
[ALLOC] malloc(0x1ff00) -> 0xd85240 subject=57 at main @ house_of_mind_fastbin.c:156
[ALLOC] malloc(0x1ff00) -> 0xda5150 subject=58 at main @ house_of_mind_fastbin.c:156
[ALLOC] malloc(0x1ff00) -> 0xdc5060 subject=59 at main @ house_of_mind_fastbin.c:156
[ALLOC] malloc(0x1ff00) -> 0xde4f70 subject=60 at main @ house_of_mind_fastbin.c:156
[ALLOC] malloc(0x1ff00) -> 0xe04e80 subject=61 at main @ house_of_mind_fastbin.c:156
[ALLOC] malloc(0x1ff00) -> 0xe24d90 subject=62 at main @ house_of_mind_fastbin.c:156
[ALLOC] malloc(0x1ff00) -> 0xe44ca0 subject=63 at main @ house_of_mind_fastbin.c:156
[ALLOC] malloc(0x1ff00) -> 0xe64bb0 subject=64 at main @ house_of_mind_fastbin.c:156
[ALLOC] malloc(0x1ff00) -> 0xe84ac0 subject=65 at main @ house_of_mind_fastbin.c:156
[ALLOC] malloc(0x1ff00) -> 0xea49d0 subject=66 at main @ house_of_mind_fastbin.c:156
[ALLOC] malloc(0x1ff00) -> 0xec48e0 subject=67 at main @ house_of_mind_fastbin.c:156
[ALLOC] malloc(0x1ff00) -> 0xee47f0 subject=68 at main @ house_of_mind_fastbin.c:156
[ALLOC] malloc(0x1ff00) -> 0xf04700 subject=69 at main @ house_of_mind_fastbin.c:156
[ALLOC] malloc(0x1ff00) -> 0xf24610 subject=70 at main @ house_of_mind_fastbin.c:156
[ALLOC] malloc(0x1ff00) -> 0xf44520 subject=71 at main @ house_of_mind_fastbin.c:156
[ALLOC] malloc(0x1ff00) -> 0xf64430 subject=72 at main @ house_of_mind_fastbin.c:156
[ALLOC] malloc(0x1ff00) -> 0xf84340 subject=73 at main @ house_of_mind_fastbin.c:156
[ALLOC] malloc(0x1ff00) -> 0xfa4250 subject=74 at main @ house_of_mind_fastbin.c:156
[ALLOC] malloc(0x1ff00) -> 0xfc4160 subject=75 at main @ house_of_mind_fastbin.c:156
[ALLOC] malloc(0x1ff00) -> 0xfe4070 subject=76 at main @ house_of_mind_fastbin.c:156
[ALLOC] malloc(0x1ff00) -> 0x1003f80 subject=77 at main @ house_of_mind_fastbin.c:156
[ALLOC] malloc(0x1ff00) -> 0x1023e90 subject=78 at main @ house_of_mind_fastbin.c:156
[ALLOC] malloc(0x1ff00) -> 0x1043da0 subject=79 at main @ house_of_mind_fastbin.c:156
[ALLOC] malloc(0x1ff00) -> 0x1063cb0 subject=80 at main @ house_of_mind_fastbin.c:156
[ALLOC] malloc(0x1ff00) -> 0x1083bc0 subject=81 at main @ house_of_mind_fastbin.c:156
[ALLOC] malloc(0x1ff00) -> 0x10a3ad0 subject=82 at main @ house_of_mind_fastbin.c:156
[ALLOC] malloc(0x1ff00) -> 0x10c39e0 subject=83 at main @ house_of_mind_fastbin.c:156
[ALLOC] malloc(0x1ff00) -> 0x10e38f0 subject=84 at main @ house_of_mind_fastbin.c:156
[ALLOC] malloc(0x1ff00) -> 0x1103800 subject=85 at main @ house_of_mind_fastbin.c:156
[ALLOC] malloc(0x1ff00) -> 0x1123710 subject=86 at main @ house_of_mind_fastbin.c:156
[ALLOC] malloc(0x1ff00) -> 0x1143620 subject=87 at main @ house_of_mind_fastbin.c:156
[ALLOC] malloc(0x1ff00) -> 0x1163530 subject=88 at main @ house_of_mind_fastbin.c:156
[ALLOC] malloc(0x1ff00) -> 0x1183440 subject=89 at main @ house_of_mind_fastbin.c:156
[ALLOC] malloc(0x1ff00) -> 0x11a3350 subject=90 at main @ house_of_mind_fastbin.c:156
[ALLOC] malloc(0x1ff00) -> 0x11c3260 subject=91 at main @ house_of_mind_fastbin.c:156
[ALLOC] malloc(0x1ff00) -> 0x11e3170 subject=92 at main @ house_of_mind_fastbin.c:156
[ALLOC] malloc(0x1ff00) -> 0x1203080 subject=93 at main @ house_of_mind_fastbin.c:156
[ALLOC] malloc(0x1ff00) -> 0x1222f90 subject=94 at main @ house_of_mind_fastbin.c:156
[ALLOC] malloc(0x1ff00) -> 0x1242ea0 subject=95 at main @ house_of_mind_fastbin.c:156
[ALLOC] malloc(0x1ff00) -> 0x1262db0 subject=96 at main @ house_of_mind_fastbin.c:156
[ALLOC] malloc(0x1ff00) -> 0x1282cc0 subject=97 at main @ house_of_mind_fastbin.c:156
[ALLOC] malloc(0x1ff00) -> 0x12a2bd0 subject=98 at main @ house_of_mind_fastbin.c:156
[ALLOC] malloc(0x1ff00) -> 0x12c2ae0 subject=99 at main @ house_of_mind_fastbin.c:156
[ALLOC] malloc(0x1ff00) -> 0x12e29f0 subject=100 at main @ house_of_mind_fastbin.c:156
[ALLOC] malloc(0x1ff00) -> 0x1302900 subject=101 at main @ house_of_mind_fastbin.c:156
[ALLOC] malloc(0x1ff00) -> 0x1322810 subject=102 at main @ house_of_mind_fastbin.c:156
[ALLOC] malloc(0x1ff00) -> 0x1342720 subject=103 at main @ house_of_mind_fastbin.c:156
[ALLOC] malloc(0x1ff00) -> 0x1362630 subject=104 at main @ house_of_mind_fastbin.c:156
[ALLOC] malloc(0x1ff00) -> 0x1382540 subject=105 at main @ house_of_mind_fastbin.c:156
[ALLOC] malloc(0x1ff00) -> 0x13a2450 subject=106 at main @ house_of_mind_fastbin.c:156
[ALLOC] malloc(0x1ff00) -> 0x13c2360 subject=107 at main @ house_of_mind_fastbin.c:156
[ALLOC] malloc(0x1ff00) -> 0x13e2270 subject=108 at main @ house_of_mind_fastbin.c:156
[ALLOC] malloc(0x1ff00) -> 0x1402180 subject=109 at main @ house_of_mind_fastbin.c:156
[ALLOC] malloc(0x1ff00) -> 0x1422090 subject=110 at main @ house_of_mind_fastbin.c:156
[ALLOC] malloc(0x1ff00) -> 0x1441fa0 subject=111 at main @ house_of_mind_fastbin.c:156
[ALLOC] malloc(0x1ff00) -> 0x1461eb0 subject=112 at main @ house_of_mind_fastbin.c:156
[ALLOC] malloc(0x1ff00) -> 0x1481dc0 subject=113 at main @ house_of_mind_fastbin.c:156
[ALLOC] malloc(0x1ff00) -> 0x14a1cd0 subject=114 at main @ house_of_mind_fastbin.c:156
[ALLOC] malloc(0x1ff00) -> 0x14c1be0 subject=115 at main @ house_of_mind_fastbin.c:156
[ALLOC] malloc(0x1ff00) -> 0x14e1af0 subject=116 at main @ house_of_mind_fastbin.c:156
[ALLOC] malloc(0x1ff00) -> 0x1501a00 subject=117 at main @ house_of_mind_fastbin.c:156
[ALLOC] malloc(0x1ff00) -> 0x1521910 subject=118 at main @ house_of_mind_fastbin.c:156
[ALLOC] malloc(0x1ff00) -> 0x1541820 subject=119 at main @ house_of_mind_fastbin.c:156
[ALLOC] malloc(0x1ff00) -> 0x1561730 subject=120 at main @ house_of_mind_fastbin.c:156
[ALLOC] malloc(0x1ff00) -> 0x1581640 subject=121 at main @ house_of_mind_fastbin.c:156
[ALLOC] malloc(0x1ff00) -> 0x15a1550 subject=122 at main @ house_of_mind_fastbin.c:156
[ALLOC] malloc(0x1ff00) -> 0x15c1460 subject=123 at main @ house_of_mind_fastbin.c:156
[ALLOC] malloc(0x1ff00) -> 0x15e1370 subject=124 at main @ house_of_mind_fastbin.c:156
[ALLOC] malloc(0x1ff00) -> 0x1601280 subject=125 at main @ house_of_mind_fastbin.c:156
[ALLOC] malloc(0x1ff00) -> 0x1621190 subject=126 at main @ house_of_mind_fastbin.c:156
[ALLOC] malloc(0x1ff00) -> 0x16410a0 subject=127 at main @ house_of_mind_fastbin.c:156
[ALLOC] malloc(0x1ff00) -> 0x1660fb0 subject=128 at main @ house_of_mind_fastbin.c:156
[ALLOC] malloc(0x1ff00) -> 0x1680ec0 subject=129 at main @ house_of_mind_fastbin.c:156
[ALLOC] malloc(0x1ff00) -> 0x16a0dd0 subject=130 at main @ house_of_mind_fastbin.c:156
[ALLOC] malloc(0x1ff00) -> 0x16c0ce0 subject=131 at main @ house_of_mind_fastbin.c:156
[ALLOC] malloc(0x1ff00) -> 0x16e0bf0 subject=132 at main @ house_of_mind_fastbin.c:156
[ALLOC] malloc(0x1ff00) -> 0x1700b00 subject=133 at main @ house_of_mind_fastbin.c:156
[ALLOC] malloc(0x1ff00) -> 0x1720a10 subject=134 at main @ house_of_mind_fastbin.c:156
[ALLOC] malloc(0x1ff00) -> 0x1740920 subject=135 at main @ house_of_mind_fastbin.c:156
[ALLOC] malloc(0x1ff00) -> 0x1760830 subject=136 at main @ house_of_mind_fastbin.c:156
[ALLOC] malloc(0x1ff00) -> 0x1780740 subject=137 at main @ house_of_mind_fastbin.c:156
[ALLOC] malloc(0x1ff00) -> 0x17a0650 subject=138 at main @ house_of_mind_fastbin.c:156
[ALLOC] malloc(0x1ff00) -> 0x17c0560 subject=139 at main @ house_of_mind_fastbin.c:156
[ALLOC] malloc(0x1ff00) -> 0x17e0470 subject=140 at main @ house_of_mind_fastbin.c:156
[ALLOC] malloc(0x1ff00) -> 0x1800380 subject=141 at main @ house_of_mind_fastbin.c:156
[ALLOC] malloc(0x1ff00) -> 0x1820290 subject=142 at main @ house_of_mind_fastbin.c:156
[ALLOC] malloc(0x1ff00) -> 0x18401a0 subject=143 at main @ house_of_mind_fastbin.c:156
[ALLOC] malloc(0x1ff00) -> 0x18600b0 subject=144 at main @ house_of_mind_fastbin.c:156
[ALLOC] malloc(0x1ff00) -> 0x187ffc0 subject=145 at main @ house_of_mind_fastbin.c:156
[ALLOC] malloc(0x1ff00) -> 0x189fed0 subject=146 at main @ house_of_mind_fastbin.c:156
[ALLOC] malloc(0x1ff00) -> 0x18bfde0 subject=147 at main @ house_of_mind_fastbin.c:156
[ALLOC] malloc(0x1ff00) -> 0x18dfcf0 subject=148 at main @ house_of_mind_fastbin.c:156
[ALLOC] malloc(0x1ff00) -> 0x18ffc00 subject=149 at main @ house_of_mind_fastbin.c:156
[ALLOC] malloc(0x1ff00) -> 0x191fb10 subject=150 at main @ house_of_mind_fastbin.c:156
[ALLOC] malloc(0x1ff00) -> 0x193fa20 subject=151 at main @ house_of_mind_fastbin.c:156
[ALLOC] malloc(0x1ff00) -> 0x195f930 subject=152 at main @ house_of_mind_fastbin.c:156
[ALLOC] malloc(0x1ff00) -> 0x197f840 subject=153 at main @ house_of_mind_fastbin.c:156
[ALLOC] malloc(0x1ff00) -> 0x199f750 subject=154 at main @ house_of_mind_fastbin.c:156
[ALLOC] malloc(0x1ff00) -> 0x19bf660 subject=155 at main @ house_of_mind_fastbin.c:156
[ALLOC] malloc(0x1ff00) -> 0x19df570 subject=156 at main @ house_of_mind_fastbin.c:156
[ALLOC] malloc(0x1ff00) -> 0x19ff480 subject=157 at main @ house_of_mind_fastbin.c:156
[ALLOC] malloc(0x1ff00) -> 0x1a1f390 subject=158 at main @ house_of_mind_fastbin.c:156
[ALLOC] malloc(0x1ff00) -> 0x1a3f2a0 subject=159 at main @ house_of_mind_fastbin.c:156
[ALLOC] malloc(0x1ff00) -> 0x1a5f1b0 subject=160 at main @ house_of_mind_fastbin.c:156
[ALLOC] malloc(0x1ff00) -> 0x1a7f0c0 subject=161 at main @ house_of_mind_fastbin.c:156
[ALLOC] malloc(0x1ff00) -> 0x1a9efd0 subject=162 at main @ house_of_mind_fastbin.c:156
[ALLOC] malloc(0x1ff00) -> 0x1abeee0 subject=163 at main @ house_of_mind_fastbin.c:156
[ALLOC] malloc(0x1ff00) -> 0x1adedf0 subject=164 at main @ house_of_mind_fastbin.c:156
[ALLOC] malloc(0x1ff00) -> 0x1afed00 subject=165 at main @ house_of_mind_fastbin.c:156
[ALLOC] malloc(0x1ff00) -> 0x1b1ec10 subject=166 at main @ house_of_mind_fastbin.c:156
[ALLOC] malloc(0x1ff00) -> 0x1b3eb20 subject=167 at main @ house_of_mind_fastbin.c:156
[ALLOC] malloc(0x1ff00) -> 0x1b5ea30 subject=168 at main @ house_of_mind_fastbin.c:156
[ALLOC] malloc(0x1ff00) -> 0x1b7e940 subject=169 at main @ house_of_mind_fastbin.c:156
[ALLOC] malloc(0x1ff00) -> 0x1b9e850 subject=170 at main @ house_of_mind_fastbin.c:156
[ALLOC] malloc(0x1ff00) -> 0x1bbe760 subject=171 at main @ house_of_mind_fastbin.c:156
[ALLOC] malloc(0x1ff00) -> 0x1bde670 subject=172 at main @ house_of_mind_fastbin.c:156
[ALLOC] malloc(0x1ff00) -> 0x1bfe580 subject=173 at main @ house_of_mind_fastbin.c:156
[ALLOC] malloc(0x1ff00) -> 0x1c1e490 subject=174 at main @ house_of_mind_fastbin.c:156
[ALLOC] malloc(0x1ff00) -> 0x1c3e3a0 subject=175 at main @ house_of_mind_fastbin.c:156
[ALLOC] malloc(0x1ff00) -> 0x1c5e2b0 subject=176 at main @ house_of_mind_fastbin.c:156
[ALLOC] malloc(0x1ff00) -> 0x1c7e1c0 subject=177 at main @ house_of_mind_fastbin.c:156
[ALLOC] malloc(0x1ff00) -> 0x1c9e0d0 subject=178 at main @ house_of_mind_fastbin.c:156
[ALLOC] malloc(0x1ff00) -> 0x1cbdfe0 subject=179 at main @ house_of_mind_fastbin.c:156
[ALLOC] malloc(0x1ff00) -> 0x1cddef0 subject=180 at main @ house_of_mind_fastbin.c:156
[ALLOC] malloc(0x1ff00) -> 0x1cfde00 subject=181 at main @ house_of_mind_fastbin.c:156
[ALLOC] malloc(0x1ff00) -> 0x1d1dd10 subject=182 at main @ house_of_mind_fastbin.c:156
[ALLOC] malloc(0x1ff00) -> 0x1d3dc20 subject=183 at main @ house_of_mind_fastbin.c:156
[ALLOC] malloc(0x1ff00) -> 0x1d5db30 subject=184 at main @ house_of_mind_fastbin.c:156
[ALLOC] malloc(0x1ff00) -> 0x1d7da40 subject=185 at main @ house_of_mind_fastbin.c:156
[ALLOC] malloc(0x1ff00) -> 0x1d9d950 subject=186 at main @ house_of_mind_fastbin.c:156
[ALLOC] malloc(0x1ff00) -> 0x1dbd860 subject=187 at main @ house_of_mind_fastbin.c:156
[ALLOC] malloc(0x1ff00) -> 0x1ddd770 subject=188 at main @ house_of_mind_fastbin.c:156
[ALLOC] malloc(0x1ff00) -> 0x1dfd680 subject=189 at main @ house_of_mind_fastbin.c:156
[ALLOC] malloc(0x1ff00) -> 0x1e1d590 subject=190 at main @ house_of_mind_fastbin.c:156
[ALLOC] malloc(0x1ff00) -> 0x1e3d4a0 subject=191 at main @ house_of_mind_fastbin.c:156
[ALLOC] malloc(0x1ff00) -> 0x1e5d3b0 subject=192 at main @ house_of_mind_fastbin.c:156
[ALLOC] malloc(0x1ff00) -> 0x1e7d2c0 subject=193 at main @ house_of_mind_fastbin.c:156
[ALLOC] malloc(0x1ff00) -> 0x1e9d1d0 subject=194 at main @ house_of_mind_fastbin.c:156
[ALLOC] malloc(0x1ff00) -> 0x1ebd0e0 subject=195 at main @ house_of_mind_fastbin.c:156
[ALLOC] malloc(0x1ff00) -> 0x1edcff0 subject=196 at main @ house_of_mind_fastbin.c:156
[ALLOC] malloc(0x1ff00) -> 0x1efcf00 subject=197 at main @ house_of_mind_fastbin.c:156
[ALLOC] malloc(0x1ff00) -> 0x1f1ce10 subject=198 at main @ house_of_mind_fastbin.c:156
[ALLOC] malloc(0x1ff00) -> 0x1f3cd20 subject=199 at main @ house_of_mind_fastbin.c:156
[ALLOC] malloc(0x1ff00) -> 0x1f5cc30 subject=200 at main @ house_of_mind_fastbin.c:156
[ALLOC] malloc(0x1ff00) -> 0x1f7cb40 subject=201 at main @ house_of_mind_fastbin.c:156
[ALLOC] malloc(0x1ff00) -> 0x1f9ca50 subject=202 at main @ house_of_mind_fastbin.c:156
[ALLOC] malloc(0x1ff00) -> 0x1fbc960 subject=203 at main @ house_of_mind_fastbin.c:156
[ALLOC] malloc(0x1ff00) -> 0x1fdc870 subject=204 at main @ house_of_mind_fastbin.c:156
[ALLOC] malloc(0x1ff00) -> 0x1ffc780 subject=205 at main @ house_of_mind_fastbin.c:156
[ALLOC] malloc(0x1ff00) -> 0x201c690 subject=206 at main @ house_of_mind_fastbin.c:156
[ALLOC] malloc(0x1ff00) -> 0x203c5a0 subject=207 at main @ house_of_mind_fastbin.c:156
[ALLOC] malloc(0x1ff00) -> 0x205c4b0 subject=208 at main @ house_of_mind_fastbin.c:156
[ALLOC] malloc(0x1ff00) -> 0x207c3c0 subject=209 at main @ house_of_mind_fastbin.c:156
[ALLOC] malloc(0x1ff00) -> 0x209c2d0 subject=210 at main @ house_of_mind_fastbin.c:156
[ALLOC] malloc(0x1ff00) -> 0x20bc1e0 subject=211 at main @ house_of_mind_fastbin.c:156
[ALLOC] malloc(0x1ff00) -> 0x20dc0f0 subject=212 at main @ house_of_mind_fastbin.c:156
[ALLOC] malloc(0x1ff00) -> 0x20fc000 subject=213 at main @ house_of_mind_fastbin.c:156
[ALLOC] malloc(0x1ff00) -> 0x211bf10 subject=214 at main @ house_of_mind_fastbin.c:156
[ALLOC] malloc(0x1ff00) -> 0x213be20 subject=215 at main @ house_of_mind_fastbin.c:156
[ALLOC] malloc(0x1ff00) -> 0x215bd30 subject=216 at main @ house_of_mind_fastbin.c:156
[ALLOC] malloc(0x1ff00) -> 0x217bc40 subject=217 at main @ house_of_mind_fastbin.c:156
[ALLOC] malloc(0x1ff00) -> 0x219bb50 subject=218 at main @ house_of_mind_fastbin.c:156
[ALLOC] malloc(0x1ff00) -> 0x21bba60 subject=219 at main @ house_of_mind_fastbin.c:156
[ALLOC] malloc(0x1ff00) -> 0x21db970 subject=220 at main @ house_of_mind_fastbin.c:156
[ALLOC] malloc(0x1ff00) -> 0x21fb880 subject=221 at main @ house_of_mind_fastbin.c:156
[ALLOC] malloc(0x1ff00) -> 0x221b790 subject=222 at main @ house_of_mind_fastbin.c:156
[ALLOC] malloc(0x1ff00) -> 0x223b6a0 subject=223 at main @ house_of_mind_fastbin.c:156
[ALLOC] malloc(0x1ff00) -> 0x225b5b0 subject=224 at main @ house_of_mind_fastbin.c:156
[ALLOC] malloc(0x1ff00) -> 0x227b4c0 subject=225 at main @ house_of_mind_fastbin.c:156
[ALLOC] malloc(0x1ff00) -> 0x229b3d0 subject=226 at main @ house_of_mind_fastbin.c:156
[ALLOC] malloc(0x1ff00) -> 0x22bb2e0 subject=227 at main @ house_of_mind_fastbin.c:156
[ALLOC] malloc(0x1ff00) -> 0x22db1f0 subject=228 at main @ house_of_mind_fastbin.c:156
[ALLOC] malloc(0x1ff00) -> 0x22fb100 subject=229 at main @ house_of_mind_fastbin.c:156
[ALLOC] malloc(0x1ff00) -> 0x231b010 subject=230 at main @ house_of_mind_fastbin.c:156
[ALLOC] malloc(0x1ff00) -> 0x233af20 subject=231 at main @ house_of_mind_fastbin.c:156
[ALLOC] malloc(0x1ff00) -> 0x235ae30 subject=232 at main @ house_of_mind_fastbin.c:156
[ALLOC] malloc(0x1ff00) -> 0x237ad40 subject=233 at main @ house_of_mind_fastbin.c:156
[ALLOC] malloc(0x1ff00) -> 0x239ac50 subject=234 at main @ house_of_mind_fastbin.c:156
[ALLOC] malloc(0x1ff00) -> 0x23bab60 subject=235 at main @ house_of_mind_fastbin.c:156
[ALLOC] malloc(0x1ff00) -> 0x23daa70 subject=236 at main @ house_of_mind_fastbin.c:156
[ALLOC] malloc(0x1ff00) -> 0x23fa980 subject=237 at main @ house_of_mind_fastbin.c:156
[ALLOC] malloc(0x1ff00) -> 0x241a890 subject=238 at main @ house_of_mind_fastbin.c:156
[ALLOC] malloc(0x1ff00) -> 0x243a7a0 subject=239 at main @ house_of_mind_fastbin.c:156
[ALLOC] malloc(0x1ff00) -> 0x245a6b0 subject=240 at main @ house_of_mind_fastbin.c:156
[ALLOC] malloc(0x1ff00) -> 0x247a5c0 subject=241 at main @ house_of_mind_fastbin.c:156
[ALLOC] malloc(0x1ff00) -> 0x249a4d0 subject=242 at main @ house_of_mind_fastbin.c:156
[ALLOC] malloc(0x1ff00) -> 0x24ba3e0 subject=243 at main @ house_of_mind_fastbin.c:156
[ALLOC] malloc(0x1ff00) -> 0x24da2f0 subject=244 at main @ house_of_mind_fastbin.c:156
[ALLOC] malloc(0x1ff00) -> 0x24fa200 subject=245 at main @ house_of_mind_fastbin.c:156
[ALLOC] malloc(0x1ff00) -> 0x251a110 subject=246 at main @ house_of_mind_fastbin.c:156
[ALLOC] malloc(0x1ff00) -> 0x253a020 subject=247 at main @ house_of_mind_fastbin.c:156
[ALLOC] malloc(0x1ff00) -> 0x2559f30 subject=248 at main @ house_of_mind_fastbin.c:156
[ALLOC] malloc(0x1ff00) -> 0x2579e40 subject=249 at main @ house_of_mind_fastbin.c:156
[ALLOC] malloc(0x1ff00) -> 0x2599d50 subject=250 at main @ house_of_mind_fastbin.c:156
[ALLOC] malloc(0x1ff00) -> 0x25b9c60 subject=251 at main @ house_of_mind_fastbin.c:156
[ALLOC] malloc(0x1ff00) -> 0x25d9b70 subject=252 at main @ house_of_mind_fastbin.c:156
[ALLOC] malloc(0x1ff00) -> 0x25f9a80 subject=253 at main @ house_of_mind_fastbin.c:156
[ALLOC] malloc(0x1ff00) -> 0x2619990 subject=254 at main @ house_of_mind_fastbin.c:156
[ALLOC] malloc(0x1ff00) -> 0x26398a0 subject=255 at main @ house_of_mind_fastbin.c:156
[ALLOC] malloc(0x1ff00) -> 0x26597b0 subject=256 at main @ house_of_mind_fastbin.c:156
[ALLOC] malloc(0x1ff00) -> 0x26796c0 subject=257 at main @ house_of_mind_fastbin.c:156
[ALLOC] malloc(0x1ff00) -> 0x26995d0 subject=258 at main @ house_of_mind_fastbin.c:156
[ALLOC] malloc(0x1ff00) -> 0x26b94e0 subject=259 at main @ house_of_mind_fastbin.c:156
[ALLOC] malloc(0x1ff00) -> 0x26d93f0 subject=260 at main @ house_of_mind_fastbin.c:156
[ALLOC] malloc(0x1ff00) -> 0x26f9300 subject=261 at main @ house_of_mind_fastbin.c:156
[ALLOC] malloc(0x1ff00) -> 0x2719210 subject=262 at main @ house_of_mind_fastbin.c:156
[ALLOC] malloc(0x1ff00) -> 0x2739120 subject=263 at main @ house_of_mind_fastbin.c:156
[ALLOC] malloc(0x1ff00) -> 0x2759030 subject=264 at main @ house_of_mind_fastbin.c:156
[ALLOC] malloc(0x1ff00) -> 0x2778f40 subject=265 at main @ house_of_mind_fastbin.c:156
[ALLOC] malloc(0x1ff00) -> 0x2798e50 subject=266 at main @ house_of_mind_fastbin.c:156
[ALLOC] malloc(0x1ff00) -> 0x27b8d60 subject=267 at main @ house_of_mind_fastbin.c:156
[ALLOC] malloc(0x1ff00) -> 0x27d8c70 subject=268 at main @ house_of_mind_fastbin.c:156
[ALLOC] malloc(0x1ff00) -> 0x27f8b80 subject=269 at main @ house_of_mind_fastbin.c:156
[ALLOC] malloc(0x1ff00) -> 0x2818a90 subject=270 at main @ house_of_mind_fastbin.c:156
[ALLOC] malloc(0x1ff00) -> 0x28389a0 subject=271 at main @ house_of_mind_fastbin.c:156
[ALLOC] malloc(0x1ff00) -> 0x28588b0 subject=272 at main @ house_of_mind_fastbin.c:156
[ALLOC] malloc(0x1ff00) -> 0x28787c0 subject=273 at main @ house_of_mind_fastbin.c:156
[ALLOC] malloc(0x1ff00) -> 0x28986d0 subject=274 at main @ house_of_mind_fastbin.c:156
[ALLOC] malloc(0x1ff00) -> 0x28b85e0 subject=275 at main @ house_of_mind_fastbin.c:156
[ALLOC] malloc(0x1ff00) -> 0x28d84f0 subject=276 at main @ house_of_mind_fastbin.c:156
[ALLOC] malloc(0x1ff00) -> 0x28f8400 subject=277 at main @ house_of_mind_fastbin.c:156
[ALLOC] malloc(0x1ff00) -> 0x2918310 subject=278 at main @ house_of_mind_fastbin.c:156
[ALLOC] malloc(0x1ff00) -> 0x2938220 subject=279 at main @ house_of_mind_fastbin.c:156
[ALLOC] malloc(0x1ff00) -> 0x2958130 subject=280 at main @ house_of_mind_fastbin.c:156
[ALLOC] malloc(0x1ff00) -> 0x2978040 subject=281 at main @ house_of_mind_fastbin.c:156
[ALLOC] malloc(0x1ff00) -> 0x2997f50 subject=282 at main @ house_of_mind_fastbin.c:156
[ALLOC] malloc(0x1ff00) -> 0x29b7e60 subject=283 at main @ house_of_mind_fastbin.c:156
[ALLOC] malloc(0x1ff00) -> 0x29d7d70 subject=284 at main @ house_of_mind_fastbin.c:156
[ALLOC] malloc(0x1ff00) -> 0x29f7c80 subject=285 at main @ house_of_mind_fastbin.c:156
[ALLOC] malloc(0x1ff00) -> 0x2a17b90 subject=286 at main @ house_of_mind_fastbin.c:156
[ALLOC] malloc(0x1ff00) -> 0x2a37aa0 subject=287 at main @ house_of_mind_fastbin.c:156
[ALLOC] malloc(0x1ff00) -> 0x2a579b0 subject=288 at main @ house_of_mind_fastbin.c:156
[ALLOC] malloc(0x1ff00) -> 0x2a778c0 subject=289 at main @ house_of_mind_fastbin.c:156
[ALLOC] malloc(0x1ff00) -> 0x2a977d0 subject=290 at main @ house_of_mind_fastbin.c:156
[ALLOC] malloc(0x1ff00) -> 0x2ab76e0 subject=291 at main @ house_of_mind_fastbin.c:156
[ALLOC] malloc(0x1ff00) -> 0x2ad75f0 subject=292 at main @ house_of_mind_fastbin.c:156
[ALLOC] malloc(0x1ff00) -> 0x2af7500 subject=293 at main @ house_of_mind_fastbin.c:156
[ALLOC] malloc(0x1ff00) -> 0x2b17410 subject=294 at main @ house_of_mind_fastbin.c:156
[ALLOC] malloc(0x1ff00) -> 0x2b37320 subject=295 at main @ house_of_mind_fastbin.c:156
[ALLOC] malloc(0x1ff00) -> 0x2b57230 subject=296 at main @ house_of_mind_fastbin.c:156
[ALLOC] malloc(0x1ff00) -> 0x2b77140 subject=297 at main @ house_of_mind_fastbin.c:156
[ALLOC] malloc(0x1ff00) -> 0x2b97050 subject=298 at main @ house_of_mind_fastbin.c:156
[ALLOC] malloc(0x1ff00) -> 0x2bb6f60 subject=299 at main @ house_of_mind_fastbin.c:156
[ALLOC] malloc(0x1ff00) -> 0x2bd6e70 subject=300 at main @ house_of_mind_fastbin.c:156
[ALLOC] malloc(0x1ff00) -> 0x2bf6d80 subject=301 at main @ house_of_mind_fastbin.c:156
[ALLOC] malloc(0x1ff00) -> 0x2c16c90 subject=302 at main @ house_of_mind_fastbin.c:156
[ALLOC] malloc(0x1ff00) -> 0x2c36ba0 subject=303 at main @ house_of_mind_fastbin.c:156
[ALLOC] malloc(0x1ff00) -> 0x2c56ab0 subject=304 at main @ house_of_mind_fastbin.c:156
[ALLOC] malloc(0x1ff00) -> 0x2c769c0 subject=305 at main @ house_of_mind_fastbin.c:156
[ALLOC] malloc(0x1ff00) -> 0x2c968d0 subject=306 at main @ house_of_mind_fastbin.c:156
[ALLOC] malloc(0x1ff00) -> 0x2cb67e0 subject=307 at main @ house_of_mind_fastbin.c:156
[ALLOC] malloc(0x1ff00) -> 0x2cd66f0 subject=308 at main @ house_of_mind_fastbin.c:156
[ALLOC] malloc(0x1ff00) -> 0x2cf6600 subject=309 at main @ house_of_mind_fastbin.c:156
[ALLOC] malloc(0x1ff00) -> 0x2d16510 subject=310 at main @ house_of_mind_fastbin.c:156
[ALLOC] malloc(0x1ff00) -> 0x2d36420 subject=311 at main @ house_of_mind_fastbin.c:156
[ALLOC] malloc(0x1ff00) -> 0x2d56330 subject=312 at main @ house_of_mind_fastbin.c:156
[ALLOC] malloc(0x1ff00) -> 0x2d76240 subject=313 at main @ house_of_mind_fastbin.c:156
[ALLOC] malloc(0x1ff00) -> 0x2d96150 subject=314 at main @ house_of_mind_fastbin.c:156
[ALLOC] malloc(0x1ff00) -> 0x2db6060 subject=315 at main @ house_of_mind_fastbin.c:156
[ALLOC] malloc(0x1ff00) -> 0x2dd5f70 subject=316 at main @ house_of_mind_fastbin.c:156
[ALLOC] malloc(0x1ff00) -> 0x2df5e80 subject=317 at main @ house_of_mind_fastbin.c:156
[ALLOC] malloc(0x1ff00) -> 0x2e15d90 subject=318 at main @ house_of_mind_fastbin.c:156
[ALLOC] malloc(0x1ff00) -> 0x2e35ca0 subject=319 at main @ house_of_mind_fastbin.c:156
[ALLOC] malloc(0x1ff00) -> 0x2e55bb0 subject=320 at main @ house_of_mind_fastbin.c:156
[ALLOC] malloc(0x1ff00) -> 0x2e75ac0 subject=321 at main @ house_of_mind_fastbin.c:156
[ALLOC] malloc(0x1ff00) -> 0x2e959d0 subject=322 at main @ house_of_mind_fastbin.c:156
[ALLOC] malloc(0x1ff00) -> 0x2eb58e0 subject=323 at main @ house_of_mind_fastbin.c:156
[ALLOC] malloc(0x1ff00) -> 0x2ed57f0 subject=324 at main @ house_of_mind_fastbin.c:156
[ALLOC] malloc(0x1ff00) -> 0x2ef5700 subject=325 at main @ house_of_mind_fastbin.c:156
[ALLOC] malloc(0x1ff00) -> 0x2f15610 subject=326 at main @ house_of_mind_fastbin.c:156
[ALLOC] malloc(0x1ff00) -> 0x2f35520 subject=327 at main @ house_of_mind_fastbin.c:156
[ALLOC] malloc(0x1ff00) -> 0x2f55430 subject=328 at main @ house_of_mind_fastbin.c:156
[ALLOC] malloc(0x1ff00) -> 0x2f75340 subject=329 at main @ house_of_mind_fastbin.c:156
[ALLOC] malloc(0x1ff00) -> 0x2f95250 subject=330 at main @ house_of_mind_fastbin.c:156
[ALLOC] malloc(0x1ff00) -> 0x2fb5160 subject=331 at main @ house_of_mind_fastbin.c:156
[ALLOC] malloc(0x1ff00) -> 0x2fd5070 subject=332 at main @ house_of_mind_fastbin.c:156
[ALLOC] malloc(0x1ff00) -> 0x2ff4f80 subject=333 at main @ house_of_mind_fastbin.c:156
[ALLOC] malloc(0x1ff00) -> 0x3014e90 subject=334 at main @ house_of_mind_fastbin.c:156
[ALLOC] malloc(0x1ff00) -> 0x3034da0 subject=335 at main @ house_of_mind_fastbin.c:156
[ALLOC] malloc(0x1ff00) -> 0x3054cb0 subject=336 at main @ house_of_mind_fastbin.c:156
[ALLOC] malloc(0x1ff00) -> 0x3074bc0 subject=337 at main @ house_of_mind_fastbin.c:156
[ALLOC] malloc(0x1ff00) -> 0x3094ad0 subject=338 at main @ house_of_mind_fastbin.c:156
[ALLOC] malloc(0x1ff00) -> 0x30b49e0 subject=339 at main @ house_of_mind_fastbin.c:156
[ALLOC] malloc(0x1ff00) -> 0x30d48f0 subject=340 at main @ house_of_mind_fastbin.c:156
[ALLOC] malloc(0x1ff00) -> 0x30f4800 subject=341 at main @ house_of_mind_fastbin.c:156
[ALLOC] malloc(0x1ff00) -> 0x3114710 subject=342 at main @ house_of_mind_fastbin.c:156
[ALLOC] malloc(0x1ff00) -> 0x3134620 subject=343 at main @ house_of_mind_fastbin.c:156
[ALLOC] malloc(0x1ff00) -> 0x3154530 subject=344 at main @ house_of_mind_fastbin.c:156
[ALLOC] malloc(0x1ff00) -> 0x3174440 subject=345 at main @ house_of_mind_fastbin.c:156
[ALLOC] malloc(0x1ff00) -> 0x3194350 subject=346 at main @ house_of_mind_fastbin.c:156
[ALLOC] malloc(0x1ff00) -> 0x31b4260 subject=347 at main @ house_of_mind_fastbin.c:156
[ALLOC] malloc(0x1ff00) -> 0x31d4170 subject=348 at main @ house_of_mind_fastbin.c:156
[ALLOC] malloc(0x1ff00) -> 0x31f4080 subject=349 at main @ house_of_mind_fastbin.c:156
[ALLOC] malloc(0x1ff00) -> 0x3213f90 subject=350 at main @ house_of_mind_fastbin.c:156
[ALLOC] malloc(0x1ff00) -> 0x3233ea0 subject=351 at main @ house_of_mind_fastbin.c:156
[ALLOC] malloc(0x1ff00) -> 0x3253db0 subject=352 at main @ house_of_mind_fastbin.c:156
[ALLOC] malloc(0x1ff00) -> 0x3273cc0 subject=353 at main @ house_of_mind_fastbin.c:156
[ALLOC] malloc(0x1ff00) -> 0x3293bd0 subject=354 at main @ house_of_mind_fastbin.c:156
[ALLOC] malloc(0x1ff00) -> 0x32b3ae0 subject=355 at main @ house_of_mind_fastbin.c:156
[ALLOC] malloc(0x1ff00) -> 0x32d39f0 subject=356 at main @ house_of_mind_fastbin.c:156
[ALLOC] malloc(0x1ff00) -> 0x32f3900 subject=357 at main @ house_of_mind_fastbin.c:156
[ALLOC] malloc(0x1ff00) -> 0x3313810 subject=358 at main @ house_of_mind_fastbin.c:156
[ALLOC] malloc(0x1ff00) -> 0x3333720 subject=359 at main @ house_of_mind_fastbin.c:156
[ALLOC] malloc(0x1ff00) -> 0x3353630 subject=360 at main @ house_of_mind_fastbin.c:156
[ALLOC] malloc(0x1ff00) -> 0x3373540 subject=361 at main @ house_of_mind_fastbin.c:156
[ALLOC] malloc(0x1ff00) -> 0x3393450 subject=362 at main @ house_of_mind_fastbin.c:156
[ALLOC] malloc(0x1ff00) -> 0x33b3360 subject=363 at main @ house_of_mind_fastbin.c:156
[ALLOC] malloc(0x1ff00) -> 0x33d3270 subject=364 at main @ house_of_mind_fastbin.c:156
[ALLOC] malloc(0x1ff00) -> 0x33f3180 subject=365 at main @ house_of_mind_fastbin.c:156
[ALLOC] malloc(0x1ff00) -> 0x3413090 subject=366 at main @ house_of_mind_fastbin.c:156
[ALLOC] malloc(0x1ff00) -> 0x3432fa0 subject=367 at main @ house_of_mind_fastbin.c:156
[ALLOC] malloc(0x1ff00) -> 0x3452eb0 subject=368 at main @ house_of_mind_fastbin.c:156
[ALLOC] malloc(0x1ff00) -> 0x3472dc0 subject=369 at main @ house_of_mind_fastbin.c:156
[ALLOC] malloc(0x1ff00) -> 0x3492cd0 subject=370 at main @ house_of_mind_fastbin.c:156
[ALLOC] malloc(0x1ff00) -> 0x34b2be0 subject=371 at main @ house_of_mind_fastbin.c:156
[ALLOC] malloc(0x1ff00) -> 0x34d2af0 subject=372 at main @ house_of_mind_fastbin.c:156
[ALLOC] malloc(0x1ff00) -> 0x34f2a00 subject=373 at main @ house_of_mind_fastbin.c:156
[ALLOC] malloc(0x1ff00) -> 0x3512910 subject=374 at main @ house_of_mind_fastbin.c:156
[ALLOC] malloc(0x1ff00) -> 0x3532820 subject=375 at main @ house_of_mind_fastbin.c:156
[ALLOC] malloc(0x1ff00) -> 0x3552730 subject=376 at main @ house_of_mind_fastbin.c:156
[ALLOC] malloc(0x1ff00) -> 0x3572640 subject=377 at main @ house_of_mind_fastbin.c:156
[ALLOC] malloc(0x1ff00) -> 0x3592550 subject=378 at main @ house_of_mind_fastbin.c:156
[ALLOC] malloc(0x1ff00) -> 0x35b2460 subject=379 at main @ house_of_mind_fastbin.c:156
[ALLOC] malloc(0x1ff00) -> 0x35d2370 subject=380 at main @ house_of_mind_fastbin.c:156
[ALLOC] malloc(0x1ff00) -> 0x35f2280 subject=381 at main @ house_of_mind_fastbin.c:156
[ALLOC] malloc(0x1ff00) -> 0x3612190 subject=382 at main @ house_of_mind_fastbin.c:156
[ALLOC] malloc(0x1ff00) -> 0x36320a0 subject=383 at main @ house_of_mind_fastbin.c:156
[ALLOC] malloc(0x1ff00) -> 0x3651fb0 subject=384 at main @ house_of_mind_fastbin.c:156
[ALLOC] malloc(0x1ff00) -> 0x3671ec0 subject=385 at main @ house_of_mind_fastbin.c:156
[ALLOC] malloc(0x1ff00) -> 0x3691dd0 subject=386 at main @ house_of_mind_fastbin.c:156
[ALLOC] malloc(0x1ff00) -> 0x36b1ce0 subject=387 at main @ house_of_mind_fastbin.c:156
[ALLOC] malloc(0x1ff00) -> 0x36d1bf0 subject=388 at main @ house_of_mind_fastbin.c:156
[ALLOC] malloc(0x1ff00) -> 0x36f1b00 subject=389 at main @ house_of_mind_fastbin.c:156
[ALLOC] malloc(0x1ff00) -> 0x3711a10 subject=390 at main @ house_of_mind_fastbin.c:156
[ALLOC] malloc(0x1ff00) -> 0x3731920 subject=391 at main @ house_of_mind_fastbin.c:156
[ALLOC] malloc(0x1ff00) -> 0x3751830 subject=392 at main @ house_of_mind_fastbin.c:156
[ALLOC] malloc(0x1ff00) -> 0x3771740 subject=393 at main @ house_of_mind_fastbin.c:156
[ALLOC] malloc(0x1ff00) -> 0x3791650 subject=394 at main @ house_of_mind_fastbin.c:156
[ALLOC] malloc(0x1ff00) -> 0x37b1560 subject=395 at main @ house_of_mind_fastbin.c:156
[ALLOC] malloc(0x1ff00) -> 0x37d1470 subject=396 at main @ house_of_mind_fastbin.c:156
[ALLOC] malloc(0x1ff00) -> 0x37f1380 subject=397 at main @ house_of_mind_fastbin.c:156
[ALLOC] malloc(0x1ff00) -> 0x3811290 subject=398 at main @ house_of_mind_fastbin.c:156
[ALLOC] malloc(0x1ff00) -> 0x38311a0 subject=399 at main @ house_of_mind_fastbin.c:156
[ALLOC] malloc(0x1ff00) -> 0x38510b0 subject=400 at main @ house_of_mind_fastbin.c:156
[ALLOC] malloc(0x1ff00) -> 0x3870fc0 subject=401 at main @ house_of_mind_fastbin.c:156
[ALLOC] malloc(0x1ff00) -> 0x3890ed0 subject=402 at main @ house_of_mind_fastbin.c:156
[ALLOC] malloc(0x1ff00) -> 0x38b0de0 subject=403 at main @ house_of_mind_fastbin.c:156
[ALLOC] malloc(0x1ff00) -> 0x38d0cf0 subject=404 at main @ house_of_mind_fastbin.c:156
[ALLOC] malloc(0x1ff00) -> 0x38f0c00 subject=405 at main @ house_of_mind_fastbin.c:156
[ALLOC] malloc(0x1ff00) -> 0x3910b10 subject=406 at main @ house_of_mind_fastbin.c:156
[ALLOC] malloc(0x1ff00) -> 0x3930a20 subject=407 at main @ house_of_mind_fastbin.c:156
[ALLOC] malloc(0x1ff00) -> 0x3950930 subject=408 at main @ house_of_mind_fastbin.c:156
[ALLOC] malloc(0x1ff00) -> 0x3970840 subject=409 at main @ house_of_mind_fastbin.c:156
[ALLOC] malloc(0x1ff00) -> 0x3990750 subject=410 at main @ house_of_mind_fastbin.c:156
[ALLOC] malloc(0x1ff00) -> 0x39b0660 subject=411 at main @ house_of_mind_fastbin.c:156
[ALLOC] malloc(0x1ff00) -> 0x39d0570 subject=412 at main @ house_of_mind_fastbin.c:156
[ALLOC] malloc(0x1ff00) -> 0x39f0480 subject=413 at main @ house_of_mind_fastbin.c:156
[ALLOC] malloc(0x1ff00) -> 0x3a10390 subject=414 at main @ house_of_mind_fastbin.c:156
[ALLOC] malloc(0x1ff00) -> 0x3a302a0 subject=415 at main @ house_of_mind_fastbin.c:156
[ALLOC] malloc(0x1ff00) -> 0x3a501b0 subject=416 at main @ house_of_mind_fastbin.c:156
[ALLOC] malloc(0x1ff00) -> 0x3a700c0 subject=417 at main @ house_of_mind_fastbin.c:156
[ALLOC] malloc(0x1ff00) -> 0x3a8ffd0 subject=418 at main @ house_of_mind_fastbin.c:156
[ALLOC] malloc(0x1ff00) -> 0x3aafee0 subject=419 at main @ house_of_mind_fastbin.c:156
[ALLOC] malloc(0x1ff00) -> 0x3acfdf0 subject=420 at main @ house_of_mind_fastbin.c:156
[ALLOC] malloc(0x1ff00) -> 0x3aefd00 subject=421 at main @ house_of_mind_fastbin.c:156
[ALLOC] malloc(0x1ff00) -> 0x3b0fc10 subject=422 at main @ house_of_mind_fastbin.c:156
[ALLOC] malloc(0x1ff00) -> 0x3b2fb20 subject=423 at main @ house_of_mind_fastbin.c:156
[ALLOC] malloc(0x1ff00) -> 0x3b4fa30 subject=424 at main @ house_of_mind_fastbin.c:156
[ALLOC] malloc(0x1ff00) -> 0x3b6f940 subject=425 at main @ house_of_mind_fastbin.c:156
[ALLOC] malloc(0x1ff00) -> 0x3b8f850 subject=426 at main @ house_of_mind_fastbin.c:156
[ALLOC] malloc(0x1ff00) -> 0x3baf760 subject=427 at main @ house_of_mind_fastbin.c:156
[ALLOC] malloc(0x1ff00) -> 0x3bcf670 subject=428 at main @ house_of_mind_fastbin.c:156
[ALLOC] malloc(0x1ff00) -> 0x3bef580 subject=429 at main @ house_of_mind_fastbin.c:156
[ALLOC] malloc(0x1ff00) -> 0x3c0f490 subject=430 at main @ house_of_mind_fastbin.c:156
[ALLOC] malloc(0x1ff00) -> 0x3c2f3a0 subject=431 at main @ house_of_mind_fastbin.c:156
[ALLOC] malloc(0x1ff00) -> 0x3c4f2b0 subject=432 at main @ house_of_mind_fastbin.c:156
[ALLOC] malloc(0x1ff00) -> 0x3c6f1c0 subject=433 at main @ house_of_mind_fastbin.c:156
[ALLOC] malloc(0x1ff00) -> 0x3c8f0d0 subject=434 at main @ house_of_mind_fastbin.c:156
[ALLOC] malloc(0x1ff00) -> 0x3caefe0 subject=435 at main @ house_of_mind_fastbin.c:156
[ALLOC] malloc(0x1ff00) -> 0x3cceef0 subject=436 at main @ house_of_mind_fastbin.c:156
[ALLOC] malloc(0x1ff00) -> 0x3ceee00 subject=437 at main @ house_of_mind_fastbin.c:156
[ALLOC] malloc(0x1ff00) -> 0x3d0ed10 subject=438 at main @ house_of_mind_fastbin.c:156
[ALLOC] malloc(0x1ff00) -> 0x3d2ec20 subject=439 at main @ house_of_mind_fastbin.c:156
[ALLOC] malloc(0x1ff00) -> 0x3d4eb30 subject=440 at main @ house_of_mind_fastbin.c:156
[ALLOC] malloc(0x1ff00) -> 0x3d6ea40 subject=441 at main @ house_of_mind_fastbin.c:156
[ALLOC] malloc(0x1ff00) -> 0x3d8e950 subject=442 at main @ house_of_mind_fastbin.c:156
[ALLOC] malloc(0x1ff00) -> 0x3dae860 subject=443 at main @ house_of_mind_fastbin.c:156
[ALLOC] malloc(0x1ff00) -> 0x3dce770 subject=444 at main @ house_of_mind_fastbin.c:156
[ALLOC] malloc(0x1ff00) -> 0x3dee680 subject=445 at main @ house_of_mind_fastbin.c:156
[ALLOC] malloc(0x1ff00) -> 0x3e0e590 subject=446 at main @ house_of_mind_fastbin.c:156
[ALLOC] malloc(0x1ff00) -> 0x3e2e4a0 subject=447 at main @ house_of_mind_fastbin.c:156
[ALLOC] malloc(0x1ff00) -> 0x3e4e3b0 subject=448 at main @ house_of_mind_fastbin.c:156
[ALLOC] malloc(0x1ff00) -> 0x3e6e2c0 subject=449 at main @ house_of_mind_fastbin.c:156
[ALLOC] malloc(0x1ff00) -> 0x3e8e1d0 subject=450 at main @ house_of_mind_fastbin.c:156
[ALLOC] malloc(0x1ff00) -> 0x3eae0e0 subject=451 at main @ house_of_mind_fastbin.c:156
[ALLOC] malloc(0x1ff00) -> 0x3ecdff0 subject=452 at main @ house_of_mind_fastbin.c:156
[ALLOC] malloc(0x1ff00) -> 0x3eedf00 subject=453 at main @ house_of_mind_fastbin.c:156
[ALLOC] malloc(0x1ff00) -> 0x3f0de10 subject=454 at main @ house_of_mind_fastbin.c:156
[ALLOC] malloc(0x1ff00) -> 0x3f2dd20 subject=455 at main @ house_of_mind_fastbin.c:156
[ALLOC] malloc(0x1ff00) -> 0x3f4dc30 subject=456 at main @ house_of_mind_fastbin.c:156
[ALLOC] malloc(0x1ff00) -> 0x3f6db40 subject=457 at main @ house_of_mind_fastbin.c:156
[ALLOC] malloc(0x1ff00) -> 0x3f8da50 subject=458 at main @ house_of_mind_fastbin.c:156
[ALLOC] malloc(0x1ff00) -> 0x3fad960 subject=459 at main @ house_of_mind_fastbin.c:156
[ALLOC] malloc(0x1ff00) -> 0x3fcd870 subject=460 at main @ house_of_mind_fastbin.c:156
[ALLOC] malloc(0x1ff00) -> 0x3fed780 subject=461 at main @ house_of_mind_fastbin.c:156
[ALLOC] malloc(0x1ff00) -> 0x400d690 subject=462 at main @ house_of_mind_fastbin.c:156
[ALLOC] malloc(0x50) -> 0x402d5a0 subject=463 at main @ house_of_mind_fastbin.c:161
[INCONSISTENCY arithmetic -> CROSSBOUNDARY] ip: main+0x13ac (main @ house_of_mind_fastbin.c:162) sub rax, 0x10 id before: 463 after: -1 [chunk metadata] value: 0x402d590
[ALLOC] malloc(0x50) -> 0x402d600 subject=464 at main @ house_of_mind_fastbin.c:169
[ALLOC] malloc(0x50) -> 0x402d660 subject=465 at main @ house_of_mind_fastbin.c:169
[ALLOC] malloc(0x50) -> 0x402d6c0 subject=466 at main @ house_of_mind_fastbin.c:169
[ALLOC] malloc(0x50) -> 0x402d720 subject=467 at main @ house_of_mind_fastbin.c:169
[ALLOC] malloc(0x50) -> 0x402d780 subject=468 at main @ house_of_mind_fastbin.c:169
[ALLOC] malloc(0x50) -> 0x402d7e0 subject=469 at main @ house_of_mind_fastbin.c:169
[ALLOC] malloc(0x50) -> 0x402d840 subject=470 at main @ house_of_mind_fastbin.c:169
[FREE] free(0x402d600) subject=464 at main @ house_of_mind_fastbin.c:172
[FREE:internal] free(0x402d600) subject=0
[DOUBLE FREE] free(0x402d600) — already freed
[FREE] free(0x402d660) subject=465 at main @ house_of_mind_fastbin.c:172
[FREE] free(0x402d6c0) subject=466 at main @ house_of_mind_fastbin.c:172
[FREE] free(0x402d720) subject=467 at main @ house_of_mind_fastbin.c:172
[FREE] free(0x402d780) subject=468 at main @ house_of_mind_fastbin.c:172
[FREE] free(0x402d7e0) subject=469 at main @ house_of_mind_fastbin.c:172
[FREE] free(0x402d840) subject=470 at main @ house_of_mind_fastbin.c:172
[FREE] free(0x402d5a0) subject=463 at main @ house_of_mind_fastbin.c:230
[ALLOC:internal] malloc(0x14) -> 0x402dba0 subject=471 at gettext
[ALLOC:internal] malloc(0x2) -> 0x402dbc0 subject=472 at gettext
[FREE:internal] free(0x402dba0) subject=471 at gettext
[FREE:internal] free(0x402dbc0) subject=472 at gettext
