[INCONSISTENCY mov write reg] ip: main+0x10798 (main @ harness.c:29) co: 4 vo: 4, 4 write 4
[INCONSISTENCY mov write reg] ip: main+0x1079e (main @ harness.c:29) co: 4 vo: 4, 4 write 4
[UNTRUSTEDPTRDEREF] ip: main+0x107eb (main @ harness.c:35) final_ea: 0x7ffef30de730 base: 0x7ffef30de730 pointee: -1 base_vo: -1
[ALLOC:internal] malloc(0x1d8) -> 0x643e5a845010 subject=5 at _IO_fopen
[INCONSISTENCY mov write reg] ip: main+0x10800 (main @ harness.c:35) co: 4 vo: 4, 4 write 4
[ALLOC:internal] malloc(0x1000) -> 0x643e5a8451f0 subject=6 at _IO_file_doallocate
[ALLOC] malloc(0x48) -> 0x643e5a846200 subject=7 at main @ harness.c:44
[FREE:internal] free(0x643e5a8451f0) subject=6 at _IO_setb
[FREE:internal] free(0x643e5a845010) subject=5 at _IO_fclose
[FREE:internal] free(0x643e5a845010) subject=0
[DOUBLE FREE] free(0x643e5a845010) — already freed
[INCONSISTENCY mov read] ip: main+0x3f046 (ksr_hname_init_index @ parse_hname2.c:178) base: 0x7ffef30ddde0 pointee: 4 read from 8
[CORRUPTED_PTR_LOAD] ip: main+0x3f046 (ksr_hname_init_index @ parse_hname2.c:178) loaded: 0xf30de5f000000000 from cell: 0x7ffef30ddddc cell_owner: 8 value_owner: 4
[CORRUPTED_PTR_LOAD] ip: main+0x3effc (ksr_hname_init_index @ parse_hname2.c:179) loaded: 0xf30de5f000000000 from cell: 0x7ffef30ddddc cell_owner: 8 value_owner: 4
[CORRUPTED_PTR_LOAD] ip: main+0x3f017 (ksr_hname_init_index @ parse_hname2.c:180) loaded: 0xf30de5f000000000 from cell: 0x7ffef30ddddc cell_owner: 8 value_owner: 4
[CORRUPTED_PTR_LOAD] ip: main+0x3f032 (ksr_hname_init_index @ parse_hname2.c:181) loaded: 0xf30de5f000000000 from cell: 0x7ffef30ddddc cell_owner: 8 value_owner: 4
[UNTRUSTEDPTRDEREF] ip: main+0x3f072 (ksr_hname_init_index @ parse_hname2.c:185) final_ea: 0x643e3d300d90 base: 0x643e3d300d90 pointee: -1 base_vo: -1
[UNTRUSTEDPTRDEREF] ip: main+0x3f0f7 (ksr_hname_init_index @ parse_hname2.c:190) final_ea: 0x643e3d300d92 base: 0x643e3d300d92 pointee: -1 base_vo: -1
[UNTRUSTEDPTRDEREF] ip: main+0x3f1a5 (ksr_hname_init_index @ parse_hname2.c:196) final_ea: 0x643e3d301028 base: 0x643e3d301028 pointee: -1 base_vo: -1
[UNTRUSTEDPTRDEREF] ip: main+0x3f17f (ksr_hname_init_index @ parse_hname2.c:197) final_ea: 0x643e3d301028 base: 0x643e3d301028 pointee: -1 base_vo: -1
[INCONSISTENCY arithmetic -> CROSSBOUNDARY] ip: main+0x3f1a2 (ksr_hname_init_index @ parse_hname2.c:196) add dword ptr [rbp-0x4], 0x1 id before: 3 after: -1 [unmapped] value: 0x643e3d301068
[INCONSISTENCY arithmetic -> CROSSBOUNDARY] ip: main+0x3f17c (ksr_hname_init_index @ parse_hname2.c:197) add dword ptr [rbp-0x4], 0x1 id before: 3 after: -1 [unmapped] value: 0x643e3d301068
[STACK PIVOT] ip: main+0x3f1b1 (ksr_hname_init_index @ parse_hname2.c:201) RSP 0x7ffef30ddde8 left stack [0xa,0x7ffef30bf000]
[CORRUPTED_PTR_LOAD] ip: main+0x3a512 (parse_first_line @ parse_fline.c:70) loaded: 0x7ffef30dde20 from cell: 0x7ffef30ddbc8 cell_owner: 11 value_owner: 10
[CORRUPTED_PTR_LOAD] ip: main+0x3a532 (parse_first_line @ parse_fline.c:72) loaded: 0x5a84620000000047 from cell: 0x7ffef30ddbd4 cell_owner: 11 value_owner: 10
[CORRUPTED_PTR_LOAD] ip: main+0x3a538 (parse_first_line @ parse_fline.c:72) loaded: 0x643e5a846200 from cell: 0x7ffef30ddbd8 cell_owner: 11 value_owner: 10
[CORRUPTED_PTR_LOAD] ip: main+0x3a546 (parse_first_line @ parse_fline.c:79) loaded: 0x5a84620000000047 from cell: 0x7ffef30ddbd4 cell_owner: 11 value_owner: 10
[CORRUPTED_PTR_LOAD] ip: main+0x3a8d4 (parse_first_line @ parse_fline.c:83) loaded: 0x643e5a846200 from cell: 0x7ffef30ddbd8 cell_owner: 11 value_owner: 10
[CORRUPTED_PTR_LOAD] ip: main+0x3aafc (parse_first_line @ parse_fline.c:113) loaded: 0x7ffef30dde20 from cell: 0x7ffef30ddbc8 cell_owner: 11 value_owner: 10
[CORRUPTED_PTR_LOAD] ip: main+0x3ab08 (parse_first_line @ parse_fline.c:113) loaded: 0x7ffef30dde20 from cell: 0x7ffef30ddbc8 cell_owner: 11 value_owner: 10
[CORRUPTED_PTR_LOAD] ip: main+0x3ab16 (parse_first_line @ parse_fline.c:113) loaded: 0x7ffef30dde20 from cell: 0x7ffef30ddbc8 cell_owner: 11 value_owner: 10
[CORRUPTED_PTR_LOAD] ip: main+0x3ab24 (parse_first_line @ parse_fline.c:113) loaded: 0x643e5a846200 from cell: 0x7ffef30ddbd8 cell_owner: 11 value_owner: 10
[CORRUPTED_PTR_LOAD] ip: main+0x3bb4a (parse_first_line @ parse_fline.c:159) loaded: 0x7ffef30dde20 from cell: 0x7ffef30ddbc8 cell_owner: 11 value_owner: 10
[CORRUPTED_PTR_LOAD] ip: main+0x3bb51 (parse_first_line @ parse_fline.c:159) loaded: 0x643e5a846200 from cell: 0x7ffef30ddbd8 cell_owner: 11 value_owner: 10
[CORRUPTED_PTR_LOAD] ip: main+0x3bb76 (parse_first_line @ parse_fline.c:166) loaded: 0x5a84620000000047 from cell: 0x7ffef30ddbd4 cell_owner: 11 value_owner: 10
[CORRUPTED_PTR_LOAD] ip: main+0x3bbbe (parse_first_line @ parse_fline.c:171) loaded: 0x5a84620000000047 from cell: 0x7ffef30ddbd4 cell_owner: 11 value_owner: 10
[CORRUPTED_PTR_LOAD] ip: main+0x3bc14 (parse_first_line @ parse_fline.c:176) loaded: 0x7ffef30dde20 from cell: 0x7ffef30ddbc8 cell_owner: 11 value_owner: 10
[CORRUPTED_PTR_LOAD] ip: main+0x3bc2d (parse_first_line @ parse_fline.c:177) loaded: 0x7ffef30dde20 from cell: 0x7ffef30ddbc8 cell_owner: 11 value_owner: 10
[CORRUPTED_PTR_LOAD] ip: main+0x3bc37 (parse_first_line @ parse_fline.c:180) loaded: 0x7ffef30dde20 from cell: 0x7ffef30ddbc8 cell_owner: 11 value_owner: 10
[CORRUPTED_PTR_LOAD] ip: main+0x3c43d (parse_first_line @ parse_fline.c:202) loaded: 0x7ffef30dde20 from cell: 0x7ffef30ddbc8 cell_owner: 11 value_owner: 10
[CORRUPTED_PTR_LOAD] ip: main+0x3c451 (parse_first_line @ parse_fline.c:203) loaded: 0x5a84620000000047 from cell: 0x7ffef30ddbd4 cell_owner: 11 value_owner: 10
[CORRUPTED_PTR_LOAD] ip: main+0x3c4a7 (parse_first_line @ parse_fline.c:208) loaded: 0x5a84620000000047 from cell: 0x7ffef30ddbd4 cell_owner: 11 value_owner: 10
[CORRUPTED_PTR_LOAD] ip: main+0x3a4a1 (is_empty_end @ parser_f.h:81) loaded: 0x643e5a846247 from cell: 0x7ffef30ddb80 cell_owner: 12 value_owner: 11
[CORRUPTED_PTR_LOAD] ip: main+0x3a4a5 (is_empty_end @ parser_f.h:81) loaded: 0x643e5a846216 from cell: 0x7ffef30ddb88 cell_owner: 12 value_owner: 11
[STACK PIVOT] ip: main+0x3a4e4 (is_empty_end @ parser_f.h:83) RSP 0x7ffef30ddb98 left stack [0xe,0x7ffef30bf000]
[CORRUPTED_PTR_LOAD] ip: main+0x3c525 (parse_first_line @ parse_fline.c:219) loaded: 0x5a84620000000047 from cell: 0x7ffef30ddbd4 cell_owner: 11 value_owner: 10
[INCONSISTENCY mov write reg UAF] ip: main+0x6b066 (eat_line @ parser_f.c:42) UAF write at: 0x7ffef30ddb88
STACKREADUSEAFTERSCOPE at: 0x7ffef30ddb88 ip: main+0x6b06a (eat_line @ parser_f.c:43)
STACKREADUSEAFTERSCOPE at: 0x7ffef30ddb88 ip: main+0x6b071 (eat_line @ parser_f.c:44)
STACKREADUSEAFTERSCOPE at: 0x7ffef30ddb88 ip: main+0x6b08d (eat_line @ parser_f.c:45)
STACKREADUSEAFTERSCOPE at: 0x7ffef30ddb88 ip: main+0x6b0a4 (eat_line @ parser_f.c:45)
STACKREADUSEAFTERSCOPE at: 0x7ffef30ddb88 ip: main+0x6b0c4 (eat_line @ parser_f.c:47)
[STACK PIVOT] ip: main+0x6b0c8 (eat_line @ parser_f.c:48) RSP 0x7ffef30ddb98 left stack [0x10,0x7ffef30bf000]
[CORRUPTED_PTR_LOAD] ip: main+0x3c54d (parse_first_line @ parse_fline.c:223) loaded: 0x7ffef30dde20 from cell: 0x7ffef30ddbc8 cell_owner: 11 value_owner: 10
[CORRUPTED_PTR_LOAD] ip: main+0x3c566 (parse_first_line @ parse_fline.c:224) loaded: 0x7ffef30dde20 from cell: 0x7ffef30ddbc8 cell_owner: 11 value_owner: 10
[CORRUPTED_PTR_LOAD] ip: main+0x3c57d (parse_first_line @ parse_fline.c:225) loaded: 0x7ffef30dde20 from cell: 0x7ffef30ddbc8 cell_owner: 11 value_owner: 10
[CORRUPTED_PTR_LOAD] ip: main+0x3c587 (parse_first_line @ parse_fline.c:227) loaded: 0x7ffef30dde20 from cell: 0x7ffef30ddbc8 cell_owner: 11 value_owner: 10
[CORRUPTED_PTR_LOAD] ip: main+0x3c59b (parse_first_line @ parse_fline.c:228) loaded: 0x7ffef30dde20 from cell: 0x7ffef30ddbc8 cell_owner: 11 value_owner: 10
[CORRUPTED_PTR_LOAD] ip: main+0x3c5aa (parse_first_line @ parse_fline.c:229) loaded: 0x7ffef30dde20 from cell: 0x7ffef30ddbc8 cell_owner: 11 value_owner: 10
[CORRUPTED_PTR_LOAD] ip: main+0x3c5ce (parse_first_line @ parse_fline.c:231) loaded: 0x7ffef30dde20 from cell: 0x7ffef30ddbc8 cell_owner: 11 value_owner: 10
[CORRUPTED_PTR_LOAD] ip: main+0x3c5f8 (parse_first_line @ parse_fline.c:233) loaded: 0x7ffef30dde20 from cell: 0x7ffef30ddbc8 cell_owner: 11 value_owner: 10
[CORRUPTED_PTR_LOAD] ip: main+0x3c608 (parse_first_line @ parse_fline.c:233) loaded: 0x7ffef30dde20 from cell: 0x7ffef30ddbc8 cell_owner: 11 value_owner: 10
[UNINITIALIZED mov read] ip: main+0x1d6dec (get_debug_level @ dprint.c:176) co: 2 vo: -1
[STACK PIVOT] ip: main+0x1d6df6 (get_debug_level @ dprint.c:177) RSP 0x7ffef30ddb98 left stack [0x12,0x7ffef30bf000]
[STACK PIVOT] ip: main+0x1d6df6 (get_debug_level @ dprint.c:177) RSP 0x7ffef30ddcc8 left stack [0x14,0x7ffef30bf000]
[STACK PIVOT] ip: main+0x1d6df6 (get_debug_level @ dprint.c:177) RSP 0x7ffef30ddcc8 left stack [0x16,0x7ffef30bf000]
[STACK PIVOT] ip: main+0x1d6df6 (get_debug_level @ dprint.c:177) RSP 0x7ffef30ddcc8 left stack [0x18,0x7ffef30bf000]
[STACK PIVOT] ip: main+0x1d6df6 (get_debug_level @ dprint.c:177) RSP 0x7ffef30ddcc8 left stack [0x1a,0x7ffef30bf000]
[UNINITIALIZED mov read] ip: main+0x19a9b (parse_headers @ msg_parser.c:326) co: 4 vo: -1
[INCONSISTENCY arithmetic -> CROSSBOUNDARY] ip: main+0x15de1 (parse_headers @ msg_parser.c:327) add rax, 0x40 id before: 7 after: -1 [unmapped] value: 0x643e5a846258
[ALLOC] malloc(0x40) -> 0x643e5a8454f0 subject=27 at parse_headers @ msg_parser.c:328
Store dangling pointer: 0x643e5a8454f0 at: 0x7ffef30ddc70
main+0x15df6 (parse_headers @ msg_parser.c:329) Using expired pointer: 0x643e5a8454f0 from 0x7ffef30ddc70
first time found dangling pointer at: 6649 distance: 1
[INCONSISTENCY mov write imm UAF] ip: main+0x16169 (parse_headers @ msg_parser.c:335) UAF write at: 0x643e5a8454f0
[INCONSISTENCY mov write imm UAF] ip: main+0x10fcb (get_hdr_field @ msg_parser.c:76) UAF write at: 0x7ffef30ddb78
[INCONSISTENCY mov read] ip: main+0x10fd3 (get_hdr_field @ msg_parser.c:84) base: 0x7ffef30ddbb0 pointee: 26 read from 28
[CORRUPTED_PTR_LOAD] ip: main+0x10fd3 (get_hdr_field @ msg_parser.c:84) loaded: 0x643e5a846218 from cell: 0x7ffef30ddaa8 cell_owner: 28 value_owner: 26
[INCONSISTENCY mov read] ip: main+0x1131c (get_hdr_field @ msg_parser.c:89) base: 0x7ffef30ddbb0 pointee: 11 read from 28
[CORRUPTED_PTR_LOAD] ip: main+0x1131c (get_hdr_field @ msg_parser.c:89) loaded: 0x643e5a846218 from cell: 0x7ffef30ddaa8 cell_owner: 28 value_owner: 26
[INCONSISTENCY mov read] ip: main+0x1132a (get_hdr_field @ msg_parser.c:89) base: 0x7ffef30ddbb0 pointee: 11 read from 28
[CORRUPTED_PTR_LOAD] ip: main+0x1132a (get_hdr_field @ msg_parser.c:89) loaded: 0x643e5a846218 from cell: 0x7ffef30ddaa8 cell_owner: 28 value_owner: 26
[INCONSISTENCY mov read] ip: main+0x1168b (get_hdr_field @ msg_parser.c:96) base: 0x7ffef30ddbb0 pointee: 11 read from 28
[CORRUPTED_PTR_LOAD] ip: main+0x1168b (get_hdr_field @ msg_parser.c:96) loaded: 0x643e5a8454f0 from cell: 0x7ffef30dda98 cell_owner: 28 value_owner: 26
[INCONSISTENCY mov read] ip: main+0x11692 (get_hdr_field @ msg_parser.c:96) base: 0x7ffef30ddbb0 pointee: 11 read from 28
[CORRUPTED_PTR_LOAD] ip: main+0x11692 (get_hdr_field @ msg_parser.c:96) loaded: 0x643e5a846247 from cell: 0x7ffef30ddaa0 cell_owner: 28 value_owner: 26
[INCONSISTENCY mov read] ip: main+0x11699 (get_hdr_field @ msg_parser.c:96) base: 0x7ffef30ddbb0 pointee: 11 read from 28
[CORRUPTED_PTR_LOAD] ip: main+0x11699 (get_hdr_field @ msg_parser.c:96) loaded: 0x643e5a846218 from cell: 0x7ffef30ddaa8 cell_owner: 28 value_owner: 26
[CORRUPTED_PTR_LOAD] ip: main+0x40334 (parse_hname2 @ parse_hname2.c:309) loaded: 0x643e5a8454f0 from cell: 0x7ffef30dda28 cell_owner: 29 value_owner: 28
[CORRUPTED_PTR_LOAD] ip: main+0x40338 (parse_hname2 @ parse_hname2.c:309) loaded: 0x643e5a846247 from cell: 0x7ffef30dda30 cell_owner: 29 value_owner: 28
[CORRUPTED_PTR_LOAD] ip: main+0x4033c (parse_hname2 @ parse_hname2.c:309) loaded: 0x643e5a846218 from cell: 0x7ffef30dda38 cell_owner: 29 value_owner: 28
[INCONSISTENCY mov read] ip: main+0x3f241 (parse_sip_header_name @ parse_hname2.c:232) base: 0x7ffef30dda10 pointee: 29 read from 30
[CORRUPTED_PTR_LOAD] ip: main+0x3f241 (parse_sip_header_name @ parse_hname2.c:232) loaded: 0x643e5a846218 from cell: 0x7ffef30dd978 cell_owner: 30 value_owner: 29
[INCONSISTENCY mov read] ip: main+0x3f24b (parse_sip_header_name @ parse_hname2.c:232) base: 0x7ffef30dda10 pointee: 29 read from 30
[CORRUPTED_PTR_LOAD] ip: main+0x3f24b (parse_sip_header_name @ parse_hname2.c:232) loaded: 0x643e5a846247 from cell: 0x7ffef30dd970 cell_owner: 30 value_owner: 29
[CORRUPTED_PTR_LOAD] ip: main+0x3f255 (parse_sip_header_name @ parse_hname2.c:232) loaded: 0x643e5a846247 from cell: 0x7ffef30dd970 cell_owner: 30 value_owner: 29
[CORRUPTED_PTR_LOAD] ip: main+0x3f25c (parse_sip_header_name @ parse_hname2.c:232) loaded: 0x643e5a846218 from cell: 0x7ffef30dd978 cell_owner: 30 value_owner: 29
[CORRUPTED_PTR_LOAD] ip: main+0x3f27e (parse_sip_header_name @ parse_hname2.c:236) loaded: 0x643e5a846218 from cell: 0x7ffef30dd978 cell_owner: 30 value_owner: 29
[CORRUPTED_PTR_LOAD] ip: main+0x3f631 (parse_sip_header_name @ parse_hname2.c:244) loaded: 0x643e5a8454f0 from cell: 0x7ffef30dd968 cell_owner: 30 value_owner: 29
[INCONSISTENCY mov write imm UAF] ip: main+0x3f638 (parse_sip_header_name @ parse_hname2.c:244) UAF write at: 0x643e5a8454f0
[CORRUPTED_PTR_LOAD] ip: main+0x3f63e (parse_sip_header_name @ parse_hname2.c:245) loaded: 0x643e5a8454f0 from cell: 0x7ffef30dd968 cell_owner: 30 value_owner: 29
[CORRUPTED_PTR_LOAD] ip: main+0x3f645 (parse_sip_header_name @ parse_hname2.c:245) loaded: 0x643e5a846218 from cell: 0x7ffef30dd978 cell_owner: 30 value_owner: 29
[INCONSISTENCY mov write reg UAF] ip: main+0x3f64c (parse_sip_header_name @ parse_hname2.c:245) UAF write at: 0x643e5a8454f8
[CORRUPTED_PTR_LOAD] ip: main+0x3f650 (parse_sip_header_name @ parse_hname2.c:247) loaded: 0x643e5a846218 from cell: 0x7ffef30dd978 cell_owner: 30 value_owner: 29
[CORRUPTED_PTR_LOAD] ip: main+0x3f691 (parse_sip_header_name @ parse_hname2.c:253) loaded: 0x643e5a8454f0 from cell: 0x7ffef30dd968 cell_owner: 30 value_owner: 29
[INCONSISTENCY mov read UAF] ip: main+0x3f698 (parse_sip_header_name @ parse_hname2.c:253) UAF read at: 0x643e5a8454f8
[CORRUPTED_PTR_LOAD] ip: main+0x3f6a3 (parse_sip_header_name @ parse_hname2.c:253) loaded: 0x643e5a8454f0 from cell: 0x7ffef30dd968 cell_owner: 30 value_owner: 29
[INCONSISTENCY mov write reg UAF] ip: main+0x3f6aa (parse_sip_header_name @ parse_hname2.c:253) UAF write at: 0x643e5a845500
[CORRUPTED_PTR_LOAD] ip: main+0x3f6ad (parse_sip_header_name @ parse_hname2.c:255) loaded: 0x5a8454f000000000 from cell: 0x7ffef30dd964 cell_owner: 30 value_owner: 29
[CORRUPTED_PTR_LOAD] ip: main+0x3fe3e (parse_sip_header_name @ parse_hname2.c:290) loaded: 0x643e5a8454f0 from cell: 0x7ffef30dd968 cell_owner: 30 value_owner: 29
[INCONSISTENCY mov read UAF] ip: main+0x3fe45 (parse_sip_header_name @ parse_hname2.c:290) UAF read at: 0x643e5a8454f8
[CORRUPTED_PTR_LOAD] ip: main+0x3fe6b (parse_sip_header_name @ parse_hname2.c:291) loaded: 0x643e5a8454f0 from cell: 0x7ffef30dd968 cell_owner: 30 value_owner: 29
[INCONSISTENCY mov read UAF] ip: main+0x3fe72 (parse_sip_header_name @ parse_hname2.c:291) UAF read at: 0x643e5a8454f8
[CORRUPTED_PTR_LOAD] ip: main+0x3ff1d (parse_sip_header_name @ parse_hname2.c:292) loaded: 0x643e5a8454f0 from cell: 0x7ffef30dd968 cell_owner: 30 value_owner: 29
[INCONSISTENCY mov read UAF] ip: main+0x3ff24 (parse_sip_header_name @ parse_hname2.c:292) UAF read at: 0x643e5a8454f8
[CORRUPTED_PTR_LOAD] ip: main+0x3fe98 (parse_sip_header_name @ parse_hname2.c:293) loaded: 0x643e5a8454f0 from cell: 0x7ffef30dd968 cell_owner: 30 value_owner: 29
[INCONSISTENCY mov read UAF] ip: main+0x3fe9f (parse_sip_header_name @ parse_hname2.c:293) UAF read at: 0x643e5a845500
[CORRUPTED_PTR_LOAD] ip: main+0x3febc (parse_sip_header_name @ parse_hname2.c:295) loaded: 0x643e5a8454f0 from cell: 0x7ffef30dd968 cell_owner: 30 value_owner: 29
[INCONSISTENCY mov read UAF] ip: main+0x3fec3 (parse_sip_header_name @ parse_hname2.c:295) UAF read at: 0x643e5a845500
[CORRUPTED_PTR_LOAD] ip: main+0x3fee0 (parse_sip_header_name @ parse_hname2.c:294) loaded: 0x643e5a8454f0 from cell: 0x7ffef30dd968 cell_owner: 30 value_owner: 29
[INCONSISTENCY mov read UAF] ip: main+0x3fee7 (parse_sip_header_name @ parse_hname2.c:294) UAF read at: 0x643e5a8454f8
[CORRUPTED_PTR_LOAD] ip: main+0x3ff10 (parse_sip_header_name @ parse_hname2.c:296) loaded: 0x643e5a8454f0 from cell: 0x7ffef30dd968 cell_owner: 30 value_owner: 29
[INCONSISTENCY mov write reg UAF] ip: main+0x3ff17 (parse_sip_header_name @ parse_hname2.c:296) UAF write at: 0x643e5a8454f0
[STACK PIVOT] ip: main+0x1d6df6 (get_debug_level @ dprint.c:177) RSP 0x7ffef30dd928 left stack [0x21,0x7ffef30bf000]
[STACK PIVOT] ip: main+0x40353 (parse_hname2 @ parse_hname2.c:310) RSP 0x7ffef30dda48 left stack [0x22,0x7ffef30bf000]
[INCONSISTENCY mov write reg UAF] ip: main+0x116ab (get_hdr_field @ msg_parser.c:96) UAF write at: 0x7ffef30ddb78
[INCONSISTENCY mov read] ip: main+0x116af (get_hdr_field @ msg_parser.c:97) base: 0x7ffef30ddbb0 pointee: 11 read from 28
[CORRUPTED_PTR_LOAD] ip: main+0x116af (get_hdr_field @ msg_parser.c:97) loaded: 0x643e5a8454f0 from cell: 0x7ffef30dda98 cell_owner: 28 value_owner: 26
[INCONSISTENCY mov read UAF] ip: main+0x116b6 (get_hdr_field @ msg_parser.c:97) UAF read at: 0x643e5a8454f0
[INCONSISTENCY mov read] ip: main+0x119fc (get_hdr_field @ msg_parser.c:103) base: 0x7ffef30ddbb0 pointee: 11 read from 28
[CORRUPTED_PTR_LOAD] ip: main+0x119fc (get_hdr_field @ msg_parser.c:103) loaded: 0x643e5a846247 from cell: 0x7ffef30ddaa0 cell_owner: 28 value_owner: 26
[INCONSISTENCY mov read UAF] ip: main+0x11a03 (get_hdr_field @ msg_parser.c:103) UAF read at: 0x7ffef30ddb78
[INCONSISTENCY mov write reg UAF] ip: main+0x10ed4 (eat_lws_end @ parser_f.h:49) UAF write at: 0x7ffef30dda38
[INCONSISTENCY mov write reg UAF] ip: main+0x10ed8 (eat_lws_end @ parser_f.h:49) UAF write at: 0x7ffef30dda30
STACKREADUSEAFTERSCOPE at: 0x7ffef30dda38 ip: main+0x10f8a (eat_lws_end @ parser_f.h:50)
STACKREADUSEAFTERSCOPE at: 0x7ffef30dda38 ip: main+0x10ee1 (eat_lws_end @ parser_f.h:51)
STACKREADUSEAFTERSCOPE at: 0x7ffef30dda38 ip: main+0x10eec (eat_lws_end @ parser_f.h:51)
STACKREADUSEAFTERSCOPE at: 0x7ffef30dda38 ip: main+0x10f01 (eat_lws_end @ parser_f.h:53)
STACKREADUSEAFTERSCOPE at: 0x7ffef30dda38 ip: main+0x10f3f (eat_lws_end @ parser_f.h:54)
STACKREADUSEAFTERSCOPE at: 0x7ffef30dda38 ip: main+0x10f98 (eat_lws_end @ parser_f.h:58)
[INCONSISTENCY mov write reg UAF] ip: main+0x11a12 (get_hdr_field @ msg_parser.c:103) UAF write at: 0x7ffef30ddb78
[INCONSISTENCY mov read UAF] ip: main+0x11a16 (get_hdr_field @ msg_parser.c:104) UAF read at: 0x7ffef30ddb78
[INCONSISTENCY mov read] ip: main+0x11d62 (get_hdr_field @ msg_parser.c:113) base: 0x7ffef30ddbb0 pointee: 11 read from 28
[CORRUPTED_PTR_LOAD] ip: main+0x11d62 (get_hdr_field @ msg_parser.c:113) loaded: 0x643e5a8454f0 from cell: 0x7ffef30dda98 cell_owner: 28 value_owner: 26
[INCONSISTENCY mov read UAF] ip: main+0x11d69 (get_hdr_field @ msg_parser.c:113) UAF read at: 0x643e5a8454f0
[UNTRUSTEDPTRDEREF] ip: main+0x11d85 (get_hdr_field @ msg_parser.c:113) final_ea: 0x643e3d2fac28 base: 0x4 pointee: -1 base_vo: -1
[INCONSISTENCY mov write reg] ip: main+0x11da0 (get_hdr_field @ msg_parser.c:117) co: 3 vo: 3, 3 write 3
[ALLOC] malloc(0xf0) -> 0x643e5a845540 subject=34 at get_hdr_field @ msg_parser.c:118
Store dangling pointer: 0x643e5a845540 at: 0x7ffef30ddb30
[INCONSISTENCY mov read] ip: main+0x11db4 (get_hdr_field @ msg_parser.c:119) base: 0x7ffef30ddbb0 pointee: 11 read from 28
main+0x11db4 (get_hdr_field @ msg_parser.c:119) Using expired pointer: 0x643e5a845540 from 0x7ffef30ddb30
first time found dangling pointer at: 7019 distance: 1
[CORRUPTED_PTR_LOAD] ip: main+0x11db4 (get_hdr_field @ msg_parser.c:119) loaded: 0x643e5a845540 from cell: 0x7ffef30ddb30 cell_owner: 28 value_owner: 11
[INCONSISTENCY mov read] ip: main+0x120fa (get_hdr_field @ msg_parser.c:123) base: 0x7ffef30ddbb0 pointee: 11 read from 28
[CORRUPTED_PTR_LOAD] ip: main+0x120fa (get_hdr_field @ msg_parser.c:123) loaded: 0x643e5a845540 from cell: 0x7ffef30ddb30 cell_owner: 28 value_owner: 11
[INCONSISTENCY mov read] ip: main+0x12110 (get_hdr_field @ msg_parser.c:124) base: 0x7ffef30ddbb0 pointee: 11 read from 28
[CORRUPTED_PTR_LOAD] ip: main+0x12110 (get_hdr_field @ msg_parser.c:124) loaded: 0x643e5a8454f0 from cell: 0x7ffef30dda98 cell_owner: 28 value_owner: 26
[INCONSISTENCY mov read UAF] ip: main+0x12117 (get_hdr_field @ msg_parser.c:124) UAF read at: 0x7ffef30ddb78
[INCONSISTENCY mov write reg UAF] ip: main+0x1211b (get_hdr_field @ msg_parser.c:124) UAF write at: 0x643e5a845508
[INCONSISTENCY mov read] ip: main+0x1211f (get_hdr_field @ msg_parser.c:125) base: 0x7ffef30ddbb0 pointee: 11 read from 28
[CORRUPTED_PTR_LOAD] ip: main+0x1211f (get_hdr_field @ msg_parser.c:125) loaded: 0x643e5a845540 from cell: 0x7ffef30ddb30 cell_owner: 28 value_owner: 11
[INCONSISTENCY mov read] ip: main+0x12123 (get_hdr_field @ msg_parser.c:125) base: 0x7ffef30ddbb0 pointee: 11 read from 28
[CORRUPTED_PTR_LOAD] ip: main+0x12123 (get_hdr_field @ msg_parser.c:125) loaded: 0x643e5a846247 from cell: 0x7ffef30ddaa0 cell_owner: 28 value_owner: 26
[INCONSISTENCY mov read UAF] ip: main+0x1212a (get_hdr_field @ msg_parser.c:125) UAF read at: 0x7ffef30ddb78
[INCONSISTENCY mov write imm UAF] ip: main+0x5bc17 (parse_via @ parse_via.c:1352) UAF write at: 0x643e5a845540
[INCONSISTENCY mov write imm UAF] ip: main+0x5bc1d (parse_via @ parse_via.c:1354) UAF write at: 0x7ffef30dd903
[INCONSISTENCY mov write imm UAF] ip: main+0x5bc24 (parse_via @ parse_via.c:1355) UAF write at: 0x7ffef30dd902
[UNTRUSTEDPTRDEREF] ip: main+0x5bc6a (parse_via @ parse_via.c:1358) final_ea: 0x643e3d307528 base: 0x128 pointee: -1 base_vo: -1
STACKREADUSEAFTERSCOPE at: 0x7ffef30dd903 ip: main+0x5d25e (parse_via @ parse_via.c:1646)
[INCONSISTENCY mov write imm UAF] ip: main+0x5d297 (parse_via @ parse_via.c:1648) UAF write at: 0x7ffef30dd903
[INCONSISTENCY mov write reg UAF] ip: main+0x5d2a6 (parse_via @ parse_via.c:1649) UAF write at: 0x643e5a845558
STACKREADUSEAFTERSCOPE at: 0x7ffef30dd903 ip: main+0x5d691 (parse_via @ parse_via.c:1687)
[INCONSISTENCY mov write imm UAF] ip: main+0x5d6bd (parse_via @ parse_via.c:1689) UAF write at: 0x7ffef30dd903
STACKREADUSEAFTERSCOPE at: 0x7ffef30dd903 ip: main+0x5da6f (parse_via @ parse_via.c:1717)
[INCONSISTENCY mov write imm UAF] ip: main+0x5daa4 (parse_via @ parse_via.c:1719) UAF write at: 0x7ffef30dd903
STACKREADUSEAFTERSCOPE at: 0x7ffef30dd903 ip: main+0x5ce27 (parse_via @ parse_via.c:1623)
[INCONSISTENCY mov read UAF] ip: main+0x5ce55 (parse_via @ parse_via.c:1625) UAF read at: 0x643e5a845558
[INCONSISTENCY mov write reg UAF] ip: main+0x5ce64 (parse_via @ parse_via.c:1625) UAF write at: 0x643e5a845560
[INCONSISTENCY mov write imm UAF] ip: main+0x5ce67 (parse_via @ parse_via.c:1626) UAF write at: 0x7ffef30dd903
STACKREADUSEAFTERSCOPE at: 0x7ffef30dd903 ip: main+0x5f601 (parse_via @ parse_via.c:1938)
[INCONSISTENCY mov write imm UAF] ip: main+0x5f62d (parse_via @ parse_via.c:1940) UAF write at: 0x7ffef30dd903
[INCONSISTENCY mov write reg UAF] ip: main+0x5f63c (parse_via @ parse_via.c:1941) UAF write at: 0x643e5a845568
STACKREADUSEAFTERSCOPE at: 0x7ffef30dd903 ip: main+0x5f9eb (parse_via @ parse_via.c:1968)
[INCONSISTENCY mov write imm UAF] ip: main+0x5fa17 (parse_via @ parse_via.c:1970) UAF write at: 0x7ffef30dd903
STACKREADUSEAFTERSCOPE at: 0x7ffef30dd903 ip: main+0x5fde1 (parse_via @ parse_via.c:1997)
[INCONSISTENCY mov write imm UAF] ip: main+0x5fe0d (parse_via @ parse_via.c:1999) UAF write at: 0x7ffef30dd903
[INCONSISTENCY mov read UAF] ip: main+0x5ce77 (parse_via @ parse_via.c:1629) UAF read at: 0x643e5a845568
[INCONSISTENCY mov write reg UAF] ip: main+0x5ce86 (parse_via @ parse_via.c:1629) UAF write at: 0x643e5a845570
[INCONSISTENCY mov write imm UAF] ip: main+0x5ce89 (parse_via @ parse_via.c:1630) UAF write at: 0x7ffef30dd903
STACKREADUSEAFTERSCOPE at: 0x7ffef30dd903 ip: main+0x5de7a (parse_via @ parse_via.c:1754)
[INCONSISTENCY mov write imm UAF] ip: main+0x5dea5 (parse_via @ parse_via.c:1756) UAF write at: 0x7ffef30dd903
[INCONSISTENCY mov write reg UAF] ip: main+0x5deb4 (parse_via @ parse_via.c:1757) UAF write at: 0x643e5a845578
STACKREADUSEAFTERSCOPE at: 0x7ffef30dd903 ip: main+0x5e263 (parse_via @ parse_via.c:1785)
[INCONSISTENCY mov write imm UAF] ip: main+0x5e28f (parse_via @ parse_via.c:1787) UAF write at: 0x7ffef30dd903
[INCONSISTENCY mov write imm UAF] ip: main+0x5dab0 (parse_via @ parse_via.c:1723) UAF write at: 0x7ffef30dd903
STACKREADUSEAFTERSCOPE at: 0x7ffef30dd903 ip: main+0x5bc7c (parse_via @ parse_via.c:1361)
[UNTRUSTEDPTRDEREF] ip: main+0x5bca3 (parse_via @ parse_via.c:1361) final_ea: 0x643e3d307740 base: 0x184 pointee: -1 base_vo: -1
[INCONSISTENCY mov read UAF] ip: main+0x5bcb9 (parse_via @ parse_via.c:1369) UAF read at: 0x643e5a845578
[INCONSISTENCY mov write reg UAF] ip: main+0x5bcc8 (parse_via @ parse_via.c:1369) UAF write at: 0x643e5a845580
[INCONSISTENCY mov write imm UAF] ip: main+0x5bccf (parse_via @ parse_via.c:1370) UAF write at: 0x643e5a845598
[INCONSISTENCY mov write imm UAF] ip: main+0x5bcd5 (parse_via @ parse_via.c:1371) UAF write at: 0x7ffef30dd903
[UNTRUSTEDPTRDEREF] ip: main+0x6096c (parse_via @ parse_via.c:2068) final_ea: 0x643e3d307cf8 base: 0xa0 pointee: -1 base_vo: -1
STACKREADUSEAFTERSCOPE at: 0x7ffef30dd903 ip: main+0x66899 (parse_via @ parse_via.c:2493)
[INCONSISTENCY mov write imm UAF] ip: main+0x668cf (parse_via @ parse_via.c:2495) UAF write at: 0x7ffef30dd903
[INCONSISTENCY mov write reg UAF] ip: main+0x668de (parse_via @ parse_via.c:2496) UAF write at: 0x643e5a845588
STACKREADUSEAFTERSCOPE at: 0x7ffef30dd903 ip: main+0x61588 (parse_via @ parse_via.c:2162)
[UNTRUSTEDPTRDEREF] ip: main+0x615ac (parse_via @ parse_via.c:2162) final_ea: 0x643e3d307e38 base: 0x4 pointee: -1 base_vo: -1
[INCONSISTENCY mov read UAF] ip: main+0x615db (parse_via @ parse_via.c:2179) UAF read at: 0x643e5a845588
[INCONSISTENCY mov read UAF] ip: main+0x615e8 (parse_via @ parse_via.c:2179) UAF read at: 0x643e5a845588
[INCONSISTENCY mov write reg UAF] ip: main+0x615f7 (parse_via @ parse_via.c:2179) UAF write at: 0x643e5a845590
[INCONSISTENCY mov write imm UAF] ip: main+0x615fa (parse_via @ parse_via.c:2180) UAF write at: 0x7ffef30dd902
[INCONSISTENCY mov write imm UAF] ip: main+0x61601 (parse_via @ parse_via.c:2181) UAF write at: 0x7ffef30dd903
STACKREADUSEAFTERSCOPE at: 0x7ffef30dd903 ip: main+0x6111d (parse_via @ parse_via.c:2117)
[UNTRUSTEDPTRDEREF] ip: main+0x61141 (parse_via @ parse_via.c:2117) final_ea: 0x643e3d307e30 base: 0x40 pointee: -1 base_vo: -1
[INCONSISTENCY mov write imm UAF] ip: main+0x611eb (parse_via @ parse_via.c:2150) UAF write at: 0x7ffef30dd903
STACKREADUSEAFTERSCOPE at: 0x7ffef30dd902 ip: main+0x67d97 (parse_via @ parse_via.c:2638)
[STACK PIVOT] ip: main+0x1d6df6 (get_debug_level @ dprint.c:177) RSP 0x7ffef30dd868 left stack [0x26,0x7ffef30bf000]
STACKREADUSEAFTERSCOPE at: 0x7ffef30dd903 ip: main+0x6811f (parse_via @ parse_via.c:2642)
[INCONSISTENCY mov write imm UAF] ip: main+0x6850b (parse_via @ parse_via.c:2669) UAF write at: 0x643e5a845540
[INCONSISTENCY mov write reg UAF] ip: main+0x6851c (parse_via @ parse_via.c:2670) UAF write at: 0x643e5a8455d0
[INCONSISTENCY mov write reg UAF] ip: main+0x68534 (parse_via @ parse_via.c:2671) UAF write at: 0x643e5a8455d8
[INCONSISTENCY mov read UAF] ip: main+0x6853e (parse_via @ parse_via.c:2672) UAF read at: 0x643e5a8455a0
[INCONSISTENCY mov write reg UAF] ip: main+0x12139 (get_hdr_field @ msg_parser.c:125) UAF write at: 0x7ffef30ddb78
[INCONSISTENCY mov read] ip: main+0x1213d (get_hdr_field @ msg_parser.c:126) base: 0x7ffef30ddbb0 pointee: 11 read from 28
[CORRUPTED_PTR_LOAD] ip: main+0x1213d (get_hdr_field @ msg_parser.c:126) loaded: 0x643e5a845540 from cell: 0x7ffef30ddb30 cell_owner: 28 value_owner: 11
[INCONSISTENCY mov read UAF] ip: main+0x12141 (get_hdr_field @ msg_parser.c:126) UAF read at: 0x643e5a845540
[INCONSISTENCY mov read] ip: main+0x12493 (get_hdr_field @ msg_parser.c:131) base: 0x7ffef30ddbb0 pointee: 11 read from 28
[CORRUPTED_PTR_LOAD] ip: main+0x12493 (get_hdr_field @ msg_parser.c:131) loaded: 0x643e5a8454f0 from cell: 0x7ffef30dda98 cell_owner: 28 value_owner: 26
[INCONSISTENCY mov read] ip: main+0x1249a (get_hdr_field @ msg_parser.c:131) base: 0x7ffef30ddbb0 pointee: 11 read from 28
[CORRUPTED_PTR_LOAD] ip: main+0x1249a (get_hdr_field @ msg_parser.c:131) loaded: 0x643e5a845540 from cell: 0x7ffef30ddb30 cell_owner: 28 value_owner: 11
[INCONSISTENCY mov write reg UAF] ip: main+0x1249e (get_hdr_field @ msg_parser.c:131) UAF write at: 0x643e5a845520
first time found dangling pointer at: 7881 distance: 0
[INCONSISTENCY mov read] ip: main+0x124a2 (get_hdr_field @ msg_parser.c:132) base: 0x7ffef30ddbb0 pointee: 11 read from 28
[CORRUPTED_PTR_LOAD] ip: main+0x124a2 (get_hdr_field @ msg_parser.c:132) loaded: 0x643e5a8454f0 from cell: 0x7ffef30dda98 cell_owner: 28 value_owner: 26
[INCONSISTENCY mov read UAF] ip: main+0x124a9 (get_hdr_field @ msg_parser.c:132) UAF read at: 0x643e5a8454f8
[INCONSISTENCY mov read] ip: main+0x124ad (get_hdr_field @ msg_parser.c:132) base: 0x7ffef30ddbb0 pointee: 11 read from 28
[CORRUPTED_PTR_LOAD] ip: main+0x124ad (get_hdr_field @ msg_parser.c:132) loaded: 0x643e5a845540 from cell: 0x7ffef30ddb30 cell_owner: 28 value_owner: 11
[INCONSISTENCY mov write reg UAF] ip: main+0x124b1 (get_hdr_field @ msg_parser.c:132) UAF write at: 0x643e5a845548
[INCONSISTENCY mov read] ip: main+0x124b5 (get_hdr_field @ msg_parser.c:133) base: 0x7ffef30ddbb0 pointee: 11 read from 28
[CORRUPTED_PTR_LOAD] ip: main+0x124b5 (get_hdr_field @ msg_parser.c:133) loaded: 0x643e5a8454f0 from cell: 0x7ffef30dda98 cell_owner: 28 value_owner: 26
[INCONSISTENCY mov read UAF] ip: main+0x124bc (get_hdr_field @ msg_parser.c:133) UAF read at: 0x643e5a845500
[INCONSISTENCY mov read] ip: main+0x124bf (get_hdr_field @ msg_parser.c:133) base: 0x7ffef30ddbb0 pointee: 11 read from 28
[CORRUPTED_PTR_LOAD] ip: main+0x124bf (get_hdr_field @ msg_parser.c:133) loaded: 0x643e5a845540 from cell: 0x7ffef30ddb30 cell_owner: 28 value_owner: 11
[INCONSISTENCY mov write reg UAF] ip: main+0x124c3 (get_hdr_field @ msg_parser.c:133) UAF write at: 0x643e5a845550
[INCONSISTENCY mov read] ip: main+0x124c6 (get_hdr_field @ msg_parser.c:134) base: 0x7ffef30ddbb0 pointee: 11 read from 28
[CORRUPTED_PTR_LOAD] ip: main+0x124c6 (get_hdr_field @ msg_parser.c:134) loaded: 0x643e5a8454f0 from cell: 0x7ffef30dda98 cell_owner: 28 value_owner: 26
[INCONSISTENCY mov read UAF] ip: main+0x124cd (get_hdr_field @ msg_parser.c:134) UAF read at: 0x643e5a845508
[INCONSISTENCY mov read UAF] ip: main+0x124d1 (get_hdr_field @ msg_parser.c:134) UAF read at: 0x7ffef30ddb78
[INCONSISTENCY mov read] ip: main+0x124d8 (get_hdr_field @ msg_parser.c:134) base: 0x7ffef30ddbb0 pointee: 11 read from 28
[CORRUPTED_PTR_LOAD] ip: main+0x124d8 (get_hdr_field @ msg_parser.c:134) loaded: 0x643e5a8454f0 from cell: 0x7ffef30dda98 cell_owner: 28 value_owner: 26
[INCONSISTENCY mov write reg UAF] ip: main+0x124df (get_hdr_field @ msg_parser.c:134) UAF write at: 0x643e5a845510
[INCONSISTENCY mov read] ip: main+0x15907 (get_hdr_field @ msg_parser.c:277) base: 0x7ffef30ddbb0 pointee: 11 read from 28
[CORRUPTED_PTR_LOAD] ip: main+0x15907 (get_hdr_field @ msg_parser.c:277) loaded: 0x643e5a8454f0 from cell: 0x7ffef30dda98 cell_owner: 28 value_owner: 26
[INCONSISTENCY mov read UAF] ip: main+0x1590e (get_hdr_field @ msg_parser.c:277) UAF read at: 0x643e5a845510
[INCONSISTENCY mov read] ip: main+0x15915 (get_hdr_field @ msg_parser.c:277) base: 0x7ffef30ddbb0 pointee: 11 read from 28
[CORRUPTED_PTR_LOAD] ip: main+0x15915 (get_hdr_field @ msg_parser.c:277) loaded: 0x643e5a8454f0 from cell: 0x7ffef30dda98 cell_owner: 28 value_owner: 26
[INCONSISTENCY mov read UAF] ip: main+0x1591c (get_hdr_field @ msg_parser.c:277) UAF read at: 0x643e5a845508
[INCONSISTENCY mov read] ip: main+0x15920 (get_hdr_field @ msg_parser.c:277) base: 0x7ffef30ddbb0 pointee: 11 read from 28
[CORRUPTED_PTR_LOAD] ip: main+0x15920 (get_hdr_field @ msg_parser.c:277) loaded: 0x643e5a8454f0 from cell: 0x7ffef30dda98 cell_owner: 28 value_owner: 26
[INCONSISTENCY mov read UAF] ip: main+0x15927 (get_hdr_field @ msg_parser.c:277) UAF read at: 0x643e5a845510
[INCONSISTENCY mov read] ip: main+0x158f0 (get_hdr_field @ msg_parser.c:277) base: 0x7ffef30ddbb0 pointee: 11 read from 28
[CORRUPTED_PTR_LOAD] ip: main+0x158f0 (get_hdr_field @ msg_parser.c:277) loaded: 0x643e5a8454f0 from cell: 0x7ffef30dda98 cell_owner: 28 value_owner: 26
[INCONSISTENCY mov read UAF] ip: main+0x158f7 (get_hdr_field @ msg_parser.c:277) UAF read at: 0x643e5a845510
[INCONSISTENCY mov read] ip: main+0x158fd (get_hdr_field @ msg_parser.c:277) base: 0x7ffef30ddbb0 pointee: 11 read from 28
[CORRUPTED_PTR_LOAD] ip: main+0x158fd (get_hdr_field @ msg_parser.c:277) loaded: 0x643e5a8454f0 from cell: 0x7ffef30dda98 cell_owner: 28 value_owner: 26
[INCONSISTENCY mov write reg UAF] ip: main+0x15904 (get_hdr_field @ msg_parser.c:277) UAF write at: 0x643e5a845510
[INCONSISTENCY mov read] ip: main+0x1595d (get_hdr_field @ msg_parser.c:278) base: 0x7ffef30ddbb0 pointee: 11 read from 28
[CORRUPTED_PTR_LOAD] ip: main+0x1595d (get_hdr_field @ msg_parser.c:278) loaded: 0x643e5a8454f0 from cell: 0x7ffef30dda98 cell_owner: 28 value_owner: 26
[INCONSISTENCY mov read UAF] ip: main+0x15964 (get_hdr_field @ msg_parser.c:278) UAF read at: 0x643e5a8454f8
[INCONSISTENCY mov read UAF] ip: main+0x15968 (get_hdr_field @ msg_parser.c:278) UAF read at: 0x7ffef30ddb78
[INCONSISTENCY mov read] ip: main+0x1596f (get_hdr_field @ msg_parser.c:278) base: 0x7ffef30ddbb0 pointee: 11 read from 28
[CORRUPTED_PTR_LOAD] ip: main+0x1596f (get_hdr_field @ msg_parser.c:278) loaded: 0x643e5a8454f0 from cell: 0x7ffef30dda98 cell_owner: 28 value_owner: 26
[INCONSISTENCY mov write reg UAF] ip: main+0x15976 (get_hdr_field @ msg_parser.c:278) UAF write at: 0x643e5a845518
[INCONSISTENCY mov read UAF] ip: main+0x15979 (get_hdr_field @ msg_parser.c:279) UAF read at: 0x7ffef30ddb78
[INCONSISTENCY mov read UAF] ip: main+0x1618e (parse_headers @ msg_parser.c:337) UAF read at: 0x643e5a8454f0
[UNTRUSTEDPTRDEREF] ip: main+0x161ad (parse_headers @ msg_parser.c:337) final_ea: 0x643e3d2fb508 base: 0x8 pointee: -1 base_vo: -1
[UNINITIALIZED mov read] ip: main+0x18998 (parse_headers @ msg_parser.c:554) co: 4 vo: -1
[INCONSISTENCY mov write reg UAF] ip: main+0x1d6d8a (get_debug_level @ dprint.c:167) UAF write at: 0x7ffef30ddb98
[INCONSISTENCY mov write reg UAF] ip: main+0x1d6d8e (get_debug_level @ dprint.c:167) UAF write at: 0x7ffef30ddb94
[STACK PIVOT] ip: main+0x1d6df6 (get_debug_level @ dprint.c:177) RSP 0x7ffef30ddbb8 left stack [0x28,0x7ffef30bf000]
[UNINITIALIZED mov read] ip: main+0x18cf1 (parse_headers @ msg_parser.c:556) co: 4 vo: -1
[STACK PIVOT] ip: main+0x1d6df6 (get_debug_level @ dprint.c:177) RSP 0x7ffef30ddbb8 left stack [0x2a,0x7ffef30bf000]
[INCONSISTENCY mov read UAF] ip: main+0x19032 (parse_headers @ msg_parser.c:559) UAF read at: 0x643e5a845520
first time found dangling pointer at: 7881 distance: 192
[INCONSISTENCY mov read UAF] ip: main+0x1904c (parse_headers @ msg_parser.c:560) UAF read at: 0x643e5a845628
[UNINITIALIZED mov read] ip: main+0x19a37 (parse_headers @ msg_parser.c:610) co: 4 vo: -1
[ALLOC] malloc(0x40) -> 0x643e5a845640 subject=43 at parse_headers @ msg_parser.c:328
Store dangling pointer: 0x643e5a845640 at: 0x7ffef30ddd90
main+0x15df6 (parse_headers @ msg_parser.c:329) Using expired pointer: 0x643e5a845640 from 0x7ffef30ddd90
first time found dangling pointer at: 8190 distance: 1
[STACK PIVOT] ip: main+0x1d6df6 (get_debug_level @ dprint.c:177) RSP 0x7ffef30dda48 left stack [0x31,0x7ffef30bf000]
[STACK PIVOT] ip: main+0x40353 (parse_hname2 @ parse_hname2.c:310) RSP 0x7ffef30ddb68 left stack [0x32,0x7ffef30bf000]
STACKREADUSEAFTERSCOPE at: 0x7ffef30ddb58 ip: main+0x10f4a (eat_lws_end @ parser_f.h:54)
STACKREADUSEAFTERSCOPE at: 0x7ffef30ddb58 ip: main+0x10f58 (eat_lws_end @ parser_f.h:54)
STACKREADUSEAFTERSCOPE at: 0x7ffef30ddb58 ip: main+0x10f67 (eat_lws_end @ parser_f.h:55)
STACKREADUSEAFTERSCOPE at: 0x7ffef30ddb58 ip: main+0x10f76 (eat_lws_end @ parser_f.h:55)
[INCONSISTENCY mov read] ip: main+0x1415c (get_hdr_field @ msg_parser.c:179) base: 0x7ffef30ddcd0 pointee: 10 read from 11
[CORRUPTED_PTR_LOAD] ip: main+0x1415c (get_hdr_field @ msg_parser.c:179) loaded: 0x643e5a845640 from cell: 0x7ffef30ddbb8 cell_owner: 11 value_owner: 42
[INCONSISTENCY mov write reg UAF] ip: main+0x14167 (get_hdr_field @ msg_parser.c:179) UAF write at: 0x643e5a845658
[INCONSISTENCY mov read] ip: main+0x14172 (get_hdr_field @ msg_parser.c:180) base: 0x7ffef30ddcd0 pointee: 10 read from 26
[CORRUPTED_PTR_LOAD] ip: main+0x14172 (get_hdr_field @ msg_parser.c:180) loaded: 0x643e5a846247 from cell: 0x7ffef30ddbc0 cell_owner: 26 value_owner: 42
[INCONSISTENCY mov write reg UAF] ip: main+0x30580 (parse_content_length @ parse_content.c:216) UAF write at: 0x7ffef30ddac8
[INCONSISTENCY mov write reg UAF] ip: main+0x30587 (parse_content_length @ parse_content.c:216) UAF write at: 0x7ffef30ddac0
[INCONSISTENCY mov write reg UAF] ip: main+0x3058e (parse_content_length @ parse_content.c:216) UAF write at: 0x7ffef30ddab8
STACKREADUSEAFTERSCOPE at: 0x7ffef30ddac8 ip: main+0x30595 (parse_content_length @ parse_content.c:221)
[STACK PIVOT] ip: main+0x1d6df6 (get_debug_level @ dprint.c:177) RSP 0x7ffef30dda88 left stack [0x35,0x7ffef30bf000]
[INCONSISTENCY mov write reg] ip: main+0x3076a (parse_content_length @ parse_content.c:251) co: 3 vo: 3, 3 write 3
[INCONSISTENCY mov write reg UAF] ip: main+0x3099d (parse_content_length @ parse_content.c:251) UAF write at: 0x7ffef30ddab0
[INCONSISTENCY mov write reg UAF] ip: main+0x309b5 (parse_content_length @ parse_content.c:251) UAF write at: 0x7ffef30ddaa0
[INCONSISTENCY mov write reg UAF] ip: main+0x309c3 (parse_content_length @ parse_content.c:251) UAF write at: 0x7ffef30dda98
first time found dangling pointer at: 6681 distance: 2346
[INCONSISTENCY mov write reg UAF] ip: main+0x30a3b (parse_content_length @ parse_content.c:251) UAF write at: 0x7ffef30ddaa8
[INCONSISTENCY mov write reg UAF] ip: main+0x1d6e2c (get_debug_facility @ dprint.c:193) UAF write at: 0x7ffef30dda68
[INCONSISTENCY mov write reg UAF] ip: main+0x1d6e30 (get_debug_facility @ dprint.c:193) UAF write at: 0x7ffef30dda64
[UNINITIALIZED mov read] ip: main+0x1d6e8e (get_debug_facility @ dprint.c:202) co: 2 vo: -1
[STACK PIVOT] ip: main+0x1d6e99 (get_debug_facility @ dprint.c:203) RSP 0x7ffef30dda88 left stack [0x37,0x7ffef30bf000]
STACKREADUSEAFTERSCOPE at: 0x7ffef30ddaa8 ip: main+0x30a55 (parse_content_length @ parse_content.c:251)
STACKREADUSEAFTERSCOPE at: 0x7ffef30ddab0 ip: main+0x30a5d (parse_content_length @ parse_content.c:251)
[ALLOC:internal] malloc(0xf) -> 0x643e5a845690 subject=55 at strdup
[ALLOC:internal] malloc(0x1d8) -> 0x643e5a845010 subject=56 at _IO_fopen
[ALLOC:internal] malloc(0x1000) -> 0x643e5a846250 subject=57 at _IO_file_doallocate
[ALLOC:internal] malloc(0x11) -> 0x643e5a8456b0 subject=58 at tzset
[FREE:internal] free(0x643e5a846250) subject=57 at _IO_setb
[FREE:internal] free(0x643e5a845010) subject=56 at _IO_fclose
[ALLOC:internal] malloc(0x14) -> 0x643e5a8456d0 subject=59 at adjtime
[INCONSISTENCY mov write reg] ip: main+0x30aa0 (parse_content_length @ parse_content.c:251) co: 3 vo: 3, 3 write 3
[STACK PIVOT] ip: main+0x1d6df6 (get_debug_level @ dprint.c:177) RSP 0x7ffef30ddb68 left stack [0x3e,0x7ffef30bf000]
[INCONSISTENCY mov write reg] ip: main+0x141d2 (get_hdr_field @ msg_parser.c:182) co: 3 vo: 3, 3 write 3
[INCONSISTENCY mov write reg UAF] ip: main+0x143d8 (get_hdr_field @ msg_parser.c:182) UAF write at: 0x7ffef30ddba8
[INCONSISTENCY mov read] ip: main+0x14424 (get_hdr_field @ msg_parser.c:182) base: 0x7ffef30ddcd0 pointee: 10 read from 26
[CORRUPTED_PTR_LOAD] ip: main+0x14424 (get_hdr_field @ msg_parser.c:182) loaded: 0xffffffff from cell: 0x7ffef30ddc88 cell_owner: 26 value_owner: 10
[INCONSISTENCY mov read] ip: main+0x1443e (get_hdr_field @ msg_parser.c:182) base: 0x7ffef30ddcd0 pointee: 10 read from 26
[CORRUPTED_PTR_LOAD] ip: main+0x1443e (get_hdr_field @ msg_parser.c:182) loaded: 0xffffffff from cell: 0x7ffef30ddc88 cell_owner: 26 value_owner: 10
[STACK PIVOT] ip: main+0x1d6e99 (get_debug_facility @ dprint.c:203) RSP 0x7ffef30ddb68 left stack [0x40,0x7ffef30bf000]
[INCONSISTENCY mov read] ip: main+0x14471 (get_hdr_field @ msg_parser.c:182) base: 0x7ffef30ddcd0 pointee: 10 read from 11
[CORRUPTED_PTR_LOAD] ip: main+0x14471 (get_hdr_field @ msg_parser.c:182) loaded: 0x7ffe00000003 from cell: 0x7ffef30ddbb0 cell_owner: 11 value_owner: 10
[INCONSISTENCY mov write reg] ip: main+0x144af (get_hdr_field @ msg_parser.c:182) co: 3 vo: 3, 3 write 3
[STACK PIVOT] ip: main+0x1d6df6 (get_debug_level @ dprint.c:177) RSP 0x7ffef30ddb68 left stack [0x42,0x7ffef30bf000]
[UNTRUSTEDPTRDEREF] ip: main+0x1ecc97 (sr_event_exec @ events.c:217) final_ea: 0x643e3d34f8ac base: 0xc pointee: -1 base_vo: -1
[STACK PIVOT] ip: main+0x1ed1ba (sr_event_exec @ events.c:361) RSP 0x7ffef30ddb68 left stack [0x44,0x7ffef30bf000]
[INCONSISTENCY mov read] ip: main+0x15ce0 (get_hdr_field @ msg_parser.c:283) base: 0x7ffef30ddcd0 pointee: 10 read from 11
[CORRUPTED_PTR_LOAD] ip: main+0x15ce0 (get_hdr_field @ msg_parser.c:283) loaded: 0x643e5a845640 from cell: 0x7ffef30ddbb8 cell_owner: 11 value_owner: 42
[INCONSISTENCY mov write imm UAF] ip: main+0x15ce7 (get_hdr_field @ msg_parser.c:283) UAF write at: 0x643e5a845640
[INCONSISTENCY mov read] ip: main+0x15ced (get_hdr_field @ msg_parser.c:284) base: 0x7ffef30ddcd0 pointee: 10 read from 11
[CORRUPTED_PTR_LOAD] ip: main+0x15ced (get_hdr_field @ msg_parser.c:284) loaded: 0x643e5a845640 from cell: 0x7ffef30ddbb8 cell_owner: 11 value_owner: 42
[INCONSISTENCY mov read UAF] ip: main+0x15cf4 (get_hdr_field @ msg_parser.c:284) UAF read at: 0x643e5a845648
[INCONSISTENCY mov read] ip: main+0x15cff (get_hdr_field @ msg_parser.c:284) base: 0x7ffef30ddcd0 pointee: 10 read from 11
[CORRUPTED_PTR_LOAD] ip: main+0x15cff (get_hdr_field @ msg_parser.c:284) loaded: 0x643e5a845640 from cell: 0x7ffef30ddbb8 cell_owner: 11 value_owner: 42
[INCONSISTENCY mov write reg UAF] ip: main+0x15d06 (get_hdr_field @ msg_parser.c:284) UAF write at: 0x643e5a845668
[STACK PIVOT] ip: main+0x1d6df6 (get_debug_level @ dprint.c:177) RSP 0x7ffef30ddcd8 left stack [0x46,0x7ffef30bf000]
[INCONSISTENCY mov write reg] ip: main+0x161fa (parse_headers @ msg_parser.c:339) co: 3 vo: 3, 3 write 3
[STACK PIVOT] ip: main+0x1d6e99 (get_debug_facility @ dprint.c:203) RSP 0x7ffef30ddcd8 left stack [0x48,0x7ffef30bf000]
[INCONSISTENCY mov write reg] ip: main+0x16561 (parse_headers @ msg_parser.c:339) co: 3 vo: 3, 3 write 3
[INCONSISTENCY mov read] ip: main+0x20f88c (clean_hdr_field @ hf.c:57) base: 0x7ffef30ddcd0 pointee: 10 read from 72
[CORRUPTED_PTR_LOAD] ip: main+0x20f88c (clean_hdr_field @ hf.c:57) loaded: 0x643e5a845640 from cell: 0x7ffef30ddc48 cell_owner: 72 value_owner: 42
[INCONSISTENCY mov read UAF] ip: main+0x20f893 (clean_hdr_field @ hf.c:57) UAF read at: 0x643e5a845670
[FREE] free(0x643e5a845640) subject=43 at parse_headers @ msg_parser.c:637
[UNINITIALIZED mov read] ip: main+0x788b5 (parse_sdp @ sdp.c:726) co: 4 vo: -1
[INCONSISTENCY mov read] ip: main+0x21fb9 (get_body @ msg_parser.c:1341) base: 0x7ffef30ddcf0 pointee: 42 read from 72
[CORRUPTED_PTR_LOAD] ip: main+0x21fb9 (get_body @ msg_parser.c:1341) loaded: 0x7ffef30dde00 from cell: 0x7ffef30ddc58 cell_owner: 72 value_owner: 73
[INCONSISTENCY mov read] ip: main+0x15d48 (parse_headers @ msg_parser.c:313) base: 0x7ffef30ddc10 pointee: 26 read from 75
[CORRUPTED_PTR_LOAD] ip: main+0x15d48 (parse_headers @ msg_parser.c:313) loaded: 0x7ffef30dde00 from cell: 0x7ffef30ddb38 cell_owner: 75 value_owner: 74
[INCONSISTENCY mov read] ip: main+0x15d56 (parse_headers @ msg_parser.c:313) base: 0x7ffef30ddc10 pointee: 26 read from 75
[CORRUPTED_PTR_LOAD] ip: main+0x15d56 (parse_headers @ msg_parser.c:313) loaded: 0x7ffef30dde00 from cell: 0x7ffef30ddb38 cell_owner: 75 value_owner: 74
[INCONSISTENCY mov read] ip: main+0x15d6c (parse_headers @ msg_parser.c:314) base: 0x7ffef30ddc10 pointee: 26 read from 75
[CORRUPTED_PTR_LOAD] ip: main+0x15d6c (parse_headers @ msg_parser.c:314) loaded: 0x7ffef30dde00 from cell: 0x7ffef30ddb38 cell_owner: 75 value_owner: 74
[INCONSISTENCY mov read] ip: main+0x15d7e (parse_headers @ msg_parser.c:316) base: 0x7ffef30ddc10 pointee: 26 read from 75
[CORRUPTED_PTR_LOAD] ip: main+0x15d7e (parse_headers @ msg_parser.c:316) loaded: 0xffffffff00000000 from cell: 0x7ffef30ddb2c cell_owner: 75 value_owner: 74
[INCONSISTENCY mov read] ip: main+0x19a94 (parse_headers @ msg_parser.c:326) base: 0x7ffef30ddc10 pointee: 26 read from 75
[CORRUPTED_PTR_LOAD] ip: main+0x19a94 (parse_headers @ msg_parser.c:326) loaded: 0x7ffef30dde00 from cell: 0x7ffef30ddb38 cell_owner: 75 value_owner: 74
[INCONSISTENCY mov read] ip: main+0x19aa9 (parse_headers @ msg_parser.c:326) base: 0x7ffef30ddc10 pointee: 26 read from 75
[CORRUPTED_PTR_LOAD] ip: main+0x19aa9 (parse_headers @ msg_parser.c:326) loaded: 0xffffffffffffffff from cell: 0x7ffef30ddb30 cell_owner: 75 value_owner: 74
[ALLOC] malloc(0x40) -> 0x643e5a845640 subject=76 at parse_headers @ msg_parser.c:328
[INCONSISTENCY mov read UAF] ip: main+0x1131c (get_hdr_field @ msg_parser.c:89) UAF read at: 0x7ffef30dd9f8
[INCONSISTENCY mov read UAF] ip: main+0x1132a (get_hdr_field @ msg_parser.c:89) UAF read at: 0x7ffef30dd9f8
[INCONSISTENCY mov read UAF] ip: main+0x1168b (get_hdr_field @ msg_parser.c:96) UAF read at: 0x7ffef30dd9e8
[INCONSISTENCY mov read UAF] ip: main+0x11692 (get_hdr_field @ msg_parser.c:96) UAF read at: 0x7ffef30dd9f0
first time found dangling pointer at: 7051 distance: 2553
[INCONSISTENCY mov read UAF] ip: main+0x11699 (get_hdr_field @ msg_parser.c:96) UAF read at: 0x7ffef30dd9f8
[INCONSISTENCY mov write reg UAF] ip: main+0x40328 (parse_hname2 @ parse_hname2.c:308) UAF write at: 0x7ffef30dd988
[INCONSISTENCY mov write reg UAF] ip: main+0x4032c (parse_hname2 @ parse_hname2.c:308) UAF write at: 0x7ffef30dd980
[INCONSISTENCY mov write reg UAF] ip: main+0x40330 (parse_hname2 @ parse_hname2.c:308) UAF write at: 0x7ffef30dd978
[INCONSISTENCY mov read UAF] ip: main+0x40334 (parse_hname2 @ parse_hname2.c:309) UAF read at: 0x7ffef30dd978
[INCONSISTENCY mov read UAF] ip: main+0x40338 (parse_hname2 @ parse_hname2.c:309) UAF read at: 0x7ffef30dd980
[INCONSISTENCY mov read UAF] ip: main+0x4033c (parse_hname2 @ parse_hname2.c:309) UAF read at: 0x7ffef30dd988
[INCONSISTENCY mov write reg UAF] ip: main+0x3f21f (parse_sip_header_name @ parse_hname2.c:228) UAF write at: 0x7ffef30dd8c8
[INCONSISTENCY mov write reg UAF] ip: main+0x3f226 (parse_sip_header_name @ parse_hname2.c:228) UAF write at: 0x7ffef30dd8c0
[INCONSISTENCY mov write reg UAF] ip: main+0x3f22d (parse_sip_header_name @ parse_hname2.c:228) UAF write at: 0x7ffef30dd8b8
[INCONSISTENCY mov write reg UAF] ip: main+0x3f234 (parse_sip_header_name @ parse_hname2.c:228) UAF write at: 0x7ffef30dd8b4
[INCONSISTENCY mov write reg UAF] ip: main+0x3f23a (parse_sip_header_name @ parse_hname2.c:228) UAF write at: 0x7ffef30dd8b0
[INCONSISTENCY mov read UAF] ip: main+0x3f241 (parse_sip_header_name @ parse_hname2.c:232) UAF read at: 0x7ffef30dd8c8
[INCONSISTENCY mov read UAF] ip: main+0x3f24b (parse_sip_header_name @ parse_hname2.c:232) UAF read at: 0x7ffef30dd8c0
[INCONSISTENCY mov read UAF] ip: main+0x3f255 (parse_sip_header_name @ parse_hname2.c:232) UAF read at: 0x7ffef30dd8c0
[INCONSISTENCY mov read UAF] ip: main+0x3f25c (parse_sip_header_name @ parse_hname2.c:232) UAF read at: 0x7ffef30dd8c8
[INCONSISTENCY mov read UAF] ip: main+0x3f27e (parse_sip_header_name @ parse_hname2.c:236) UAF read at: 0x7ffef30dd8c8
[INCONSISTENCY mov read UAF] ip: main+0x3f631 (parse_sip_header_name @ parse_hname2.c:244) UAF read at: 0x7ffef30dd8b8
[INCONSISTENCY mov read UAF] ip: main+0x3f63e (parse_sip_header_name @ parse_hname2.c:245) UAF read at: 0x7ffef30dd8b8
[INCONSISTENCY mov read UAF] ip: main+0x3f645 (parse_sip_header_name @ parse_hname2.c:245) UAF read at: 0x7ffef30dd8c8
[INCONSISTENCY mov read UAF] ip: main+0x3f650 (parse_sip_header_name @ parse_hname2.c:247) UAF read at: 0x7ffef30dd8c8
[INCONSISTENCY mov write reg UAF] ip: main+0x3f65b (parse_sip_header_name @ parse_hname2.c:247) UAF write at: 0x7ffef30dd928
[INCONSISTENCY mov read UAF] ip: main+0x3f681 (parse_sip_header_name @ parse_hname2.c:247) UAF read at: 0x7ffef30dd928
[INCONSISTENCY mov read UAF] ip: main+0x3f661 (parse_sip_header_name @ parse_hname2.c:248) UAF read at: 0x7ffef30dd928
[INCONSISTENCY mov read UAF] ip: main+0x3f691 (parse_sip_header_name @ parse_hname2.c:253) UAF read at: 0x7ffef30dd8b8
[INCONSISTENCY mov read UAF] ip: main+0x3f69c (parse_sip_header_name @ parse_hname2.c:253) UAF read at: 0x7ffef30dd928
[INCONSISTENCY mov read UAF] ip: main+0x3f6a3 (parse_sip_header_name @ parse_hname2.c:253) UAF read at: 0x7ffef30dd8b8
[INCONSISTENCY mov read UAF] ip: main+0x3f6ad (parse_sip_header_name @ parse_hname2.c:255) UAF read at: 0x7ffef30dd8b4
[INCONSISTENCY mov read UAF] ip: main+0x3fa87 (parse_sip_header_name @ parse_hname2.c:262) UAF read at: 0x7ffef30dd928
[INCONSISTENCY mov read UAF] ip: main+0x3f6c4 (parse_sip_header_name @ parse_hname2.c:263) UAF read at: 0x7ffef30dd928
[INCONSISTENCY mov read UAF] ip: main+0x3fa9b (parse_sip_header_name @ parse_hname2.c:278) UAF read at: 0x7ffef30dd928
[INCONSISTENCY mov read UAF] ip: main+0x3fe3e (parse_sip_header_name @ parse_hname2.c:290) UAF read at: 0x7ffef30dd8b8
[INCONSISTENCY mov read UAF] ip: main+0x3fe6b (parse_sip_header_name @ parse_hname2.c:291) UAF read at: 0x7ffef30dd8b8
[INCONSISTENCY mov write reg UAF] ip: main+0x3fe90 (parse_sip_header_name @ parse_hname2.c:291) UAF write at: 0x7ffef30dd924
[INCONSISTENCY mov read UAF] ip: main+0x3ff1d (parse_sip_header_name @ parse_hname2.c:292) UAF read at: 0x7ffef30dd8b8
[INCONSISTENCY mov read UAF] ip: main+0x3ff42 (parse_sip_header_name @ parse_hname2.c:292) UAF read at: 0x7ffef30dd924
[INCONSISTENCY mov read UAF] ip: main+0x3fe98 (parse_sip_header_name @ parse_hname2.c:293) UAF read at: 0x7ffef30dd8b8
[INCONSISTENCY mov read UAF] ip: main+0x3fea2 (parse_sip_header_name @ parse_hname2.c:293) UAF read at: 0x7ffef30dd924
[INCONSISTENCY mov read UAF] ip: main+0x3febc (parse_sip_header_name @ parse_hname2.c:295) UAF read at: 0x7ffef30dd8b8
[INCONSISTENCY mov read UAF] ip: main+0x3fec9 (parse_sip_header_name @ parse_hname2.c:294) UAF read at: 0x7ffef30dd924
[INCONSISTENCY mov read UAF] ip: main+0x3fee0 (parse_sip_header_name @ parse_hname2.c:294) UAF read at: 0x7ffef30dd8b8
[INCONSISTENCY mov read UAF] ip: main+0x3fefa (parse_sip_header_name @ parse_hname2.c:296) UAF read at: 0x7ffef30dd924
[INCONSISTENCY mov read UAF] ip: main+0x3ff10 (parse_sip_header_name @ parse_hname2.c:296) UAF read at: 0x7ffef30dd8b8
[STACK PIVOT] ip: main+0x1d6df6 (get_debug_level @ dprint.c:177) RSP 0x7ffef30dd878 left stack [0x52,0x7ffef30bf000]
[INCONSISTENCY mov read UAF] ip: main+0x40305 (parse_sip_header_name @ parse_hname2.c:304) UAF read at: 0x7ffef30dd928
[STACK PIVOT] ip: main+0x40353 (parse_hname2 @ parse_hname2.c:310) RSP 0x7ffef30dd998 left stack [0x53,0x7ffef30bf000]
[INCONSISTENCY mov read UAF] ip: main+0x116af (get_hdr_field @ msg_parser.c:97) UAF read at: 0x7ffef30dd9e8
[INCONSISTENCY mov read UAF] ip: main+0x119fc (get_hdr_field @ msg_parser.c:103) UAF read at: 0x7ffef30dd9f0
first time found dangling pointer at: 7051 distance: 3089
[INCONSISTENCY mov read UAF] ip: main+0x11d62 (get_hdr_field @ msg_parser.c:113) UAF read at: 0x7ffef30dd9e8
[INCONSISTENCY mov read UAF] ip: main+0x1415c (get_hdr_field @ msg_parser.c:179) UAF read at: 0x7ffef30dd9e8
[INCONSISTENCY mov read UAF] ip: main+0x14163 (get_hdr_field @ msg_parser.c:179) UAF read at: 0x7ffef30ddac8
[INCONSISTENCY mov read UAF] ip: main+0x14172 (get_hdr_field @ msg_parser.c:180) UAF read at: 0x7ffef30dd9f0
first time found dangling pointer at: 7051 distance: 3193
[INCONSISTENCY mov read UAF] ip: main+0x14179 (get_hdr_field @ msg_parser.c:180) UAF read at: 0x7ffef30ddac8
Store dangling pointer: 0x7ffef30dda50 at: 0x7ffef30dd8e8
[INCONSISTENCY mov write reg UAF] ip: main+0x3059c (parse_content_length @ parse_content.c:221) UAF write at: 0x7ffef30dd950
[INCONSISTENCY mov read UAF] ip: main+0x305a7 (parse_content_length @ parse_content.c:223) UAF read at: 0x7ffef30dd950
[INCONSISTENCY mov read UAF] ip: main+0x305b4 (parse_content_length @ parse_content.c:223) UAF read at: 0x7ffef30dd950
[INCONSISTENCY mov read UAF] ip: main+0x305bf (parse_content_length @ parse_content.c:223) UAF read at: 0x7ffef30dd950
[INCONSISTENCY mov read UAF] ip: main+0x305ca (parse_content_length @ parse_content.c:224) UAF read at: 0x7ffef30dd950
[INCONSISTENCY mov read UAF] ip: main+0x305f3 (parse_content_length @ parse_content.c:226) UAF read at: 0x7ffef30dd950
[INCONSISTENCY mov write imm UAF] ip: main+0x30604 (parse_content_length @ parse_content.c:229) UAF write at: 0x7ffef30dd94c
[INCONSISTENCY mov write imm UAF] ip: main+0x3060b (parse_content_length @ parse_content.c:230) UAF write at: 0x7ffef30dd95c
[INCONSISTENCY mov read UAF] ip: main+0x3063d (parse_content_length @ parse_content.c:231) UAF read at: 0x7ffef30dd950
[INCONSISTENCY mov read UAF] ip: main+0x3064a (parse_content_length @ parse_content.c:231) UAF read at: 0x7ffef30dd950
[INCONSISTENCY mov read UAF] ip: main+0x30655 (parse_content_length @ parse_content.c:231) UAF read at: 0x7ffef30dd950
[INCONSISTENCY mov read UAF] ip: main+0x30614 (parse_content_length @ parse_content.c:232) UAF read at: 0x7ffef30dd95c
[INCONSISTENCY mov read UAF] ip: main+0x30622 (parse_content_length @ parse_content.c:232) UAF read at: 0x7ffef30dd950
[INCONSISTENCY mov write reg UAF] ip: main+0x30631 (parse_content_length @ parse_content.c:232) UAF write at: 0x7ffef30dd95c
[INCONSISTENCY mov read UAF] ip: main+0x30660 (parse_content_length @ parse_content.c:236) UAF read at: 0x7ffef30dd950
[STACK PIVOT] ip: main+0x1d6df6 (get_debug_level @ dprint.c:177) RSP 0x7ffef30dd8b8 left stack [0x56,0x7ffef30bf000]
[INCONSISTENCY mov write imm UAF] ip: main+0x3075a (parse_content_length @ parse_content.c:251) UAF write at: 0x7ffef30dd948
[INCONSISTENCY mov read UAF] ip: main+0x30993 (parse_content_length @ parse_content.c:251) UAF read at: 0x7ffef30dd950
[INCONSISTENCY mov read UAF] ip: main+0x309a3 (parse_content_length @ parse_content.c:251) UAF read at: 0x7ffef30dd950
[INCONSISTENCY mov read UAF] ip: main+0x30a08 (parse_content_length @ parse_content.c:251) UAF read at: 0x7ffef30dd948
[INCONSISTENCY mov read UAF] ip: main+0x30a22 (parse_content_length @ parse_content.c:251) UAF read at: 0x7ffef30dd948
[STACK PIVOT] ip: main+0x1d6e99 (get_debug_facility @ dprint.c:203) RSP 0x7ffef30dd8b8 left stack [0x58,0x7ffef30bf000]
[INCONSISTENCY mov write reg UAF] ip: main+0x14188 (get_hdr_field @ msg_parser.c:180) UAF write at: 0x7ffef30ddac8
[INCONSISTENCY mov read UAF] ip: main+0x1418c (get_hdr_field @ msg_parser.c:181) UAF read at: 0x7ffef30ddac8
[STACK PIVOT] ip: main+0x1d6df6 (get_debug_level @ dprint.c:177) RSP 0x7ffef30dd998 left stack [0x5a,0x7ffef30bf000]
[INCONSISTENCY mov write imm UAF] ip: main+0x141c2 (get_hdr_field @ msg_parser.c:182) UAF write at: 0x7ffef30ddab8
[INCONSISTENCY mov read UAF] ip: main+0x14424 (get_hdr_field @ msg_parser.c:182) UAF read at: 0x7ffef30ddab8
[INCONSISTENCY mov read UAF] ip: main+0x1443e (get_hdr_field @ msg_parser.c:182) UAF read at: 0x7ffef30ddab8
[INCONSISTENCY mov write reg UAF] ip: main+0x14457 (get_hdr_field @ msg_parser.c:182) UAF write at: 0x7ffef30dd9e0
[STACK PIVOT] ip: main+0x1d6e99 (get_debug_facility @ dprint.c:203) RSP 0x7ffef30dd998 left stack [0x5c,0x7ffef30bf000]
[INCONSISTENCY mov read UAF] ip: main+0x14471 (get_hdr_field @ msg_parser.c:182) UAF read at: 0x7ffef30dd9e0
[STACK PIVOT] ip: main+0x1d6df6 (get_debug_level @ dprint.c:177) RSP 0x7ffef30dd998 left stack [0x5e,0x7ffef30bf000]
[INCONSISTENCY mov write reg UAF] ip: main+0x1ecc74 (sr_event_exec @ events.c:211) UAF write at: 0x7ffef30dd97c
[INCONSISTENCY mov write reg UAF] ip: main+0x1ecc77 (sr_event_exec @ events.c:211) UAF write at: 0x7ffef30dd970
[INCONSISTENCY mov read UAF] ip: main+0x1ecc7b (sr_event_exec @ events.c:217) UAF read at: 0x7ffef30dd97c
[INCONSISTENCY mov read UAF] ip: main+0x1ecc85 (sr_event_exec @ events.c:217) UAF read at: 0x7ffef30dd97c
[STACK PIVOT] ip: main+0x1ed1ba (sr_event_exec @ events.c:361) RSP 0x7ffef30dd998 left stack [0x60,0x7ffef30bf000]
[INCONSISTENCY mov read UAF] ip: main+0x15ce0 (get_hdr_field @ msg_parser.c:283) UAF read at: 0x7ffef30dd9e8
[INCONSISTENCY mov read UAF] ip: main+0x15ced (get_hdr_field @ msg_parser.c:284) UAF read at: 0x7ffef30dd9e8
[INCONSISTENCY mov read UAF] ip: main+0x15cf8 (get_hdr_field @ msg_parser.c:284) UAF read at: 0x7ffef30ddac8
[INCONSISTENCY mov read UAF] ip: main+0x15cff (get_hdr_field @ msg_parser.c:284) UAF read at: 0x7ffef30dd9e8
[INCONSISTENCY mov read UAF] ip: main+0x15d09 (get_hdr_field @ msg_parser.c:285) UAF read at: 0x7ffef30ddac8
[STACK PIVOT] ip: main+0x1d6df6 (get_debug_level @ dprint.c:177) RSP 0x7ffef30ddb08 left stack [0x62,0x7ffef30bf000]
[INCONSISTENCY mov write imm UAF] ip: main+0x161ea (parse_headers @ msg_parser.c:339) UAF write at: 0x7ffef30ddb90
[INCONSISTENCY mov read UAF] ip: main+0x164cc (parse_headers @ msg_parser.c:339) UAF read at: 0x7ffef30ddb90
[INCONSISTENCY mov read UAF] ip: main+0x164e6 (parse_headers @ msg_parser.c:339) UAF read at: 0x7ffef30ddb90
[STACK PIVOT] ip: main+0x1d6e99 (get_debug_facility @ dprint.c:203) RSP 0x7ffef30ddb08 left stack [0x64,0x7ffef30bf000]
[INCONSISTENCY mov read] ip: main+0x16519 (parse_headers @ msg_parser.c:339) base: 0x7ffef30ddc10 pointee: 26 read from 75
[CORRUPTED_PTR_LOAD] ip: main+0x16519 (parse_headers @ msg_parser.c:339) loaded: 0x200000003 from cell: 0x7ffef30ddb18 cell_owner: 75 value_owner: 26
[INCONSISTENCY mov read] ip: main+0x16524 (parse_headers @ msg_parser.c:339) base: 0x7ffef30ddc10 pointee: 26 read from 75
[CORRUPTED_PTR_LOAD] ip: main+0x16524 (parse_headers @ msg_parser.c:339) loaded: 0x643e00000015 from cell: 0x7ffef30ddb20 cell_owner: 75 value_owner: 26
[INCONSISTENCY mov read UAF] ip: main+0x20f88c (clean_hdr_field @ hf.c:57) UAF read at: 0x7ffef30dda78
[FREE] free(0x643e5a845640) subject=76 at parse_headers @ msg_parser.c:637
[INCONSISTENCY mov read] ip: main+0x19b48 (parse_headers @ msg_parser.c:643) base: 0x7ffef30ddc10 pointee: 26 read from 75
[CORRUPTED_PTR_LOAD] ip: main+0x19b48 (parse_headers @ msg_parser.c:643) loaded: 0x7ffef30dde00 from cell: 0x7ffef30ddb38 cell_owner: 75 value_owner: 74
[INCONSISTENCY mov read] ip: main+0x19b5d (parse_headers @ msg_parser.c:643) base: 0x7ffef30ddc10 pointee: 26 read from 75
[CORRUPTED_PTR_LOAD] ip: main+0x19b5d (parse_headers @ msg_parser.c:643) loaded: 0x7ffef30dde00 from cell: 0x7ffef30ddb38 cell_owner: 75 value_owner: 74
[STACK PIVOT] ip: main+0x1d6df6 (get_debug_level @ dprint.c:177) RSP 0x7ffef30ddc18 left stack [0x67,0x7ffef30bf000]
[INCONSISTENCY mov write imm UAF] ip: main+0x22008 (get_body @ msg_parser.c:1342) UAF write at: 0x7ffef30ddcac
[INCONSISTENCY mov write reg] ip: main+0x22018 (get_body @ msg_parser.c:1342) co: 3 vo: 3, 3 write 3
[INCONSISTENCY mov read UAF] ip: main+0x22252 (get_body @ msg_parser.c:1342) UAF read at: 0x7ffef30ddcac
[INCONSISTENCY mov read UAF] ip: main+0x2226c (get_body @ msg_parser.c:1342) UAF read at: 0x7ffef30ddcac
[STACK PIVOT] ip: main+0x1d6e99 (get_debug_facility @ dprint.c:203) RSP 0x7ffef30ddc18 left stack [0x69,0x7ffef30bf000]
[INCONSISTENCY mov read] ip: main+0x2229f (get_body @ msg_parser.c:1342) base: 0x7ffef30ddcf0 pointee: 42 read from 72
[CORRUPTED_PTR_LOAD] ip: main+0x2229f (get_body @ msg_parser.c:1342) loaded: 0x3 from cell: 0x7ffef30ddc50 cell_owner: 72 value_owner: 42
[INCONSISTENCY mov write reg] ip: main+0x222dd (get_body @ msg_parser.c:1342) co: 3 vo: 3, 3 write 3
[STACK PIVOT] ip: main+0x1d6df6 (get_debug_level @ dprint.c:177) RSP 0x7ffef30ddcf8 left stack [0x6b,0x7ffef30bf000]
[INCONSISTENCY mov write reg] ip: main+0x78926 (parse_sdp @ sdp.c:732) co: 3 vo: 3, 3 write 3
[STACK PIVOT] ip: main+0x1d6e99 (get_debug_facility @ dprint.c:203) RSP 0x7ffef30ddcf8 left stack [0x6d,0x7ffef30bf000]
[INCONSISTENCY mov write reg] ip: main+0x78c03 (parse_sdp @ sdp.c:732) co: 3 vo: 3, 3 write 3
[UNINITIALIZED mov read] ip: main+0x3dde0 (parse_from_header @ parse_from.c:52) co: 4 vo: -1
[INCONSISTENCY mov write reg UAF] ip: main+0x15d68 (parse_headers @ msg_parser.c:313) UAF write at: 0x7ffef30ddcc8
[INCONSISTENCY mov write reg UAF] ip: main+0x15d7a (parse_headers @ msg_parser.c:314) UAF write at: 0x7ffef30ddcd8
[INCONSISTENCY mov write imm UAF] ip: main+0x15dd0 (parse_headers @ msg_parser.c:320) UAF write at: 0x7ffef30ddcd0
[INCONSISTENCY mov read UAF] ip: main+0x19a8a (parse_headers @ msg_parser.c:326) UAF read at: 0x7ffef30ddcd8
[INCONSISTENCY mov read UAF] ip: main+0x15ddd (parse_headers @ msg_parser.c:327) UAF read at: 0x7ffef30ddcd8
[ALLOC] malloc(0x40) -> 0x643e5a845640 subject=111 at parse_headers @ msg_parser.c:328
[INCONSISTENCY mov write reg UAF] ip: main+0x15df2 (parse_headers @ msg_parser.c:328) UAF write at: 0x7ffef30ddcc0
[INCONSISTENCY mov read UAF] ip: main+0x15df6 (parse_headers @ msg_parser.c:329) UAF read at: 0x7ffef30ddcc0
[INCONSISTENCY mov read UAF] ip: main+0x1614f (parse_headers @ msg_parser.c:334) UAF read at: 0x7ffef30ddcc0
[INCONSISTENCY mov read UAF] ip: main+0x16165 (parse_headers @ msg_parser.c:335) UAF read at: 0x7ffef30ddcc0
[INCONSISTENCY mov read UAF] ip: main+0x1616f (parse_headers @ msg_parser.c:336) UAF read at: 0x7ffef30ddcc0
[INCONSISTENCY mov read UAF] ip: main+0x16173 (parse_headers @ msg_parser.c:336) UAF read at: 0x7ffef30ddcc8
[INCONSISTENCY mov read UAF] ip: main+0x16177 (parse_headers @ msg_parser.c:336) UAF read at: 0x7ffef30ddcd8
[INCONSISTENCY mov write reg UAF] ip: main+0x10fb6 (get_hdr_field @ msg_parser.c:74) UAF write at: 0x7ffef30ddaf8
[INCONSISTENCY mov write reg UAF] ip: main+0x10fbd (get_hdr_field @ msg_parser.c:74) UAF write at: 0x7ffef30ddaf0
[INCONSISTENCY mov write reg UAF] ip: main+0x10fc4 (get_hdr_field @ msg_parser.c:74) UAF write at: 0x7ffef30ddae8
[INCONSISTENCY mov read UAF] ip: main+0x10fd3 (get_hdr_field @ msg_parser.c:84) UAF read at: 0x7ffef30ddaf8
[STACK PIVOT] ip: main+0x1d6df6 (get_debug_level @ dprint.c:177) RSP 0x7ffef30dd978 left stack [0x75,0x7ffef30bf000]
[STACK PIVOT] ip: main+0x40353 (parse_hname2 @ parse_hname2.c:310) RSP 0x7ffef30dda98 left stack [0x76,0x7ffef30bf000]
Store dangling pointer: 0x7ffef30ddb50 at: 0x7ffef30dd9e8
[STACK PIVOT] ip: main+0x1d6df6 (get_debug_level @ dprint.c:177) RSP 0x7ffef30dd9b8 left stack [0x79,0x7ffef30bf000]
[STACK PIVOT] ip: main+0x1d6e99 (get_debug_facility @ dprint.c:203) RSP 0x7ffef30dd9b8 left stack [0x7b,0x7ffef30bf000]
[STACK PIVOT] ip: main+0x1d6df6 (get_debug_level @ dprint.c:177) RSP 0x7ffef30dda98 left stack [0x7d,0x7ffef30bf000]
[STACK PIVOT] ip: main+0x1d6e99 (get_debug_facility @ dprint.c:203) RSP 0x7ffef30dda98 left stack [0x7f,0x7ffef30bf000]
[STACK PIVOT] ip: main+0x1d6df6 (get_debug_level @ dprint.c:177) RSP 0x7ffef30dda98 left stack [0x81,0x7ffef30bf000]
[STACK PIVOT] ip: main+0x1ed1ba (sr_event_exec @ events.c:361) RSP 0x7ffef30dda98 left stack [0x83,0x7ffef30bf000]
[INCONSISTENCY mov write reg UAF] ip: main+0x16186 (parse_headers @ msg_parser.c:336) UAF write at: 0x7ffef30ddcb8
[INCONSISTENCY mov read UAF] ip: main+0x1618a (parse_headers @ msg_parser.c:337) UAF read at: 0x7ffef30ddcc0
[STACK PIVOT] ip: main+0x1d6df6 (get_debug_level @ dprint.c:177) RSP 0x7ffef30ddc08 left stack [0x85,0x7ffef30bf000]
[INCONSISTENCY mov read UAF] ip: main+0x16451 (parse_headers @ msg_parser.c:339) UAF read at: 0x7ffef30ddcc8
[INCONSISTENCY mov read UAF] ip: main+0x1645f (parse_headers @ msg_parser.c:339) UAF read at: 0x7ffef30ddcc8
[INCONSISTENCY mov read] ip: main+0x164cc (parse_headers @ msg_parser.c:339) base: 0x7ffef30ddd10 pointee: 73 read from 72
[CORRUPTED_PTR_LOAD] ip: main+0x164cc (parse_headers @ msg_parser.c:339) loaded: 0x7ffeffffffff from cell: 0x7ffef30ddc90 cell_owner: 72 value_owner: 73
[INCONSISTENCY mov read] ip: main+0x164e6 (parse_headers @ msg_parser.c:339) base: 0x7ffef30ddd10 pointee: 73 read from 72
[CORRUPTED_PTR_LOAD] ip: main+0x164e6 (parse_headers @ msg_parser.c:339) loaded: 0x7ffeffffffff from cell: 0x7ffef30ddc90 cell_owner: 72 value_owner: 73
[STACK PIVOT] ip: main+0x1d6e99 (get_debug_facility @ dprint.c:203) RSP 0x7ffef30ddc08 left stack [0x87,0x7ffef30bf000]
[INCONSISTENCY mov read UAF] ip: main+0x19b19 (parse_headers @ msg_parser.c:635) UAF read at: 0x7ffef30ddcc0
[INCONSISTENCY mov read UAF] ip: main+0x19b20 (parse_headers @ msg_parser.c:636) UAF read at: 0x7ffef30ddcc0
[INCONSISTENCY mov read UAF] ip: main+0x19b2c (parse_headers @ msg_parser.c:637) UAF read at: 0x7ffef30ddcc0
[FREE] free(0x643e5a845640) subject=111 at parse_headers @ msg_parser.c:637
[STACK PIVOT] ip: main+0x1d6df6 (get_debug_level @ dprint.c:177) RSP 0x7ffef30ddd18 left stack [0x8a,0x7ffef30bf000]
[INCONSISTENCY mov write reg] ip: main+0x3de60 (parse_from_header @ parse_from.c:53) co: 3 vo: 3, 3 write 3
[STACK PIVOT] ip: main+0x1d6e99 (get_debug_facility @ dprint.c:203) RSP 0x7ffef30ddd18 left stack [0x8c,0x7ffef30bf000]
[INCONSISTENCY mov write reg] ip: main+0x3e125 (parse_from_header @ parse_from.c:53) co: 3 vo: 3, 3 write 3
[INCONSISTENCY mov read] ip: main+0x3ddd9 (parse_from_header @ parse_from.c:52) base: 0x7ffef30ddd30 pointee: 109 read from 141
[CORRUPTED_PTR_LOAD] ip: main+0x3ddd9 (parse_from_header @ parse_from.c:52) loaded: 0x7ffef30dde00 from cell: 0x7ffef30ddc98 cell_owner: 141 value_owner: 140
[INCONSISTENCY mov read] ip: main+0x3ddf0 (parse_from_header @ parse_from.c:52) base: 0x7ffef30ddd30 pointee: 109 read from 141
[CORRUPTED_PTR_LOAD] ip: main+0x3ddf0 (parse_from_header @ parse_from.c:52) loaded: 0x7ffef30dde00 from cell: 0x7ffef30ddc98 cell_owner: 141 value_owner: 140
[INCONSISTENCY mov write reg UAF] ip: main+0x15d34 (parse_headers @ msg_parser.c:306) UAF write at: 0x7ffef30ddb88
[INCONSISTENCY mov write reg UAF] ip: main+0x15d3b (parse_headers @ msg_parser.c:306) UAF write at: 0x7ffef30ddb80
[INCONSISTENCY mov read UAF] ip: main+0x15d48 (parse_headers @ msg_parser.c:313) UAF read at: 0x7ffef30ddb88
[INCONSISTENCY mov read UAF] ip: main+0x15d56 (parse_headers @ msg_parser.c:313) UAF read at: 0x7ffef30ddb88
[INCONSISTENCY mov read UAF] ip: main+0x15d6c (parse_headers @ msg_parser.c:314) UAF read at: 0x7ffef30ddb88
[INCONSISTENCY mov read] ip: main+0x19a8a (parse_headers @ msg_parser.c:326) base: 0x7ffef30ddc60 pointee: 72 read from 74
[CORRUPTED_PTR_LOAD] ip: main+0x19a8a (parse_headers @ msg_parser.c:326) loaded: 0x643e5a846232 from cell: 0x7ffef30ddc28 cell_owner: 74 value_owner: 72
[INCONSISTENCY mov read UAF] ip: main+0x19a94 (parse_headers @ msg_parser.c:326) UAF read at: 0x7ffef30ddb88
[INCONSISTENCY mov read UAF] ip: main+0x19aa9 (parse_headers @ msg_parser.c:326) UAF read at: 0x7ffef30ddb80
[INCONSISTENCY mov read] ip: main+0x15ddd (parse_headers @ msg_parser.c:327) base: 0x7ffef30ddc60 pointee: 72 read from 74
[CORRUPTED_PTR_LOAD] ip: main+0x15ddd (parse_headers @ msg_parser.c:327) loaded: 0x643e5a846232 from cell: 0x7ffef30ddc28 cell_owner: 74 value_owner: 72
[ALLOC] malloc(0x40) -> 0x643e5a845640 subject=143 at parse_headers @ msg_parser.c:328
[INCONSISTENCY mov read] ip: main+0x15df6 (parse_headers @ msg_parser.c:329) base: 0x7ffef30ddc60 pointee: 72 read from 110
[CORRUPTED_PTR_LOAD] ip: main+0x15df6 (parse_headers @ msg_parser.c:329) loaded: 0x643e5a845640 from cell: 0x7ffef30ddc10 cell_owner: 110 value_owner: 72
[INCONSISTENCY mov read] ip: main+0x1614f (parse_headers @ msg_parser.c:334) base: 0x7ffef30ddc60 pointee: 72 read from 110
[CORRUPTED_PTR_LOAD] ip: main+0x1614f (parse_headers @ msg_parser.c:334) loaded: 0x643e5a845640 from cell: 0x7ffef30ddc10 cell_owner: 110 value_owner: 72
[INCONSISTENCY mov read] ip: main+0x16165 (parse_headers @ msg_parser.c:335) base: 0x7ffef30ddc60 pointee: 72 read from 110
[CORRUPTED_PTR_LOAD] ip: main+0x16165 (parse_headers @ msg_parser.c:335) loaded: 0x643e5a845640 from cell: 0x7ffef30ddc10 cell_owner: 110 value_owner: 72
[INCONSISTENCY mov read] ip: main+0x1616f (parse_headers @ msg_parser.c:336) base: 0x7ffef30ddc60 pointee: 72 read from 110
[CORRUPTED_PTR_LOAD] ip: main+0x1616f (parse_headers @ msg_parser.c:336) loaded: 0x643e5a845640 from cell: 0x7ffef30ddc10 cell_owner: 110 value_owner: 72
[INCONSISTENCY mov read] ip: main+0x16173 (parse_headers @ msg_parser.c:336) base: 0x7ffef30ddc60 pointee: 72 read from 110
[CORRUPTED_PTR_LOAD] ip: main+0x16173 (parse_headers @ msg_parser.c:336) loaded: 0x643e5a846247 from cell: 0x7ffef30ddc18 cell_owner: 110 value_owner: 72
[INCONSISTENCY mov read] ip: main+0x16177 (parse_headers @ msg_parser.c:336) base: 0x7ffef30ddc60 pointee: 72 read from 74
[CORRUPTED_PTR_LOAD] ip: main+0x16177 (parse_headers @ msg_parser.c:336) loaded: 0x643e5a846232 from cell: 0x7ffef30ddc28 cell_owner: 74 value_owner: 72
[STACK PIVOT] ip: main+0x1d6df6 (get_debug_level @ dprint.c:177) RSP 0x7ffef30dd8c8 left stack [0x95,0x7ffef30bf000]
[STACK PIVOT] ip: main+0x40353 (parse_hname2 @ parse_hname2.c:310) RSP 0x7ffef30dd9e8 left stack [0x96,0x7ffef30bf000]
Store dangling pointer: 0x7ffef30ddaa0 at: 0x7ffef30dd938
[STACK PIVOT] ip: main+0x1d6df6 (get_debug_level @ dprint.c:177) RSP 0x7ffef30dd908 left stack [0x99,0x7ffef30bf000]
[STACK PIVOT] ip: main+0x1d6e99 (get_debug_facility @ dprint.c:203) RSP 0x7ffef30dd908 left stack [0x9b,0x7ffef30bf000]
[STACK PIVOT] ip: main+0x1d6df6 (get_debug_level @ dprint.c:177) RSP 0x7ffef30dd9e8 left stack [0x9d,0x7ffef30bf000]
[STACK PIVOT] ip: main+0x1d6e99 (get_debug_facility @ dprint.c:203) RSP 0x7ffef30dd9e8 left stack [0x9f,0x7ffef30bf000]
[STACK PIVOT] ip: main+0x1d6df6 (get_debug_level @ dprint.c:177) RSP 0x7ffef30dd9e8 left stack [0xa1,0x7ffef30bf000]
[STACK PIVOT] ip: main+0x1ed1ba (sr_event_exec @ events.c:361) RSP 0x7ffef30dd9e8 left stack [0xa3,0x7ffef30bf000]
[INCONSISTENCY mov read] ip: main+0x1618a (parse_headers @ msg_parser.c:337) base: 0x7ffef30ddc60 pointee: 72 read from 110
[CORRUPTED_PTR_LOAD] ip: main+0x1618a (parse_headers @ msg_parser.c:337) loaded: 0x643e5a845640 from cell: 0x7ffef30ddc10 cell_owner: 110 value_owner: 72
[STACK PIVOT] ip: main+0x1d6df6 (get_debug_level @ dprint.c:177) RSP 0x7ffef30ddb58 left stack [0xa5,0x7ffef30bf000]
[INCONSISTENCY mov read] ip: main+0x16451 (parse_headers @ msg_parser.c:339) base: 0x7ffef30ddc60 pointee: 72 read from 110
[CORRUPTED_PTR_LOAD] ip: main+0x16451 (parse_headers @ msg_parser.c:339) loaded: 0x643e5a846247 from cell: 0x7ffef30ddc18 cell_owner: 110 value_owner: 72
[INCONSISTENCY mov read] ip: main+0x1645f (parse_headers @ msg_parser.c:339) base: 0x7ffef30ddc60 pointee: 72 read from 110
[CORRUPTED_PTR_LOAD] ip: main+0x1645f (parse_headers @ msg_parser.c:339) loaded: 0x643e5a846247 from cell: 0x7ffef30ddc18 cell_owner: 110 value_owner: 72
[STACK PIVOT] ip: main+0x1d6e99 (get_debug_facility @ dprint.c:203) RSP 0x7ffef30ddb58 left stack [0xa7,0x7ffef30bf000]
[INCONSISTENCY mov read] ip: main+0x19b19 (parse_headers @ msg_parser.c:635) base: 0x7ffef30ddc60 pointee: 72 read from 110
[CORRUPTED_PTR_LOAD] ip: main+0x19b19 (parse_headers @ msg_parser.c:635) loaded: 0x643e5a845640 from cell: 0x7ffef30ddc10 cell_owner: 110 value_owner: 72
[INCONSISTENCY mov read] ip: main+0x19b20 (parse_headers @ msg_parser.c:636) base: 0x7ffef30ddc60 pointee: 72 read from 110
[CORRUPTED_PTR_LOAD] ip: main+0x19b20 (parse_headers @ msg_parser.c:636) loaded: 0x643e5a845640 from cell: 0x7ffef30ddc10 cell_owner: 110 value_owner: 72
[INCONSISTENCY mov write reg UAF] ip: main+0x20f885 (clean_hdr_field @ hf.c:54) UAF write at: 0x7ffef30ddac8
[INCONSISTENCY mov read] ip: main+0x19b2c (parse_headers @ msg_parser.c:637) base: 0x7ffef30ddc60 pointee: 72 read from 110
[CORRUPTED_PTR_LOAD] ip: main+0x19b2c (parse_headers @ msg_parser.c:637) loaded: 0x643e5a845640 from cell: 0x7ffef30ddc10 cell_owner: 110 value_owner: 72
[FREE] free(0x643e5a845640) subject=143 at parse_headers @ msg_parser.c:637
[INCONSISTENCY mov read UAF] ip: main+0x19b48 (parse_headers @ msg_parser.c:643) UAF read at: 0x7ffef30ddb88
[INCONSISTENCY mov read UAF] ip: main+0x19b5d (parse_headers @ msg_parser.c:643) UAF read at: 0x7ffef30ddb88
[STACK PIVOT] ip: main+0x1d6df6 (get_debug_level @ dprint.c:177) RSP 0x7ffef30ddc68 left stack [0xaa,0x7ffef30bf000]
[INCONSISTENCY mov write imm UAF] ip: main+0x3de50 (parse_from_header @ parse_from.c:53) UAF write at: 0x7ffef30ddcfc
[INCONSISTENCY mov read UAF] ip: main+0x3e09a (parse_from_header @ parse_from.c:53) UAF read at: 0x7ffef30ddcfc
[INCONSISTENCY mov read UAF] ip: main+0x3e0b4 (parse_from_header @ parse_from.c:53) UAF read at: 0x7ffef30ddcfc
[STACK PIVOT] ip: main+0x1d6e99 (get_debug_facility @ dprint.c:203) RSP 0x7ffef30ddc68 left stack [0xac,0x7ffef30bf000]
[INCONSISTENCY mov read] ip: main+0x3e0e7 (parse_from_header @ parse_from.c:53) base: 0x7ffef30ddd30 pointee: 109 read from 141
[CORRUPTED_PTR_LOAD] ip: main+0x3e0e7 (parse_from_header @ parse_from.c:53) loaded: 0x7ffe00000003 from cell: 0x7ffef30ddc90 cell_owner: 141 value_owner: 109
[STACK PIVOT] ip: main+0x1d6df6 (get_debug_level @ dprint.c:177) RSP 0x7ffef30ddd38 left stack [0xae,0x7ffef30bf000]
[INCONSISTENCY mov write reg] ip: main+0x3e958 (parse_from_uri @ parse_from.c:94) co: 3 vo: 3, 3 write 3
[STACK PIVOT] ip: main+0x1d6e99 (get_debug_facility @ dprint.c:203) RSP 0x7ffef30ddd38 left stack [0xb0,0x7ffef30bf000]
[INCONSISTENCY mov write reg] ip: main+0x3ec0e (parse_from_uri @ parse_from.c:94) co: 3 vo: 3, 3 write 3
[UNINITIALIZED mov read] ip: main+0x497bb (parse_to_header @ parse_to.c:47) co: 4 vo: -1
[INCONSISTENCY mov write reg UAF] ip: main+0x15d42 (parse_headers @ msg_parser.c:306) UAF write at: 0x7ffef30ddc4c
[INCONSISTENCY mov read UAF] ip: main+0x15d7e (parse_headers @ msg_parser.c:316) UAF read at: 0x7ffef30ddc4c
[ALLOC] malloc(0x40) -> 0x643e5a845640 subject=178 at parse_headers @ msg_parser.c:328
[STACK PIVOT] ip: main+0x1d6df6 (get_debug_level @ dprint.c:177) RSP 0x7ffef30dd998 left stack [0xb8,0x7ffef30bf000]
[STACK PIVOT] ip: main+0x40353 (parse_hname2 @ parse_hname2.c:310) RSP 0x7ffef30ddab8 left stack [0xb9,0x7ffef30bf000]
[STACK PIVOT] ip: main+0x1d6df6 (get_debug_level @ dprint.c:177) RSP 0x7ffef30dd9d8 left stack [0xbc,0x7ffef30bf000]
[STACK PIVOT] ip: main+0x1d6e99 (get_debug_facility @ dprint.c:203) RSP 0x7ffef30dd9d8 left stack [0xbe,0x7ffef30bf000]
[STACK PIVOT] ip: main+0x1d6df6 (get_debug_level @ dprint.c:177) RSP 0x7ffef30ddab8 left stack [0xc0,0x7ffef30bf000]
[STACK PIVOT] ip: main+0x1d6e99 (get_debug_facility @ dprint.c:203) RSP 0x7ffef30ddab8 left stack [0xc2,0x7ffef30bf000]
[STACK PIVOT] ip: main+0x1d6df6 (get_debug_level @ dprint.c:177) RSP 0x7ffef30ddab8 left stack [0xc4,0x7ffef30bf000]
[STACK PIVOT] ip: main+0x1ed1ba (sr_event_exec @ events.c:361) RSP 0x7ffef30ddab8 left stack [0xc6,0x7ffef30bf000]
[STACK PIVOT] ip: main+0x1d6df6 (get_debug_level @ dprint.c:177) RSP 0x7ffef30ddc28 left stack [0xc8,0x7ffef30bf000]
[INCONSISTENCY mov write reg UAF] ip: main+0x16467 (parse_headers @ msg_parser.c:339) UAF write at: 0x7ffef30ddc40
[STACK PIVOT] ip: main+0x1d6e99 (get_debug_facility @ dprint.c:203) RSP 0x7ffef30ddc28 left stack [0xca,0x7ffef30bf000]
[INCONSISTENCY mov read UAF] ip: main+0x16524 (parse_headers @ msg_parser.c:339) UAF read at: 0x7ffef30ddc40
[FREE] free(0x643e5a845640) subject=178 at parse_headers @ msg_parser.c:637
[STACK PIVOT] ip: main+0x1d6df6 (get_debug_level @ dprint.c:177) RSP 0x7ffef30ddd38 left stack [0xcd,0x7ffef30bf000]
[INCONSISTENCY mov write reg] ip: main+0x4983b (parse_to_header @ parse_to.c:48) co: 3 vo: 3, 3 write 3
[STACK PIVOT] ip: main+0x1d6e99 (get_debug_facility @ dprint.c:203) RSP 0x7ffef30ddd38 left stack [0xcf,0x7ffef30bf000]
[INCONSISTENCY mov write reg] ip: main+0x49af1 (parse_to_header @ parse_to.c:48) co: 3 vo: 3, 3 write 3
[INCONSISTENCY mov write reg UAF] ip: main+0x497ad (parse_to_header @ parse_to.c:46) UAF write at: 0x7ffef30ddca8
[INCONSISTENCY mov read UAF] ip: main+0x497b4 (parse_to_header @ parse_to.c:47) UAF read at: 0x7ffef30ddca8
[INCONSISTENCY mov read UAF] ip: main+0x497cb (parse_to_header @ parse_to.c:47) UAF read at: 0x7ffef30ddca8
[ALLOC] malloc(0x40) -> 0x643e5a845640 subject=210 at parse_headers @ msg_parser.c:328
[STACK PIVOT] ip: main+0x1d6df6 (get_debug_level @ dprint.c:177) RSP 0x7ffef30dd8e8 left stack [0xd8,0x7ffef30bf000]
[STACK PIVOT] ip: main+0x40353 (parse_hname2 @ parse_hname2.c:310) RSP 0x7ffef30dda08 left stack [0xd9,0x7ffef30bf000]
Store dangling pointer: 0x7ffef30ddac0 at: 0x7ffef30dd958
[STACK PIVOT] ip: main+0x1d6df6 (get_debug_level @ dprint.c:177) RSP 0x7ffef30dd928 left stack [0xdc,0x7ffef30bf000]
[STACK PIVOT] ip: main+0x1d6e99 (get_debug_facility @ dprint.c:203) RSP 0x7ffef30dd928 left stack [0xde,0x7ffef30bf000]
[STACK PIVOT] ip: main+0x1d6df6 (get_debug_level @ dprint.c:177) RSP 0x7ffef30dda08 left stack [0xe0,0x7ffef30bf000]
[STACK PIVOT] ip: main+0x1d6e99 (get_debug_facility @ dprint.c:203) RSP 0x7ffef30dda08 left stack [0xe2,0x7ffef30bf000]
[STACK PIVOT] ip: main+0x1d6df6 (get_debug_level @ dprint.c:177) RSP 0x7ffef30dda08 left stack [0xe4,0x7ffef30bf000]
[STACK PIVOT] ip: main+0x1ed1ba (sr_event_exec @ events.c:361) RSP 0x7ffef30dda08 left stack [0xe6,0x7ffef30bf000]
[STACK PIVOT] ip: main+0x1d6df6 (get_debug_level @ dprint.c:177) RSP 0x7ffef30ddb78 left stack [0xe8,0x7ffef30bf000]
[INCONSISTENCY mov write reg UAF] ip: main+0x16480 (parse_headers @ msg_parser.c:339) UAF write at: 0x7ffef30ddb80
[INCONSISTENCY mov write reg UAF] ip: main+0x164ff (parse_headers @ msg_parser.c:339) UAF write at: 0x7ffef30ddb88
[STACK PIVOT] ip: main+0x1d6e99 (get_debug_facility @ dprint.c:203) RSP 0x7ffef30ddb78 left stack [0xea,0x7ffef30bf000]
[INCONSISTENCY mov read UAF] ip: main+0x16519 (parse_headers @ msg_parser.c:339) UAF read at: 0x7ffef30ddb88
[FREE] free(0x643e5a845640) subject=210 at parse_headers @ msg_parser.c:637
[STACK PIVOT] ip: main+0x1d6df6 (get_debug_level @ dprint.c:177) RSP 0x7ffef30ddc88 left stack [0xed,0x7ffef30bf000]
[INCONSISTENCY mov write imm UAF] ip: main+0x4982b (parse_to_header @ parse_to.c:48) UAF write at: 0x7ffef30ddcfc
[INCONSISTENCY mov read UAF] ip: main+0x49a66 (parse_to_header @ parse_to.c:48) UAF read at: 0x7ffef30ddcfc
[INCONSISTENCY mov read UAF] ip: main+0x49a80 (parse_to_header @ parse_to.c:48) UAF read at: 0x7ffef30ddcfc
[INCONSISTENCY mov write reg UAF] ip: main+0x49a99 (parse_to_header @ parse_to.c:48) UAF write at: 0x7ffef30ddca4
[STACK PIVOT] ip: main+0x1d6e99 (get_debug_facility @ dprint.c:203) RSP 0x7ffef30ddc88 left stack [0xef,0x7ffef30bf000]
[INCONSISTENCY mov read UAF] ip: main+0x49ab3 (parse_to_header @ parse_to.c:48) UAF read at: 0x7ffef30ddca4
[STACK PIVOT] ip: main+0x1d6df6 (get_debug_level @ dprint.c:177) RSP 0x7ffef30ddd38 left stack [0xf1,0x7ffef30bf000]
[INCONSISTENCY mov write reg] ip: main+0x49bba (parse_to_uri @ parse_to.c:68) co: 3 vo: 3, 3 write 3
[STACK PIVOT] ip: main+0x1d6e99 (get_debug_facility @ dprint.c:203) RSP 0x7ffef30ddd38 left stack [0xf3,0x7ffef30bf000]
[INCONSISTENCY mov write reg] ip: main+0x49e70 (parse_to_uri @ parse_to.c:68) co: 3 vo: 3, 3 write 3
[ALLOC] malloc(0x40) -> 0x643e5a845640 subject=245 at parse_headers @ msg_parser.c:328
[STACK PIVOT] ip: main+0x1d6df6 (get_debug_level @ dprint.c:177) RSP 0x7ffef30dd998 left stack [0xfb,0x7ffef30bf000]
[STACK PIVOT] ip: main+0x40353 (parse_hname2 @ parse_hname2.c:310) RSP 0x7ffef30ddab8 left stack [0xfc,0x7ffef30bf000]
[STACK PIVOT] ip: main+0x1d6df6 (get_debug_level @ dprint.c:177) RSP 0x7ffef30dd9d8 left stack [0xff,0x7ffef30bf000]
[STACK PIVOT] ip: main+0x1d6e99 (get_debug_facility @ dprint.c:203) RSP 0x7ffef30dd9d8 left stack [0x101,0x7ffef30bf000]
[STACK PIVOT] ip: main+0x1d6df6 (get_debug_level @ dprint.c:177) RSP 0x7ffef30ddab8 left stack [0x103,0x7ffef30bf000]
[STACK PIVOT] ip: main+0x1d6e99 (get_debug_facility @ dprint.c:203) RSP 0x7ffef30ddab8 left stack [0x105,0x7ffef30bf000]
[STACK PIVOT] ip: main+0x1d6df6 (get_debug_level @ dprint.c:177) RSP 0x7ffef30ddab8 left stack [0x107,0x7ffef30bf000]
[STACK PIVOT] ip: main+0x1ed1ba (sr_event_exec @ events.c:361) RSP 0x7ffef30ddab8 left stack [0x109,0x7ffef30bf000]
[STACK PIVOT] ip: main+0x1d6df6 (get_debug_level @ dprint.c:177) RSP 0x7ffef30ddc28 left stack [0x10b,0x7ffef30bf000]
[STACK PIVOT] ip: main+0x1d6e99 (get_debug_facility @ dprint.c:203) RSP 0x7ffef30ddc28 left stack [0x10d,0x7ffef30bf000]
[FREE] free(0x643e5a845640) subject=245 at parse_headers @ msg_parser.c:637
[STACK PIVOT] ip: main+0x1d6df6 (get_debug_level @ dprint.c:177) RSP 0x7ffef30ddd38 left stack [0x110,0x7ffef30bf000]
[INCONSISTENCY mov write reg] ip: main+0x2ff17 (parse_contact_headers @ parse_contact.c:238) co: 3 vo: 3, 3 write 3
[STACK PIVOT] ip: main+0x1d6e99 (get_debug_facility @ dprint.c:203) RSP 0x7ffef30ddd38 left stack [0x112,0x7ffef30bf000]
[INCONSISTENCY mov write reg] ip: main+0x301cd (parse_contact_headers @ parse_contact.c:238) co: 3 vo: 3, 3 write 3
[UNINITIALIZED mov read] ip: main+0x48791 (parse_refer_to_header @ parse_refer_to.c:48) co: 4 vo: -1
[ALLOC] malloc(0x40) -> 0x643e5a845640 subject=276 at parse_headers @ msg_parser.c:328
[STACK PIVOT] ip: main+0x1d6df6 (get_debug_level @ dprint.c:177) RSP 0x7ffef30dd998 left stack [0x11a,0x7ffef30bf000]
[STACK PIVOT] ip: main+0x40353 (parse_hname2 @ parse_hname2.c:310) RSP 0x7ffef30ddab8 left stack [0x11b,0x7ffef30bf000]
[STACK PIVOT] ip: main+0x1d6df6 (get_debug_level @ dprint.c:177) RSP 0x7ffef30dd9d8 left stack [0x11e,0x7ffef30bf000]
[STACK PIVOT] ip: main+0x1d6e99 (get_debug_facility @ dprint.c:203) RSP 0x7ffef30dd9d8 left stack [0x120,0x7ffef30bf000]
[STACK PIVOT] ip: main+0x1d6df6 (get_debug_level @ dprint.c:177) RSP 0x7ffef30ddab8 left stack [0x122,0x7ffef30bf000]
[STACK PIVOT] ip: main+0x1d6e99 (get_debug_facility @ dprint.c:203) RSP 0x7ffef30ddab8 left stack [0x124,0x7ffef30bf000]
[STACK PIVOT] ip: main+0x1d6df6 (get_debug_level @ dprint.c:177) RSP 0x7ffef30ddab8 left stack [0x126,0x7ffef30bf000]
[STACK PIVOT] ip: main+0x1ed1ba (sr_event_exec @ events.c:361) RSP 0x7ffef30ddab8 left stack [0x128,0x7ffef30bf000]
[STACK PIVOT] ip: main+0x1d6df6 (get_debug_level @ dprint.c:177) RSP 0x7ffef30ddc28 left stack [0x12a,0x7ffef30bf000]
[STACK PIVOT] ip: main+0x1d6e99 (get_debug_facility @ dprint.c:203) RSP 0x7ffef30ddc28 left stack [0x12c,0x7ffef30bf000]
[FREE] free(0x643e5a845640) subject=276 at parse_headers @ msg_parser.c:637
[UNINITIALIZED mov read] ip: main+0x45bd5 (parse_pai_header @ parse_ppi_pai.c:120) co: 4 vo: -1
[ALLOC] malloc(0x40) -> 0x643e5a845640 subject=303 at parse_headers @ msg_parser.c:328
[STACK PIVOT] ip: main+0x1d6df6 (get_debug_level @ dprint.c:177) RSP 0x7ffef30dd978 left stack [0x135,0x7ffef30bf000]
[STACK PIVOT] ip: main+0x40353 (parse_hname2 @ parse_hname2.c:310) RSP 0x7ffef30dda98 left stack [0x136,0x7ffef30bf000]
[STACK PIVOT] ip: main+0x1d6df6 (get_debug_level @ dprint.c:177) RSP 0x7ffef30dd9b8 left stack [0x139,0x7ffef30bf000]
[STACK PIVOT] ip: main+0x1d6e99 (get_debug_facility @ dprint.c:203) RSP 0x7ffef30dd9b8 left stack [0x13b,0x7ffef30bf000]
[STACK PIVOT] ip: main+0x1d6df6 (get_debug_level @ dprint.c:177) RSP 0x7ffef30dda98 left stack [0x13d,0x7ffef30bf000]
[STACK PIVOT] ip: main+0x1d6e99 (get_debug_facility @ dprint.c:203) RSP 0x7ffef30dda98 left stack [0x13f,0x7ffef30bf000]
[STACK PIVOT] ip: main+0x1d6df6 (get_debug_level @ dprint.c:177) RSP 0x7ffef30dda98 left stack [0x141,0x7ffef30bf000]
[STACK PIVOT] ip: main+0x1ed1ba (sr_event_exec @ events.c:361) RSP 0x7ffef30dda98 left stack [0x143,0x7ffef30bf000]
[STACK PIVOT] ip: main+0x1d6df6 (get_debug_level @ dprint.c:177) RSP 0x7ffef30ddc08 left stack [0x145,0x7ffef30bf000]
[STACK PIVOT] ip: main+0x1d6e99 (get_debug_facility @ dprint.c:203) RSP 0x7ffef30ddc08 left stack [0x147,0x7ffef30bf000]
[FREE] free(0x643e5a845640) subject=303 at parse_headers @ msg_parser.c:637
[STACK PIVOT] ip: main+0x1d6df6 (get_debug_level @ dprint.c:177) RSP 0x7ffef30ddd18 left stack [0x14a,0x7ffef30bf000]
[INCONSISTENCY mov write reg] ip: main+0x45c49 (parse_pai_header @ parse_ppi_pai.c:124) co: 3 vo: 3, 3 write 3
[INCONSISTENCY mov write reg UAF] ip: main+0x45e40 (parse_pai_header @ parse_ppi_pai.c:124) UAF write at: 0x7ffef30ddd28
[STACK PIVOT] ip: main+0x1d6e99 (get_debug_facility @ dprint.c:203) RSP 0x7ffef30ddd18 left stack [0x14c,0x7ffef30bf000]
[INCONSISTENCY mov write reg] ip: main+0x45f17 (parse_pai_header @ parse_ppi_pai.c:124) co: 3 vo: 3, 3 write 3
[UNINITIALIZED mov read] ip: main+0x398be (parse_diversion_header @ parse_diversion.c:51) co: 4 vo: -1
[ALLOC] malloc(0x40) -> 0x643e5a845640 subject=334 at parse_headers @ msg_parser.c:328
[STACK PIVOT] ip: main+0x1d6df6 (get_debug_level @ dprint.c:177) RSP 0x7ffef30dd998 left stack [0x152,0x7ffef30bf000]
[STACK PIVOT] ip: main+0x40353 (parse_hname2 @ parse_hname2.c:310) RSP 0x7ffef30ddab8 left stack [0x153,0x7ffef30bf000]
[STACK PIVOT] ip: main+0x1d6df6 (get_debug_level @ dprint.c:177) RSP 0x7ffef30dd9d8 left stack [0x154,0x7ffef30bf000]
[STACK PIVOT] ip: main+0x1d6e99 (get_debug_facility @ dprint.c:203) RSP 0x7ffef30dd9d8 left stack [0x156,0x7ffef30bf000]
[STACK PIVOT] ip: main+0x1d6df6 (get_debug_level @ dprint.c:177) RSP 0x7ffef30ddab8 left stack [0x156,0x7ffef30bf000]
[STACK PIVOT] ip: main+0x1d6e99 (get_debug_facility @ dprint.c:203) RSP 0x7ffef30ddab8 left stack [0x158,0x7ffef30bf000]
[STACK PIVOT] ip: main+0x1d6df6 (get_debug_level @ dprint.c:177) RSP 0x7ffef30ddab8 left stack [0x158,0x7ffef30bf000]
[STACK PIVOT] ip: main+0x1ed1ba (sr_event_exec @ events.c:361) RSP 0x7ffef30ddab8 left stack [0x15a,0x7ffef30bf000]
[STACK PIVOT] ip: main+0x1d6df6 (get_debug_level @ dprint.c:177) RSP 0x7ffef30ddc28 left stack [0x15a,0x7ffef30bf000]
[STACK PIVOT] ip: main+0x1d6e99 (get_debug_facility @ dprint.c:203) RSP 0x7ffef30ddc28 left stack [0x15c,0x7ffef30bf000]
[FREE] free(0x643e5a845640) subject=334 at parse_headers @ msg_parser.c:637
[INCONSISTENCY mov write reg UAF] ip: main+0x4757f (parse_privacy @ parse_privacy.c:153) UAF write at: 0x7ffef30ddd18
STACKREADUSEAFTERSCOPE at: 0x7ffef30ddd18 ip: main+0x47586 (parse_privacy @ parse_privacy.c:159)
[UNINITIALIZED mov read] ip: main+0x4758d (parse_privacy @ parse_privacy.c:159) co: 4 vo: -1
STACKREADUSEAFTERSCOPE at: 0x7ffef30ddd18 ip: main+0x475ba (parse_privacy @ parse_privacy.c:163)
[UNINITIALIZED mov read] ip: main+0x475c1 (parse_privacy @ parse_privacy.c:163) co: 4 vo: -1
STACKREADUSEAFTERSCOPE at: 0x7ffef30ddd18 ip: main+0x475cd (parse_privacy @ parse_privacy.c:164)
[ALLOC] malloc(0x40) -> 0x643e5a845640 subject=351 at parse_headers @ msg_parser.c:328
[STACK PIVOT] ip: main+0x1d6df6 (get_debug_level @ dprint.c:177) RSP 0x7ffef30dd958 left stack [0x163,0x7ffef30bf000]
[STACK PIVOT] ip: main+0x40353 (parse_hname2 @ parse_hname2.c:310) RSP 0x7ffef30dda78 left stack [0x164,0x7ffef30bf000]
Store dangling pointer: 0x7ffef30ddb30 at: 0x7ffef30dd9c8
[STACK PIVOT] ip: main+0x1d6df6 (get_debug_level @ dprint.c:177) RSP 0x7ffef30dd998 left stack [0x165,0x7ffef30bf000]
[STACK PIVOT] ip: main+0x1d6e99 (get_debug_facility @ dprint.c:203) RSP 0x7ffef30dd998 left stack [0x167,0x7ffef30bf000]
[STACK PIVOT] ip: main+0x1d6df6 (get_debug_level @ dprint.c:177) RSP 0x7ffef30dda78 left stack [0x167,0x7ffef30bf000]
[STACK PIVOT] ip: main+0x1d6e99 (get_debug_facility @ dprint.c:203) RSP 0x7ffef30dda78 left stack [0x169,0x7ffef30bf000]
[STACK PIVOT] ip: main+0x1d6df6 (get_debug_level @ dprint.c:177) RSP 0x7ffef30dda78 left stack [0x169,0x7ffef30bf000]
[STACK PIVOT] ip: main+0x1ed1ba (sr_event_exec @ events.c:361) RSP 0x7ffef30dda78 left stack [0x16b,0x7ffef30bf000]
[STACK PIVOT] ip: main+0x1d6df6 (get_debug_level @ dprint.c:177) RSP 0x7ffef30ddbe8 left stack [0x16b,0x7ffef30bf000]
[STACK PIVOT] ip: main+0x1d6e99 (get_debug_facility @ dprint.c:203) RSP 0x7ffef30ddbe8 left stack [0x16d,0x7ffef30bf000]
[FREE] free(0x643e5a845640) subject=351 at parse_headers @ msg_parser.c:637
[UNINITIALIZED mov read] ip: main+0x38936 (parse_content_disposition @ parse_disposition.c:370) co: 4 vo: -1
[ALLOC] malloc(0x40) -> 0x643e5a845640 subject=368 at parse_headers @ msg_parser.c:328
[STACK PIVOT] ip: main+0x1d6df6 (get_debug_level @ dprint.c:177) RSP 0x7ffef30dd998 left stack [0x174,0x7ffef30bf000]
[STACK PIVOT] ip: main+0x40353 (parse_hname2 @ parse_hname2.c:310) RSP 0x7ffef30ddab8 left stack [0x175,0x7ffef30bf000]
Store dangling pointer: 0x7ffef30ddb70 at: 0x7ffef30dda08
[STACK PIVOT] ip: main+0x1d6df6 (get_debug_level @ dprint.c:177) RSP 0x7ffef30dd9d8 left stack [0x176,0x7ffef30bf000]
[STACK PIVOT] ip: main+0x1d6e99 (get_debug_facility @ dprint.c:203) RSP 0x7ffef30dd9d8 left stack [0x178,0x7ffef30bf000]
[STACK PIVOT] ip: main+0x1d6df6 (get_debug_level @ dprint.c:177) RSP 0x7ffef30ddab8 left stack [0x178,0x7ffef30bf000]
[STACK PIVOT] ip: main+0x1d6e99 (get_debug_facility @ dprint.c:203) RSP 0x7ffef30ddab8 left stack [0x17a,0x7ffef30bf000]
[STACK PIVOT] ip: main+0x1d6df6 (get_debug_level @ dprint.c:177) RSP 0x7ffef30ddab8 left stack [0x17a,0x7ffef30bf000]
[STACK PIVOT] ip: main+0x1ed1ba (sr_event_exec @ events.c:361) RSP 0x7ffef30ddab8 left stack [0x17c,0x7ffef30bf000]
[STACK PIVOT] ip: main+0x1d6df6 (get_debug_level @ dprint.c:177) RSP 0x7ffef30ddc28 left stack [0x17c,0x7ffef30bf000]
[STACK PIVOT] ip: main+0x1d6e99 (get_debug_facility @ dprint.c:203) RSP 0x7ffef30ddc28 left stack [0x17e,0x7ffef30bf000]
[FREE] free(0x643e5a845640) subject=368 at parse_headers @ msg_parser.c:637
[UNINITIALIZED mov read] ip: main+0x412c7 (parse_identityinfo_header @ parse_identityinfo.c:324) co: 4 vo: -1
[ALLOC] malloc(0x40) -> 0x643e5a845640 subject=385 at parse_headers @ msg_parser.c:328
[STACK PIVOT] ip: main+0x1d6df6 (get_debug_level @ dprint.c:177) RSP 0x7ffef30dd988 left stack [0x185,0x7ffef30bf000]
[STACK PIVOT] ip: main+0x40353 (parse_hname2 @ parse_hname2.c:310) RSP 0x7ffef30ddaa8 left stack [0x186,0x7ffef30bf000]
Store dangling pointer: 0x7ffef30ddb60 at: 0x7ffef30dd9f8
[STACK PIVOT] ip: main+0x1d6df6 (get_debug_level @ dprint.c:177) RSP 0x7ffef30dd9c8 left stack [0x187,0x7ffef30bf000]
[STACK PIVOT] ip: main+0x1d6e99 (get_debug_facility @ dprint.c:203) RSP 0x7ffef30dd9c8 left stack [0x189,0x7ffef30bf000]
[STACK PIVOT] ip: main+0x1d6df6 (get_debug_level @ dprint.c:177) RSP 0x7ffef30ddaa8 left stack [0x189,0x7ffef30bf000]
[STACK PIVOT] ip: main+0x1d6e99 (get_debug_facility @ dprint.c:203) RSP 0x7ffef30ddaa8 left stack [0x18b,0x7ffef30bf000]
[STACK PIVOT] ip: main+0x1d6df6 (get_debug_level @ dprint.c:177) RSP 0x7ffef30ddaa8 left stack [0x18b,0x7ffef30bf000]
[STACK PIVOT] ip: main+0x1ed1ba (sr_event_exec @ events.c:361) RSP 0x7ffef30ddaa8 left stack [0x18d,0x7ffef30bf000]
[STACK PIVOT] ip: main+0x1d6df6 (get_debug_level @ dprint.c:177) RSP 0x7ffef30ddc18 left stack [0x18d,0x7ffef30bf000]
[STACK PIVOT] ip: main+0x1d6e99 (get_debug_facility @ dprint.c:203) RSP 0x7ffef30ddc18 left stack [0x18f,0x7ffef30bf000]
[FREE] free(0x643e5a845640) subject=385 at parse_headers @ msg_parser.c:637
[STACK PIVOT] ip: main+0x1d6df6 (get_debug_level @ dprint.c:177) RSP 0x7ffef30ddd28 left stack [0x190,0x7ffef30bf000]
[INCONSISTENCY mov write reg] ip: main+0x4134f (parse_identityinfo_header @ parse_identityinfo.c:327) co: 3 vo: 3, 3 write 3
[STACK PIVOT] ip: main+0x1d6e99 (get_debug_facility @ dprint.c:203) RSP 0x7ffef30ddd28 left stack [0x192,0x7ffef30bf000]
[INCONSISTENCY mov write reg] ip: main+0x41614 (parse_identityinfo_header @ parse_identityinfo.c:327) co: 3 vo: 3, 3 write 3
[CORRUPTED_PTR_LOAD] ip: main+0x1c61c (reset_new_uri @ msg_parser.c:789) loaded: 0x7ffef30dde00 from cell: 0x7ffef30dddb8 cell_owner: 403 value_owner: 402
[UNINITIALIZED mov read] ip: main+0x1c620 (reset_new_uri @ msg_parser.c:789) co: 4 vo: -1
[CORRUPTED_PTR_LOAD] ip: main+0x1c63f (reset_new_uri @ msg_parser.c:792) loaded: 0x7ffef30dde00 from cell: 0x7ffef30dddb8 cell_owner: 403 value_owner: 402
[CORRUPTED_PTR_LOAD] ip: main+0x1c64e (reset_new_uri @ msg_parser.c:793) loaded: 0x7ffef30dde00 from cell: 0x7ffef30dddb8 cell_owner: 403 value_owner: 402
[CORRUPTED_PTR_LOAD] ip: main+0x1c65c (reset_new_uri @ msg_parser.c:794) loaded: 0x7ffef30dde00 from cell: 0x7ffef30dddb8 cell_owner: 403 value_owner: 402
[STACK PIVOT] ip: main+0x1c66b (reset_new_uri @ msg_parser.c:795) RSP 0x7ffef30dddc8 left stack [0x195,0x7ffef30bf000]
[UNINITIALIZED mov read] ip: main+0x1ce4a (reset_dst_uri @ msg_parser.c:834) co: 4 vo: -1
[STACK PIVOT] ip: main+0x1ce87 (reset_dst_uri @ msg_parser.c:839) RSP 0x7ffef30dddc8 left stack [0x197,0x7ffef30bf000]
[UNINITIALIZED mov read] ip: main+0x1d64c (reset_path_vector @ msg_parser.c:873) co: 4 vo: -1
[INCONSISTENCY mov write reg UAF] ip: main+0x8cb2b (shm_address_in @ shm.c:178) UAF write at: 0x7ffef30ddcf8
[INCONSISTENCY mov write imm UAF] ip: main+0x8cb2f (shm_address_in @ shm.c:181) UAF write at: 0x7ffef30ddd0c
[INCONSISTENCY mov read UAF] ip: main+0x8cbae (shm_address_in @ shm.c:181) UAF read at: 0x7ffef30ddd0c
[INCONSISTENCY mov read UAF] ip: main+0x8cb38 (shm_address_in @ shm.c:182) UAF read at: 0x7ffef30ddd0c
[UNINITIALIZED mov read] ip: main+0x1d666 (reset_path_vector @ msg_parser.c:874) co: 4 vo: -1
[CORRUPTED_PTR_LOAD] ip: main+0x1e166 (reset_instance @ msg_parser.c:915) loaded: 0x7ffef30dde00 from cell: 0x7ffef30dddb8 cell_owner: 408 value_owner: 366
[UNINITIALIZED mov read] ip: main+0x1e16a (reset_instance @ msg_parser.c:915) co: 4 vo: -1
[CORRUPTED_PTR_LOAD] ip: main+0x1e189 (reset_instance @ msg_parser.c:918) loaded: 0x7ffef30dde00 from cell: 0x7ffef30dddb8 cell_owner: 408 value_owner: 366
[CORRUPTED_PTR_LOAD] ip: main+0x1e198 (reset_instance @ msg_parser.c:919) loaded: 0x7ffef30dde00 from cell: 0x7ffef30dddb8 cell_owner: 408 value_owner: 366
[STACK PIVOT] ip: main+0x1e1a7 (reset_instance @ msg_parser.c:920) RSP 0x7ffef30dddc8 left stack [0x19a,0x7ffef30bf000]
[UNINITIALIZED mov read] ip: main+0x1e95d (reset_ruid @ msg_parser.c:954) co: 4 vo: -1
[STACK PIVOT] ip: main+0x1e99a (reset_ruid @ msg_parser.c:959) RSP 0x7ffef30dddc8 left stack [0x19c,0x7ffef30bf000]
[UNINITIALIZED mov read] ip: main+0x1f150 (reset_ua @ msg_parser.c:993) co: 4 vo: -1
[STACK PIVOT] ip: main+0x1f18d (reset_ua @ msg_parser.c:998) RSP 0x7ffef30dddc8 left stack [0x19e,0x7ffef30bf000]
[INCONSISTENCY mov write reg UAF] ip: main+0x20fe6c (free_hdr_field_lst @ hf.c:214) UAF write at: 0x7ffef30dddb8
first time found dangling pointer at: 24223 distance: 0
[INCONSISTENCY mov read UAF] ip: main+0x20fe74 (free_hdr_field_lst @ hf.c:215) UAF read at: 0x643e5a845528
STACKREADUSEAFTERSCOPE at: 0x7ffef30dddb8 ip: main+0x20fe7c (free_hdr_field_lst @ hf.c:216)
first time found dangling pointer at: 24223 distance: 4
[INCONSISTENCY mov read UAF] ip: main+0x20f8a0 (clean_hdr_field @ hf.c:58) UAF read at: 0x7ffef30ddd08
first time found dangling pointer at: 24239 distance: 5
[INTRA_OBJECT_OVERFLOW] ip: main+0x20f8ab (clean_hdr_field @ hf.c:58) at: 0x7ffef30ddd58 offset: +0x18 subject: 366 clobbers ptr 0x7ffef30dde00 (owner: 4)
Store dangling pointer: 0x643e5a845520 at: 0x7ffef30ddd58
[INCONSISTENCY mov read UAF] ip: main+0x20f8af (clean_hdr_field @ hf.c:59) UAF read at: 0x7ffef30ddd08
first time found dangling pointer at: 24239 distance: 8
[INCONSISTENCY mov read UAF] ip: main+0x20f8b6 (clean_hdr_field @ hf.c:59) UAF read at: 0x643e5a8454f0
[UNTRUSTEDPTRDEREF] ip: main+0x20f8d2 (clean_hdr_field @ hf.c:59) final_ea: 0x643e3d3555a8 base: 0x4 pointee: -1 base_vo: -1
[INCONSISTENCY mov read UAF] ip: main+0x20faf5 (clean_hdr_field @ hf.c:167) UAF read at: 0x7ffef30ddd08
first time found dangling pointer at: 24239 distance: 20
[INCONSISTENCY mov read UAF] ip: main+0x20fafc (clean_hdr_field @ hf.c:167) UAF read at: 0x643e5a845520
first time found dangling pointer at: 7881 distance: 16379
[INCONSISTENCY mov write reg UAF] ip: main+0x6a0e0 (free_via_list @ parse_via.c:2733) UAF write at: 0x7ffef30ddcc8
first time found dangling pointer at: 24267 distance: 0
[INCONSISTENCY mov read UAF] ip: main+0x6a12c (free_via_list @ parse_via.c:2735) UAF read at: 0x7ffef30ddcc8
first time found dangling pointer at: 24267 distance: 2
[INCONSISTENCY mov read UAF] ip: main+0x6a0e6 (free_via_list @ parse_via.c:2736) UAF read at: 0x7ffef30ddcc8
first time found dangling pointer at: 24267 distance: 4
[INCONSISTENCY mov write reg UAF] ip: main+0x6a0ea (free_via_list @ parse_via.c:2736) UAF write at: 0x7ffef30ddcd8
first time found dangling pointer at: 24272 distance: 0
[INCONSISTENCY mov read UAF] ip: main+0x6a0ee (free_via_list @ parse_via.c:2737) UAF read at: 0x7ffef30ddcc8
first time found dangling pointer at: 24267 distance: 6
[INCONSISTENCY mov read UAF] ip: main+0x6a0f2 (free_via_list @ parse_via.c:2737) UAF read at: 0x643e5a845628
[INCONSISTENCY mov write reg UAF] ip: main+0x6a0f9 (free_via_list @ parse_via.c:2737) UAF write at: 0x7ffef30ddcc8
first time found dangling pointer at: 24267 distance: 8
[INCONSISTENCY mov read UAF] ip: main+0x6a0fd (free_via_list @ parse_via.c:2738) UAF read at: 0x7ffef30ddcd8
first time found dangling pointer at: 24272 distance: 4
[INCONSISTENCY mov read UAF] ip: main+0x6a101 (free_via_list @ parse_via.c:2738) UAF read at: 0x643e5a8455e0
[INCONSISTENCY mov read UAF] ip: main+0x6a120 (free_via_list @ parse_via.c:2740) UAF read at: 0x7ffef30ddcd8
first time found dangling pointer at: 24272 distance: 8
[FREE] free(0x643e5a845540) subject=34 at free_via_list @ parse_via.c:2740
[STACK PIVOT] ip: main+0x6a135 (free_via_list @ parse_via.c:2742) RSP 0x7ffef30ddce8 left stack [0x1a2,0x7ffef30bf000]
STACKREADUSEAFTERSCOPE at: 0x7ffef30dddb8 ip: main+0x20fe88 (free_hdr_field_lst @ hf.c:217)
first time found dangling pointer at: 24223 distance: 78
[FREE] free(0x643e5a8454f0) subject=27 at free_hdr_field_lst @ hf.c:217
[INCONSISTENCY mov write imm UAF] ip: main+0x20fe94 (free_hdr_field_lst @ hf.c:218) UAF write at: 0x7ffef30dddb8
first time found dangling pointer at: 24223 distance: 83
[STACK PIVOT] ip: main+0x20fea5 (free_hdr_field_lst @ hf.c:220) RSP 0x7ffef30dddc8 left stack [0x1a3,0x7ffef30bf000]
[UNINITIALIZED mov read] ip: main+0x1c555 (free_sip_msg @ msg_parser.c:776) co: 4 vo: -1
[UNINITIALIZED mov read] ip: main+0x1c598 (free_sip_msg @ msg_parser.c:777) co: 4 vo: -1
[UNINITIALIZED mov read] ip: main+0x1c5bb (free_sip_msg @ msg_parser.c:778) co: 4 vo: -1
[UNINITIALIZED mov read] ip: main+0x1c5de (free_sip_msg @ msg_parser.c:779) co: 4 vo: -1
[INCONSISTENCY mov write reg UAF] ip: main+0x1f19b (msg_ldata_reset @ msg_parser.c:1004) UAF write at: 0x7ffef30dddb8
first time found dangling pointer at: 24223 distance: 113
STACKREADUSEAFTERSCOPE at: 0x7ffef30dddb8 ip: main+0x1f19f (msg_ldata_reset @ msg_parser.c:1005)
first time found dangling pointer at: 24223 distance: 114
STACKREADUSEAFTERSCOPE at: 0x7ffef30dddb8 ip: main+0x1f1a6 (msg_ldata_reset @ msg_parser.c:1007)
first time found dangling pointer at: 24223 distance: 116
[STACK PIVOT] ip: main+0x1f1c5 (msg_ldata_reset @ msg_parser.c:1008) RSP 0x7ffef30dddc8 left stack [0x1a5,0x7ffef30bf000]
[STACK PIVOT] ip: main+0x1c60a (free_sip_msg @ msg_parser.c:782) RSP 0x7ffef30ddde8 left stack [0x1a6,0x7ffef30bf000]
[FREE] free(0x643e5a846200) subject=7 at main @ harness.c:80
[STACK PIVOT] ip: main+0x10a0d (main @ harness.c:82) RSP 0x7ffef30de5f8 left stack [0x1a7,0x7ffef30bf000]
[STACK PIVOT] ip: main+0x10a0e (main @ harness.c:82) RSP 0x7ffef30de600 left stack after RET
[UNTRUSTEDPTRDEREF] ip: main+0x1074e (__do_global_dtors_aux) final_ea: 0x643e3d3cbff0 base: 0x643e3cf0274e pointee: -1 base_vo: -1
[STACK PIVOT] ip: main+0x10774 (__do_global_dtors_aux) RSP 0x7ffef30de4e0 left stack after RET
[STACK PIVOT] ip: main+0x4074bc (_fini) RSP 0x7ffef30de510 left stack after RET
