[INCONSISTENCY mov write reg] ip: main+0xe5b (main @ fastbin_dup_consolidate.c:32) co: 5 vo: 5, 5 write 5
[ALLOC:internal] malloc(0x1000) -> 0x3759f2a0 subject=6 at _IO_file_doallocate
[ALLOC] malloc(0x40) -> 0x375a02b0 subject=7 at main @ fastbin_dup_consolidate.c:39
[ALLOC] malloc(0x40) -> 0x375a0300 subject=8 at main @ fastbin_dup_consolidate.c:39
[ALLOC] malloc(0x40) -> 0x375a0350 subject=9 at main @ fastbin_dup_consolidate.c:39
[ALLOC] malloc(0x40) -> 0x375a03a0 subject=10 at main @ fastbin_dup_consolidate.c:39
[ALLOC] malloc(0x40) -> 0x375a03f0 subject=11 at main @ fastbin_dup_consolidate.c:39
[ALLOC] malloc(0x40) -> 0x375a0440 subject=12 at main @ fastbin_dup_consolidate.c:39
[ALLOC] malloc(0x40) -> 0x375a0490 subject=13 at main @ fastbin_dup_consolidate.c:39
[ALLOC] malloc(0x40) -> 0x375a04e0 subject=14 at main @ fastbin_dup_consolidate.c:41
[FREE] free(0x375a02b0) subject=7 at main @ fastbin_dup_consolidate.c:46
[FREE] free(0x375a0300) subject=8 at main @ fastbin_dup_consolidate.c:46
[FREE] free(0x375a0350) subject=9 at main @ fastbin_dup_consolidate.c:46
[FREE] free(0x375a03a0) subject=10 at main @ fastbin_dup_consolidate.c:46
[FREE] free(0x375a03f0) subject=11 at main @ fastbin_dup_consolidate.c:46
[FREE] free(0x375a0440) subject=12 at main @ fastbin_dup_consolidate.c:46
[FREE] free(0x375a0490) subject=13 at main @ fastbin_dup_consolidate.c:46
[FREE] free(0x375a04e0) subject=14 at main @ fastbin_dup_consolidate.c:49
[ALLOC] malloc(0x400) -> 0x375a04e0 subject=15 at main @ fastbin_dup_consolidate.c:54
[FREE] free(0x375a04e0) subject=15 at main @ fastbin_dup_consolidate.c:64
[ALLOC] malloc(0x400) -> 0x375a04e0 subject=16 at main @ fastbin_dup_consolidate.c:71
[STACK PIVOT] ip: main+0x10ef (main @ fastbin_dup_consolidate.c:85) RSP 0x7ffd77c7b228 left stack [0x12,0x7ffd77c5c000]
[STACK PIVOT] ip: main+0x10f0 (main @ fastbin_dup_consolidate.c:85) RSP 0x7ffd77c7b230 left stack after RET
[STACK PIVOT] ip: main+0xe2e (__do_global_dtors_aux) RSP 0x7ffd77c7b130 left stack after RET
[STACK PIVOT] ip: main+0x1100 (_fini) RSP 0x7ffd77c7b130 left stack after RET
