[INCONSISTENCY mov write reg] ip: main+0x10798 (main @ harness.c:29) co: 4 vo: 4, 4 write 4
[INCONSISTENCY mov write reg] ip: main+0x1079e (main @ harness.c:29) co: 4 vo: 4, 4 write 4
[UNTRUSTEDPTRDEREF] ip: main+0x107eb (main @ harness.c:35) final_ea: 0x7fff2809e250 base: 0x7fff2809e250 pointee: -1 base_vo: -1
[ALLOC:internal] malloc(0x1d8) -> 0x5e9156139010 subject=5 at _IO_fopen
[INCONSISTENCY mov write reg] ip: main+0x10800 (main @ harness.c:35) co: 4 vo: 4, 4 write 4
[ALLOC:internal] malloc(0x1000) -> 0x5e91561391f0 subject=6 at _IO_file_doallocate
[ALLOC] malloc(0x45) -> 0x5e915613a200 subject=7 at main @ harness.c:44
[FREE:internal] free(0x5e91561391f0) subject=6 at _IO_setb
[FREE:internal] free(0x5e9156139010) subject=5 at _IO_fclose
[FREE:internal] free(0x5e9156139010) subject=0
[DOUBLE FREE] free(0x5e9156139010) — already freed
[INCONSISTENCY mov read] ip: main+0x4054c (ksr_hname_init_index @ parse_hname2.c:178) base: 0x7fff2809d900 pointee: 4 read from 8
[CORRUPTED_PTR_LOAD] ip: main+0x4054c (ksr_hname_init_index @ parse_hname2.c:178) loaded: 0x2809e11000000000 from cell: 0x7fff2809d8fc cell_owner: 8 value_owner: 4
[CORRUPTED_PTR_LOAD] ip: main+0x40502 (ksr_hname_init_index @ parse_hname2.c:179) loaded: 0x2809e11000000000 from cell: 0x7fff2809d8fc cell_owner: 8 value_owner: 4
[CORRUPTED_PTR_LOAD] ip: main+0x4051d (ksr_hname_init_index @ parse_hname2.c:180) loaded: 0x2809e11000000000 from cell: 0x7fff2809d8fc cell_owner: 8 value_owner: 4
[CORRUPTED_PTR_LOAD] ip: main+0x40538 (ksr_hname_init_index @ parse_hname2.c:181) loaded: 0x2809e11000000000 from cell: 0x7fff2809d8fc cell_owner: 8 value_owner: 4
[UNTRUSTEDPTRDEREF] ip: main+0x40578 (ksr_hname_init_index @ parse_hname2.c:185) final_ea: 0x5e913abde260 base: 0x5e913abde260 pointee: -1 base_vo: -1
[UNTRUSTEDPTRDEREF] ip: main+0x405fd (ksr_hname_init_index @ parse_hname2.c:190) final_ea: 0x5e913abde262 base: 0x5e913abde262 pointee: -1 base_vo: -1
[UNTRUSTEDPTRDEREF] ip: main+0x406ab (ksr_hname_init_index @ parse_hname2.c:196) final_ea: 0x5e913abde4f8 base: 0x5e913abde4f8 pointee: -1 base_vo: -1
[UNTRUSTEDPTRDEREF] ip: main+0x40685 (ksr_hname_init_index @ parse_hname2.c:197) final_ea: 0x5e913abde4f8 base: 0x5e913abde4f8 pointee: -1 base_vo: -1
[INCONSISTENCY arithmetic -> CROSSBOUNDARY] ip: main+0x406a8 (ksr_hname_init_index @ parse_hname2.c:196) add dword ptr [rbp-0x4], 0x1 id before: 3 after: -1 [unmapped] value: 0x5e913abde538
[INCONSISTENCY arithmetic -> CROSSBOUNDARY] ip: main+0x40682 (ksr_hname_init_index @ parse_hname2.c:197) add dword ptr [rbp-0x4], 0x1 id before: 3 after: -1 [unmapped] value: 0x5e913abde538
[STACK PIVOT] ip: main+0x406b7 (ksr_hname_init_index @ parse_hname2.c:201) RSP 0x7fff2809d908 left stack [0xa,0x7fff2807f000]
[CORRUPTED_PTR_LOAD] ip: main+0x3ba18 (parse_first_line @ parse_fline.c:70) loaded: 0x7fff2809d940 from cell: 0x7fff2809d6e8 cell_owner: 11 value_owner: 10
[CORRUPTED_PTR_LOAD] ip: main+0x3ba38 (parse_first_line @ parse_fline.c:72) loaded: 0x5613a20000000044 from cell: 0x7fff2809d6f4 cell_owner: 11 value_owner: 10
[CORRUPTED_PTR_LOAD] ip: main+0x3ba3e (parse_first_line @ parse_fline.c:72) loaded: 0x5e915613a200 from cell: 0x7fff2809d6f8 cell_owner: 11 value_owner: 10
[CORRUPTED_PTR_LOAD] ip: main+0x3ba4c (parse_first_line @ parse_fline.c:79) loaded: 0x5613a20000000044 from cell: 0x7fff2809d6f4 cell_owner: 11 value_owner: 10
[CORRUPTED_PTR_LOAD] ip: main+0x3bdda (parse_first_line @ parse_fline.c:83) loaded: 0x5e915613a200 from cell: 0x7fff2809d6f8 cell_owner: 11 value_owner: 10
[CORRUPTED_PTR_LOAD] ip: main+0x3c002 (parse_first_line @ parse_fline.c:113) loaded: 0x7fff2809d940 from cell: 0x7fff2809d6e8 cell_owner: 11 value_owner: 10
[CORRUPTED_PTR_LOAD] ip: main+0x3c00e (parse_first_line @ parse_fline.c:113) loaded: 0x7fff2809d940 from cell: 0x7fff2809d6e8 cell_owner: 11 value_owner: 10
[CORRUPTED_PTR_LOAD] ip: main+0x3c01c (parse_first_line @ parse_fline.c:113) loaded: 0x7fff2809d940 from cell: 0x7fff2809d6e8 cell_owner: 11 value_owner: 10
[CORRUPTED_PTR_LOAD] ip: main+0x3c02a (parse_first_line @ parse_fline.c:113) loaded: 0x5e915613a200 from cell: 0x7fff2809d6f8 cell_owner: 11 value_owner: 10
[CORRUPTED_PTR_LOAD] ip: main+0x3d050 (parse_first_line @ parse_fline.c:159) loaded: 0x7fff2809d940 from cell: 0x7fff2809d6e8 cell_owner: 11 value_owner: 10
[CORRUPTED_PTR_LOAD] ip: main+0x3d057 (parse_first_line @ parse_fline.c:159) loaded: 0x5e915613a200 from cell: 0x7fff2809d6f8 cell_owner: 11 value_owner: 10
[CORRUPTED_PTR_LOAD] ip: main+0x3d07c (parse_first_line @ parse_fline.c:166) loaded: 0x5613a20000000044 from cell: 0x7fff2809d6f4 cell_owner: 11 value_owner: 10
[CORRUPTED_PTR_LOAD] ip: main+0x3d0c4 (parse_first_line @ parse_fline.c:171) loaded: 0x5613a20000000044 from cell: 0x7fff2809d6f4 cell_owner: 11 value_owner: 10
[CORRUPTED_PTR_LOAD] ip: main+0x3d11a (parse_first_line @ parse_fline.c:176) loaded: 0x7fff2809d940 from cell: 0x7fff2809d6e8 cell_owner: 11 value_owner: 10
[CORRUPTED_PTR_LOAD] ip: main+0x3d133 (parse_first_line @ parse_fline.c:177) loaded: 0x7fff2809d940 from cell: 0x7fff2809d6e8 cell_owner: 11 value_owner: 10
[CORRUPTED_PTR_LOAD] ip: main+0x3d13d (parse_first_line @ parse_fline.c:180) loaded: 0x7fff2809d940 from cell: 0x7fff2809d6e8 cell_owner: 11 value_owner: 10
[CORRUPTED_PTR_LOAD] ip: main+0x3d943 (parse_first_line @ parse_fline.c:202) loaded: 0x7fff2809d940 from cell: 0x7fff2809d6e8 cell_owner: 11 value_owner: 10
[CORRUPTED_PTR_LOAD] ip: main+0x3d957 (parse_first_line @ parse_fline.c:203) loaded: 0x5613a20000000044 from cell: 0x7fff2809d6f4 cell_owner: 11 value_owner: 10
[CORRUPTED_PTR_LOAD] ip: main+0x3d9ad (parse_first_line @ parse_fline.c:208) loaded: 0x5613a20000000044 from cell: 0x7fff2809d6f4 cell_owner: 11 value_owner: 10
[CORRUPTED_PTR_LOAD] ip: main+0x3b9a7 (is_empty_end @ parser_f.h:81) loaded: 0x5e915613a244 from cell: 0x7fff2809d6a0 cell_owner: 12 value_owner: 11
[CORRUPTED_PTR_LOAD] ip: main+0x3b9ab (is_empty_end @ parser_f.h:81) loaded: 0x5e915613a216 from cell: 0x7fff2809d6a8 cell_owner: 12 value_owner: 11
[STACK PIVOT] ip: main+0x3b9ea (is_empty_end @ parser_f.h:83) RSP 0x7fff2809d6b8 left stack [0xe,0x7fff2807f000]
[CORRUPTED_PTR_LOAD] ip: main+0x3da2b (parse_first_line @ parse_fline.c:219) loaded: 0x5613a20000000044 from cell: 0x7fff2809d6f4 cell_owner: 11 value_owner: 10
[INCONSISTENCY mov write reg UAF] ip: main+0x6c56c (eat_line @ parser_f.c:42) UAF write at: 0x7fff2809d6a8
STACKREADUSEAFTERSCOPE at: 0x7fff2809d6a8 ip: main+0x6c570 (eat_line @ parser_f.c:43)
STACKREADUSEAFTERSCOPE at: 0x7fff2809d6a8 ip: main+0x6c577 (eat_line @ parser_f.c:44)
STACKREADUSEAFTERSCOPE at: 0x7fff2809d6a8 ip: main+0x6c593 (eat_line @ parser_f.c:45)
STACKREADUSEAFTERSCOPE at: 0x7fff2809d6a8 ip: main+0x6c5aa (eat_line @ parser_f.c:45)
STACKREADUSEAFTERSCOPE at: 0x7fff2809d6a8 ip: main+0x6c5ca (eat_line @ parser_f.c:47)
[STACK PIVOT] ip: main+0x6c5ce (eat_line @ parser_f.c:48) RSP 0x7fff2809d6b8 left stack [0x10,0x7fff2807f000]
[CORRUPTED_PTR_LOAD] ip: main+0x3da53 (parse_first_line @ parse_fline.c:223) loaded: 0x7fff2809d940 from cell: 0x7fff2809d6e8 cell_owner: 11 value_owner: 10
[CORRUPTED_PTR_LOAD] ip: main+0x3da6c (parse_first_line @ parse_fline.c:224) loaded: 0x7fff2809d940 from cell: 0x7fff2809d6e8 cell_owner: 11 value_owner: 10
[CORRUPTED_PTR_LOAD] ip: main+0x3da83 (parse_first_line @ parse_fline.c:225) loaded: 0x7fff2809d940 from cell: 0x7fff2809d6e8 cell_owner: 11 value_owner: 10
[CORRUPTED_PTR_LOAD] ip: main+0x3da8d (parse_first_line @ parse_fline.c:227) loaded: 0x7fff2809d940 from cell: 0x7fff2809d6e8 cell_owner: 11 value_owner: 10
[CORRUPTED_PTR_LOAD] ip: main+0x3daa1 (parse_first_line @ parse_fline.c:228) loaded: 0x7fff2809d940 from cell: 0x7fff2809d6e8 cell_owner: 11 value_owner: 10
[CORRUPTED_PTR_LOAD] ip: main+0x3dab0 (parse_first_line @ parse_fline.c:229) loaded: 0x7fff2809d940 from cell: 0x7fff2809d6e8 cell_owner: 11 value_owner: 10
[CORRUPTED_PTR_LOAD] ip: main+0x3dad4 (parse_first_line @ parse_fline.c:231) loaded: 0x7fff2809d940 from cell: 0x7fff2809d6e8 cell_owner: 11 value_owner: 10
[CORRUPTED_PTR_LOAD] ip: main+0x3dafe (parse_first_line @ parse_fline.c:233) loaded: 0x7fff2809d940 from cell: 0x7fff2809d6e8 cell_owner: 11 value_owner: 10
[CORRUPTED_PTR_LOAD] ip: main+0x3db0e (parse_first_line @ parse_fline.c:233) loaded: 0x7fff2809d940 from cell: 0x7fff2809d6e8 cell_owner: 11 value_owner: 10
[UNINITIALIZED mov read] ip: main+0x1d8300 (get_debug_level @ dprint.c:176) co: 2 vo: -1
[STACK PIVOT] ip: main+0x1d830a (get_debug_level @ dprint.c:177) RSP 0x7fff2809d6b8 left stack [0x12,0x7fff2807f000]
[STACK PIVOT] ip: main+0x1d830a (get_debug_level @ dprint.c:177) RSP 0x7fff2809d7e8 left stack [0x14,0x7fff2807f000]
[STACK PIVOT] ip: main+0x1d830a (get_debug_level @ dprint.c:177) RSP 0x7fff2809d7e8 left stack [0x16,0x7fff2807f000]
[STACK PIVOT] ip: main+0x1d830a (get_debug_level @ dprint.c:177) RSP 0x7fff2809d7e8 left stack [0x18,0x7fff2807f000]
[STACK PIVOT] ip: main+0x1d830a (get_debug_level @ dprint.c:177) RSP 0x7fff2809d7e8 left stack [0x1a,0x7fff2807f000]
[UNINITIALIZED mov read] ip: main+0x19a9b (parse_headers @ msg_parser.c:326) co: 4 vo: -1
[INCONSISTENCY arithmetic -> CROSSBOUNDARY] ip: main+0x15de1 (parse_headers @ msg_parser.c:327) add rax, 0x40 id before: 7 after: -1 [unmapped] value: 0x5e915613a258
[ALLOC] malloc(0x40) -> 0x5e91561394f0 subject=27 at parse_headers @ msg_parser.c:328
Store dangling pointer: 0x5e91561394f0 at: 0x7fff2809d790
main+0x15df6 (parse_headers @ msg_parser.c:329) Using expired pointer: 0x5e91561394f0 from 0x7fff2809d790
first time found dangling pointer at: 6649 distance: 1
[INCONSISTENCY mov write imm UAF] ip: main+0x16169 (parse_headers @ msg_parser.c:335) UAF write at: 0x5e91561394f0
[INCONSISTENCY mov write imm UAF] ip: main+0x10fcb (get_hdr_field @ msg_parser.c:76) UAF write at: 0x7fff2809d698
[INCONSISTENCY mov read] ip: main+0x10fd3 (get_hdr_field @ msg_parser.c:84) base: 0x7fff2809d6d0 pointee: 26 read from 28
[CORRUPTED_PTR_LOAD] ip: main+0x10fd3 (get_hdr_field @ msg_parser.c:84) loaded: 0x5e915613a218 from cell: 0x7fff2809d5c8 cell_owner: 28 value_owner: 26
[INCONSISTENCY mov read] ip: main+0x1131c (get_hdr_field @ msg_parser.c:89) base: 0x7fff2809d6d0 pointee: 11 read from 28
[CORRUPTED_PTR_LOAD] ip: main+0x1131c (get_hdr_field @ msg_parser.c:89) loaded: 0x5e915613a218 from cell: 0x7fff2809d5c8 cell_owner: 28 value_owner: 26
[INCONSISTENCY mov read] ip: main+0x1132a (get_hdr_field @ msg_parser.c:89) base: 0x7fff2809d6d0 pointee: 11 read from 28
[CORRUPTED_PTR_LOAD] ip: main+0x1132a (get_hdr_field @ msg_parser.c:89) loaded: 0x5e915613a218 from cell: 0x7fff2809d5c8 cell_owner: 28 value_owner: 26
[INCONSISTENCY mov read] ip: main+0x1168b (get_hdr_field @ msg_parser.c:96) base: 0x7fff2809d6d0 pointee: 11 read from 28
[CORRUPTED_PTR_LOAD] ip: main+0x1168b (get_hdr_field @ msg_parser.c:96) loaded: 0x5e91561394f0 from cell: 0x7fff2809d5b8 cell_owner: 28 value_owner: 26
[INCONSISTENCY mov read] ip: main+0x11692 (get_hdr_field @ msg_parser.c:96) base: 0x7fff2809d6d0 pointee: 11 read from 28
[CORRUPTED_PTR_LOAD] ip: main+0x11692 (get_hdr_field @ msg_parser.c:96) loaded: 0x5e915613a244 from cell: 0x7fff2809d5c0 cell_owner: 28 value_owner: 26
[INCONSISTENCY mov read] ip: main+0x11699 (get_hdr_field @ msg_parser.c:96) base: 0x7fff2809d6d0 pointee: 11 read from 28
[CORRUPTED_PTR_LOAD] ip: main+0x11699 (get_hdr_field @ msg_parser.c:96) loaded: 0x5e915613a218 from cell: 0x7fff2809d5c8 cell_owner: 28 value_owner: 26
[CORRUPTED_PTR_LOAD] ip: main+0x4183a (parse_hname2 @ parse_hname2.c:309) loaded: 0x5e91561394f0 from cell: 0x7fff2809d548 cell_owner: 29 value_owner: 28
[CORRUPTED_PTR_LOAD] ip: main+0x4183e (parse_hname2 @ parse_hname2.c:309) loaded: 0x5e915613a244 from cell: 0x7fff2809d550 cell_owner: 29 value_owner: 28
[CORRUPTED_PTR_LOAD] ip: main+0x41842 (parse_hname2 @ parse_hname2.c:309) loaded: 0x5e915613a218 from cell: 0x7fff2809d558 cell_owner: 29 value_owner: 28
[INCONSISTENCY mov read] ip: main+0x40747 (parse_sip_header_name @ parse_hname2.c:232) base: 0x7fff2809d530 pointee: 29 read from 30
[CORRUPTED_PTR_LOAD] ip: main+0x40747 (parse_sip_header_name @ parse_hname2.c:232) loaded: 0x5e915613a218 from cell: 0x7fff2809d498 cell_owner: 30 value_owner: 29
[INCONSISTENCY mov read] ip: main+0x40751 (parse_sip_header_name @ parse_hname2.c:232) base: 0x7fff2809d530 pointee: 29 read from 30
[CORRUPTED_PTR_LOAD] ip: main+0x40751 (parse_sip_header_name @ parse_hname2.c:232) loaded: 0x5e915613a244 from cell: 0x7fff2809d490 cell_owner: 30 value_owner: 29
[CORRUPTED_PTR_LOAD] ip: main+0x4075b (parse_sip_header_name @ parse_hname2.c:232) loaded: 0x5e915613a244 from cell: 0x7fff2809d490 cell_owner: 30 value_owner: 29
[CORRUPTED_PTR_LOAD] ip: main+0x40762 (parse_sip_header_name @ parse_hname2.c:232) loaded: 0x5e915613a218 from cell: 0x7fff2809d498 cell_owner: 30 value_owner: 29
[CORRUPTED_PTR_LOAD] ip: main+0x40784 (parse_sip_header_name @ parse_hname2.c:236) loaded: 0x5e915613a218 from cell: 0x7fff2809d498 cell_owner: 30 value_owner: 29
[CORRUPTED_PTR_LOAD] ip: main+0x40b37 (parse_sip_header_name @ parse_hname2.c:244) loaded: 0x5e91561394f0 from cell: 0x7fff2809d488 cell_owner: 30 value_owner: 29
[INCONSISTENCY mov write imm UAF] ip: main+0x40b3e (parse_sip_header_name @ parse_hname2.c:244) UAF write at: 0x5e91561394f0
[CORRUPTED_PTR_LOAD] ip: main+0x40b44 (parse_sip_header_name @ parse_hname2.c:245) loaded: 0x5e91561394f0 from cell: 0x7fff2809d488 cell_owner: 30 value_owner: 29
[CORRUPTED_PTR_LOAD] ip: main+0x40b4b (parse_sip_header_name @ parse_hname2.c:245) loaded: 0x5e915613a218 from cell: 0x7fff2809d498 cell_owner: 30 value_owner: 29
[INCONSISTENCY mov write reg UAF] ip: main+0x40b52 (parse_sip_header_name @ parse_hname2.c:245) UAF write at: 0x5e91561394f8
[CORRUPTED_PTR_LOAD] ip: main+0x40b56 (parse_sip_header_name @ parse_hname2.c:247) loaded: 0x5e915613a218 from cell: 0x7fff2809d498 cell_owner: 30 value_owner: 29
[CORRUPTED_PTR_LOAD] ip: main+0x40b97 (parse_sip_header_name @ parse_hname2.c:253) loaded: 0x5e91561394f0 from cell: 0x7fff2809d488 cell_owner: 30 value_owner: 29
[INCONSISTENCY mov read UAF] ip: main+0x40b9e (parse_sip_header_name @ parse_hname2.c:253) UAF read at: 0x5e91561394f8
[CORRUPTED_PTR_LOAD] ip: main+0x40ba9 (parse_sip_header_name @ parse_hname2.c:253) loaded: 0x5e91561394f0 from cell: 0x7fff2809d488 cell_owner: 30 value_owner: 29
[INCONSISTENCY mov write reg UAF] ip: main+0x40bb0 (parse_sip_header_name @ parse_hname2.c:253) UAF write at: 0x5e9156139500
[CORRUPTED_PTR_LOAD] ip: main+0x40bb3 (parse_sip_header_name @ parse_hname2.c:255) loaded: 0x561394f000000000 from cell: 0x7fff2809d484 cell_owner: 30 value_owner: 29
[CORRUPTED_PTR_LOAD] ip: main+0x41344 (parse_sip_header_name @ parse_hname2.c:290) loaded: 0x5e91561394f0 from cell: 0x7fff2809d488 cell_owner: 30 value_owner: 29
[INCONSISTENCY mov read UAF] ip: main+0x4134b (parse_sip_header_name @ parse_hname2.c:290) UAF read at: 0x5e91561394f8
[CORRUPTED_PTR_LOAD] ip: main+0x41371 (parse_sip_header_name @ parse_hname2.c:291) loaded: 0x5e91561394f0 from cell: 0x7fff2809d488 cell_owner: 30 value_owner: 29
[INCONSISTENCY mov read UAF] ip: main+0x41378 (parse_sip_header_name @ parse_hname2.c:291) UAF read at: 0x5e91561394f8
[CORRUPTED_PTR_LOAD] ip: main+0x41423 (parse_sip_header_name @ parse_hname2.c:292) loaded: 0x5e91561394f0 from cell: 0x7fff2809d488 cell_owner: 30 value_owner: 29
[INCONSISTENCY mov read UAF] ip: main+0x4142a (parse_sip_header_name @ parse_hname2.c:292) UAF read at: 0x5e91561394f8
[CORRUPTED_PTR_LOAD] ip: main+0x4139e (parse_sip_header_name @ parse_hname2.c:293) loaded: 0x5e91561394f0 from cell: 0x7fff2809d488 cell_owner: 30 value_owner: 29
[INCONSISTENCY mov read UAF] ip: main+0x413a5 (parse_sip_header_name @ parse_hname2.c:293) UAF read at: 0x5e9156139500
[CORRUPTED_PTR_LOAD] ip: main+0x413c2 (parse_sip_header_name @ parse_hname2.c:295) loaded: 0x5e91561394f0 from cell: 0x7fff2809d488 cell_owner: 30 value_owner: 29
[INCONSISTENCY mov read UAF] ip: main+0x413c9 (parse_sip_header_name @ parse_hname2.c:295) UAF read at: 0x5e9156139500
[CORRUPTED_PTR_LOAD] ip: main+0x413e6 (parse_sip_header_name @ parse_hname2.c:294) loaded: 0x5e91561394f0 from cell: 0x7fff2809d488 cell_owner: 30 value_owner: 29
[INCONSISTENCY mov read UAF] ip: main+0x413ed (parse_sip_header_name @ parse_hname2.c:294) UAF read at: 0x5e91561394f8
[CORRUPTED_PTR_LOAD] ip: main+0x41416 (parse_sip_header_name @ parse_hname2.c:296) loaded: 0x5e91561394f0 from cell: 0x7fff2809d488 cell_owner: 30 value_owner: 29
[INCONSISTENCY mov write reg UAF] ip: main+0x4141d (parse_sip_header_name @ parse_hname2.c:296) UAF write at: 0x5e91561394f0
[STACK PIVOT] ip: main+0x1d830a (get_debug_level @ dprint.c:177) RSP 0x7fff2809d448 left stack [0x21,0x7fff2807f000]
[STACK PIVOT] ip: main+0x41859 (parse_hname2 @ parse_hname2.c:310) RSP 0x7fff2809d568 left stack [0x22,0x7fff2807f000]
[INCONSISTENCY mov write reg UAF] ip: main+0x116ab (get_hdr_field @ msg_parser.c:96) UAF write at: 0x7fff2809d698
[INCONSISTENCY mov read] ip: main+0x116af (get_hdr_field @ msg_parser.c:97) base: 0x7fff2809d6d0 pointee: 11 read from 28
[CORRUPTED_PTR_LOAD] ip: main+0x116af (get_hdr_field @ msg_parser.c:97) loaded: 0x5e91561394f0 from cell: 0x7fff2809d5b8 cell_owner: 28 value_owner: 26
[INCONSISTENCY mov read UAF] ip: main+0x116b6 (get_hdr_field @ msg_parser.c:97) UAF read at: 0x5e91561394f0
[INCONSISTENCY mov read] ip: main+0x119fc (get_hdr_field @ msg_parser.c:103) base: 0x7fff2809d6d0 pointee: 11 read from 28
[CORRUPTED_PTR_LOAD] ip: main+0x119fc (get_hdr_field @ msg_parser.c:103) loaded: 0x5e915613a244 from cell: 0x7fff2809d5c0 cell_owner: 28 value_owner: 26
[INCONSISTENCY mov read UAF] ip: main+0x11a03 (get_hdr_field @ msg_parser.c:103) UAF read at: 0x7fff2809d698
[INCONSISTENCY mov write reg UAF] ip: main+0x10ed4 (eat_lws_end @ parser_f.h:49) UAF write at: 0x7fff2809d558
[INCONSISTENCY mov write reg UAF] ip: main+0x10ed8 (eat_lws_end @ parser_f.h:49) UAF write at: 0x7fff2809d550
STACKREADUSEAFTERSCOPE at: 0x7fff2809d558 ip: main+0x10f8a (eat_lws_end @ parser_f.h:50)
STACKREADUSEAFTERSCOPE at: 0x7fff2809d558 ip: main+0x10ee1 (eat_lws_end @ parser_f.h:51)
STACKREADUSEAFTERSCOPE at: 0x7fff2809d558 ip: main+0x10eec (eat_lws_end @ parser_f.h:51)
STACKREADUSEAFTERSCOPE at: 0x7fff2809d558 ip: main+0x10f01 (eat_lws_end @ parser_f.h:53)
STACKREADUSEAFTERSCOPE at: 0x7fff2809d558 ip: main+0x10f3f (eat_lws_end @ parser_f.h:54)
STACKREADUSEAFTERSCOPE at: 0x7fff2809d558 ip: main+0x10f98 (eat_lws_end @ parser_f.h:58)
[INCONSISTENCY mov write reg UAF] ip: main+0x11a12 (get_hdr_field @ msg_parser.c:103) UAF write at: 0x7fff2809d698
[INCONSISTENCY mov read UAF] ip: main+0x11a16 (get_hdr_field @ msg_parser.c:104) UAF read at: 0x7fff2809d698
[INCONSISTENCY mov read] ip: main+0x11d62 (get_hdr_field @ msg_parser.c:113) base: 0x7fff2809d6d0 pointee: 11 read from 28
[CORRUPTED_PTR_LOAD] ip: main+0x11d62 (get_hdr_field @ msg_parser.c:113) loaded: 0x5e91561394f0 from cell: 0x7fff2809d5b8 cell_owner: 28 value_owner: 26
[INCONSISTENCY mov read UAF] ip: main+0x11d69 (get_hdr_field @ msg_parser.c:113) UAF read at: 0x5e91561394f0
[UNTRUSTEDPTRDEREF] ip: main+0x11d85 (get_hdr_field @ msg_parser.c:113) final_ea: 0x5e913abd7c28 base: 0x4 pointee: -1 base_vo: -1
[INCONSISTENCY mov write reg] ip: main+0x11da0 (get_hdr_field @ msg_parser.c:117) co: 3 vo: 3, 3 write 3
[ALLOC] malloc(0xf0) -> 0x5e9156139540 subject=34 at get_hdr_field @ msg_parser.c:118
Store dangling pointer: 0x5e9156139540 at: 0x7fff2809d650
[INCONSISTENCY mov read] ip: main+0x11db4 (get_hdr_field @ msg_parser.c:119) base: 0x7fff2809d6d0 pointee: 11 read from 28
main+0x11db4 (get_hdr_field @ msg_parser.c:119) Using expired pointer: 0x5e9156139540 from 0x7fff2809d650
first time found dangling pointer at: 7019 distance: 1
[CORRUPTED_PTR_LOAD] ip: main+0x11db4 (get_hdr_field @ msg_parser.c:119) loaded: 0x5e9156139540 from cell: 0x7fff2809d650 cell_owner: 28 value_owner: 11
[INCONSISTENCY mov read] ip: main+0x120fa (get_hdr_field @ msg_parser.c:123) base: 0x7fff2809d6d0 pointee: 11 read from 28
[CORRUPTED_PTR_LOAD] ip: main+0x120fa (get_hdr_field @ msg_parser.c:123) loaded: 0x5e9156139540 from cell: 0x7fff2809d650 cell_owner: 28 value_owner: 11
[INCONSISTENCY mov read] ip: main+0x12110 (get_hdr_field @ msg_parser.c:124) base: 0x7fff2809d6d0 pointee: 11 read from 28
[CORRUPTED_PTR_LOAD] ip: main+0x12110 (get_hdr_field @ msg_parser.c:124) loaded: 0x5e91561394f0 from cell: 0x7fff2809d5b8 cell_owner: 28 value_owner: 26
[INCONSISTENCY mov read UAF] ip: main+0x12117 (get_hdr_field @ msg_parser.c:124) UAF read at: 0x7fff2809d698
[INCONSISTENCY mov write reg UAF] ip: main+0x1211b (get_hdr_field @ msg_parser.c:124) UAF write at: 0x5e9156139508
[INCONSISTENCY mov read] ip: main+0x1211f (get_hdr_field @ msg_parser.c:125) base: 0x7fff2809d6d0 pointee: 11 read from 28
[CORRUPTED_PTR_LOAD] ip: main+0x1211f (get_hdr_field @ msg_parser.c:125) loaded: 0x5e9156139540 from cell: 0x7fff2809d650 cell_owner: 28 value_owner: 11
[INCONSISTENCY mov read] ip: main+0x12123 (get_hdr_field @ msg_parser.c:125) base: 0x7fff2809d6d0 pointee: 11 read from 28
[CORRUPTED_PTR_LOAD] ip: main+0x12123 (get_hdr_field @ msg_parser.c:125) loaded: 0x5e915613a244 from cell: 0x7fff2809d5c0 cell_owner: 28 value_owner: 26
[INCONSISTENCY mov read UAF] ip: main+0x1212a (get_hdr_field @ msg_parser.c:125) UAF read at: 0x7fff2809d698
[INCONSISTENCY mov write imm UAF] ip: main+0x5d11d (parse_via @ parse_via.c:1352) UAF write at: 0x5e9156139540
[INCONSISTENCY mov write imm UAF] ip: main+0x5d123 (parse_via @ parse_via.c:1354) UAF write at: 0x7fff2809d423
[INCONSISTENCY mov write imm UAF] ip: main+0x5d12a (parse_via @ parse_via.c:1355) UAF write at: 0x7fff2809d422
[UNTRUSTEDPTRDEREF] ip: main+0x5d170 (parse_via @ parse_via.c:1358) final_ea: 0x5e913abe49f8 base: 0x128 pointee: -1 base_vo: -1
STACKREADUSEAFTERSCOPE at: 0x7fff2809d423 ip: main+0x5e764 (parse_via @ parse_via.c:1646)
[INCONSISTENCY mov write imm UAF] ip: main+0x5e79d (parse_via @ parse_via.c:1648) UAF write at: 0x7fff2809d423
[INCONSISTENCY mov write reg UAF] ip: main+0x5e7ac (parse_via @ parse_via.c:1649) UAF write at: 0x5e9156139558
STACKREADUSEAFTERSCOPE at: 0x7fff2809d423 ip: main+0x5eb97 (parse_via @ parse_via.c:1687)
[INCONSISTENCY mov write imm UAF] ip: main+0x5ebc3 (parse_via @ parse_via.c:1689) UAF write at: 0x7fff2809d423
STACKREADUSEAFTERSCOPE at: 0x7fff2809d423 ip: main+0x5ef75 (parse_via @ parse_via.c:1717)
[INCONSISTENCY mov write imm UAF] ip: main+0x5efaa (parse_via @ parse_via.c:1719) UAF write at: 0x7fff2809d423
STACKREADUSEAFTERSCOPE at: 0x7fff2809d423 ip: main+0x5e32d (parse_via @ parse_via.c:1623)
[INCONSISTENCY mov read UAF] ip: main+0x5e35b (parse_via @ parse_via.c:1625) UAF read at: 0x5e9156139558
[INCONSISTENCY mov write reg UAF] ip: main+0x5e36a (parse_via @ parse_via.c:1625) UAF write at: 0x5e9156139560
[INCONSISTENCY mov write imm UAF] ip: main+0x5e36d (parse_via @ parse_via.c:1626) UAF write at: 0x7fff2809d423
STACKREADUSEAFTERSCOPE at: 0x7fff2809d423 ip: main+0x60b07 (parse_via @ parse_via.c:1938)
[INCONSISTENCY mov write imm UAF] ip: main+0x60b33 (parse_via @ parse_via.c:1940) UAF write at: 0x7fff2809d423
[INCONSISTENCY mov write reg UAF] ip: main+0x60b42 (parse_via @ parse_via.c:1941) UAF write at: 0x5e9156139568
STACKREADUSEAFTERSCOPE at: 0x7fff2809d423 ip: main+0x60ef1 (parse_via @ parse_via.c:1968)
[INCONSISTENCY mov write imm UAF] ip: main+0x60f1d (parse_via @ parse_via.c:1970) UAF write at: 0x7fff2809d423
STACKREADUSEAFTERSCOPE at: 0x7fff2809d423 ip: main+0x612e7 (parse_via @ parse_via.c:1997)
[INCONSISTENCY mov write imm UAF] ip: main+0x61313 (parse_via @ parse_via.c:1999) UAF write at: 0x7fff2809d423
[INCONSISTENCY mov read UAF] ip: main+0x5e37d (parse_via @ parse_via.c:1629) UAF read at: 0x5e9156139568
[INCONSISTENCY mov write reg UAF] ip: main+0x5e38c (parse_via @ parse_via.c:1629) UAF write at: 0x5e9156139570
[INCONSISTENCY mov write imm UAF] ip: main+0x5e38f (parse_via @ parse_via.c:1630) UAF write at: 0x7fff2809d423
STACKREADUSEAFTERSCOPE at: 0x7fff2809d423 ip: main+0x5f380 (parse_via @ parse_via.c:1754)
[INCONSISTENCY mov write imm UAF] ip: main+0x5f3ab (parse_via @ parse_via.c:1756) UAF write at: 0x7fff2809d423
[INCONSISTENCY mov write reg UAF] ip: main+0x5f3ba (parse_via @ parse_via.c:1757) UAF write at: 0x5e9156139578
STACKREADUSEAFTERSCOPE at: 0x7fff2809d423 ip: main+0x5f769 (parse_via @ parse_via.c:1785)
[INCONSISTENCY mov write imm UAF] ip: main+0x5f795 (parse_via @ parse_via.c:1787) UAF write at: 0x7fff2809d423
[INCONSISTENCY mov write imm UAF] ip: main+0x5efb6 (parse_via @ parse_via.c:1723) UAF write at: 0x7fff2809d423
STACKREADUSEAFTERSCOPE at: 0x7fff2809d423 ip: main+0x5d182 (parse_via @ parse_via.c:1361)
[UNTRUSTEDPTRDEREF] ip: main+0x5d1a9 (parse_via @ parse_via.c:1361) final_ea: 0x5e913abe4c10 base: 0x184 pointee: -1 base_vo: -1
[INCONSISTENCY mov read UAF] ip: main+0x5d1bf (parse_via @ parse_via.c:1369) UAF read at: 0x5e9156139578
[INCONSISTENCY mov write reg UAF] ip: main+0x5d1ce (parse_via @ parse_via.c:1369) UAF write at: 0x5e9156139580
[INCONSISTENCY mov write imm UAF] ip: main+0x5d1d5 (parse_via @ parse_via.c:1370) UAF write at: 0x5e9156139598
[INCONSISTENCY mov write imm UAF] ip: main+0x5d1db (parse_via @ parse_via.c:1371) UAF write at: 0x7fff2809d423
[UNTRUSTEDPTRDEREF] ip: main+0x61e72 (parse_via @ parse_via.c:2068) final_ea: 0x5e913abe51c8 base: 0xa0 pointee: -1 base_vo: -1
STACKREADUSEAFTERSCOPE at: 0x7fff2809d423 ip: main+0x67d9f (parse_via @ parse_via.c:2493)
[INCONSISTENCY mov write imm UAF] ip: main+0x67dd5 (parse_via @ parse_via.c:2495) UAF write at: 0x7fff2809d423
[INCONSISTENCY mov write reg UAF] ip: main+0x67de4 (parse_via @ parse_via.c:2496) UAF write at: 0x5e9156139588
STACKREADUSEAFTERSCOPE at: 0x7fff2809d423 ip: main+0x62eed (parse_via @ parse_via.c:2206)
[UNTRUSTEDPTRDEREF] ip: main+0x62f11 (parse_via @ parse_via.c:2206) final_ea: 0x5e913abe534c base: 0x4 pointee: -1 base_vo: -1
[INCONSISTENCY mov read UAF] ip: main+0x62f33 (parse_via @ parse_via.c:2215) UAF read at: 0x5e9156139588
[INCONSISTENCY mov read UAF] ip: main+0x62f40 (parse_via @ parse_via.c:2215) UAF read at: 0x5e9156139588
[INCONSISTENCY mov write reg UAF] ip: main+0x62f4f (parse_via @ parse_via.c:2215) UAF write at: 0x5e9156139590
[INCONSISTENCY mov write imm UAF] ip: main+0x62f52 (parse_via @ parse_via.c:2216) UAF write at: 0x7fff2809d423
[INCONSISTENCY mov write imm UAF] ip: main+0x67ded (parse_via @ parse_via.c:2501) UAF write at: 0x7fff2809d423
[INCONSISTENCY mov write reg UAF] ip: main+0x67dfc (parse_via @ parse_via.c:2502) UAF write at: 0x5e91561395a0
STACKREADUSEAFTERSCOPE at: 0x7fff2809d423 ip: main+0x63d59 (parse_via @ parse_via.c:2251)
[UNTRUSTEDPTRDEREF] ip: main+0x63d7d (parse_via @ parse_via.c:2251) final_ea: 0x5e913abe539c base: 0x10 pointee: -1 base_vo: -1
[INCONSISTENCY mov read UAF] ip: main+0x64444 (parse_via @ parse_via.c:2266) UAF read at: 0x5e91561395a0
[INCONSISTENCY mov read UAF] ip: main+0x64451 (parse_via @ parse_via.c:2266) UAF read at: 0x5e91561395a0
[INCONSISTENCY mov write reg UAF] ip: main+0x64460 (parse_via @ parse_via.c:2266) UAF write at: 0x5e91561395a8
[INCONSISTENCY mov write imm UAF] ip: main+0x64463 (parse_via @ parse_via.c:2269) UAF write at: 0x7fff2809d423
[INCONSISTENCY mov read UAF] ip: main+0x67e09 (parse_via @ parse_via.c:2509) UAF read at: 0x5e91561395b0
[INCONSISTENCY mov write reg UAF] ip: main+0x67e1a (parse_via @ parse_via.c:2510) UAF write at: 0x5e91561395b0
[ALLOC] malloc(0x40) -> 0x5e9156139640 subject=36 at parse_via @ parse_via.c:2511
Store dangling pointer: 0x5e9156139640 at: 0x7fff2809d450
[INCONSISTENCY mov write reg UAF] ip: main+0x67e28 (parse_via @ parse_via.c:2511) UAF write at: 0x7fff2809d450
first time found dangling pointer at: 7951 distance: 0
STACKREADUSEAFTERSCOPE at: 0x7fff2809d450 ip: main+0x67e2f (parse_via @ parse_via.c:2512)
first time found dangling pointer at: 7951 distance: 1
main+0x67e2f (parse_via @ parse_via.c:2512) Using expired pointer: 0x5e9156139640 from 0x7fff2809d450
first time found dangling pointer at: 7951 distance: 1
STACKREADUSEAFTERSCOPE at: 0x7fff2809d450 ip: main+0x68178 (parse_via @ parse_via.c:2516)
first time found dangling pointer at: 7951 distance: 3
STACKREADUSEAFTERSCOPE at: 0x7fff2809d450 ip: main+0x68191 (parse_via @ parse_via.c:2517)
first time found dangling pointer at: 7951 distance: 10
[INCONSISTENCY mov write reg UAF] ip: main+0x6819c (parse_via @ parse_via.c:2517) UAF write at: 0x5e9156139668
STACKREADUSEAFTERSCOPE at: 0x7fff2809d450 ip: main+0x681a4 (parse_via @ parse_via.c:2518)
first time found dangling pointer at: 7951 distance: 14
Store dangling pointer: 0x7fff2809d423 at: 0x7fff2809d2a8
Store dangling pointer: 0x7fff2809d422 at: 0x7fff2809d2a0
main+0x58832 (parse_via_param @ parse_via.c:268) Using expired pointer: 0x7fff2809d423 from 0x7fff2809d2a8
first time found dangling pointer at: 7985 distance: 4
[CORRUPTED_PTR_LOAD] ip: main+0x58832 (parse_via_param @ parse_via.c:268) loaded: 0x7fff2809d423 from cell: 0x7fff2809d2a8 cell_owner: 37 value_owner: 35
[INCONSISTENCY mov read UAF] ip: main+0x58839 (parse_via_param @ parse_via.c:268) UAF read at: 0x7fff2809d423
main+0x5883c (parse_via_param @ parse_via.c:269) Using expired pointer: 0x7fff2809d422 from 0x7fff2809d2a0
first time found dangling pointer at: 7986 distance: 5
[CORRUPTED_PTR_LOAD] ip: main+0x5883c (parse_via_param @ parse_via.c:269) loaded: 0x7fff2809d422 from cell: 0x7fff2809d2a0 cell_owner: 37 value_owner: 35
[INCONSISTENCY mov read UAF] ip: main+0x58843 (parse_via_param @ parse_via.c:269) UAF read at: 0x7fff2809d422
[CORRUPTED_PTR_LOAD] ip: main+0x58849 (parse_via_param @ parse_via.c:270) loaded: 0x5e9156139640 from cell: 0x7fff2809d298 cell_owner: 37 value_owner: 35
[INCONSISTENCY mov write imm UAF] ip: main+0x58850 (parse_via_param @ parse_via.c:270) UAF write at: 0x5e9156139640
[CORRUPTED_PTR_LOAD] ip: main+0x58856 (parse_via_param @ parse_via.c:272) loaded: 0x5e915613a236 from cell: 0x7fff2809d2b8 cell_owner: 37 value_owner: 35
[UNTRUSTEDPTRDEREF] ip: main+0x5888d (parse_via_param @ parse_via.c:273) final_ea: 0x5e913abe2fd0 base: 0x164 pointee: -1 base_vo: -1
[CORRUPTED_PTR_LOAD] ip: main+0x5a01a (parse_via_param @ parse_via.c:837) loaded: 0x5e9156139640 from cell: 0x7fff2809d298 cell_owner: 37 value_owner: 35
[INCONSISTENCY mov write reg UAF] ip: main+0x5a025 (parse_via_param @ parse_via.c:837) UAF write at: 0x5e9156139648
[CORRUPTED_PTR_LOAD] ip: main+0x58cf0 (parse_via_param @ parse_via.c:426) loaded: 0x5e9156139640 from cell: 0x7fff2809d298 cell_owner: 37 value_owner: 35
[INCONSISTENCY mov write reg UAF] ip: main+0x58cf7 (parse_via_param @ parse_via.c:426) UAF write at: 0x5e9156139640
[CORRUPTED_PTR_LOAD] ip: main+0x58cf9 (parse_via_param @ parse_via.c:427) loaded: 0x5e9156139640 from cell: 0x7fff2809d298 cell_owner: 37 value_owner: 35
[INCONSISTENCY mov read UAF] ip: main+0x58d00 (parse_via_param @ parse_via.c:427) UAF read at: 0x5e9156139648
[CORRUPTED_PTR_LOAD] ip: main+0x58d0b (parse_via_param @ parse_via.c:427) loaded: 0x5e9156139640 from cell: 0x7fff2809d298 cell_owner: 37 value_owner: 35
[INCONSISTENCY mov write reg UAF] ip: main+0x58d12 (parse_via_param @ parse_via.c:427) UAF write at: 0x5e9156139650
[CORRUPTED_PTR_LOAD] ip: main+0x5bf2d (parse_via_param @ parse_via.c:1254) loaded: 0x5e9156139640 from cell: 0x7fff2809d298 cell_owner: 37 value_owner: 35
[INCONSISTENCY mov write reg UAF] ip: main+0x5bf38 (parse_via_param @ parse_via.c:1254) UAF write at: 0x5e9156139658
[UNTRUSTEDPTRDEREF] ip: main+0x5a1f1 (parse_via_param @ parse_via.c:944) final_ea: 0x5e913abe313c base: 0xc0 pointee: -1 base_vo: -1
[STACK PIVOT] ip: main+0x1d830a (get_debug_level @ dprint.c:177) RSP 0x7fff2809d248 left stack [0x28,0x7fff2807f000]
[INCONSISTENCY mov write reg] ip: main+0x5cdb2 (parse_via_param @ parse_via.c:1324) co: 3 vo: 3, 3 write 3
[UNINITIALIZED mov read] ip: main+0x1d83a2 (get_debug_facility @ dprint.c:202) co: 2 vo: -1
[STACK PIVOT] ip: main+0x1d83ad (get_debug_facility @ dprint.c:203) RSP 0x7fff2809d248 left stack [0x2a,0x7fff2807f000]
[ALLOC:internal] malloc(0xf) -> 0x5e9156139690 subject=42 at strdup
[ALLOC:internal] malloc(0x1d8) -> 0x5e9156139010 subject=43 at _IO_fopen
[ALLOC:internal] malloc(0x1000) -> 0x5e915613a250 subject=44 at _IO_file_doallocate
[ALLOC:internal] malloc(0x11) -> 0x5e91561396b0 subject=45 at tzset
[FREE:internal] free(0x5e915613a250) subject=44 at _IO_setb
[FREE:internal] free(0x5e9156139010) subject=43 at _IO_fclose
[ALLOC:internal] malloc(0x14) -> 0x5e91561396d0 subject=46 at adjtime
[INCONSISTENCY mov write reg] ip: main+0x5d0a8 (parse_via_param @ parse_via.c:1324) co: 3 vo: 3, 3 write 3
[CORRUPTED_PTR_LOAD] ip: main+0x5d0ae (parse_via_param @ parse_via.c:1325) loaded: 0x5e9156139640 from cell: 0x7fff2809d298 cell_owner: 37 value_owner: 35
[INCONSISTENCY mov write imm UAF] ip: main+0x5d0b5 (parse_via_param @ parse_via.c:1325) UAF write at: 0x5e9156139640
[CORRUPTED_PTR_LOAD] ip: main+0x5d0bb (parse_via_param @ parse_via.c:1326) loaded: 0x7fff2809d423 from cell: 0x7fff2809d2a8 cell_owner: 37 value_owner: 35
[INCONSISTENCY mov write imm UAF] ip: main+0x5d0c2 (parse_via_param @ parse_via.c:1326) UAF write at: 0x7fff2809d423
[CORRUPTED_PTR_LOAD] ip: main+0x5d0c5 (parse_via_param @ parse_via.c:1327) loaded: 0x7fff2809d422 from cell: 0x7fff2809d2a0 cell_owner: 37 value_owner: 35
STACKREADUSEAFTERSCOPE at: 0x7fff2809d423 ip: main+0x681d6 (parse_via @ parse_via.c:2521)
STACKREADUSEAFTERSCOPE at: 0x7fff2809d450 ip: main+0x6829c (parse_via @ parse_via.c:2537)
first time found dangling pointer at: 7951 distance: 560
[FREE] free(0x5e9156139640) subject=36 at parse_via @ parse_via.c:2537
[STACK PIVOT] ip: main+0x1d830a (get_debug_level @ dprint.c:177) RSP 0x7fff2809d388 left stack [0x31,0x7fff2807f000]
[INCONSISTENCY mov write imm UAF] ip: main+0x6aa8a (parse_via @ parse_via.c:2706) UAF write at: 0x7fff2809d42c
[INCONSISTENCY mov write reg] ip: main+0x6aa9d (parse_via @ parse_via.c:2706) co: 3 vo: 3, 3 write 3
STACKREADUSEAFTERSCOPE at: 0x7fff2809d42c ip: main+0x6ad9e (parse_via @ parse_via.c:2706)
STACKREADUSEAFTERSCOPE at: 0x7fff2809d42c ip: main+0x6adbb (parse_via @ parse_via.c:2706)
[STACK PIVOT] ip: main+0x1d83ad (get_debug_facility @ dprint.c:203) RSP 0x7fff2809d388 left stack [0x33,0x7fff2807f000]
[INCONSISTENCY mov write reg] ip: main+0x6ae3b (parse_via @ parse_via.c:2706) co: 3 vo: 3, 3 write 3
[STACK PIVOT] ip: main+0x1d830a (get_debug_level @ dprint.c:177) RSP 0x7fff2809d388 left stack [0x35,0x7fff2807f000]
[INCONSISTENCY mov write imm UAF] ip: main+0x6b26c (parse_via @ parse_via.c:2712) UAF write at: 0x7fff2809d424
[INCONSISTENCY mov write reg] ip: main+0x6b27f (parse_via @ parse_via.c:2712) co: 3 vo: 3, 3 write 3
STACKREADUSEAFTERSCOPE at: 0x7fff2809d424 ip: main+0x6b4e0 (parse_via @ parse_via.c:2712)
STACKREADUSEAFTERSCOPE at: 0x7fff2809d424 ip: main+0x6b4fd (parse_via @ parse_via.c:2712)
[STACK PIVOT] ip: main+0x1d83ad (get_debug_facility @ dprint.c:203) RSP 0x7fff2809d388 left stack [0x37,0x7fff2807f000]
[INCONSISTENCY mov write reg] ip: main+0x6b571 (parse_via @ parse_via.c:2712) co: 3 vo: 3, 3 write 3
[INCONSISTENCY mov write imm UAF] ip: main+0x6b57b (parse_via @ parse_via.c:2714) UAF write at: 0x5e9156139540
[INCONSISTENCY mov write imm UAF] ip: main+0x6b588 (parse_via @ parse_via.c:2715) UAF write at: 0x5e9156139540
[INCONSISTENCY mov write reg UAF] ip: main+0x12139 (get_hdr_field @ msg_parser.c:125) UAF write at: 0x7fff2809d698
[INCONSISTENCY mov read] ip: main+0x1213d (get_hdr_field @ msg_parser.c:126) base: 0x7fff2809d6d0 pointee: 11 read from 28
[CORRUPTED_PTR_LOAD] ip: main+0x1213d (get_hdr_field @ msg_parser.c:126) loaded: 0x5e9156139540 from cell: 0x7fff2809d650 cell_owner: 28 value_owner: 11
[INCONSISTENCY mov read UAF] ip: main+0x12141 (get_hdr_field @ msg_parser.c:126) UAF read at: 0x5e9156139540
[STACK PIVOT] ip: main+0x1d830a (get_debug_level @ dprint.c:177) RSP 0x7fff2809d568 left stack [0x39,0x7fff2807f000]
[INCONSISTENCY mov write reg] ip: main+0x1218a (get_hdr_field @ msg_parser.c:127) co: 3 vo: 3, 3 write 3
[INCONSISTENCY mov read] ip: main+0x123eb (get_hdr_field @ msg_parser.c:127) base: 0x7fff2809d6d0 pointee: 11 read from 28
[CORRUPTED_PTR_LOAD] ip: main+0x123eb (get_hdr_field @ msg_parser.c:127) loaded: 0x56139540ffffffff from cell: 0x7fff2809d64c cell_owner: 28 value_owner: 11
[INCONSISTENCY mov read] ip: main+0x12408 (get_hdr_field @ msg_parser.c:127) base: 0x7fff2809d6d0 pointee: 11 read from 28
[CORRUPTED_PTR_LOAD] ip: main+0x12408 (get_hdr_field @ msg_parser.c:127) loaded: 0x56139540ffffffff from cell: 0x7fff2809d64c cell_owner: 28 value_owner: 11
[STACK PIVOT] ip: main+0x1d83ad (get_debug_facility @ dprint.c:203) RSP 0x7fff2809d568 left stack [0x3b,0x7fff2807f000]
[INCONSISTENCY mov read] ip: main+0x1243e (get_hdr_field @ msg_parser.c:127) base: 0x7fff2809d6d0 pointee: 11 read from 28
[CORRUPTED_PTR_LOAD] ip: main+0x1243e (get_hdr_field @ msg_parser.c:127) loaded: 0x3 from cell: 0x7fff2809d5b0 cell_owner: 28 value_owner: 11
[INCONSISTENCY mov write reg] ip: main+0x1247c (get_hdr_field @ msg_parser.c:127) co: 3 vo: 3, 3 write 3
[INCONSISTENCY mov read] ip: main+0x12482 (get_hdr_field @ msg_parser.c:128) base: 0x7fff2809d6d0 pointee: 11 read from 28
[CORRUPTED_PTR_LOAD] ip: main+0x12482 (get_hdr_field @ msg_parser.c:128) loaded: 0x5e9156139540 from cell: 0x7fff2809d650 cell_owner: 28 value_owner: 11
[INCONSISTENCY mov read] ip: main+0x6b632 (free_via_list @ parse_via.c:2735) base: 0x7fff2809d560 pointee: 28 read from 59
[CORRUPTED_PTR_LOAD] ip: main+0x6b632 (free_via_list @ parse_via.c:2735) loaded: 0x5e9156139540 from cell: 0x7fff2809d548 cell_owner: 59 value_owner: 28
[CORRUPTED_PTR_LOAD] ip: main+0x6b5ec (free_via_list @ parse_via.c:2736) loaded: 0x5e9156139540 from cell: 0x7fff2809d548 cell_owner: 59 value_owner: 28
[CORRUPTED_PTR_LOAD] ip: main+0x6b5f4 (free_via_list @ parse_via.c:2737) loaded: 0x5e9156139540 from cell: 0x7fff2809d548 cell_owner: 59 value_owner: 28
[INCONSISTENCY mov read UAF] ip: main+0x6b5f8 (free_via_list @ parse_via.c:2737) UAF read at: 0x5e9156139628
[INCONSISTENCY mov read UAF] ip: main+0x6b607 (free_via_list @ parse_via.c:2738) UAF read at: 0x5e91561395e0
[FREE] free(0x5e9156139540) subject=34 at free_via_list @ parse_via.c:2740
[STACK PIVOT] ip: main+0x6b63b (free_via_list @ parse_via.c:2742) RSP 0x7fff2809d568 left stack [0x3d,0x7fff2807f000]
[STACK PIVOT] ip: main+0x1d830a (get_debug_level @ dprint.c:177) RSP 0x7fff2809d568 left stack [0x3f,0x7fff2807f000]
[UNTRUSTEDPTRDEREF] ip: main+0x1ee1ab (sr_event_exec @ events.c:217) final_ea: 0x5e913ac2ce2c base: 0xc pointee: -1 base_vo: -1
[STACK PIVOT] ip: main+0x1ee6ce (sr_event_exec @ events.c:361) RSP 0x7fff2809d568 left stack [0x41,0x7fff2807f000]
[INCONSISTENCY mov read] ip: main+0x15ce0 (get_hdr_field @ msg_parser.c:283) base: 0x7fff2809d6d0 pointee: 11 read from 28
[CORRUPTED_PTR_LOAD] ip: main+0x15ce0 (get_hdr_field @ msg_parser.c:283) loaded: 0x5e91561394f0 from cell: 0x7fff2809d5b8 cell_owner: 28 value_owner: 26
[INCONSISTENCY mov write imm UAF] ip: main+0x15ce7 (get_hdr_field @ msg_parser.c:283) UAF write at: 0x5e91561394f0
[INCONSISTENCY mov read] ip: main+0x15ced (get_hdr_field @ msg_parser.c:284) base: 0x7fff2809d6d0 pointee: 11 read from 28
[CORRUPTED_PTR_LOAD] ip: main+0x15ced (get_hdr_field @ msg_parser.c:284) loaded: 0x5e91561394f0 from cell: 0x7fff2809d5b8 cell_owner: 28 value_owner: 26
[INCONSISTENCY mov read UAF] ip: main+0x15cf4 (get_hdr_field @ msg_parser.c:284) UAF read at: 0x5e91561394f8
[INCONSISTENCY mov read UAF] ip: main+0x15cf8 (get_hdr_field @ msg_parser.c:284) UAF read at: 0x7fff2809d698
[INCONSISTENCY mov read] ip: main+0x15cff (get_hdr_field @ msg_parser.c:284) base: 0x7fff2809d6d0 pointee: 11 read from 28
[CORRUPTED_PTR_LOAD] ip: main+0x15cff (get_hdr_field @ msg_parser.c:284) loaded: 0x5e91561394f0 from cell: 0x7fff2809d5b8 cell_owner: 28 value_owner: 26
[INCONSISTENCY mov write reg UAF] ip: main+0x15d06 (get_hdr_field @ msg_parser.c:284) UAF write at: 0x5e9156139518
[INCONSISTENCY mov read UAF] ip: main+0x15d09 (get_hdr_field @ msg_parser.c:285) UAF read at: 0x7fff2809d698
[INCONSISTENCY mov read UAF] ip: main+0x1618e (parse_headers @ msg_parser.c:337) UAF read at: 0x5e91561394f0
[INCONSISTENCY mov write reg UAF] ip: main+0x1d829e (get_debug_level @ dprint.c:167) UAF write at: 0x7fff2809d6b8
[INCONSISTENCY mov write reg UAF] ip: main+0x1d82a2 (get_debug_level @ dprint.c:167) UAF write at: 0x7fff2809d6b4
[STACK PIVOT] ip: main+0x1d830a (get_debug_level @ dprint.c:177) RSP 0x7fff2809d6d8 left stack [0x43,0x7fff2807f000]
[INCONSISTENCY mov write reg] ip: main+0x161fa (parse_headers @ msg_parser.c:339) co: 3 vo: 3, 3 write 3
[STACK PIVOT] ip: main+0x1d83ad (get_debug_facility @ dprint.c:203) RSP 0x7fff2809d6d8 left stack [0x45,0x7fff2807f000]
[INCONSISTENCY mov write reg] ip: main+0x16561 (parse_headers @ msg_parser.c:339) co: 3 vo: 3, 3 write 3
[INCONSISTENCY mov read] ip: main+0x210da0 (clean_hdr_field @ hf.c:57) base: 0x7fff2809d6d0 pointee: 11 read from 69
[CORRUPTED_PTR_LOAD] ip: main+0x210da0 (clean_hdr_field @ hf.c:57) loaded: 0x5e91561394f0 from cell: 0x7fff2809d648 cell_owner: 69 value_owner: 26
[INCONSISTENCY mov read UAF] ip: main+0x210da7 (clean_hdr_field @ hf.c:57) UAF read at: 0x5e9156139520
[FREE] free(0x5e91561394f0) subject=27 at parse_headers @ msg_parser.c:637
[UNINITIALIZED mov read] ip: main+0x19b4f (parse_headers @ msg_parser.c:643) co: 4 vo: -1
[STACK PIVOT] ip: main+0x1d830a (get_debug_level @ dprint.c:177) RSP 0x7fff2809d7e8 left stack [0x48,0x7fff2807f000]
[UNINITIALIZED mov read] ip: main+0x1c065 (parse_msg @ msg_parser.c:747) co: 2 vo: -1
[UNINITIALIZED mov read] ip: main+0x1c07a (parse_msg @ msg_parser.c:747) co: 2 vo: -1
[UNINITIALIZED mov read] ip: main+0x1c08c (parse_msg @ msg_parser.c:747) co: 2 vo: -1
[INCONSISTENCY mov write reg] ip: main+0x1c0b2 (parse_msg @ msg_parser.c:747) co: 3 vo: 3, 3 write 3
[STACK PIVOT] ip: main+0x1d83ad (get_debug_facility @ dprint.c:203) RSP 0x7fff2809d7e8 left stack [0x4a,0x7fff2807f000]
[INCONSISTENCY mov write reg] ip: main+0x1c47d (parse_msg @ msg_parser.c:747) co: 3 vo: 3, 3 write 3
[CORRUPTED_PTR_LOAD] ip: main+0x1c61c (reset_new_uri @ msg_parser.c:789) loaded: 0x7fff2809d920 from cell: 0x7fff2809d8d8 cell_owner: 75 value_owner: 74
[UNINITIALIZED mov read] ip: main+0x1c620 (reset_new_uri @ msg_parser.c:789) co: 4 vo: -1
[CORRUPTED_PTR_LOAD] ip: main+0x1c63f (reset_new_uri @ msg_parser.c:792) loaded: 0x7fff2809d920 from cell: 0x7fff2809d8d8 cell_owner: 75 value_owner: 74
[CORRUPTED_PTR_LOAD] ip: main+0x1c64e (reset_new_uri @ msg_parser.c:793) loaded: 0x7fff2809d920 from cell: 0x7fff2809d8d8 cell_owner: 75 value_owner: 74
[CORRUPTED_PTR_LOAD] ip: main+0x1c65c (reset_new_uri @ msg_parser.c:794) loaded: 0x7fff2809d920 from cell: 0x7fff2809d8d8 cell_owner: 75 value_owner: 74
[STACK PIVOT] ip: main+0x1c66b (reset_new_uri @ msg_parser.c:795) RSP 0x7fff2809d8e8 left stack [0x4d,0x7fff2807f000]
[UNINITIALIZED mov read] ip: main+0x1ce4a (reset_dst_uri @ msg_parser.c:834) co: 4 vo: -1
[STACK PIVOT] ip: main+0x1ce87 (reset_dst_uri @ msg_parser.c:839) RSP 0x7fff2809d8e8 left stack [0x4f,0x7fff2807f000]
[UNINITIALIZED mov read] ip: main+0x1d64c (reset_path_vector @ msg_parser.c:873) co: 4 vo: -1
[INCONSISTENCY mov read] ip: main+0x8e0b4 (shm_address_in @ shm.c:181) base: 0x7fff2809d830 pointee: 79 read from 10
[CORRUPTED_PTR_LOAD] ip: main+0x8e0b4 (shm_address_in @ shm.c:181) loaded: 0x2809d8e000000000 from cell: 0x7fff2809d82c cell_owner: 10 value_owner: 79
[CORRUPTED_PTR_LOAD] ip: main+0x8e03e (shm_address_in @ shm.c:182) loaded: 0x2809d8e000000000 from cell: 0x7fff2809d82c cell_owner: 10 value_owner: 79
[UNINITIALIZED mov read] ip: main+0x1d666 (reset_path_vector @ msg_parser.c:874) co: 4 vo: -1
[UNINITIALIZED mov read] ip: main+0x1e16a (reset_instance @ msg_parser.c:915) co: 4 vo: -1
[STACK PIVOT] ip: main+0x1e1a7 (reset_instance @ msg_parser.c:920) RSP 0x7fff2809d8e8 left stack [0x52,0x7fff2807f000]
[UNINITIALIZED mov read] ip: main+0x1e95d (reset_ruid @ msg_parser.c:954) co: 4 vo: -1
[STACK PIVOT] ip: main+0x1e99a (reset_ruid @ msg_parser.c:959) RSP 0x7fff2809d8e8 left stack [0x54,0x7fff2807f000]
[UNINITIALIZED mov read] ip: main+0x1f150 (reset_ua @ msg_parser.c:993) co: 4 vo: -1
[STACK PIVOT] ip: main+0x1f18d (reset_ua @ msg_parser.c:998) RSP 0x7fff2809d8e8 left stack [0x56,0x7fff2807f000]
[UNINITIALIZED mov read] ip: main+0x1c538 (free_sip_msg @ msg_parser.c:775) co: 4 vo: -1
[UNINITIALIZED mov read] ip: main+0x1c555 (free_sip_msg @ msg_parser.c:776) co: 4 vo: -1
[UNINITIALIZED mov read] ip: main+0x1c598 (free_sip_msg @ msg_parser.c:777) co: 4 vo: -1
[UNINITIALIZED mov read] ip: main+0x1c5bb (free_sip_msg @ msg_parser.c:778) co: 4 vo: -1
[UNINITIALIZED mov read] ip: main+0x1c5de (free_sip_msg @ msg_parser.c:779) co: 4 vo: -1
[STACK PIVOT] ip: main+0x1f1c5 (msg_ldata_reset @ msg_parser.c:1008) RSP 0x7fff2809d8e8 left stack [0x58,0x7fff2807f000]
[STACK PIVOT] ip: main+0x1c60a (free_sip_msg @ msg_parser.c:782) RSP 0x7fff2809d908 left stack [0x59,0x7fff2807f000]
[FREE] free(0x5e915613a200) subject=7 at main @ harness.c:80
[STACK PIVOT] ip: main+0x10a0d (main @ harness.c:82) RSP 0x7fff2809e118 left stack [0x5a,0x7fff2807f000]
[STACK PIVOT] ip: main+0x10a0e (main @ harness.c:82) RSP 0x7fff2809e120 left stack after RET
[UNTRUSTEDPTRDEREF] ip: main+0x1074e (__do_global_dtors_aux) final_ea: 0x5e913aca9ff0 base: 0x5e913a7de74e pointee: -1 base_vo: -1
[STACK PIVOT] ip: main+0x10774 (__do_global_dtors_aux) RSP 0x7fff2809e000 left stack after RET
[STACK PIVOT] ip: main+0x408678 (_fini) RSP 0x7fff2809e030 left stack after RET
