[ALLOC] malloc(0x10) -> 0xe53c010 subject=6 at main @ mmap_overlapping_chunks.c:51
[INCONSISTENCY mov write reg] ip: main+0x11ec (main @ mmap_overlapping_chunks.c:51) co: 5 vo: 5, 5 write 5
[ALLOC:internal] malloc(0x1000) -> 0xe53c030 subject=7 at _IO_file_doallocate
[ALLOC] malloc(0x100000) -> 0x7f522baff010 subject=9 at main @ mmap_overlapping_chunks.c:59
[INCONSISTENCY mov write reg] ip: main+0x1245 (main @ mmap_overlapping_chunks.c:59) co: 5 vo: 5, 5 write 5
[ALLOC] malloc(0x100000) -> 0x7f522b0a4010 subject=11 at main @ mmap_overlapping_chunks.c:63
[ALLOC] malloc(0x100000) -> 0x7f522b2ff010 subject=13 at main @ mmap_overlapping_chunks.c:66
[INCONSISTENCY arithmetic -> CROSSBOUNDARY] ip: main+0x12c9 (main @ mmap_overlapping_chunks.c:83) sub rax, 0x10 id before: 13 after: 12 value: 0x7f522b2ff000
[UNINITIALIZED mov read] ip: main+0x12cd (main @ mmap_overlapping_chunks.c:83) co: 12 vo: -1
[INCONSISTENCY arithmetic -> CROSSBOUNDARY] ip: main+0x12eb (main @ mmap_overlapping_chunks.c:84) sub rax, 0x8 id before: 13 after: 12 value: 0x7f522b2ff008
[UNINITIALIZED mov read] ip: main+0x12ef (main @ mmap_overlapping_chunks.c:84) co: 12 vo: -1
[INCONSISTENCY arithmetic -> CROSSBOUNDARY] ip: main+0x133a (main @ mmap_overlapping_chunks.c:92) sub rax, 0x8 id before: 13 after: 12 value: 0x7f522b2ff008
[UNINITIALIZED mov read] ip: main+0x133e (main @ mmap_overlapping_chunks.c:92) co: 12 vo: -1
[INCONSISTENCY arithmetic -> CROSSBOUNDARY] ip: main+0x1352 (main @ mmap_overlapping_chunks.c:92) sub rax, 0x8 id before: 11 after: 10 value: 0x7f522b0a4008
[UNINITIALIZED mov read] ip: main+0x1356 (main @ mmap_overlapping_chunks.c:92) co: 10 vo: -1
[INCONSISTENCY arithmetic -> CROSSBOUNDARY] ip: main+0x136d (main @ mmap_overlapping_chunks.c:92) sub rax, 0x8 id before: 13 after: 12 value: 0x7f522b2ff008
[INCONSISTENCY arithmetic -> CROSSBOUNDARY] ip: main+0x137c (main @ mmap_overlapping_chunks.c:93) sub rax, 0x8 id before: 13 after: 12 value: 0x7f522b2ff008
[FREE] free(0x7f522b2ff010) subject=13 at main @ mmap_overlapping_chunks.c:108
[ALLOC] malloc(0x300000) -> 0x7f52280ff010 subject=15 at main @ mmap_overlapping_chunks.c:124
[INCONSISTENCY arithmetic -> CROSSBOUNDARY] ip: main+0x1400 (main @ mmap_overlapping_chunks.c:126) sub rax, 0x8 id before: 15 after: 14 value: 0x7f52280ff008
[UNINITIALIZED mov read] ip: main+0x1404 (main @ mmap_overlapping_chunks.c:126) co: 14 vo: -1
[INCONSISTENCY arithmetic -> CROSSBOUNDARY] ip: main+0x1484 (main @ mmap_overlapping_chunks.c:135) add rax, rdx id before: 15 after: 11 value: 0x7f522b0a4010
[INCONSISTENCY arithmetic -> CROSSBOUNDARY] ip: main+0x14c3 (main @ mmap_overlapping_chunks.c:139) add rax, rdx id before: 15 after: 11 value: 0x7f522b0a4010
[INCONSISTENCY arithmetic -> CROSSBOUNDARY] ip: main+0x1507 (main @ mmap_overlapping_chunks.c:141) add rax, rcx id before: 15 after: 11 value: 0x7f522b0a4010
